[ 2018-08-31T00:17:14+08:00 ] 172.16.0.5 205.205.150.8 GET /
[ log ] 123.207.34.110/ [运行时间：0.014697s][吞吐率：68.04req/s] [内存消耗：1,684.01kb] [文件加载：46]
[ info ] [ LANG ] /home/www/WWW/thinkphp/lang/zh-cn.php
[ info ] [ ROUTE ] array (
  'type' => 'module',
  'module' => 
  array (
    0 => '',
    1 => NULL,
    2 => NULL,
  ),
)
[ info ] [ HEADER ] array (
  'user-agent' => 'python-requests/2.2.1 CPython/2.7.6 Linux/3.10.0-327.el7.x86_64',
  'accept' => '*/*',
  'accept-encoding' => 'gzip, deflate, compress',
  'host' => '123.207.34.110',
  'content-type' => '',
  'content-length' => '',
)
[ info ] [ PARAM ] array (
)
[ info ] [ RUN ] app\index\controller\Index->index[ /home/www/WWW/application/index/controller/Index.php ]
[ info ] [ VIEW ] /home/www/WWW/public/../application/index/view/index/index.html [ array (
  0 => 'audio',
) ]
[ info ] [ SESSION ] INIT array (
  'id' => '',
  'var_session_id' => '',
  'prefix' => 'think',
  'type' => '',
  'auto_start' => true,
)
[ info ] [ LOG ] INIT File

---------------------------------------------------------------
[ 2018-08-31T00:24:06+08:00 ] 172.16.0.5 212.79.110.110 GET /
[ log ] 123.207.34.110:80/ [运行时间：0.015982s][吞吐率：62.57req/s] [内存消耗：1,683.98kb] [文件加载：46]
[ info ] [ LANG ] /home/www/WWW/thinkphp/lang/zh-cn.php
[ info ] [ ROUTE ] array (
  'type' => 'module',
  'module' => 
  array (
    0 => '',
    1 => NULL,
    2 => NULL,
  ),
)
[ info ] [ HEADER ] array (
  'content-length' => '0',
  'user-agent' => 'Mozilla/5.0 (Windows NT 6.1; WOW64) AppleWebKit/537.36 (KHTML, like Gecko) Chrome/51.0.2704.103 Safari/537.36',
  'host' => '123.207.34.110:80',
  'content-type' => '',
)
[ info ] [ PARAM ] array (
)
[ info ] [ RUN ] app\index\controller\Index->index[ /home/www/WWW/application/index/controller/Index.php ]
[ info ] [ VIEW ] /home/www/WWW/public/../application/index/view/index/index.html [ array (
  0 => 'audio',
) ]
[ info ] [ SESSION ] INIT array (
  'id' => '',
  'var_session_id' => '',
  'prefix' => 'think',
  'type' => '',
  'auto_start' => true,
)
[ info ] [ LOG ] INIT File

---------------------------------------------------------------
[ 2018-08-31T01:08:57+08:00 ] 172.16.0.5 182.160.113.59 GET /
[ log ] 123.207.34.110:80/ [运行时间：0.014697s][吞吐率：68.04req/s] [内存消耗：1,683.98kb] [文件加载：46]
[ info ] [ LANG ] /home/www/WWW/thinkphp/lang/zh-cn.php
[ info ] [ ROUTE ] array (
  'type' => 'module',
  'module' => 
  array (
    0 => '',
    1 => NULL,
    2 => NULL,
  ),
)
[ info ] [ HEADER ] array (
  'content-length' => '0',
  'user-agent' => 'Mozilla/5.0 (Windows NT 10.0; WOW64) AppleWebKit/537.36 (KHTML, like Gecko) Chrome/51.0.2704.103 Safari/537.36',
  'host' => '123.207.34.110:80',
  'content-type' => '',
)
[ info ] [ PARAM ] array (
)
[ info ] [ RUN ] app\index\controller\Index->index[ /home/www/WWW/application/index/controller/Index.php ]
[ info ] [ VIEW ] /home/www/WWW/public/../application/index/view/index/index.html [ array (
  0 => 'audio',
) ]
[ info ] [ SESSION ] INIT array (
  'id' => '',
  'var_session_id' => '',
  'prefix' => 'think',
  'type' => '',
  'auto_start' => true,
)
[ info ] [ LOG ] INIT File

---------------------------------------------------------------
[ 2018-08-31T01:55:48+08:00 ] 172.16.0.5 209.17.96.186 GET /
[ log ] zard-forever.com/ [运行时间：0.015021s][吞吐率：66.57req/s] [内存消耗：1,683.60kb] [文件加载：46]
[ info ] [ LANG ] /home/www/WWW/thinkphp/lang/zh-cn.php
[ info ] [ ROUTE ] array (
  'type' => 'module',
  'module' => 
  array (
    0 => '',
    1 => NULL,
    2 => NULL,
  ),
)
[ info ] [ HEADER ] array (
  'user-agent' => 'Mozilla/5.0 (compatible; Nimbostratus-Bot/v1.3.2; http://cloudsystemnetworks.com)',
  'host' => 'zard-forever.com',
  'content-type' => '',
  'content-length' => '',
)
[ info ] [ PARAM ] array (
)
[ info ] [ RUN ] app\index\controller\Index->index[ /home/www/WWW/application/index/controller/Index.php ]
[ info ] [ VIEW ] /home/www/WWW/public/../application/index/view/index/index.html [ array (
  0 => 'audio',
) ]
[ info ] [ SESSION ] INIT array (
  'id' => '',
  'var_session_id' => '',
  'prefix' => 'think',
  'type' => '',
  'auto_start' => true,
)
[ info ] [ LOG ] INIT File

---------------------------------------------------------------
[ 2018-08-31T02:03:38+08:00 ] 172.16.0.5 191.255.73.160 GET /
[ log ] 123.207.34.110:80/ [运行时间：0.014318s][吞吐率：69.84req/s] [内存消耗：1,683.98kb] [文件加载：46]
[ info ] [ LANG ] /home/www/WWW/thinkphp/lang/zh-cn.php
[ info ] [ ROUTE ] array (
  'type' => 'module',
  'module' => 
  array (
    0 => '',
    1 => NULL,
    2 => NULL,
  ),
)
[ info ] [ HEADER ] array (
  'content-length' => '0',
  'user-agent' => 'Mozilla/5.0 (Windows NT 10.0; WOW64) AppleWebKit/537.36 (KHTML, like Gecko) Chrome/52.0.2743.116 Safari/537.36',
  'host' => '123.207.34.110:80',
  'content-type' => '',
)
[ info ] [ PARAM ] array (
)
[ info ] [ RUN ] app\index\controller\Index->index[ /home/www/WWW/application/index/controller/Index.php ]
[ info ] [ VIEW ] /home/www/WWW/public/../application/index/view/index/index.html [ array (
  0 => 'audio',
) ]
[ info ] [ SESSION ] INIT array (
  'id' => '',
  'var_session_id' => '',
  'prefix' => 'think',
  'type' => '',
  'auto_start' => true,
)
[ info ] [ LOG ] INIT File

---------------------------------------------------------------
[ 2018-08-31T02:04:11+08:00 ] 172.16.0.5 131.108.13.47 GET /
[ log ] 123.207.34.110:80/ [运行时间：0.014504s][吞吐率：68.95req/s] [内存消耗：1,683.98kb] [文件加载：46]
[ info ] [ LANG ] /home/www/WWW/thinkphp/lang/zh-cn.php
[ info ] [ ROUTE ] array (
  'type' => 'module',
  'module' => 
  array (
    0 => '',
    1 => NULL,
    2 => NULL,
  ),
)
[ info ] [ HEADER ] array (
  'content-length' => '0',
  'user-agent' => 'Mozilla/5.0 (Windows NT 10.0; WOW64) AppleWebKit/537.36 (KHTML, like Gecko) Chrome/52.0.2743.116 Safari/537.36',
  'host' => '123.207.34.110:80',
  'content-type' => '',
)
[ info ] [ PARAM ] array (
)
[ info ] [ RUN ] app\index\controller\Index->index[ /home/www/WWW/application/index/controller/Index.php ]
[ info ] [ VIEW ] /home/www/WWW/public/../application/index/view/index/index.html [ array (
  0 => 'audio',
) ]
[ info ] [ SESSION ] INIT array (
  'id' => '',
  'var_session_id' => '',
  'prefix' => 'think',
  'type' => '',
  'auto_start' => true,
)
[ info ] [ LOG ] INIT File

---------------------------------------------------------------
[ 2018-08-31T02:14:33+08:00 ] 172.16.0.5 101.226.102.70 GET /
[ log ] 123.207.34.110/ [运行时间：0.014038s][吞吐率：71.24req/s] [内存消耗：1,684.80kb] [文件加载：46]
[ info ] [ LANG ] /home/www/WWW/thinkphp/lang/zh-cn.php
[ info ] [ ROUTE ] array (
  'type' => 'module',
  'module' => 
  array (
    0 => '',
    1 => NULL,
    2 => NULL,
  ),
)
[ info ] [ HEADER ] array (
  'connection' => 'Close',
  'user-agent' => 'Mozilla/5.0 (iPhone; CPU iPhone OS 9_3_4 like Mac OS X) AppleWebKit/601.1.46 (KHTML, like Gecko) Mobile/13G35 QQ/6.5.3.410 V1_IPH_SQ_6.5.3_1_APP_A Pixel/750 Core/UIWebView NetType/2G Mem/117',
  'accept-language' => 'zh-cn',
  'accept' => '*/*',
  'accept-encoding' => 'deflate, gzip',
  'host' => '123.207.34.110',
  'content-type' => '',
  'content-length' => '',
)
[ info ] [ PARAM ] array (
)
[ info ] [ RUN ] app\index\controller\Index->index[ /home/www/WWW/application/index/controller/Index.php ]
[ info ] [ VIEW ] /home/www/WWW/public/../application/index/view/index/index.html [ array (
  0 => 'audio',
) ]
[ info ] [ SESSION ] INIT array (
  'id' => '',
  'var_session_id' => '',
  'prefix' => 'think',
  'type' => '',
  'auto_start' => true,
)
[ info ] [ LOG ] INIT File

---------------------------------------------------------------
[ 2018-08-31T02:38:50+08:00 ] 172.16.0.5 62.45.170.160 GET /
[ log ] 123.207.34.110/ [运行时间：0.014736s][吞吐率：67.86req/s] [内存消耗：1,684.46kb] [文件加载：46]
[ info ] [ LANG ] /home/www/WWW/thinkphp/lang/zh-cn.php
[ info ] [ ROUTE ] array (
  'type' => 'module',
  'module' => 
  array (
    0 => '',
    1 => NULL,
    2 => NULL,
  ),
)
[ info ] [ HEADER ] array (
  'connection' => 'Keep-Alive',
  'accept-encoding' => '',
  'user-agent' => 'Mozilla/5.0 (compatible; MSIE 9.0; Windows NT 6.1; WOW64; Trident/5.0)',
  'accept-language' => 'en-US',
  'accept' => 'text/html, application/xhtml+xml, */*',
  'host' => '123.207.34.110',
  'content-type' => '',
  'content-length' => '',
)
[ info ] [ PARAM ] array (
)
[ info ] [ RUN ] app\index\controller\Index->index[ /home/www/WWW/application/index/controller/Index.php ]
[ info ] [ VIEW ] /home/www/WWW/public/../application/index/view/index/index.html [ array (
  0 => 'audio',
) ]
[ info ] [ SESSION ] INIT array (
  'id' => '',
  'var_session_id' => '',
  'prefix' => 'think',
  'type' => '',
  'auto_start' => true,
)
[ info ] [ LOG ] INIT File

---------------------------------------------------------------
[ 2018-08-31T02:48:53+08:00 ] 172.16.0.5 5.8.10.202 GET /
[ log ] leafmailer.pw/ [运行时间：0.014896s][吞吐率：67.13req/s] [内存消耗：1,684.05kb] [文件加载：46]
[ info ] [ LANG ] /home/www/WWW/thinkphp/lang/zh-cn.php
[ info ] [ ROUTE ] array (
  'type' => 'module',
  'module' => 
  array (
    0 => '',
    1 => NULL,
    2 => NULL,
  ),
)
[ info ] [ HEADER ] array (
  'connection' => 'close',
  'accept-encoding' => 'gzip',
  'user-agent' => 'Mozilla/5.0 (Windows NT 5.0) AppleWebKit/5321 (KHTML, like Gecko) Chrome/40.0.804.0 Safari/5321',
  'host' => 'leafmailer.pw',
  'content-type' => '',
  'content-length' => '',
)
[ info ] [ PARAM ] array (
)
[ info ] [ RUN ] app\index\controller\Index->index[ /home/www/WWW/application/index/controller/Index.php ]
[ info ] [ VIEW ] /home/www/WWW/public/../application/index/view/index/index.html [ array (
  0 => 'audio',
) ]
[ info ] [ SESSION ] INIT array (
  'id' => '',
  'var_session_id' => '',
  'prefix' => 'think',
  'type' => '',
  'auto_start' => true,
)
[ info ] [ LOG ] INIT File

---------------------------------------------------------------
[ 2018-08-31T02:52:38+08:00 ] 172.16.0.5 200.116.198.151 GET /
[ log ] 123.207.34.110:80/ [运行时间：0.014085s][吞吐率：71.00req/s] [内存消耗：1,683.98kb] [文件加载：46]
[ info ] [ LANG ] /home/www/WWW/thinkphp/lang/zh-cn.php
[ info ] [ ROUTE ] array (
  'type' => 'module',
  'module' => 
  array (
    0 => '',
    1 => NULL,
    2 => NULL,
  ),
)
[ info ] [ HEADER ] array (
  'content-length' => '0',
  'user-agent' => 'Mozilla/5.0 (Macintosh; Intel Mac OS X 10_11_6) AppleWebKit/601.7.7 (KHTML, like Gecko) Version/9.1.2 Safari/601.7.7',
  'host' => '123.207.34.110:80',
  'content-type' => '',
)
[ info ] [ PARAM ] array (
)
[ info ] [ RUN ] app\index\controller\Index->index[ /home/www/WWW/application/index/controller/Index.php ]
[ info ] [ VIEW ] /home/www/WWW/public/../application/index/view/index/index.html [ array (
  0 => 'audio',
) ]
[ info ] [ SESSION ] INIT array (
  'id' => '',
  'var_session_id' => '',
  'prefix' => 'think',
  'type' => '',
  'auto_start' => true,
)
[ info ] [ LOG ] INIT File

---------------------------------------------------------------
[ 2018-08-31T03:59:53+08:00 ] 172.16.0.5 14.17.3.64 GET /index/music/detail.html?id%3D140%26type%3D1
[ log ] zard-forever.com/index/music/detail.html?id%3D140%26type%3D1 [运行时间：0.012664s][吞吐率：78.96req/s] [内存消耗：1,529.72kb] [文件加载：42]
[ info ] [ LANG ] /home/www/WWW/thinkphp/lang/zh-cn.php
[ info ] [ ROUTE ] array (
  'type' => 'module',
  'module' => 
  array (
    0 => 'index',
    1 => 'music',
    2 => 'detail',
  ),
)
[ info ] [ HEADER ] array (
  'connection' => 'Close',
  'user-agent' => 'Mozilla/5.0 (iPhone; CPU iPhone OS 9_3_4 like Mac OS X) AppleWebKit/601.1.46 (KHTML, like Gecko) Mobile/13G35 QQ/6.5.3.410 V1_IPH_SQ_6.5.3_1_APP_A Pixel/750 Core/UIWebView NetType/2G Mem/117',
  'accept-language' => 'zh-cn',
  'accept' => '*/*',
  'accept-encoding' => 'deflate, gzip',
  'host' => 'zard-forever.com',
  'content-type' => '',
  'content-length' => '',
)
[ info ] [ PARAM ] array (
  'id=140&type=1' => '',
)
[ info ] [ RUN ] app\index\controller\Music->detail[ /home/www/WWW/application/index/controller/Music.php ]
[ info ] [ LOG ] INIT File

---------------------------------------------------------------
[ 2018-08-31T04:25:28+08:00 ] 172.16.0.5 81.198.64.178 GET /
[ log ] 123.207.34.110:80/ [运行时间：0.014767s][吞吐率：67.72req/s] [内存消耗：1,683.98kb] [文件加载：46]
[ info ] [ LANG ] /home/www/WWW/thinkphp/lang/zh-cn.php
[ info ] [ ROUTE ] array (
  'type' => 'module',
  'module' => 
  array (
    0 => '',
    1 => NULL,
    2 => NULL,
  ),
)
[ info ] [ HEADER ] array (
  'content-length' => '0',
  'user-agent' => 'Mozilla/5.0 (Windows NT 6.1; WOW64) AppleWebKit/537.36 (KHTML, like Gecko) Chrome/52.0.2743.116 Safari/537.36',
  'host' => '123.207.34.110:80',
  'content-type' => '',
)
[ info ] [ PARAM ] array (
)
[ info ] [ RUN ] app\index\controller\Index->index[ /home/www/WWW/application/index/controller/Index.php ]
[ info ] [ VIEW ] /home/www/WWW/public/../application/index/view/index/index.html [ array (
  0 => 'audio',
) ]
[ info ] [ SESSION ] INIT array (
  'id' => '',
  'var_session_id' => '',
  'prefix' => 'think',
  'type' => '',
  'auto_start' => true,
)
[ info ] [ LOG ] INIT File

---------------------------------------------------------------
[ 2018-08-31T04:39:13+08:00 ] 172.16.0.5 177.52.214.247 GET /
[ log ] 123.207.34.110:80/ [运行时间：0.014149s][吞吐率：70.68req/s] [内存消耗：1,683.98kb] [文件加载：46]
[ info ] [ LANG ] /home/www/WWW/thinkphp/lang/zh-cn.php
[ info ] [ ROUTE ] array (
  'type' => 'module',
  'module' => 
  array (
    0 => '',
    1 => NULL,
    2 => NULL,
  ),
)
[ info ] [ HEADER ] array (
  'content-length' => '0',
  'user-agent' => 'Mozilla/5.0 (Windows NT 6.1; WOW64) AppleWebKit/537.36 (KHTML, like Gecko) Chrome/51.0.2704.103 Safari/537.36',
  'host' => '123.207.34.110:80',
  'content-type' => '',
)
[ info ] [ PARAM ] array (
)
[ info ] [ RUN ] app\index\controller\Index->index[ /home/www/WWW/application/index/controller/Index.php ]
[ info ] [ VIEW ] /home/www/WWW/public/../application/index/view/index/index.html [ array (
  0 => 'audio',
) ]
[ info ] [ SESSION ] INIT array (
  'id' => '',
  'var_session_id' => '',
  'prefix' => 'think',
  'type' => '',
  'auto_start' => true,
)
[ info ] [ LOG ] INIT File

---------------------------------------------------------------
[ 2018-08-31T04:45:08+08:00 ] 172.16.0.5 66.249.65.129 GET /index/music/detail.html?id=155&type=2
[ log ] zard-forever.com/index/music/detail.html?id=155&type=2 [运行时间：0.023370s][吞吐率：42.79req/s] [内存消耗：2,545.07kb] [文件加载：54]
[ info ] [ LANG ] /home/www/WWW/thinkphp/lang/zh-cn.php
[ info ] [ ROUTE ] array (
  'type' => 'module',
  'module' => 
  array (
    0 => 'index',
    1 => 'music',
    2 => 'detail',
  ),
)
[ info ] [ HEADER ] array (
  'accept-encoding' => 'gzip,deflate,br',
  'user-agent' => 'Mozilla/5.0 (compatible; Googlebot/2.1; +http://www.google.com/bot.html)',
  'from' => 'googlebot(at)googlebot.com',
  'accept' => 'text/html,application/xhtml+xml,application/xml;q=0.9,*/*;q=0.8',
  'connection' => 'keep-alive',
  'host' => 'zard-forever.com',
  'content-type' => '',
  'content-length' => '',
)
[ info ] [ PARAM ] array (
  'id' => '155',
  'type' => '2',
)
[ info ] [ RUN ] app\index\controller\Music->detail[ /home/www/WWW/application/index/controller/Music.php ]
[ info ] [ DB ] INIT mysql
[ info ] [ VIEW ] /home/www/WWW/public/../application/index/view/music/detail.html [ array (
  0 => 'music_src',
  1 => 'message',
  2 => 'album_src',
  3 => 'lyric',
) ]
[ info ] [ LOG ] INIT File
[ sql ] [ DB ] CONNECT:[ UseTime:0.000274s ] mysql:dbname=zard;host=127.0.0.1;port=3306;charset=utf8
[ sql ] [ SQL ] SHOW COLUMNS FROM `music` [ RunTime:0.000644s ]
[ sql ] [ SQL ] SELECT * FROM `music` WHERE  `id` = 155 LIMIT 1 [ RunTime:0.000161s ]
[ sql ] [ SQL ] SELECT * FROM `music` WHERE  `id` > 155  AND `issue_time` >= 1087920000 LIMIT 1 [ RunTime:0.000139s ]

---------------------------------------------------------------
[ 2018-08-31T05:24:27+08:00 ] 172.16.0.5 106.75.240.46 POST /sdk
[ log ] 123.207.34.110/sdk [运行时间：0.031692s][吞吐率：31.55req/s] [内存消耗：1,355.42kb] [文件加载：40]
[ info ] [ LANG ] /home/www/WWW/thinkphp/lang/zh-cn.php
[ info ] [ ROUTE ] array (
  'type' => 'module',
  'module' => 
  array (
    0 => 'sdk',
    1 => NULL,
    2 => NULL,
  ),
)
[ info ] [ HEADER ] array (
  'host' => '123.207.34.110',
  'connection' => 'close',
  'content-length' => '441',
  'user-agent' => 'Mozilla/5.0 (compatible; Nmap Scripting Engine; https://nmap.org/book/nse.html)',
  'content-type' => '',
)
[ info ] [ PARAM ] array (
)
[ info ] [ LOG ] INIT File

---------------------------------------------------------------
[ 2018-08-31T05:24:27+08:00 ] 172.16.0.5 106.75.240.46 GET /nmaplowercheck1535664267
[ log ] 123.207.34.110/nmaplowercheck1535664267 [运行时间：0.035294s][吞吐率：28.33req/s] [内存消耗：1,355.78kb] [文件加载：40]
[ info ] [ LANG ] /home/www/WWW/thinkphp/lang/zh-cn.php
[ info ] [ ROUTE ] array (
  'type' => 'module',
  'module' => 
  array (
    0 => 'nmaplowercheck1535664267',
    1 => NULL,
    2 => NULL,
  ),
)
[ info ] [ HEADER ] array (
  'host' => '123.207.34.110',
  'connection' => 'close',
  'user-agent' => 'Mozilla/5.0 (compatible; Nmap Scripting Engine; https://nmap.org/book/nse.html)',
  'content-type' => '',
  'content-length' => '',
)
[ info ] [ PARAM ] array (
)
[ info ] [ LOG ] INIT File

---------------------------------------------------------------
[ 2018-08-31T05:24:27+08:00 ] 172.16.0.5 106.75.240.46 GET /
[ log ] 123.207.34.110/ [运行时间：0.016088s][吞吐率：62.16req/s] [内存消耗：1,683.12kb] [文件加载：46]
[ info ] [ LANG ] /home/www/WWW/thinkphp/lang/zh-cn.php
[ info ] [ ROUTE ] array (
  'type' => 'module',
  'module' => 
  array (
    0 => '',
    1 => NULL,
    2 => NULL,
  ),
)
[ info ] [ HEADER ] array (
  'host' => '123.207.34.110',
  'content-type' => '',
  'content-length' => '',
)
[ info ] [ PARAM ] array (
)
[ info ] [ RUN ] app\index\controller\Index->index[ /home/www/WWW/application/index/controller/Index.php ]
[ info ] [ VIEW ] /home/www/WWW/public/../application/index/view/index/index.html [ array (
  0 => 'audio',
) ]
[ info ] [ SESSION ] INIT array (
  'id' => '',
  'var_session_id' => '',
  'prefix' => 'think',
  'type' => '',
  'auto_start' => true,
)
[ info ] [ LOG ] INIT File

---------------------------------------------------------------
[ 2018-08-31T05:24:27+08:00 ] 172.16.0.5 106.75.240.46 GET /HNAP1
[ log ] 123.207.34.110/HNAP1 [运行时间：0.011907s][吞吐率：83.99req/s] [内存消耗：1,355.64kb] [文件加载：40]
[ info ] [ LANG ] /home/www/WWW/thinkphp/lang/zh-cn.php
[ info ] [ ROUTE ] array (
  'type' => 'module',
  'module' => 
  array (
    0 => 'HNAP1',
    1 => NULL,
    2 => NULL,
  ),
)
[ info ] [ HEADER ] array (
  'host' => '123.207.34.110',
  'connection' => 'close',
  'user-agent' => 'Mozilla/5.0 (compatible; Nmap Scripting Engine; https://nmap.org/book/nse.html)',
  'content-type' => '',
  'content-length' => '',
)
[ info ] [ PARAM ] array (
)
[ info ] [ LOG ] INIT File

---------------------------------------------------------------
[ 2018-08-31T05:24:27+08:00 ] 172.16.0.5 106.75.240.46 GET /evox/about
[ log ] 123.207.34.110/evox/about [运行时间：0.012516s][吞吐率：79.90req/s] [内存消耗：1,355.74kb] [文件加载：40]
[ info ] [ LANG ] /home/www/WWW/thinkphp/lang/zh-cn.php
[ info ] [ ROUTE ] array (
  'type' => 'module',
  'module' => 
  array (
    0 => 'evox',
    1 => 'about',
    2 => NULL,
  ),
)
[ info ] [ HEADER ] array (
  'host' => '123.207.34.110',
  'connection' => 'close',
  'user-agent' => 'Mozilla/5.0 (compatible; Nmap Scripting Engine; https://nmap.org/book/nse.html)',
  'content-type' => '',
  'content-length' => '',
)
[ info ] [ PARAM ] array (
)
[ info ] [ LOG ] INIT File

---------------------------------------------------------------
[ 2018-08-31T05:38:34+08:00 ] 172.16.0.5 207.46.13.211 GET /
[ log ] zard-forever.com/ [运行时间：0.016298s][吞吐率：61.36req/s] [内存消耗：1,686.52kb] [文件加载：46]
[ info ] [ LANG ] /home/www/WWW/thinkphp/lang/zh-cn.php
[ info ] [ ROUTE ] array (
  'type' => 'module',
  'module' => 
  array (
    0 => '',
    1 => NULL,
    2 => NULL,
  ),
)
[ info ] [ HEADER ] array (
  'user-agent' => 'Mozilla/5.0 (compatible; bingbot/2.0; +http://www.bing.com/bingbot.htm)',
  'host' => 'zard-forever.com',
  'from' => 'bingbot(at)microsoft.com',
  'accept-encoding' => 'gzip, deflate',
  'accept' => '*/*',
  'pragma' => 'no-cache',
  'connection' => 'Keep-Alive',
  'cache-control' => 'no-cache',
  'content-type' => '',
  'content-length' => '',
)
[ info ] [ PARAM ] array (
)
[ info ] [ RUN ] app\index\controller\Index->index[ /home/www/WWW/application/index/controller/Index.php ]
[ info ] [ VIEW ] /home/www/WWW/public/../application/index/view/index/index.html [ array (
  0 => 'audio',
) ]
[ info ] [ SESSION ] INIT array (
  'id' => '',
  'var_session_id' => '',
  'prefix' => 'think',
  'type' => '',
  'auto_start' => true,
)
[ info ] [ LOG ] INIT File

---------------------------------------------------------------
[ 2018-08-31T05:52:29+08:00 ] 172.16.0.5 211.144.157.50 GET /manager/html
[ log ] 123.207.34.110:80/manager/html [运行时间：0.013197s][吞吐率：75.78req/s] [内存消耗：1,356.20kb] [文件加载：40]
[ info ] [ LANG ] /home/www/WWW/thinkphp/lang/zh-cn.php
[ info ] [ ROUTE ] array (
  'type' => 'module',
  'module' => 
  array (
    0 => 'manager',
    1 => 'html',
    2 => NULL,
  ),
)
[ info ] [ HEADER ] array (
  'authorization' => 'Basic Og==',
  'host' => '123.207.34.110:80',
  'user-agent' => 'Mozilla/5.0 (compatible; MSIE 10.0; Windows NT 6.2; WOW64; Trident/6.0)',
  'accept' => 'text/html, application/xhtml+xml, */*',
  'content-type' => '',
  'content-length' => '',
)
[ info ] [ PARAM ] array (
)
[ info ] [ LOG ] INIT File

---------------------------------------------------------------
[ 2018-08-31T06:13:21+08:00 ] 172.16.0.5 12.167.127.231 GET /
[ log ] 123.207.34.110:80/ [运行时间：0.014787s][吞吐率：67.63req/s] [内存消耗：1,683.98kb] [文件加载：46]
[ info ] [ LANG ] /home/www/WWW/thinkphp/lang/zh-cn.php
[ info ] [ ROUTE ] array (
  'type' => 'module',
  'module' => 
  array (
    0 => '',
    1 => NULL,
    2 => NULL,
  ),
)
[ info ] [ HEADER ] array (
  'content-length' => '0',
  'user-agent' => 'Mozilla/5.0 (Windows NT 6.1; WOW64) AppleWebKit/537.36 (KHTML, like Gecko) Chrome/52.0.2743.116 Safari/537.36',
  'host' => '123.207.34.110:80',
  'content-type' => '',
)
[ info ] [ PARAM ] array (
)
[ info ] [ RUN ] app\index\controller\Index->index[ /home/www/WWW/application/index/controller/Index.php ]
[ info ] [ VIEW ] /home/www/WWW/public/../application/index/view/index/index.html [ array (
  0 => 'audio',
) ]
[ info ] [ SESSION ] INIT array (
  'id' => '',
  'var_session_id' => '',
  'prefix' => 'think',
  'type' => '',
  'auto_start' => true,
)
[ info ] [ LOG ] INIT File

---------------------------------------------------------------
[ 2018-08-31T07:16:16+08:00 ] 172.16.0.5 66.249.65.129 GET /index/music/detail.html?id=83
[ log ] zard-forever.com/index/music/detail.html?id=83 [运行时间：0.047249s][吞吐率：21.16req/s] [内存消耗：2,544.41kb] [文件加载：54]
[ info ] [ LANG ] /home/www/WWW/thinkphp/lang/zh-cn.php
[ info ] [ ROUTE ] array (
  'type' => 'module',
  'module' => 
  array (
    0 => 'index',
    1 => 'music',
    2 => 'detail',
  ),
)
[ info ] [ HEADER ] array (
  'accept-encoding' => 'gzip,deflate,br',
  'user-agent' => 'Mozilla/5.0 (compatible; Googlebot/2.1; +http://www.google.com/bot.html)',
  'from' => 'googlebot(at)googlebot.com',
  'accept' => 'text/html,application/xhtml+xml,application/xml;q=0.9,*/*;q=0.8',
  'connection' => 'keep-alive',
  'host' => 'zard-forever.com',
  'content-type' => '',
  'content-length' => '',
)
[ info ] [ PARAM ] array (
  'id' => '83',
)
[ info ] [ RUN ] app\index\controller\Music->detail[ /home/www/WWW/application/index/controller/Music.php ]
[ info ] [ DB ] INIT mysql
[ info ] [ VIEW ] /home/www/WWW/public/../application/index/view/music/detail.html [ array (
  0 => 'music_src',
  1 => 'message',
  2 => 'album_src',
  3 => 'lyric',
) ]
[ info ] [ LOG ] INIT File
[ sql ] [ DB ] CONNECT:[ UseTime:0.000326s ] mysql:dbname=zard;host=127.0.0.1;port=3306;charset=utf8
[ sql ] [ SQL ] SHOW COLUMNS FROM `music` [ RunTime:0.000799s ]
[ sql ] [ SQL ] SELECT * FROM `music` WHERE  `id` = 83 LIMIT 1 [ RunTime:0.000215s ]

---------------------------------------------------------------
[ 2018-08-31T08:56:27+08:00 ] 172.16.0.5 59.36.132.140 GET /skins/vector/csshover.htc
[ log ] 123.207.34.110/skins/vector/csshover.htc [运行时间：0.013227s][吞吐率：75.60req/s] [内存消耗：1,360.49kb] [文件加载：40]
[ info ] [ LANG ] /home/www/WWW/thinkphp/lang/zh-cn.php
[ info ] [ ROUTE ] array (
  'type' => 'module',
  'module' => 
  array (
    0 => 'skins',
    1 => 'vector',
    2 => 'csshover.htc',
  ),
)
[ info ] [ HEADER ] array (
  'cookie' => 'xx=xxx',
  'cache-control' => 'no-cache',
  'pragma' => 'no-cache',
  'referer' => 'http://123.207.34.110:80/',
  'user-agent' => 'Mozilla/5.0 (Windows NT 6.1; WOW64) AppleWebKit/537.36 (KHTML, like Gecko) Chrome/32.0.1700.76 Safari/537.36',
  'accept' => 'text/html,application/xhtml+xml,application/xml;q=0.9,image/webp,*/*;q=0.8',
  'accept-encoding' => 'gzip,deflate',
  'connection' => 'keep-alive',
  'host' => '123.207.34.110',
  'content-type' => '',
  'content-length' => '',
)
[ info ] [ PARAM ] array (
)
[ info ] [ LOG ] INIT File

---------------------------------------------------------------
[ 2018-08-31T08:56:29+08:00 ] 172.16.0.5 59.36.132.140 GET /rockmongo/
[ log ] 123.207.34.110/rockmongo/ [运行时间：0.012242s][吞吐率：81.69req/s] [内存消耗：1,360.34kb] [文件加载：40]
[ info ] [ LANG ] /home/www/WWW/thinkphp/lang/zh-cn.php
[ info ] [ ROUTE ] array (
  'type' => 'module',
  'module' => 
  array (
    0 => 'rockmongo',
    1 => NULL,
    2 => NULL,
  ),
)
[ info ] [ HEADER ] array (
  'cookie' => 'xx=xxx',
  'cache-control' => 'no-cache',
  'pragma' => 'no-cache',
  'referer' => 'http://123.207.34.110:80/',
  'user-agent' => 'Mozilla/5.0 (Windows NT 6.1; WOW64) AppleWebKit/537.36 (KHTML, like Gecko) Chrome/32.0.1700.76 Safari/537.36',
  'accept' => 'text/html,application/xhtml+xml,application/xml;q=0.9,image/webp,*/*;q=0.8',
  'accept-encoding' => 'gzip,deflate',
  'connection' => 'keep-alive',
  'host' => '123.207.34.110',
  'content-type' => '',
  'content-length' => '',
)
[ info ] [ PARAM ] array (
)
[ info ] [ LOG ] INIT File

---------------------------------------------------------------
[ 2018-08-31T08:56:30+08:00 ] 172.16.0.5 59.36.132.140 GET /server-status
[ log ] 123.207.34.110/server-status [运行时间：0.012956s][吞吐率：77.18req/s] [内存消耗：1,360.30kb] [文件加载：40]
[ info ] [ LANG ] /home/www/WWW/thinkphp/lang/zh-cn.php
[ info ] [ ROUTE ] array (
  'type' => 'module',
  'module' => 
  array (
    0 => 'server-status',
    1 => NULL,
    2 => NULL,
  ),
)
[ info ] [ HEADER ] array (
  'cookie' => 'xx=xxx',
  'cache-control' => 'no-cache',
  'pragma' => 'no-cache',
  'referer' => 'http://123.207.34.110:80/',
  'user-agent' => 'Mozilla/5.0 (Windows NT 6.1; WOW64) AppleWebKit/537.36 (KHTML, like Gecko) Chrome/32.0.1700.76 Safari/537.36',
  'accept' => 'text/html,application/xhtml+xml,application/xml;q=0.9,image/webp,*/*;q=0.8',
  'accept-encoding' => 'gzip,deflate',
  'connection' => 'keep-alive',
  'host' => '123.207.34.110',
  'content-type' => '',
  'content-length' => '',
)
[ info ] [ PARAM ] array (
)
[ info ] [ LOG ] INIT File

---------------------------------------------------------------
[ 2018-08-31T08:56:30+08:00 ] 172.16.0.5 59.36.132.140 GET /wikilib.d/PmWiki.ChangeLog
[ log ] 123.207.34.110/wikilib.d/PmWiki.ChangeLog [运行时间：0.015138s][吞吐率：66.06req/s] [内存消耗：1,360.51kb] [文件加载：40]
[ info ] [ LANG ] /home/www/WWW/thinkphp/lang/zh-cn.php
[ info ] [ ROUTE ] array (
  'type' => 'module',
  'module' => 
  array (
    0 => 'wikilib.d',
    1 => 'PmWiki.ChangeLog',
    2 => NULL,
  ),
)
[ info ] [ HEADER ] array (
  'cookie' => 'xx=xxx',
  'cache-control' => 'no-cache',
  'pragma' => 'no-cache',
  'referer' => 'http://123.207.34.110:80/',
  'user-agent' => 'Mozilla/5.0 (Windows NT 6.1; WOW64) AppleWebKit/537.36 (KHTML, like Gecko) Chrome/32.0.1700.76 Safari/537.36',
  'accept' => 'text/html,application/xhtml+xml,application/xml;q=0.9,image/webp,*/*;q=0.8',
  'accept-encoding' => 'gzip,deflate',
  'connection' => 'keep-alive',
  'host' => '123.207.34.110',
  'content-type' => '',
  'content-length' => '',
)
[ info ] [ PARAM ] array (
)
[ info ] [ LOG ] INIT File

---------------------------------------------------------------
[ 2018-08-31T08:56:30+08:00 ] 172.16.0.5 59.36.132.140 GET /4e5e5d7364f443e28fbf0d3ae744a59a
[ log ] 123.207.34.110/4e5e5d7364f443e28fbf0d3ae744a59a [运行时间：0.013632s][吞吐率：73.36req/s] [内存消耗：1,360.45kb] [文件加载：40]
[ info ] [ LANG ] /home/www/WWW/thinkphp/lang/zh-cn.php
[ info ] [ ROUTE ] array (
  'type' => 'module',
  'module' => 
  array (
    0 => '4e5e5d7364f443e28fbf0d3ae744a59a',
    1 => NULL,
    2 => NULL,
  ),
)
[ info ] [ HEADER ] array (
  'cookie' => 'xx=xxx',
  'cache-control' => 'no-cache',
  'pragma' => 'no-cache',
  'referer' => 'http://123.207.34.110:80/',
  'user-agent' => 'Mozilla/5.0 (Windows NT 6.1; WOW64) AppleWebKit/537.36 (KHTML, like Gecko) Chrome/32.0.1700.76 Safari/537.36',
  'accept' => 'text/html,application/xhtml+xml,application/xml;q=0.9,image/webp,*/*;q=0.8',
  'accept-encoding' => 'gzip,deflate',
  'connection' => 'keep-alive',
  'host' => '123.207.34.110',
  'content-type' => '',
  'content-length' => '',
)
[ info ] [ PARAM ] array (
)
[ info ] [ LOG ] INIT File

---------------------------------------------------------------
[ 2018-08-31T08:56:30+08:00 ] 172.16.0.5 59.36.132.140 GET /jenkins/
[ log ] 123.207.34.110/jenkins/ [运行时间：0.012538s][吞吐率：79.76req/s] [内存消耗：1,360.33kb] [文件加载：40]
[ info ] [ LANG ] /home/www/WWW/thinkphp/lang/zh-cn.php
[ info ] [ ROUTE ] array (
  'type' => 'module',
  'module' => 
  array (
    0 => 'jenkins',
    1 => NULL,
    2 => NULL,
  ),
)
[ info ] [ HEADER ] array (
  'cookie' => 'xx=xxx',
  'cache-control' => 'no-cache',
  'pragma' => 'no-cache',
  'referer' => 'http://123.207.34.110:80/',
  'user-agent' => 'Mozilla/5.0 (Windows NT 6.1; WOW64) AppleWebKit/537.36 (KHTML, like Gecko) Chrome/32.0.1700.76 Safari/537.36',
  'accept' => 'text/html,application/xhtml+xml,application/xml;q=0.9,image/webp,*/*;q=0.8',
  'accept-encoding' => 'gzip,deflate',
  'connection' => 'keep-alive',
  'host' => '123.207.34.110',
  'content-type' => '',
  'content-length' => '',
)
[ info ] [ PARAM ] array (
)
[ info ] [ LOG ] INIT File

---------------------------------------------------------------
[ 2018-08-31T08:56:31+08:00 ] 172.16.0.5 59.36.132.140 GET /console/login/LoginForm.jsp
[ log ] 123.207.34.110/console/login/LoginForm.jsp [运行时间：0.012494s][吞吐率：80.04req/s] [内存消耗：1,360.49kb] [文件加载：40]
[ info ] [ LANG ] /home/www/WWW/thinkphp/lang/zh-cn.php
[ info ] [ ROUTE ] array (
  'type' => 'module',
  'module' => 
  array (
    0 => 'console',
    1 => 'login',
    2 => 'LoginForm.jsp',
  ),
)
[ info ] [ HEADER ] array (
  'cookie' => 'xx=xxx',
  'cache-control' => 'no-cache',
  'pragma' => 'no-cache',
  'referer' => 'http://123.207.34.110:80/',
  'user-agent' => 'Mozilla/5.0 (Windows NT 6.1; WOW64) AppleWebKit/537.36 (KHTML, like Gecko) Chrome/32.0.1700.76 Safari/537.36',
  'accept' => 'text/html,application/xhtml+xml,application/xml;q=0.9,image/webp,*/*;q=0.8',
  'accept-encoding' => 'gzip,deflate',
  'connection' => 'keep-alive',
  'host' => '123.207.34.110',
  'content-type' => '',
  'content-length' => '',
)
[ info ] [ PARAM ] array (
)
[ info ] [ LOG ] INIT File

---------------------------------------------------------------
[ 2018-08-31T08:56:31+08:00 ] 172.16.0.5 59.36.132.140 GET /solr/
[ log ] 123.207.34.110/solr/ [运行时间：0.012550s][吞吐率：79.68req/s] [内存消耗：1,360.30kb] [文件加载：40]
[ info ] [ LANG ] /home/www/WWW/thinkphp/lang/zh-cn.php
[ info ] [ ROUTE ] array (
  'type' => 'module',
  'module' => 
  array (
    0 => 'solr',
    1 => NULL,
    2 => NULL,
  ),
)
[ info ] [ HEADER ] array (
  'cookie' => 'xx=xxx',
  'cache-control' => 'no-cache',
  'pragma' => 'no-cache',
  'referer' => 'http://123.207.34.110:80/',
  'user-agent' => 'Mozilla/5.0 (Windows NT 6.1; WOW64) AppleWebKit/537.36 (KHTML, like Gecko) Chrome/32.0.1700.76 Safari/537.36',
  'accept' => 'text/html,application/xhtml+xml,application/xml;q=0.9,image/webp,*/*;q=0.8',
  'accept-encoding' => 'gzip,deflate',
  'connection' => 'keep-alive',
  'host' => '123.207.34.110',
  'content-type' => '',
  'content-length' => '',
)
[ info ] [ PARAM ] array (
)
[ info ] [ LOG ] INIT File

---------------------------------------------------------------
[ 2018-08-31T08:56:31+08:00 ] 172.16.0.5 59.36.132.140 GET /
[ log ] 123.207.34.110/ [运行时间：0.015367s][吞吐率：65.08req/s] [内存消耗：1,687.13kb] [文件加载：46]
[ info ] [ LANG ] /home/www/WWW/thinkphp/lang/zh-cn.php
[ info ] [ ROUTE ] array (
  'type' => 'module',
  'module' => 
  array (
    0 => '',
    1 => NULL,
    2 => NULL,
  ),
)
[ info ] [ HEADER ] array (
  'cookie' => 'xx=xxx',
  'cache-control' => 'no-cache',
  'pragma' => 'no-cache',
  'referer' => 'http://123.207.34.110:80/',
  'user-agent' => 'Mozilla/5.0 (Windows NT 6.1; WOW64) AppleWebKit/537.36 (KHTML, like Gecko) Chrome/32.0.1700.76 Safari/537.36',
  'accept' => 'text/html,application/xhtml+xml,application/xml;q=0.9,image/webp,*/*;q=0.8',
  'accept-encoding' => 'gzip,deflate',
  'connection' => 'keep-alive',
  'host' => '123.207.34.110',
  'content-type' => '',
  'content-length' => '',
)
[ info ] [ PARAM ] array (
)
[ info ] [ RUN ] app\index\controller\Index->index[ /home/www/WWW/application/index/controller/Index.php ]
[ info ] [ VIEW ] /home/www/WWW/public/../application/index/view/index/index.html [ array (
  0 => 'audio',
) ]
[ info ] [ SESSION ] INIT array (
  'id' => '',
  'var_session_id' => '',
  'prefix' => 'think',
  'type' => '',
  'auto_start' => true,
)
[ info ] [ LOG ] INIT File

---------------------------------------------------------------
[ 2018-08-31T08:56:31+08:00 ] 172.16.0.5 59.36.132.140 GET /
[ log ] 123.207.34.110/ [运行时间：0.014342s][吞吐率：69.72req/s] [内存消耗：1,684.09kb] [文件加载：46]
[ info ] [ LANG ] /home/www/WWW/thinkphp/lang/zh-cn.php
[ info ] [ ROUTE ] array (
  'type' => 'module',
  'module' => 
  array (
    0 => '',
    1 => NULL,
    2 => NULL,
  ),
)
[ info ] [ HEADER ] array (
  'user-agent' => 'python-requests/2.19.1',
  'accept' => '*/*',
  'accept-encoding' => 'gzip, deflate',
  'connection' => 'keep-alive',
  'host' => '123.207.34.110',
  'content-type' => '',
  'content-length' => '',
)
[ info ] [ PARAM ] array (
)
[ info ] [ RUN ] app\index\controller\Index->index[ /home/www/WWW/application/index/controller/Index.php ]
[ info ] [ VIEW ] /home/www/WWW/public/../application/index/view/index/index.html [ array (
  0 => 'audio',
) ]
[ info ] [ SESSION ] INIT array (
  'id' => '',
  'var_session_id' => '',
  'prefix' => 'think',
  'type' => '',
  'auto_start' => true,
)
[ info ] [ LOG ] INIT File

---------------------------------------------------------------
[ 2018-08-31T09:24:38+08:00 ] 172.16.0.5 101.91.62.109 GET /
[ log ] 123.207.34.110/ [运行时间：0.017140s][吞吐率：58.34req/s] [内存消耗：1,684.80kb] [文件加载：46]
[ info ] [ LANG ] /home/www/WWW/thinkphp/lang/zh-cn.php
[ info ] [ ROUTE ] array (
  'type' => 'module',
  'module' => 
  array (
    0 => '',
    1 => NULL,
    2 => NULL,
  ),
)
[ info ] [ HEADER ] array (
  'connection' => 'Close',
  'user-agent' => 'Mozilla/5.0 (iPhone; CPU iPhone OS 9_3_4 like Mac OS X) AppleWebKit/601.1.46 (KHTML, like Gecko) Mobile/13G35 QQ/6.5.3.410 V1_IPH_SQ_6.5.3_1_APP_A Pixel/750 Core/UIWebView NetType/2G Mem/117',
  'accept-language' => 'zh-cn',
  'accept' => '*/*',
  'accept-encoding' => 'deflate, gzip',
  'host' => '123.207.34.110',
  'content-type' => '',
  'content-length' => '',
)
[ info ] [ PARAM ] array (
)
[ info ] [ RUN ] app\index\controller\Index->index[ /home/www/WWW/application/index/controller/Index.php ]
[ info ] [ VIEW ] /home/www/WWW/public/../application/index/view/index/index.html [ array (
  0 => 'audio',
) ]
[ info ] [ SESSION ] INIT array (
  'id' => '',
  'var_session_id' => '',
  'prefix' => 'think',
  'type' => '',
  'auto_start' => true,
)
[ info ] [ LOG ] INIT File

---------------------------------------------------------------
[ 2018-08-31T10:04:44+08:00 ] 172.16.0.5 66.249.65.129 GET /index/music/detail.html?id=58
[ log ] zard-forever.com/index/music/detail.html?id=58 [运行时间：0.031619s][吞吐率：31.63req/s] [内存消耗：2,543.45kb] [文件加载：54]
[ info ] [ LANG ] /home/www/WWW/thinkphp/lang/zh-cn.php
[ info ] [ ROUTE ] array (
  'type' => 'module',
  'module' => 
  array (
    0 => 'index',
    1 => 'music',
    2 => 'detail',
  ),
)
[ info ] [ HEADER ] array (
  'accept-encoding' => 'gzip,deflate,br',
  'user-agent' => 'Mozilla/5.0 (compatible; Googlebot/2.1; +http://www.google.com/bot.html)',
  'from' => 'googlebot(at)googlebot.com',
  'accept' => 'text/html,application/xhtml+xml,application/xml;q=0.9,*/*;q=0.8',
  'connection' => 'keep-alive',
  'host' => 'zard-forever.com',
  'content-type' => '',
  'content-length' => '',
)
[ info ] [ PARAM ] array (
  'id' => '58',
)
[ info ] [ RUN ] app\index\controller\Music->detail[ /home/www/WWW/application/index/controller/Music.php ]
[ info ] [ DB ] INIT mysql
[ info ] [ VIEW ] /home/www/WWW/public/../application/index/view/music/detail.html [ array (
  0 => 'music_src',
  1 => 'message',
  2 => 'album_src',
  3 => 'lyric',
) ]
[ info ] [ LOG ] INIT File
[ sql ] [ DB ] CONNECT:[ UseTime:0.000254s ] mysql:dbname=zard;host=127.0.0.1;port=3306;charset=utf8
[ sql ] [ SQL ] SHOW COLUMNS FROM `music` [ RunTime:0.000604s ]
[ sql ] [ SQL ] SELECT * FROM `music` WHERE  `id` = 58 LIMIT 1 [ RunTime:0.000156s ]

---------------------------------------------------------------
[ 2018-08-31T10:44:43+08:00 ] 172.16.0.5 66.249.65.159 GET /index/music/detail.html?id=90
[ log ] zard-forever.com/index/music/detail.html?id=90 [运行时间：0.047515s][吞吐率：21.05req/s] [内存消耗：2,543.53kb] [文件加载：54]
[ info ] [ LANG ] /home/www/WWW/thinkphp/lang/zh-cn.php
[ info ] [ ROUTE ] array (
  'type' => 'module',
  'module' => 
  array (
    0 => 'index',
    1 => 'music',
    2 => 'detail',
  ),
)
[ info ] [ HEADER ] array (
  'accept-encoding' => 'gzip,deflate,br',
  'user-agent' => 'Mozilla/5.0 (compatible; Googlebot/2.1; +http://www.google.com/bot.html)',
  'from' => 'googlebot(at)googlebot.com',
  'accept' => 'text/html,application/xhtml+xml,application/xml;q=0.9,*/*;q=0.8',
  'connection' => 'keep-alive',
  'host' => 'zard-forever.com',
  'content-type' => '',
  'content-length' => '',
)
[ info ] [ PARAM ] array (
  'id' => '90',
)
[ info ] [ RUN ] app\index\controller\Music->detail[ /home/www/WWW/application/index/controller/Music.php ]
[ info ] [ DB ] INIT mysql
[ info ] [ VIEW ] /home/www/WWW/public/../application/index/view/music/detail.html [ array (
  0 => 'music_src',
  1 => 'message',
  2 => 'album_src',
  3 => 'lyric',
) ]
[ info ] [ LOG ] INIT File
[ sql ] [ DB ] CONNECT:[ UseTime:0.000268s ] mysql:dbname=zard;host=127.0.0.1;port=3306;charset=utf8
[ sql ] [ SQL ] SHOW COLUMNS FROM `music` [ RunTime:0.000629s ]
[ sql ] [ SQL ] SELECT * FROM `music` WHERE  `id` = 90 LIMIT 1 [ RunTime:0.000173s ]

---------------------------------------------------------------
[ 2018-08-31T10:54:37+08:00 ] 172.16.0.5 36.74.100.228 GET /
[ log ] 123.207.34.110:80/ [运行时间：0.015868s][吞吐率：63.02req/s] [内存消耗：1,683.98kb] [文件加载：46]
[ info ] [ LANG ] /home/www/WWW/thinkphp/lang/zh-cn.php
[ info ] [ ROUTE ] array (
  'type' => 'module',
  'module' => 
  array (
    0 => '',
    1 => NULL,
    2 => NULL,
  ),
)
[ info ] [ HEADER ] array (
  'content-length' => '0',
  'user-agent' => 'Mozilla/5.0 (Windows NT 6.1; WOW64) AppleWebKit/537.36 (KHTML, like Gecko) Chrome/51.0.2704.103 Safari/537.36',
  'host' => '123.207.34.110:80',
  'content-type' => '',
)
[ info ] [ PARAM ] array (
)
[ info ] [ RUN ] app\index\controller\Index->index[ /home/www/WWW/application/index/controller/Index.php ]
[ info ] [ VIEW ] /home/www/WWW/public/../application/index/view/index/index.html [ array (
  0 => 'audio',
) ]
[ info ] [ SESSION ] INIT array (
  'id' => '',
  'var_session_id' => '',
  'prefix' => 'think',
  'type' => '',
  'auto_start' => true,
)
[ info ] [ LOG ] INIT File

---------------------------------------------------------------
[ 2018-08-31T11:09:16+08:00 ] 172.16.0.5 193.13.42.52 GET /
[ log ] 123.207.34.110/ [运行时间：0.020914s][吞吐率：47.82req/s] [内存消耗：1,684.46kb] [文件加载：46]
[ info ] [ LANG ] /home/www/WWW/thinkphp/lang/zh-cn.php
[ info ] [ ROUTE ] array (
  'type' => 'module',
  'module' => 
  array (
    0 => '',
    1 => NULL,
    2 => NULL,
  ),
)
[ info ] [ HEADER ] array (
  'connection' => 'Keep-Alive',
  'accept-encoding' => '',
  'user-agent' => 'Mozilla/5.0 (compatible; MSIE 9.0; Windows NT 6.1; WOW64; Trident/5.0)',
  'accept-language' => 'en-US',
  'accept' => 'text/html, application/xhtml+xml, */*',
  'host' => '123.207.34.110',
  'content-type' => '',
  'content-length' => '',
)
[ info ] [ PARAM ] array (
)
[ info ] [ RUN ] app\index\controller\Index->index[ /home/www/WWW/application/index/controller/Index.php ]
[ info ] [ VIEW ] /home/www/WWW/public/../application/index/view/index/index.html [ array (
  0 => 'audio',
) ]
[ info ] [ SESSION ] INIT array (
  'id' => '',
  'var_session_id' => '',
  'prefix' => 'think',
  'type' => '',
  'auto_start' => true,
)
[ info ] [ LOG ] INIT File

---------------------------------------------------------------
[ 2018-08-31T11:28:38+08:00 ] 172.16.0.5 183.57.53.222 GET /index/music/detail.html?id%3D146%26type%3D1
[ log ] zard-forever.com/index/music/detail.html?id%3D146%26type%3D1 [运行时间：0.017957s][吞吐率：55.69req/s] [内存消耗：1,529.72kb] [文件加载：42]
[ info ] [ LANG ] /home/www/WWW/thinkphp/lang/zh-cn.php
[ info ] [ ROUTE ] array (
  'type' => 'module',
  'module' => 
  array (
    0 => 'index',
    1 => 'music',
    2 => 'detail',
  ),
)
[ info ] [ HEADER ] array (
  'connection' => 'Close',
  'user-agent' => 'Mozilla/5.0 (iPhone; CPU iPhone OS 9_3_4 like Mac OS X) AppleWebKit/601.1.46 (KHTML, like Gecko) Mobile/13G35 QQ/6.5.3.410 V1_IPH_SQ_6.5.3_1_APP_A Pixel/750 Core/UIWebView NetType/2G Mem/117',
  'accept-language' => 'zh-cn',
  'accept' => '*/*',
  'accept-encoding' => 'deflate, gzip',
  'host' => 'zard-forever.com',
  'content-type' => '',
  'content-length' => '',
)
[ info ] [ PARAM ] array (
  'id=146&type=1' => '',
)
[ info ] [ RUN ] app\index\controller\Music->detail[ /home/www/WWW/application/index/controller/Music.php ]
[ info ] [ LOG ] INIT File

---------------------------------------------------------------
[ 2018-08-31T12:14:41+08:00 ] 172.16.0.5 66.249.65.131 GET /index/music/detail.html?id=68
[ log ] zard-forever.com/index/music/detail.html?id=68 [运行时间：0.051779s][吞吐率：19.31req/s] [内存消耗：2,543.40kb] [文件加载：54]
[ info ] [ LANG ] /home/www/WWW/thinkphp/lang/zh-cn.php
[ info ] [ ROUTE ] array (
  'type' => 'module',
  'module' => 
  array (
    0 => 'index',
    1 => 'music',
    2 => 'detail',
  ),
)
[ info ] [ HEADER ] array (
  'accept-encoding' => 'gzip,deflate,br',
  'user-agent' => 'Mozilla/5.0 (compatible; Googlebot/2.1; +http://www.google.com/bot.html)',
  'from' => 'googlebot(at)googlebot.com',
  'accept' => 'text/html,application/xhtml+xml,application/xml;q=0.9,*/*;q=0.8',
  'connection' => 'keep-alive',
  'host' => 'zard-forever.com',
  'content-type' => '',
  'content-length' => '',
)
[ info ] [ PARAM ] array (
  'id' => '68',
)
[ info ] [ RUN ] app\index\controller\Music->detail[ /home/www/WWW/application/index/controller/Music.php ]
[ info ] [ DB ] INIT mysql
[ info ] [ VIEW ] /home/www/WWW/public/../application/index/view/music/detail.html [ array (
  0 => 'music_src',
  1 => 'message',
  2 => 'album_src',
  3 => 'lyric',
) ]
[ info ] [ LOG ] INIT File
[ sql ] [ DB ] CONNECT:[ UseTime:0.000255s ] mysql:dbname=zard;host=127.0.0.1;port=3306;charset=utf8
[ sql ] [ SQL ] SHOW COLUMNS FROM `music` [ RunTime:0.000642s ]
[ sql ] [ SQL ] SELECT * FROM `music` WHERE  `id` = 68 LIMIT 1 [ RunTime:0.000160s ]

---------------------------------------------------------------
[ 2018-08-31T12:24:41+08:00 ] 172.16.0.5 66.249.65.131 GET /index/music/detail.html?id=70
[ log ] zard-forever.com/index/music/detail.html?id=70 [运行时间：0.022322s][吞吐率：44.80req/s] [内存消耗：2,543.45kb] [文件加载：54]
[ info ] [ LANG ] /home/www/WWW/thinkphp/lang/zh-cn.php
[ info ] [ ROUTE ] array (
  'type' => 'module',
  'module' => 
  array (
    0 => 'index',
    1 => 'music',
    2 => 'detail',
  ),
)
[ info ] [ HEADER ] array (
  'accept-encoding' => 'gzip,deflate,br',
  'user-agent' => 'Mozilla/5.0 (compatible; Googlebot/2.1; +http://www.google.com/bot.html)',
  'from' => 'googlebot(at)googlebot.com',
  'accept' => 'text/html,application/xhtml+xml,application/xml;q=0.9,*/*;q=0.8',
  'connection' => 'keep-alive',
  'host' => 'zard-forever.com',
  'content-type' => '',
  'content-length' => '',
)
[ info ] [ PARAM ] array (
  'id' => '70',
)
[ info ] [ RUN ] app\index\controller\Music->detail[ /home/www/WWW/application/index/controller/Music.php ]
[ info ] [ DB ] INIT mysql
[ info ] [ VIEW ] /home/www/WWW/public/../application/index/view/music/detail.html [ array (
  0 => 'music_src',
  1 => 'message',
  2 => 'album_src',
  3 => 'lyric',
) ]
[ info ] [ LOG ] INIT File
[ sql ] [ DB ] CONNECT:[ UseTime:0.000224s ] mysql:dbname=zard;host=127.0.0.1;port=3306;charset=utf8
[ sql ] [ SQL ] SHOW COLUMNS FROM `music` [ RunTime:0.000578s ]
[ sql ] [ SQL ] SELECT * FROM `music` WHERE  `id` = 70 LIMIT 1 [ RunTime:0.000157s ]

---------------------------------------------------------------
[ 2018-08-31T12:39:36+08:00 ] 172.16.0.5 218.93.201.199 GET /manager/html
[ log ] 123.207.34.110:80/manager/html [运行时间：0.013284s][吞吐率：75.28req/s] [内存消耗：1,356.20kb] [文件加载：40]
[ info ] [ LANG ] /home/www/WWW/thinkphp/lang/zh-cn.php
[ info ] [ ROUTE ] array (
  'type' => 'module',
  'module' => 
  array (
    0 => 'manager',
    1 => 'html',
    2 => NULL,
  ),
)
[ info ] [ HEADER ] array (
  'authorization' => 'Basic Og==',
  'host' => '123.207.34.110:80',
  'user-agent' => 'Mozilla/5.0 (compatible; MSIE 10.0; Windows NT 6.2; WOW64; Trident/6.0)',
  'accept' => 'text/html, application/xhtml+xml, */*',
  'content-type' => '',
  'content-length' => '',
)
[ info ] [ PARAM ] array (
)
[ info ] [ LOG ] INIT File

---------------------------------------------------------------
[ 2018-08-31T12:40:50+08:00 ] 172.16.0.5 191.242.164.241 GET /
[ log ] 123.207.34.110:80/ [运行时间：0.014856s][吞吐率：67.31req/s] [内存消耗：1,683.98kb] [文件加载：46]
[ info ] [ LANG ] /home/www/WWW/thinkphp/lang/zh-cn.php
[ info ] [ ROUTE ] array (
  'type' => 'module',
  'module' => 
  array (
    0 => '',
    1 => NULL,
    2 => NULL,
  ),
)
[ info ] [ HEADER ] array (
  'content-length' => '0',
  'user-agent' => 'Mozilla/5.0 (Windows NT 10.0; WOW64) AppleWebKit/537.36 (KHTML, like Gecko) Chrome/51.0.2704.103 Safari/537.36',
  'host' => '123.207.34.110:80',
  'content-type' => '',
)
[ info ] [ PARAM ] array (
)
[ info ] [ RUN ] app\index\controller\Index->index[ /home/www/WWW/application/index/controller/Index.php ]
[ info ] [ VIEW ] /home/www/WWW/public/../application/index/view/index/index.html [ array (
  0 => 'audio',
) ]
[ info ] [ SESSION ] INIT array (
  'id' => '',
  'var_session_id' => '',
  'prefix' => 'think',
  'type' => '',
  'auto_start' => true,
)
[ info ] [ LOG ] INIT File

---------------------------------------------------------------
[ 2018-08-31T12:45:18+08:00 ] 172.16.0.5 66.249.65.131 GET /index/music/detail.html?id=17
[ log ] zard-forever.com/index/music/detail.html?id=17 [运行时间：0.073142s][吞吐率：13.67req/s] [内存消耗：2,544.63kb] [文件加载：54]
[ info ] [ LANG ] /home/www/WWW/thinkphp/lang/zh-cn.php
[ info ] [ ROUTE ] array (
  'type' => 'module',
  'module' => 
  array (
    0 => 'index',
    1 => 'music',
    2 => 'detail',
  ),
)
[ info ] [ HEADER ] array (
  'accept-encoding' => 'gzip,deflate,br',
  'user-agent' => 'Mozilla/5.0 (compatible; Googlebot/2.1; +http://www.google.com/bot.html)',
  'from' => 'googlebot(at)googlebot.com',
  'accept' => 'text/html,application/xhtml+xml,application/xml;q=0.9,*/*;q=0.8',
  'connection' => 'keep-alive',
  'host' => 'zard-forever.com',
  'content-type' => '',
  'content-length' => '',
)
[ info ] [ PARAM ] array (
  'id' => '17',
)
[ info ] [ RUN ] app\index\controller\Music->detail[ /home/www/WWW/application/index/controller/Music.php ]
[ info ] [ DB ] INIT mysql
[ info ] [ VIEW ] /home/www/WWW/public/../application/index/view/music/detail.html [ array (
  0 => 'music_src',
  1 => 'message',
  2 => 'album_src',
  3 => 'lyric',
) ]
[ info ] [ LOG ] INIT File
[ sql ] [ DB ] CONNECT:[ UseTime:0.000277s ] mysql:dbname=zard;host=127.0.0.1;port=3306;charset=utf8
[ sql ] [ SQL ] SHOW COLUMNS FROM `music` [ RunTime:0.000667s ]
[ sql ] [ SQL ] SELECT * FROM `music` WHERE  `id` = 17 LIMIT 1 [ RunTime:0.000186s ]

---------------------------------------------------------------
[ 2018-08-31T13:01:23+08:00 ] 172.16.0.5 218.60.14.194 HEAD /
[ log ] 123.207.34.110/ [运行时间：0.015180s][吞吐率：65.88req/s] [内存消耗：1,684.09kb] [文件加载：46]
[ info ] [ LANG ] /home/www/WWW/thinkphp/lang/zh-cn.php
[ info ] [ ROUTE ] array (
  'type' => 'module',
  'module' => 
  array (
    0 => '',
    1 => NULL,
    2 => NULL,
  ),
)
[ info ] [ HEADER ] array (
  'host' => '123.207.34.110',
  'user-agent' => 'Mozilla/4.0 (compatible; MSIE 9.0; Windows NT 6.1)',
  'referer' => 'http://123.207.34.110',
  'accept-language' => 'zh-cn',
  'accept' => '*/*',
  'connection' => 'Keep-Alive',
  'content-type' => '',
  'content-length' => '',
)
[ info ] [ PARAM ] array (
)
[ info ] [ RUN ] app\index\controller\Index->index[ /home/www/WWW/application/index/controller/Index.php ]
[ info ] [ VIEW ] /home/www/WWW/public/../application/index/view/index/index.html [ array (
  0 => 'audio',
) ]
[ info ] [ SESSION ] INIT array (
  'id' => '',
  'var_session_id' => '',
  'prefix' => 'think',
  'type' => '',
  'auto_start' => true,
)
[ info ] [ LOG ] INIT File

---------------------------------------------------------------
[ 2018-08-31T13:01:23+08:00 ] 172.16.0.5 218.60.14.194 HEAD /phpMyAdmin/index.PhP
[ log ] 123.207.34.110/phpMyAdmin/index.PhP [运行时间：0.012559s][吞吐率：79.62req/s] [内存消耗：1,356.20kb] [文件加载：40]
[ info ] [ LANG ] /home/www/WWW/thinkphp/lang/zh-cn.php
[ info ] [ ROUTE ] array (
  'type' => 'module',
  'module' => 
  array (
    0 => 'phpMyAdmin',
    1 => 'index.PhP',
    2 => NULL,
  ),
)
[ info ] [ HEADER ] array (
  'host' => '123.207.34.110',
  'user-agent' => 'Mozilla/4.0 (compatible; MSIE 9.0; Windows NT 6.1)',
  'referer' => 'http://123.207.34.110/phpMyAdmin/index.PhP',
  'accept-language' => 'zh-cn',
  'accept' => '*/*',
  'connection' => 'Keep-Alive',
  'content-type' => '',
  'content-length' => '',
)
[ info ] [ PARAM ] array (
)
[ info ] [ LOG ] INIT File

---------------------------------------------------------------
[ 2018-08-31T13:01:23+08:00 ] 172.16.0.5 218.60.14.194 HEAD /phpMyAdmin/%20index.PhP
[ log ] 123.207.34.110/phpMyAdmin/%20index.PhP [运行时间：0.011934s][吞吐率：83.79req/s] [内存消耗：1,356.23kb] [文件加载：40]
[ info ] [ LANG ] /home/www/WWW/thinkphp/lang/zh-cn.php
[ info ] [ ROUTE ] array (
  'type' => 'module',
  'module' => 
  array (
    0 => 'phpMyAdmin',
    1 => ' index.PhP',
    2 => NULL,
  ),
)
[ info ] [ HEADER ] array (
  'host' => '123.207.34.110',
  'user-agent' => 'Mozilla/4.0 (compatible; MSIE 9.0; Windows NT 6.1)',
  'referer' => 'http://123.207.34.110/phpMyAdmin/%20index.PhP',
  'accept-language' => 'zh-cn',
  'accept' => '*/*',
  'connection' => 'Keep-Alive',
  'content-type' => '',
  'content-length' => '',
)
[ info ] [ PARAM ] array (
)
[ info ] [ LOG ] INIT File

---------------------------------------------------------------
[ 2018-08-31T13:15:24+08:00 ] 172.16.0.5 66.249.65.129 GET /index/music/detail.html?id=56
[ log ] zard-forever.com/index/music/detail.html?id=56 [运行时间：0.023217s][吞吐率：43.07req/s] [内存消耗：2,543.40kb] [文件加载：54]
[ info ] [ LANG ] /home/www/WWW/thinkphp/lang/zh-cn.php
[ info ] [ ROUTE ] array (
  'type' => 'module',
  'module' => 
  array (
    0 => 'index',
    1 => 'music',
    2 => 'detail',
  ),
)
[ info ] [ HEADER ] array (
  'accept-encoding' => 'gzip,deflate,br',
  'user-agent' => 'Mozilla/5.0 (compatible; Googlebot/2.1; +http://www.google.com/bot.html)',
  'from' => 'googlebot(at)googlebot.com',
  'accept' => 'text/html,application/xhtml+xml,application/xml;q=0.9,*/*;q=0.8',
  'connection' => 'keep-alive',
  'host' => 'zard-forever.com',
  'content-type' => '',
  'content-length' => '',
)
[ info ] [ PARAM ] array (
  'id' => '56',
)
[ info ] [ RUN ] app\index\controller\Music->detail[ /home/www/WWW/application/index/controller/Music.php ]
[ info ] [ DB ] INIT mysql
[ info ] [ VIEW ] /home/www/WWW/public/../application/index/view/music/detail.html [ array (
  0 => 'music_src',
  1 => 'message',
  2 => 'album_src',
  3 => 'lyric',
) ]
[ info ] [ LOG ] INIT File
[ sql ] [ DB ] CONNECT:[ UseTime:0.000245s ] mysql:dbname=zard;host=127.0.0.1;port=3306;charset=utf8
[ sql ] [ SQL ] SHOW COLUMNS FROM `music` [ RunTime:0.000665s ]
[ sql ] [ SQL ] SELECT * FROM `music` WHERE  `id` = 56 LIMIT 1 [ RunTime:0.000183s ]

---------------------------------------------------------------
[ 2018-08-31T13:34:12+08:00 ] 172.16.0.5 101.91.62.109 GET /
[ log ] www.zard-forever.com/ [运行时间：0.016830s][吞吐率：59.42req/s] [内存消耗：1,684.83kb] [文件加载：46]
[ info ] [ LANG ] /home/www/WWW/thinkphp/lang/zh-cn.php
[ info ] [ ROUTE ] array (
  'type' => 'module',
  'module' => 
  array (
    0 => '',
    1 => NULL,
    2 => NULL,
  ),
)
[ info ] [ HEADER ] array (
  'connection' => 'Close',
  'user-agent' => 'Mozilla/5.0 (iPhone; CPU iPhone OS 9_3_4 like Mac OS X) AppleWebKit/601.1.46 (KHTML, like Gecko) Mobile/13G35 QQ/6.5.3.410 V1_IPH_SQ_6.5.3_1_APP_A Pixel/750 Core/UIWebView NetType/2G Mem/117',
  'accept-language' => 'zh-cn',
  'accept' => '*/*',
  'accept-encoding' => 'deflate, gzip',
  'host' => 'www.zard-forever.com',
  'content-type' => '',
  'content-length' => '',
)
[ info ] [ PARAM ] array (
)
[ info ] [ RUN ] app\index\controller\Index->index[ /home/www/WWW/application/index/controller/Index.php ]
[ info ] [ VIEW ] /home/www/WWW/public/../application/index/view/index/index.html [ array (
  0 => 'audio',
) ]
[ info ] [ SESSION ] INIT array (
  'id' => '',
  'var_session_id' => '',
  'prefix' => 'think',
  'type' => '',
  'auto_start' => true,
)
[ info ] [ LOG ] INIT File

---------------------------------------------------------------
[ 2018-08-31T13:34:41+08:00 ] 172.16.0.5 59.34.3.131 GET /ISAPI/Security/adminAccesses
[ log ] 123.207.34.110/ISAPI/Security/adminAccesses [运行时间：0.012500s][吞吐率：80.00req/s] [内存消耗：1,359.11kb] [文件加载：40]
[ info ] [ LANG ] /home/www/WWW/thinkphp/lang/zh-cn.php
[ info ] [ ROUTE ] array (
  'type' => 'module',
  'module' => 
  array (
    0 => 'ISAPI',
    1 => 'Security',
    2 => 'adminAccesses',
  ),
)
[ info ] [ HEADER ] array (
  'authorization' => 'Basic YWRtaW46MTIzNDU=',
  'connection' => 'keep-alive',
  'accept' => '*/*',
  'accept-encoding' => 'gzip, deflate',
  'user-agent' => 'python-requests/2.18.4',
  'host' => '123.207.34.110',
  'content-type' => '',
  'content-length' => '',
)
[ info ] [ PARAM ] array (
)
[ info ] [ LOG ] INIT File

---------------------------------------------------------------
[ 2018-08-31T13:43:33+08:00 ] 172.16.0.5 186.226.216.6 GET /
[ log ] 123.207.34.110:80/ [运行时间：0.018298s][吞吐率：54.65req/s] [内存消耗：1,683.98kb] [文件加载：46]
[ info ] [ LANG ] /home/www/WWW/thinkphp/lang/zh-cn.php
[ info ] [ ROUTE ] array (
  'type' => 'module',
  'module' => 
  array (
    0 => '',
    1 => NULL,
    2 => NULL,
  ),
)
[ info ] [ HEADER ] array (
  'content-length' => '0',
  'user-agent' => 'Mozilla/5.0 (Macintosh; Intel Mac OS X 10_11_6) AppleWebKit/601.7.7 (KHTML, like Gecko) Version/9.1.2 Safari/601.7.7',
  'host' => '123.207.34.110:80',
  'content-type' => '',
)
[ info ] [ PARAM ] array (
)
[ info ] [ RUN ] app\index\controller\Index->index[ /home/www/WWW/application/index/controller/Index.php ]
[ info ] [ VIEW ] /home/www/WWW/public/../application/index/view/index/index.html [ array (
  0 => 'audio',
) ]
[ info ] [ SESSION ] INIT array (
  'id' => '',
  'var_session_id' => '',
  'prefix' => 'think',
  'type' => '',
  'auto_start' => true,
)
[ info ] [ LOG ] INIT File

---------------------------------------------------------------
[ 2018-08-31T13:45:34+08:00 ] 172.16.0.5 66.249.65.131 GET /
[ log ] zard-forever.com/ [运行时间：0.014429s][吞吐率：69.30req/s] [内存消耗：1,684.71kb] [文件加载：46]
[ info ] [ LANG ] /home/www/WWW/thinkphp/lang/zh-cn.php
[ info ] [ ROUTE ] array (
  'type' => 'module',
  'module' => 
  array (
    0 => '',
    1 => NULL,
    2 => NULL,
  ),
)
[ info ] [ HEADER ] array (
  'accept-encoding' => 'gzip,deflate,br',
  'user-agent' => 'Mozilla/5.0 (compatible; Googlebot/2.1; +http://www.google.com/bot.html)',
  'from' => 'googlebot(at)googlebot.com',
  'accept' => 'text/html,application/xhtml+xml,application/xml;q=0.9,*/*;q=0.8',
  'connection' => 'keep-alive',
  'host' => 'zard-forever.com',
  'content-type' => '',
  'content-length' => '',
)
[ info ] [ PARAM ] array (
)
[ info ] [ RUN ] app\index\controller\Index->index[ /home/www/WWW/application/index/controller/Index.php ]
[ info ] [ VIEW ] /home/www/WWW/public/../application/index/view/index/index.html [ array (
  0 => 'audio',
) ]
[ info ] [ SESSION ] INIT array (
  'id' => '',
  'var_session_id' => '',
  'prefix' => 'think',
  'type' => '',
  'auto_start' => true,
)
[ info ] [ LOG ] INIT File

---------------------------------------------------------------
[ 2018-08-31T13:53:37+08:00 ] 172.16.0.5 13.57.20.109 GET /
[ log ] 123.207.34.110/ [运行时间：0.015248s][吞吐率：65.58req/s] [内存消耗：1,683.79kb] [文件加载：46]
[ info ] [ LANG ] /home/www/WWW/thinkphp/lang/zh-cn.php
[ info ] [ ROUTE ] array (
  'type' => 'module',
  'module' => 
  array (
    0 => '',
    1 => NULL,
    2 => NULL,
  ),
)
[ info ] [ HEADER ] array (
  'accept-encoding' => 'gzip',
  'accept' => '*/*',
  'user-agent' => 'Mozilla/5.0 zgrab/0.x',
  'host' => '123.207.34.110',
  'content-type' => '',
  'content-length' => '',
)
[ info ] [ PARAM ] array (
)
[ info ] [ RUN ] app\index\controller\Index->index[ /home/www/WWW/application/index/controller/Index.php ]
[ info ] [ VIEW ] /home/www/WWW/public/../application/index/view/index/index.html [ array (
  0 => 'audio',
) ]
[ info ] [ SESSION ] INIT array (
  'id' => '',
  'var_session_id' => '',
  'prefix' => 'think',
  'type' => '',
  'auto_start' => true,
)
[ info ] [ LOG ] INIT File

---------------------------------------------------------------
[ 2018-08-31T14:56:05+08:00 ] 172.16.0.5 66.249.65.159 GET /index/music/detail.html?id=162&type=2
[ log ] zard-forever.com/index/music/detail.html?id=162&type=2 [运行时间：0.026727s][吞吐率：37.42req/s] [内存消耗：2,544.63kb] [文件加载：54]
[ info ] [ LANG ] /home/www/WWW/thinkphp/lang/zh-cn.php
[ info ] [ ROUTE ] array (
  'type' => 'module',
  'module' => 
  array (
    0 => 'index',
    1 => 'music',
    2 => 'detail',
  ),
)
[ info ] [ HEADER ] array (
  'accept-encoding' => 'gzip,deflate,br',
  'user-agent' => 'Mozilla/5.0 (compatible; Googlebot/2.1; +http://www.google.com/bot.html)',
  'from' => 'googlebot(at)googlebot.com',
  'accept' => 'text/html,application/xhtml+xml,application/xml;q=0.9,*/*;q=0.8',
  'connection' => 'keep-alive',
  'host' => 'zard-forever.com',
  'content-type' => '',
  'content-length' => '',
)
[ info ] [ PARAM ] array (
  'id' => '162',
  'type' => '2',
)
[ info ] [ RUN ] app\index\controller\Music->detail[ /home/www/WWW/application/index/controller/Music.php ]
[ info ] [ DB ] INIT mysql
[ info ] [ VIEW ] /home/www/WWW/public/../application/index/view/music/detail.html [ array (
  0 => 'music_src',
  1 => 'message',
  2 => 'album_src',
  3 => 'lyric',
) ]
[ info ] [ LOG ] INIT File
[ sql ] [ DB ] CONNECT:[ UseTime:0.000253s ] mysql:dbname=zard;host=127.0.0.1;port=3306;charset=utf8
[ sql ] [ SQL ] SHOW COLUMNS FROM `music` [ RunTime:0.000758s ]
[ sql ] [ SQL ] SELECT * FROM `music` WHERE  `id` = 162 LIMIT 1 [ RunTime:0.000228s ]
[ sql ] [ SQL ] SELECT * FROM `music` WHERE  `id` > 162  AND `issue_time` >= 1061913600 LIMIT 1 [ RunTime:0.000207s ]

---------------------------------------------------------------
[ 2018-08-31T15:09:15+08:00 ] 172.16.0.5 200.153.163.243 GET /
[ log ] 123.207.34.110:80/ [运行时间：0.015688s][吞吐率：63.74req/s] [内存消耗：1,683.98kb] [文件加载：46]
[ info ] [ LANG ] /home/www/WWW/thinkphp/lang/zh-cn.php
[ info ] [ ROUTE ] array (
  'type' => 'module',
  'module' => 
  array (
    0 => '',
    1 => NULL,
    2 => NULL,
  ),
)
[ info ] [ HEADER ] array (
  'content-length' => '0',
  'user-agent' => 'Mozilla/5.0 (Macintosh; Intel Mac OS X 10_11_6) AppleWebKit/601.7.7 (KHTML, like Gecko) Version/9.1.2 Safari/601.7.7',
  'host' => '123.207.34.110:80',
  'content-type' => '',
)
[ info ] [ PARAM ] array (
)
[ info ] [ RUN ] app\index\controller\Index->index[ /home/www/WWW/application/index/controller/Index.php ]
[ info ] [ VIEW ] /home/www/WWW/public/../application/index/view/index/index.html [ array (
  0 => 'audio',
) ]
[ info ] [ SESSION ] INIT array (
  'id' => '',
  'var_session_id' => '',
  'prefix' => 'think',
  'type' => '',
  'auto_start' => true,
)
[ info ] [ LOG ] INIT File

---------------------------------------------------------------
[ 2018-08-31T15:18:39+08:00 ] 172.16.0.5 201.236.215.242 GET /
[ log ] 123.207.34.110:80/ [运行时间：0.014514s][吞吐率：68.90req/s] [内存消耗：1,683.98kb] [文件加载：46]
[ info ] [ LANG ] /home/www/WWW/thinkphp/lang/zh-cn.php
[ info ] [ ROUTE ] array (
  'type' => 'module',
  'module' => 
  array (
    0 => '',
    1 => NULL,
    2 => NULL,
  ),
)
[ info ] [ HEADER ] array (
  'content-length' => '0',
  'user-agent' => 'Mozilla/5.0 (Macintosh; Intel Mac OS X 10_11_6) AppleWebKit/601.7.7 (KHTML, like Gecko) Version/9.1.2 Safari/601.7.7',
  'host' => '123.207.34.110:80',
  'content-type' => '',
)
[ info ] [ PARAM ] array (
)
[ info ] [ RUN ] app\index\controller\Index->index[ /home/www/WWW/application/index/controller/Index.php ]
[ info ] [ VIEW ] /home/www/WWW/public/../application/index/view/index/index.html [ array (
  0 => 'audio',
) ]
[ info ] [ SESSION ] INIT array (
  'id' => '',
  'var_session_id' => '',
  'prefix' => 'think',
  'type' => '',
  'auto_start' => true,
)
[ info ] [ LOG ] INIT File

---------------------------------------------------------------
[ 2018-08-31T15:36:51+08:00 ] 172.16.0.5 101.254.177.230 GET /phpmyadmin
[ log ] 123.207.34.110/phpmyadmin [运行时间：0.012805s][吞吐率：78.09req/s] [内存消耗：1,357.96kb] [文件加载：40]
[ info ] [ LANG ] /home/www/WWW/thinkphp/lang/zh-cn.php
[ info ] [ ROUTE ] array (
  'type' => 'module',
  'module' => 
  array (
    0 => 'phpmyadmin',
    1 => NULL,
    2 => NULL,
  ),
)
[ info ] [ HEADER ] array (
  'connection' => 'Keep-Alive',
  'host' => '123.207.34.110',
  'content-type' => 'application/x-www-form-urlencoded',
  'user-agent' => 'Mozilla/4.0 (compatible; MSIE 9.0; Windows NT 6.1)',
  'accept-language' => 'zh-cn',
  'referer' => 'http://123.207.34.110/phpmyadmin',
  'accept' => '*/*',
  'content-length' => '',
)
[ info ] [ PARAM ] array (
)
[ info ] [ LOG ] INIT File

---------------------------------------------------------------
[ 2018-08-31T15:36:51+08:00 ] 172.16.0.5 101.254.177.230 GET /phpmyadmin
[ log ] 123.207.34.110/phpmyadmin [运行时间：0.012309s][吞吐率：81.24req/s] [内存消耗：1,357.96kb] [文件加载：40]
[ info ] [ LANG ] /home/www/WWW/thinkphp/lang/zh-cn.php
[ info ] [ ROUTE ] array (
  'type' => 'module',
  'module' => 
  array (
    0 => 'phpmyadmin',
    1 => NULL,
    2 => NULL,
  ),
)
[ info ] [ HEADER ] array (
  'connection' => 'Keep-Alive',
  'host' => '123.207.34.110',
  'content-type' => 'application/x-www-form-urlencoded',
  'user-agent' => 'Mozilla/4.0 (compatible; MSIE 9.0; Windows NT 6.1)',
  'accept-language' => 'zh-cn',
  'referer' => 'http://123.207.34.110/phpmyadmin',
  'accept' => '*/*',
  'content-length' => '',
)
[ info ] [ PARAM ] array (
)
[ info ] [ LOG ] INIT File

---------------------------------------------------------------
[ 2018-08-31T15:46:02+08:00 ] 172.16.0.5 66.249.65.159 GET /
[ log ] zard-forever.com/ [运行时间：0.016323s][吞吐率：61.26req/s] [内存消耗：1,685.12kb] [文件加载：46]
[ info ] [ LANG ] /home/www/WWW/thinkphp/lang/zh-cn.php
[ info ] [ ROUTE ] array (
  'type' => 'module',
  'module' => 
  array (
    0 => '',
    1 => NULL,
    2 => NULL,
  ),
)
[ info ] [ HEADER ] array (
  'accept-encoding' => 'gzip,deflate,br',
  'user-agent' => 'Mozilla/5.0 (Linux; Android 6.0.1; Nexus 5X Build/MMB29P) AppleWebKit/537.36 (KHTML, like Gecko) Chrome/41.0.2272.96 Mobile Safari/537.36 (compatible; Googlebot/2.1; +http://www.google.com/bot.html)',
  'from' => 'googlebot(at)googlebot.com',
  'accept' => 'text/html,application/xhtml+xml,application/xml;q=0.9,*/*;q=0.8',
  'connection' => 'keep-alive',
  'host' => 'zard-forever.com',
  'content-type' => '',
  'content-length' => '',
)
[ info ] [ PARAM ] array (
)
[ info ] [ RUN ] app\index\controller\Index->index[ /home/www/WWW/application/index/controller/Index.php ]
[ info ] [ VIEW ] /home/www/WWW/public/../application/index/view/index/index.html [ array (
  0 => 'audio',
) ]
[ info ] [ SESSION ] INIT array (
  'id' => '',
  'var_session_id' => '',
  'prefix' => 'think',
  'type' => '',
  'auto_start' => true,
)
[ info ] [ LOG ] INIT File

---------------------------------------------------------------
[ 2018-08-31T16:33:23+08:00 ] 172.16.0.5 116.68.204.238 GET /
[ log ] 123.207.34.110:80/ [运行时间：0.014401s][吞吐率：69.44req/s] [内存消耗：1,683.98kb] [文件加载：46]
[ info ] [ LANG ] /home/www/WWW/thinkphp/lang/zh-cn.php
[ info ] [ ROUTE ] array (
  'type' => 'module',
  'module' => 
  array (
    0 => '',
    1 => NULL,
    2 => NULL,
  ),
)
[ info ] [ HEADER ] array (
  'content-length' => '0',
  'user-agent' => 'Mozilla/5.0 (Windows NT 10.0; WOW64) AppleWebKit/537.36 (KHTML, like Gecko) Chrome/51.0.2704.103 Safari/537.36',
  'host' => '123.207.34.110:80',
  'content-type' => '',
)
[ info ] [ PARAM ] array (
)
[ info ] [ RUN ] app\index\controller\Index->index[ /home/www/WWW/application/index/controller/Index.php ]
[ info ] [ VIEW ] /home/www/WWW/public/../application/index/view/index/index.html [ array (
  0 => 'audio',
) ]
[ info ] [ SESSION ] INIT array (
  'id' => '',
  'var_session_id' => '',
  'prefix' => 'think',
  'type' => '',
  'auto_start' => true,
)
[ info ] [ LOG ] INIT File

---------------------------------------------------------------
[ 2018-08-31T16:39:04+08:00 ] 172.16.0.5 5.101.212.61 GET /
[ log ] 123.207.34.110:80/ [运行时间：0.016462s][吞吐率：60.75req/s] [内存消耗：1,683.98kb] [文件加载：46]
[ info ] [ LANG ] /home/www/WWW/thinkphp/lang/zh-cn.php
[ info ] [ ROUTE ] array (
  'type' => 'module',
  'module' => 
  array (
    0 => '',
    1 => NULL,
    2 => NULL,
  ),
)
[ info ] [ HEADER ] array (
  'content-length' => '0',
  'user-agent' => 'Mozilla/5.0 (Windows NT 10.0; WOW64) AppleWebKit/537.36 (KHTML, like Gecko) Chrome/52.0.2743.116 Safari/537.36',
  'host' => '123.207.34.110:80',
  'content-type' => '',
)
[ info ] [ PARAM ] array (
)
[ info ] [ RUN ] app\index\controller\Index->index[ /home/www/WWW/application/index/controller/Index.php ]
[ info ] [ VIEW ] /home/www/WWW/public/../application/index/view/index/index.html [ array (
  0 => 'audio',
) ]
[ info ] [ SESSION ] INIT array (
  'id' => '',
  'var_session_id' => '',
  'prefix' => 'think',
  'type' => '',
  'auto_start' => true,
)
[ info ] [ LOG ] INIT File

---------------------------------------------------------------
[ 2018-08-31T17:15:53+08:00 ] 172.16.0.5 66.249.65.131 GET /
[ log ] zard-forever.com/ [运行时间：0.016855s][吞吐率：59.33req/s] [内存消耗：1,684.71kb] [文件加载：46]
[ info ] [ LANG ] /home/www/WWW/thinkphp/lang/zh-cn.php
[ info ] [ ROUTE ] array (
  'type' => 'module',
  'module' => 
  array (
    0 => '',
    1 => NULL,
    2 => NULL,
  ),
)
[ info ] [ HEADER ] array (
  'accept-encoding' => 'gzip,deflate,br',
  'user-agent' => 'Mozilla/5.0 (compatible; Googlebot/2.1; +http://www.google.com/bot.html)',
  'from' => 'googlebot(at)googlebot.com',
  'accept' => 'text/html,application/xhtml+xml,application/xml;q=0.9,*/*;q=0.8',
  'connection' => 'keep-alive',
  'host' => 'zard-forever.com',
  'content-type' => '',
  'content-length' => '',
)
[ info ] [ PARAM ] array (
)
[ info ] [ RUN ] app\index\controller\Index->index[ /home/www/WWW/application/index/controller/Index.php ]
[ info ] [ VIEW ] /home/www/WWW/public/../application/index/view/index/index.html [ array (
  0 => 'audio',
) ]
[ info ] [ SESSION ] INIT array (
  'id' => '',
  'var_session_id' => '',
  'prefix' => 'think',
  'type' => '',
  'auto_start' => true,
)
[ info ] [ LOG ] INIT File

---------------------------------------------------------------
[ 2018-08-31T17:46:11+08:00 ] 172.16.0.5 66.249.65.159 GET /
[ log ] zard-forever.com/ [运行时间：0.016608s][吞吐率：60.21req/s] [内存消耗：1,685.12kb] [文件加载：46]
[ info ] [ LANG ] /home/www/WWW/thinkphp/lang/zh-cn.php
[ info ] [ ROUTE ] array (
  'type' => 'module',
  'module' => 
  array (
    0 => '',
    1 => NULL,
    2 => NULL,
  ),
)
[ info ] [ HEADER ] array (
  'accept-encoding' => 'gzip,deflate,br',
  'user-agent' => 'Mozilla/5.0 (Linux; Android 6.0.1; Nexus 5X Build/MMB29P) AppleWebKit/537.36 (KHTML, like Gecko) Chrome/41.0.2272.96 Mobile Safari/537.36 (compatible; Googlebot/2.1; +http://www.google.com/bot.html)',
  'from' => 'googlebot(at)googlebot.com',
  'accept' => 'text/html,application/xhtml+xml,application/xml;q=0.9,*/*;q=0.8',
  'connection' => 'keep-alive',
  'host' => 'zard-forever.com',
  'content-type' => '',
  'content-length' => '',
)
[ info ] [ PARAM ] array (
)
[ info ] [ RUN ] app\index\controller\Index->index[ /home/www/WWW/application/index/controller/Index.php ]
[ info ] [ VIEW ] /home/www/WWW/public/../application/index/view/index/index.html [ array (
  0 => 'audio',
) ]
[ info ] [ SESSION ] INIT array (
  'id' => '',
  'var_session_id' => '',
  'prefix' => 'think',
  'type' => '',
  'auto_start' => true,
)
[ info ] [ LOG ] INIT File

---------------------------------------------------------------
[ 2018-08-31T17:56:47+08:00 ] 172.16.0.5 66.249.65.131 GET /index/index/call_to_us.html
[ log ] zard-forever.com/index/index/call_to_us.html [运行时间：0.014377s][吞吐率：69.56req/s] [内存消耗：1,673.54kb] [文件加载：46]
[ info ] [ LANG ] /home/www/WWW/thinkphp/lang/zh-cn.php
[ info ] [ ROUTE ] array (
  'type' => 'module',
  'module' => 
  array (
    0 => 'index',
    1 => 'index',
    2 => 'call_to_us',
  ),
)
[ info ] [ HEADER ] array (
  'if-modified-since' => 'Mon, 27 Aug 2018 16:16:06 GMT',
  'accept-encoding' => 'gzip,deflate,br',
  'user-agent' => 'Mozilla/5.0 (compatible; Googlebot/2.1; +http://www.google.com/bot.html)',
  'from' => 'googlebot(at)googlebot.com',
  'accept' => 'text/html,application/xhtml+xml,application/xml;q=0.9,*/*;q=0.8',
  'connection' => 'keep-alive',
  'host' => 'zard-forever.com',
  'content-type' => '',
  'content-length' => '',
)
[ info ] [ PARAM ] array (
)
[ info ] [ RUN ] app\index\controller\Index->call_to_us[ /home/www/WWW/application/index/controller/Index.php ]
[ info ] [ VIEW ] /home/www/WWW/public/../application/index/view/index/call_to_us.html [ array (
) ]
[ info ] [ SESSION ] INIT array (
  'id' => '',
  'var_session_id' => '',
  'prefix' => 'think',
  'type' => '',
  'auto_start' => true,
)
[ info ] [ LOG ] INIT File

---------------------------------------------------------------
[ 2018-08-31T18:56:51+08:00 ] 172.16.0.5 66.249.65.159 GET /
[ log ] zard-forever.com/ [运行时间：0.014920s][吞吐率：67.02req/s] [内存消耗：1,685.12kb] [文件加载：46]
[ info ] [ LANG ] /home/www/WWW/thinkphp/lang/zh-cn.php
[ info ] [ ROUTE ] array (
  'type' => 'module',
  'module' => 
  array (
    0 => '',
    1 => NULL,
    2 => NULL,
  ),
)
[ info ] [ HEADER ] array (
  'accept-encoding' => 'gzip,deflate,br',
  'user-agent' => 'Mozilla/5.0 (Linux; Android 6.0.1; Nexus 5X Build/MMB29P) AppleWebKit/537.36 (KHTML, like Gecko) Chrome/41.0.2272.96 Mobile Safari/537.36 (compatible; Googlebot/2.1; +http://www.google.com/bot.html)',
  'from' => 'googlebot(at)googlebot.com',
  'accept' => 'text/html,application/xhtml+xml,application/xml;q=0.9,*/*;q=0.8',
  'connection' => 'keep-alive',
  'host' => 'zard-forever.com',
  'content-type' => '',
  'content-length' => '',
)
[ info ] [ PARAM ] array (
)
[ info ] [ RUN ] app\index\controller\Index->index[ /home/www/WWW/application/index/controller/Index.php ]
[ info ] [ VIEW ] /home/www/WWW/public/../application/index/view/index/index.html [ array (
  0 => 'audio',
) ]
[ info ] [ SESSION ] INIT array (
  'id' => '',
  'var_session_id' => '',
  'prefix' => 'think',
  'type' => '',
  'auto_start' => true,
)
[ info ] [ LOG ] INIT File

---------------------------------------------------------------
[ 2018-08-31T19:46:44+08:00 ] 172.16.0.5 109.94.113.251 GET /
[ log ] 123.207.34.110:80/ [运行时间：0.015148s][吞吐率：66.02req/s] [内存消耗：1,683.98kb] [文件加载：46]
[ info ] [ LANG ] /home/www/WWW/thinkphp/lang/zh-cn.php
[ info ] [ ROUTE ] array (
  'type' => 'module',
  'module' => 
  array (
    0 => '',
    1 => NULL,
    2 => NULL,
  ),
)
[ info ] [ HEADER ] array (
  'content-length' => '0',
  'user-agent' => 'Mozilla/5.0 (Windows NT 6.1; WOW64) AppleWebKit/537.36 (KHTML, like Gecko) Chrome/52.0.2743.116 Safari/537.36',
  'host' => '123.207.34.110:80',
  'content-type' => '',
)
[ info ] [ PARAM ] array (
)
[ info ] [ RUN ] app\index\controller\Index->index[ /home/www/WWW/application/index/controller/Index.php ]
[ info ] [ VIEW ] /home/www/WWW/public/../application/index/view/index/index.html [ array (
  0 => 'audio',
) ]
[ info ] [ SESSION ] INIT array (
  'id' => '',
  'var_session_id' => '',
  'prefix' => 'think',
  'type' => '',
  'auto_start' => true,
)
[ info ] [ LOG ] INIT File

---------------------------------------------------------------
[ 2018-08-31T19:52:16+08:00 ] 172.16.0.5 163.172.4.153 GET /
[ log ] zard-forever.com/ [运行时间：0.014081s][吞吐率：71.02req/s] [内存消耗：1,686.70kb] [文件加载：46]
[ info ] [ LANG ] /home/www/WWW/thinkphp/lang/zh-cn.php
[ info ] [ ROUTE ] array (
  'type' => 'module',
  'module' => 
  array (
    0 => '',
    1 => NULL,
    2 => NULL,
  ),
)
[ info ] [ HEADER ] array (
  'referer' => 'http://zard-forever.com/',
  'host' => 'zard-forever.com',
  'accept-encoding' => 'gzip, deflate',
  'accept-language' => 'en-US;q=0.8, en;q=0.6',
  'te' => 'trailers',
  'accept' => 'text/html',
  'connection' => 'Te',
  'user-agent' => 'Mozilla/5.0 (Windows NT 6.1; WOW64) AppleWebKit/537.36 (KHTML, like Gecko) Chrome/58.0.3029.81 Safari/537.36',
  'content-type' => '',
  'content-length' => '',
)
[ info ] [ PARAM ] array (
)
[ info ] [ RUN ] app\index\controller\Index->index[ /home/www/WWW/application/index/controller/Index.php ]
[ info ] [ VIEW ] /home/www/WWW/public/../application/index/view/index/index.html [ array (
  0 => 'audio',
) ]
[ info ] [ SESSION ] INIT array (
  'id' => '',
  'var_session_id' => '',
  'prefix' => 'think',
  'type' => '',
  'auto_start' => true,
)
[ info ] [ LOG ] INIT File

---------------------------------------------------------------
[ 2018-08-31T20:10:02+08:00 ] 172.16.0.5 88.11.100.149 GET /
[ log ] 123.207.34.110/ [运行时间：0.020213s][吞吐率：49.47req/s] [内存消耗：1,684.46kb] [文件加载：46]
[ info ] [ LANG ] /home/www/WWW/thinkphp/lang/zh-cn.php
[ info ] [ ROUTE ] array (
  'type' => 'module',
  'module' => 
  array (
    0 => '',
    1 => NULL,
    2 => NULL,
  ),
)
[ info ] [ HEADER ] array (
  'connection' => 'Keep-Alive',
  'accept-encoding' => '',
  'user-agent' => 'Mozilla/5.0 (compatible; MSIE 9.0; Windows NT 6.1; WOW64; Trident/5.0)',
  'accept-language' => 'en-US',
  'accept' => 'text/html, application/xhtml+xml, */*',
  'host' => '123.207.34.110',
  'content-type' => '',
  'content-length' => '',
)
[ info ] [ PARAM ] array (
)
[ info ] [ RUN ] app\index\controller\Index->index[ /home/www/WWW/application/index/controller/Index.php ]
[ info ] [ VIEW ] /home/www/WWW/public/../application/index/view/index/index.html [ array (
  0 => 'audio',
) ]
[ info ] [ SESSION ] INIT array (
  'id' => '',
  'var_session_id' => '',
  'prefix' => 'think',
  'type' => '',
  'auto_start' => true,
)
[ info ] [ LOG ] INIT File

---------------------------------------------------------------
[ 2018-08-31T20:17:17+08:00 ] 172.16.0.5 66.249.65.159 GET /index/music/detail.html?id=139&type=1
[ log ] zard-forever.com/index/music/detail.html?id=139&type=1 [运行时间：0.038628s][吞吐率：25.89req/s] [内存消耗：2,544.70kb] [文件加载：54]
[ info ] [ LANG ] /home/www/WWW/thinkphp/lang/zh-cn.php
[ info ] [ ROUTE ] array (
  'type' => 'module',
  'module' => 
  array (
    0 => 'index',
    1 => 'music',
    2 => 'detail',
  ),
)
[ info ] [ HEADER ] array (
  'accept-encoding' => 'gzip,deflate,br',
  'user-agent' => 'Mozilla/5.0 (compatible; Googlebot/2.1; +http://www.google.com/bot.html)',
  'from' => 'googlebot(at)googlebot.com',
  'accept' => 'text/html,application/xhtml+xml,application/xml;q=0.9,*/*;q=0.8',
  'connection' => 'keep-alive',
  'host' => 'zard-forever.com',
  'content-type' => '',
  'content-length' => '',
)
[ info ] [ PARAM ] array (
  'id' => '139',
  'type' => '1',
)
[ info ] [ RUN ] app\index\controller\Music->detail[ /home/www/WWW/application/index/controller/Music.php ]
[ info ] [ DB ] INIT mysql
[ info ] [ VIEW ] /home/www/WWW/public/../application/index/view/music/detail.html [ array (
  0 => 'music_src',
  1 => 'message',
  2 => 'album_src',
  3 => 'lyric',
) ]
[ info ] [ LOG ] INIT File
[ sql ] [ DB ] CONNECT:[ UseTime:0.000258s ] mysql:dbname=zard;host=127.0.0.1;port=3306;charset=utf8
[ sql ] [ SQL ] SHOW COLUMNS FROM `music` [ RunTime:0.000681s ]
[ sql ] [ SQL ] SELECT * FROM `music` WHERE  `id` = 139 LIMIT 1 [ RunTime:0.000197s ]
[ sql ] [ SQL ] SELECT * FROM `music` WHERE  `id` < 139  AND `issue_time` <= 776102400 ORDER BY id desc LIMIT 1 [ RunTime:0.000151s ]

---------------------------------------------------------------
[ 2018-08-31T20:28:27+08:00 ] 172.16.0.5 221.235.53.132 GET /
[ log ] www.zard-forever.com/ [运行时间：0.014617s][吞吐率：68.41req/s] [内存消耗：1,683.93kb] [文件加载：46]
[ info ] [ LANG ] /home/www/WWW/thinkphp/lang/zh-cn.php
[ info ] [ ROUTE ] array (
  'type' => 'module',
  'module' => 
  array (
    0 => '',
    1 => NULL,
    2 => NULL,
  ),
)
[ info ] [ HEADER ] array (
  'accept' => '*/*',
  'user-agent' => 'Mozilla/5.0 (Windows NT 6.1; Win64; x64) AppleWebKit/537.36 (KHTML, like Gecko) Chrome/46.0.2490.86 Safari/537.36',
  'host' => 'www.zard-forever.com',
  'content-type' => '',
  'content-length' => '',
)
[ info ] [ PARAM ] array (
)
[ info ] [ RUN ] app\index\controller\Index->index[ /home/www/WWW/application/index/controller/Index.php ]
[ info ] [ VIEW ] /home/www/WWW/public/../application/index/view/index/index.html [ array (
  0 => 'audio',
) ]
[ info ] [ SESSION ] INIT array (
  'id' => '',
  'var_session_id' => '',
  'prefix' => 'think',
  'type' => '',
  'auto_start' => true,
)
[ info ] [ LOG ] INIT File

---------------------------------------------------------------
[ 2018-08-31T20:33:41+08:00 ] 172.16.0.5 40.77.167.107 GET /
[ log ] zard-forever.com/ [运行时间：0.016289s][吞吐率：61.39req/s] [内存消耗：1,686.52kb] [文件加载：46]
[ info ] [ LANG ] /home/www/WWW/thinkphp/lang/zh-cn.php
[ info ] [ ROUTE ] array (
  'type' => 'module',
  'module' => 
  array (
    0 => '',
    1 => NULL,
    2 => NULL,
  ),
)
[ info ] [ HEADER ] array (
  'user-agent' => 'Mozilla/5.0 (compatible; bingbot/2.0; +http://www.bing.com/bingbot.htm)',
  'host' => 'zard-forever.com',
  'from' => 'bingbot(at)microsoft.com',
  'accept-encoding' => 'gzip, deflate',
  'accept' => '*/*',
  'pragma' => 'no-cache',
  'connection' => 'Keep-Alive',
  'cache-control' => 'no-cache',
  'content-type' => '',
  'content-length' => '',
)
[ info ] [ PARAM ] array (
)
[ info ] [ RUN ] app\index\controller\Index->index[ /home/www/WWW/application/index/controller/Index.php ]
[ info ] [ VIEW ] /home/www/WWW/public/../application/index/view/index/index.html [ array (
  0 => 'audio',
) ]
[ info ] [ SESSION ] INIT array (
  'id' => '',
  'var_session_id' => '',
  'prefix' => 'think',
  'type' => '',
  'auto_start' => true,
)
[ info ] [ LOG ] INIT File

---------------------------------------------------------------
[ 2018-08-31T21:17:32+08:00 ] 172.16.0.5 66.249.65.129 GET /index/music/detail.html?id=62
[ log ] zard-forever.com/index/music/detail.html?id=62 [运行时间：0.036002s][吞吐率：27.78req/s] [内存消耗：2,543.51kb] [文件加载：54]
[ info ] [ LANG ] /home/www/WWW/thinkphp/lang/zh-cn.php
[ info ] [ ROUTE ] array (
  'type' => 'module',
  'module' => 
  array (
    0 => 'index',
    1 => 'music',
    2 => 'detail',
  ),
)
[ info ] [ HEADER ] array (
  'accept-encoding' => 'gzip,deflate,br',
  'user-agent' => 'Mozilla/5.0 (compatible; Googlebot/2.1; +http://www.google.com/bot.html)',
  'from' => 'googlebot(at)googlebot.com',
  'accept' => 'text/html,application/xhtml+xml,application/xml;q=0.9,*/*;q=0.8',
  'connection' => 'keep-alive',
  'host' => 'zard-forever.com',
  'content-type' => '',
  'content-length' => '',
)
[ info ] [ PARAM ] array (
  'id' => '62',
)
[ info ] [ RUN ] app\index\controller\Music->detail[ /home/www/WWW/application/index/controller/Music.php ]
[ info ] [ DB ] INIT mysql
[ info ] [ VIEW ] /home/www/WWW/public/../application/index/view/music/detail.html [ array (
  0 => 'music_src',
  1 => 'message',
  2 => 'album_src',
  3 => 'lyric',
) ]
[ info ] [ LOG ] INIT File
[ sql ] [ DB ] CONNECT:[ UseTime:0.000257s ] mysql:dbname=zard;host=127.0.0.1;port=3306;charset=utf8
[ sql ] [ SQL ] SHOW COLUMNS FROM `music` [ RunTime:0.000650s ]
[ sql ] [ SQL ] SELECT * FROM `music` WHERE  `id` = 62 LIMIT 1 [ RunTime:0.000157s ]

---------------------------------------------------------------
[ 2018-08-31T21:47:42+08:00 ] 172.16.0.5 66.249.65.131 GET /
[ log ] zard-forever.com/ [运行时间：0.014851s][吞吐率：67.34req/s] [内存消耗：1,685.12kb] [文件加载：46]
[ info ] [ LANG ] /home/www/WWW/thinkphp/lang/zh-cn.php
[ info ] [ ROUTE ] array (
  'type' => 'module',
  'module' => 
  array (
    0 => '',
    1 => NULL,
    2 => NULL,
  ),
)
[ info ] [ HEADER ] array (
  'accept-encoding' => 'gzip,deflate,br',
  'user-agent' => 'Mozilla/5.0 (Linux; Android 6.0.1; Nexus 5X Build/MMB29P) AppleWebKit/537.36 (KHTML, like Gecko) Chrome/41.0.2272.96 Mobile Safari/537.36 (compatible; Googlebot/2.1; +http://www.google.com/bot.html)',
  'from' => 'googlebot(at)googlebot.com',
  'accept' => 'text/html,application/xhtml+xml,application/xml;q=0.9,*/*;q=0.8',
  'connection' => 'keep-alive',
  'host' => 'zard-forever.com',
  'content-type' => '',
  'content-length' => '',
)
[ info ] [ PARAM ] array (
)
[ info ] [ RUN ] app\index\controller\Index->index[ /home/www/WWW/application/index/controller/Index.php ]
[ info ] [ VIEW ] /home/www/WWW/public/../application/index/view/index/index.html [ array (
  0 => 'audio',
) ]
[ info ] [ SESSION ] INIT array (
  'id' => '',
  'var_session_id' => '',
  'prefix' => 'think',
  'type' => '',
  'auto_start' => true,
)
[ info ] [ LOG ] INIT File

---------------------------------------------------------------
[ 2018-08-31T21:55:54+08:00 ] 172.16.0.5 183.57.53.196 GET /
[ log ] 123.207.34.110/ [运行时间：0.016541s][吞吐率：60.46req/s] [内存消耗：1,684.80kb] [文件加载：46]
[ info ] [ LANG ] /home/www/WWW/thinkphp/lang/zh-cn.php
[ info ] [ ROUTE ] array (
  'type' => 'module',
  'module' => 
  array (
    0 => '',
    1 => NULL,
    2 => NULL,
  ),
)
[ info ] [ HEADER ] array (
  'connection' => 'Close',
  'user-agent' => 'Mozilla/5.0 (iPhone; CPU iPhone OS 9_3_4 like Mac OS X) AppleWebKit/601.1.46 (KHTML, like Gecko) Mobile/13G35 QQ/6.5.3.410 V1_IPH_SQ_6.5.3_1_APP_A Pixel/750 Core/UIWebView NetType/2G Mem/117',
  'accept-language' => 'zh-cn',
  'accept' => '*/*',
  'accept-encoding' => 'deflate, gzip',
  'host' => '123.207.34.110',
  'content-type' => '',
  'content-length' => '',
)
[ info ] [ PARAM ] array (
)
[ info ] [ RUN ] app\index\controller\Index->index[ /home/www/WWW/application/index/controller/Index.php ]
[ info ] [ VIEW ] /home/www/WWW/public/../application/index/view/index/index.html [ array (
  0 => 'audio',
) ]
[ info ] [ SESSION ] INIT array (
  'id' => '',
  'var_session_id' => '',
  'prefix' => 'think',
  'type' => '',
  'auto_start' => true,
)
[ info ] [ LOG ] INIT File

---------------------------------------------------------------
[ 2018-08-31T22:07:29+08:00 ] 172.16.0.5 66.249.65.131 GET /index/index/call_to_us.html
[ log ] zard-forever.com/index/index/call_to_us.html [运行时间：0.015038s][吞吐率：66.50req/s] [内存消耗：1,673.54kb] [文件加载：46]
[ info ] [ LANG ] /home/www/WWW/thinkphp/lang/zh-cn.php
[ info ] [ ROUTE ] array (
  'type' => 'module',
  'module' => 
  array (
    0 => 'index',
    1 => 'index',
    2 => 'call_to_us',
  ),
)
[ info ] [ HEADER ] array (
  'if-modified-since' => 'Fri, 31 Aug 2018 09:56:47 GMT',
  'accept-encoding' => 'gzip,deflate,br',
  'user-agent' => 'Mozilla/5.0 (compatible; Googlebot/2.1; +http://www.google.com/bot.html)',
  'from' => 'googlebot(at)googlebot.com',
  'accept' => 'text/html,application/xhtml+xml,application/xml;q=0.9,*/*;q=0.8',
  'connection' => 'keep-alive',
  'host' => 'zard-forever.com',
  'content-type' => '',
  'content-length' => '',
)
[ info ] [ PARAM ] array (
)
[ info ] [ RUN ] app\index\controller\Index->call_to_us[ /home/www/WWW/application/index/controller/Index.php ]
[ info ] [ VIEW ] /home/www/WWW/public/../application/index/view/index/call_to_us.html [ array (
) ]
[ info ] [ SESSION ] INIT array (
  'id' => '',
  'var_session_id' => '',
  'prefix' => 'think',
  'type' => '',
  'auto_start' => true,
)
[ info ] [ LOG ] INIT File

---------------------------------------------------------------
[ 2018-08-31T22:15:50+08:00 ] 172.16.0.5 94.102.49.193 GET /
[ log ] 123.207.34.110/ [运行时间：0.015226s][吞吐率：65.68req/s] [内存消耗：1,684.24kb] [文件加载：46]
[ info ] [ LANG ] /home/www/WWW/thinkphp/lang/zh-cn.php
[ info ] [ ROUTE ] array (
  'type' => 'module',
  'module' => 
  array (
    0 => '',
    1 => NULL,
    2 => NULL,
  ),
)
[ info ] [ HEADER ] array (
  'user-agent' => 'Mozilla/5.0 (Windows NT 6.1) AppleWebKit/537.36 (KHTML, like Gecko) Chrome/41.0.2228.0 Safari/537.36',
  'accept' => 'text/html,application/xhtml+xml,application/xml;q=0.9,*/*;q=0.8',
  'host' => '123.207.34.110',
  'accept-encoding' => 'identity',
  'content-type' => '',
  'content-length' => '',
)
[ info ] [ PARAM ] array (
)
[ info ] [ RUN ] app\index\controller\Index->index[ /home/www/WWW/application/index/controller/Index.php ]
[ info ] [ VIEW ] /home/www/WWW/public/../application/index/view/index/index.html [ array (
  0 => 'audio',
) ]
[ info ] [ SESSION ] INIT array (
  'id' => '',
  'var_session_id' => '',
  'prefix' => 'think',
  'type' => '',
  'auto_start' => true,
)
[ info ] [ LOG ] INIT File

---------------------------------------------------------------
[ 2018-08-31T22:16:02+08:00 ] 172.16.0.5 94.102.49.193 GET /sitemap.xml
[ log ] 123.207.34.110/sitemap.xml [运行时间：0.014270s][吞吐率：70.08req/s] [内存消耗：1,355.28kb] [文件加载：40]
[ info ] [ LANG ] /home/www/WWW/thinkphp/lang/zh-cn.php
[ info ] [ ROUTE ] array (
  'type' => 'module',
  'module' => 
  array (
    0 => 'sitemap.xml',
    1 => NULL,
    2 => NULL,
  ),
)
[ info ] [ HEADER ] array (
  'accept-encoding' => 'identity',
  'host' => '123.207.34.110',
  'content-type' => '',
  'content-length' => '',
)
[ info ] [ PARAM ] array (
)
[ info ] [ LOG ] INIT File

---------------------------------------------------------------
[ 2018-08-31T22:27:47+08:00 ] 172.16.0.5 66.249.65.131 GET /index/index/suggestion.html
[ log ] zard-forever.com/index/index/suggestion.html [运行时间：0.014377s][吞吐率：69.55req/s] [内存消耗：1,673.29kb] [文件加载：46]
[ info ] [ LANG ] /home/www/WWW/thinkphp/lang/zh-cn.php
[ info ] [ ROUTE ] array (
  'type' => 'module',
  'module' => 
  array (
    0 => 'index',
    1 => 'index',
    2 => 'suggestion',
  ),
)
[ info ] [ HEADER ] array (
  'if-modified-since' => 'Mon, 27 Aug 2018 16:26:03 GMT',
  'accept-encoding' => 'gzip,deflate,br',
  'user-agent' => 'Mozilla/5.0 (compatible; Googlebot/2.1; +http://www.google.com/bot.html)',
  'from' => 'googlebot(at)googlebot.com',
  'accept' => 'text/html,application/xhtml+xml,application/xml;q=0.9,*/*;q=0.8',
  'connection' => 'keep-alive',
  'host' => 'zard-forever.com',
  'content-type' => '',
  'content-length' => '',
)
[ info ] [ PARAM ] array (
)
[ info ] [ RUN ] app\index\controller\Index->suggestion[ /home/www/WWW/application/index/controller/Index.php ]
[ info ] [ VIEW ] /home/www/WWW/public/../application/index/view/index/suggestion.html [ array (
) ]
[ info ] [ SESSION ] INIT array (
  'id' => '',
  'var_session_id' => '',
  'prefix' => 'think',
  'type' => '',
  'auto_start' => true,
)
[ info ] [ LOG ] INIT File

---------------------------------------------------------------
[ 2018-08-31T23:09:18+08:00 ] 172.16.0.5 168.194.155.116 GET /
[ log ] 123.207.34.110:80/ [运行时间：0.014838s][吞吐率：67.39req/s] [内存消耗：1,683.98kb] [文件加载：46]
[ info ] [ LANG ] /home/www/WWW/thinkphp/lang/zh-cn.php
[ info ] [ ROUTE ] array (
  'type' => 'module',
  'module' => 
  array (
    0 => '',
    1 => NULL,
    2 => NULL,
  ),
)
[ info ] [ HEADER ] array (
  'content-length' => '0',
  'user-agent' => 'Mozilla/5.0 (Windows NT 10.0; WOW64) AppleWebKit/537.36 (KHTML, like Gecko) Chrome/52.0.2743.116 Safari/537.36',
  'host' => '123.207.34.110:80',
  'content-type' => '',
)
[ info ] [ PARAM ] array (
)
[ info ] [ RUN ] app\index\controller\Index->index[ /home/www/WWW/application/index/controller/Index.php ]
[ info ] [ VIEW ] /home/www/WWW/public/../application/index/view/index/index.html [ array (
  0 => 'audio',
) ]
[ info ] [ SESSION ] INIT array (
  'id' => '',
  'var_session_id' => '',
  'prefix' => 'think',
  'type' => '',
  'auto_start' => true,
)
[ info ] [ LOG ] INIT File

---------------------------------------------------------------
[ 2018-08-31T23:25:57+08:00 ] 172.16.0.5 211.149.236.85 GET /phpmyadmin
[ log ] 123.207.34.110/phpmyadmin [运行时间：0.013131s][吞吐率：76.16req/s] [内存消耗：1,357.96kb] [文件加载：40]
[ info ] [ LANG ] /home/www/WWW/thinkphp/lang/zh-cn.php
[ info ] [ ROUTE ] array (
  'type' => 'module',
  'module' => 
  array (
    0 => 'phpmyadmin',
    1 => NULL,
    2 => NULL,
  ),
)
[ info ] [ HEADER ] array (
  'host' => '123.207.34.110',
  'user-agent' => 'Mozilla/4.0 (compatible; MSIE 9.0; Windows NT 6.1)',
  'referer' => 'http://123.207.34.110/phpmyadmin',
  'accept-language' => 'zh-cn',
  'accept' => '*/*',
  'content-type' => 'application/x-www-form-urlencoded',
  'connection' => 'Keep-Alive',
  'content-length' => '',
)
[ info ] [ PARAM ] array (
)
[ info ] [ LOG ] INIT File

---------------------------------------------------------------
[ 2018-08-31T23:31:06+08:00 ] 172.16.0.5 197.232.3.121 GET /
[ log ] 123.207.34.110:80/ [运行时间：0.018145s][吞吐率：55.11req/s] [内存消耗：1,683.98kb] [文件加载：46]
[ info ] [ LANG ] /home/www/WWW/thinkphp/lang/zh-cn.php
[ info ] [ ROUTE ] array (
  'type' => 'module',
  'module' => 
  array (
    0 => '',
    1 => NULL,
    2 => NULL,
  ),
)
[ info ] [ HEADER ] array (
  'content-length' => '0',
  'user-agent' => 'Mozilla/5.0 (Windows NT 10.0; WOW64) AppleWebKit/537.36 (KHTML, like Gecko) Chrome/51.0.2704.103 Safari/537.36',
  'host' => '123.207.34.110:80',
  'content-type' => '',
)
[ info ] [ PARAM ] array (
)
[ info ] [ RUN ] app\index\controller\Index->index[ /home/www/WWW/application/index/controller/Index.php ]
[ info ] [ VIEW ] /home/www/WWW/public/../application/index/view/index/index.html [ array (
  0 => 'audio',
) ]
[ info ] [ SESSION ] INIT array (
  'id' => '',
  'var_session_id' => '',
  'prefix' => 'think',
  'type' => '',
  'auto_start' => true,
)
[ info ] [ LOG ] INIT File

---------------------------------------------------------------
[ 2018-08-31T23:31:32+08:00 ] 172.16.0.5 103.254.56.253 GET /
[ log ] 123.207.34.110:80/ [运行时间：0.014408s][吞吐率：69.41req/s] [内存消耗：1,683.98kb] [文件加载：46]
[ info ] [ LANG ] /home/www/WWW/thinkphp/lang/zh-cn.php
[ info ] [ ROUTE ] array (
  'type' => 'module',
  'module' => 
  array (
    0 => '',
    1 => NULL,
    2 => NULL,
  ),
)
[ info ] [ HEADER ] array (
  'content-length' => '0',
  'user-agent' => 'Mozilla/5.0 (Windows NT 10.0; WOW64) AppleWebKit/537.36 (KHTML, like Gecko) Chrome/51.0.2704.103 Safari/537.36',
  'host' => '123.207.34.110:80',
  'content-type' => '',
)
[ info ] [ PARAM ] array (
)
[ info ] [ RUN ] app\index\controller\Index->index[ /home/www/WWW/application/index/controller/Index.php ]
[ info ] [ VIEW ] /home/www/WWW/public/../application/index/view/index/index.html [ array (
  0 => 'audio',
) ]
[ info ] [ SESSION ] INIT array (
  'id' => '',
  'var_session_id' => '',
  'prefix' => 'think',
  'type' => '',
  'auto_start' => true,
)
[ info ] [ LOG ] INIT File

---------------------------------------------------------------
