[ 2017-12-26T01:40:10+08:00 ] 172.16.0.5 163.177.90.152 GET /public/
[ log ] 123.207.34.110/public/ [运行时间：0.016144s][吞吐率：61.94req/s] [内存消耗：1,616.27kb] [文件加载：46]
[ info ] [ LANG ] /home/www/WWW/thinkphp/lang/zh-cn.php
[ info ] [ ROUTE ] array (
  'type' => 'module',
  'module' => 
  array (
    0 => '',
    1 => NULL,
    2 => NULL,
  ),
)
[ info ] [ HEADER ] array (
  'connection' => 'Close',
  'user-agent' => 'Mozilla/5.0 (iPhone; CPU iPhone OS 9_3_4 like Mac OS X) AppleWebKit/601.1.46 (KHTML, like Gecko) Mobile/13G35 QQ/6.5.3.410 V1_IPH_SQ_6.5.3_1_APP_A Pixel/750 Core/UIWebView NetType/2G Mem/117',
  'accept-language' => 'zh-cn',
  'accept' => '*/*',
  'referer' => 'http://123.207.34.110/public',
  'accept-encoding' => 'deflate, gzip',
  'host' => '123.207.34.110',
  'content-type' => '',
  'content-length' => '',
)
[ info ] [ PARAM ] array (
)
[ info ] [ RUN ] app\index\controller\Index->index[ /home/www/WWW/application/index/controller/Index.php ]
[ info ] [ VIEW ] /home/www/WWW/public/../application/index/view/index/index.html [ array (
) ]
[ info ] [ LOG ] INIT File

---------------------------------------------------------------
[ 2017-12-26T02:17:19+08:00 ] 172.16.0.5 14.17.3.64 GET /public/index.php?s%3Dindex/music/index
[ log ] 123.207.34.110/public/index.php?s%3Dindex/music/index [运行时间：0.016423s][吞吐率：60.89req/s] [内存消耗：1,615.25kb] [文件加载：46]
[ info ] [ LANG ] /home/www/WWW/thinkphp/lang/zh-cn.php
[ info ] [ ROUTE ] array (
  'type' => 'module',
  'module' => 
  array (
    0 => '',
    1 => NULL,
    2 => NULL,
  ),
)
[ info ] [ HEADER ] array (
  'connection' => 'Close',
  'user-agent' => 'Mozilla/5.0 (iPhone; CPU iPhone OS 9_3_4 like Mac OS X) AppleWebKit/601.1.46 (KHTML, like Gecko) Mobile/13G35 QQ/6.5.3.410 V1_IPH_SQ_6.5.3_1_APP_A Pixel/750 Core/UIWebView NetType/2G Mem/117',
  'accept-language' => 'zh-cn',
  'accept' => '*/*',
  'accept-encoding' => 'deflate, gzip',
  'host' => '123.207.34.110',
  'content-type' => '',
  'content-length' => '',
)
[ info ] [ PARAM ] array (
  's=index/music/index' => '',
)
[ info ] [ RUN ] app\index\controller\Index->index[ /home/www/WWW/application/index/controller/Index.php ]
[ info ] [ VIEW ] /home/www/WWW/public/../application/index/view/index/index.html [ array (
) ]
[ info ] [ LOG ] INIT File

---------------------------------------------------------------
[ 2017-12-26T17:09:39+08:00 ] 172.16.0.5 61.140.24.69 GET /public/
[ log ] 123.207.34.110/public/ [运行时间：0.015871s][吞吐率：63.01req/s] [内存消耗：1,616.67kb] [文件加载：46]
[ info ] [ LANG ] /home/www/WWW/thinkphp/lang/zh-cn.php
[ info ] [ ROUTE ] array (
  'type' => 'module',
  'module' => 
  array (
    0 => '',
    1 => NULL,
    2 => NULL,
  ),
)
[ info ] [ HEADER ] array (
  'accept-language' => 'zh-CN,zh;q=0.9',
  'accept-encoding' => 'gzip, deflate',
  'referer' => 'http://123.207.34.110/',
  'accept' => 'text/html,application/xhtml+xml,application/xml;q=0.9,image/webp,image/apng,*/*;q=0.8',
  'user-agent' => 'Mozilla/5.0 (Windows NT 6.1; WOW64) AppleWebKit/537.36 (KHTML, like Gecko) Chrome/63.0.3239.84 Safari/537.36',
  'upgrade-insecure-requests' => '1',
  'connection' => 'keep-alive',
  'host' => '123.207.34.110',
  'content-type' => '',
  'content-length' => '',
)
[ info ] [ PARAM ] array (
)
[ info ] [ RUN ] app\index\controller\Index->index[ /home/www/WWW/application/index/controller/Index.php ]
[ info ] [ VIEW ] /home/www/WWW/public/../application/index/view/index/index.html [ array (
) ]
[ info ] [ LOG ] INIT File

---------------------------------------------------------------
[ 2017-12-26T17:10:21+08:00 ] 172.16.0.5 61.140.24.69 GET /public/?s=index/music/index
[ log ] 123.207.34.110/public/?s=index/music/index [运行时间：0.015861s][吞吐率：63.05req/s] [内存消耗：1,559.97kb] [文件加载：45]
[ info ] [ LANG ] /home/www/WWW/thinkphp/lang/zh-cn.php
[ info ] [ ROUTE ] array (
  'type' => 'module',
  'module' => 
  array (
    0 => 'index',
    1 => 'music',
    2 => 'index',
  ),
)
[ info ] [ HEADER ] array (
  'accept-language' => 'zh-CN,zh;q=0.9',
  'accept-encoding' => 'gzip, deflate',
  'accept' => 'text/html,application/xhtml+xml,application/xml;q=0.9,image/webp,image/apng,*/*;q=0.8',
  'upgrade-insecure-requests' => '1',
  'user-agent' => 'Mozilla/5.0 (Windows NT 6.1; WOW64) AppleWebKit/537.36 (KHTML, like Gecko) Chrome/63.0.3239.84 Safari/537.36',
  'connection' => 'keep-alive',
  'host' => '123.207.34.110',
  'content-type' => '',
  'content-length' => '',
)
[ info ] [ PARAM ] array (
)
[ info ] [ RUN ] app\index\controller\Music->index[ /home/www/WWW/application/index/controller/Music.php ]
[ info ] [ VIEW ] /home/www/WWW/public/../application/index/view/music/index.html [ array (
) ]
[ info ] [ LOG ] INIT File

---------------------------------------------------------------
[ 2017-12-26T17:24:11+08:00 ] 172.16.0.5 61.140.24.69 GET /public/
[ log ] 123.207.34.110/public/ [运行时间：0.016041s][吞吐率：62.34req/s] [内存消耗：1,616.67kb] [文件加载：46]
[ info ] [ LANG ] /home/www/WWW/thinkphp/lang/zh-cn.php
[ info ] [ ROUTE ] array (
  'type' => 'module',
  'module' => 
  array (
    0 => '',
    1 => NULL,
    2 => NULL,
  ),
)
[ info ] [ HEADER ] array (
  'accept-language' => 'zh-CN,zh;q=0.9',
  'accept-encoding' => 'gzip, deflate',
  'referer' => 'http://123.207.34.110/',
  'accept' => 'text/html,application/xhtml+xml,application/xml;q=0.9,image/webp,image/apng,*/*;q=0.8',
  'user-agent' => 'Mozilla/5.0 (Windows NT 6.1; WOW64) AppleWebKit/537.36 (KHTML, like Gecko) Chrome/63.0.3239.84 Safari/537.36',
  'upgrade-insecure-requests' => '1',
  'connection' => 'keep-alive',
  'host' => '123.207.34.110',
  'content-type' => '',
  'content-length' => '',
)
[ info ] [ PARAM ] array (
)
[ info ] [ RUN ] app\index\controller\Index->index[ /home/www/WWW/application/index/controller/Index.php ]
[ info ] [ VIEW ] /home/www/WWW/public/../application/index/view/index/index.html [ array (
) ]
[ info ] [ LOG ] INIT File

---------------------------------------------------------------
[ 2017-12-26T17:45:42+08:00 ] 172.16.0.5 61.140.24.69 GET /public/
[ log ] 123.207.34.110/public/ [运行时间：0.016661s][吞吐率：60.02req/s] [内存消耗：1,616.34kb] [文件加载：46]
[ info ] [ LANG ] /home/www/WWW/thinkphp/lang/zh-cn.php
[ info ] [ ROUTE ] array (
  'type' => 'module',
  'module' => 
  array (
    0 => '',
    1 => NULL,
    2 => NULL,
  ),
)
[ info ] [ HEADER ] array (
  'accept-language' => 'zh-CN,zh;q=0.9',
  'accept-encoding' => 'gzip, deflate',
  'accept' => 'text/html,application/xhtml+xml,application/xml;q=0.9,image/webp,image/apng,*/*;q=0.8',
  'upgrade-insecure-requests' => '1',
  'user-agent' => 'Mozilla/5.0 (Windows NT 6.1; WOW64) AppleWebKit/537.36 (KHTML, like Gecko) Chrome/63.0.3239.84 Safari/537.36',
  'connection' => 'keep-alive',
  'host' => '123.207.34.110',
  'content-type' => '',
  'content-length' => '',
)
[ info ] [ PARAM ] array (
)
[ info ] [ RUN ] app\index\controller\Index->index[ /home/www/WWW/application/index/controller/Index.php ]
[ info ] [ VIEW ] /home/www/WWW/public/../application/index/view/index/index.html [ array (
) ]
[ info ] [ LOG ] INIT File

---------------------------------------------------------------
[ 2017-12-26T18:31:21+08:00 ] 172.16.0.5 61.140.24.69 GET /public/
[ log ] 123.207.34.110/public/ [运行时间：0.017611s][吞吐率：56.78req/s] [内存消耗：1,616.67kb] [文件加载：46]
[ info ] [ LANG ] /home/www/WWW/thinkphp/lang/zh-cn.php
[ info ] [ ROUTE ] array (
  'type' => 'module',
  'module' => 
  array (
    0 => '',
    1 => NULL,
    2 => NULL,
  ),
)
[ info ] [ HEADER ] array (
  'accept-language' => 'zh-CN,zh;q=0.9',
  'accept-encoding' => 'gzip, deflate',
  'referer' => 'http://123.207.34.110/',
  'accept' => 'text/html,application/xhtml+xml,application/xml;q=0.9,image/webp,image/apng,*/*;q=0.8',
  'user-agent' => 'Mozilla/5.0 (Windows NT 6.1; WOW64) AppleWebKit/537.36 (KHTML, like Gecko) Chrome/63.0.3239.84 Safari/537.36',
  'upgrade-insecure-requests' => '1',
  'connection' => 'keep-alive',
  'host' => '123.207.34.110',
  'content-type' => '',
  'content-length' => '',
)
[ info ] [ PARAM ] array (
)
[ info ] [ RUN ] app\index\controller\Index->index[ /home/www/WWW/application/index/controller/Index.php ]
[ info ] [ VIEW ] /home/www/WWW/public/../application/index/view/index/index.html [ array (
) ]
[ info ] [ LOG ] INIT File

---------------------------------------------------------------
[ 2017-12-26T18:32:03+08:00 ] 172.16.0.5 61.140.24.69 GET /public/?s=index/music/index
[ log ] 123.207.34.110/public/?s=index/music/index [运行时间：0.018540s][吞吐率：53.94req/s] [内存消耗：1,559.97kb] [文件加载：45]
[ info ] [ LANG ] /home/www/WWW/thinkphp/lang/zh-cn.php
[ info ] [ ROUTE ] array (
  'type' => 'module',
  'module' => 
  array (
    0 => 'index',
    1 => 'music',
    2 => 'index',
  ),
)
[ info ] [ HEADER ] array (
  'accept-language' => 'zh-CN,zh;q=0.9',
  'accept-encoding' => 'gzip, deflate',
  'accept' => 'text/html,application/xhtml+xml,application/xml;q=0.9,image/webp,image/apng,*/*;q=0.8',
  'upgrade-insecure-requests' => '1',
  'user-agent' => 'Mozilla/5.0 (Windows NT 6.1; WOW64) AppleWebKit/537.36 (KHTML, like Gecko) Chrome/63.0.3239.84 Safari/537.36',
  'connection' => 'keep-alive',
  'host' => '123.207.34.110',
  'content-type' => '',
  'content-length' => '',
)
[ info ] [ PARAM ] array (
)
[ info ] [ RUN ] app\index\controller\Music->index[ /home/www/WWW/application/index/controller/Music.php ]
[ info ] [ VIEW ] /home/www/WWW/public/../application/index/view/music/index.html [ array (
) ]
[ info ] [ LOG ] INIT File

---------------------------------------------------------------
[ 2017-12-26T19:44:23+08:00 ] 172.16.0.5 112.90.82.196 GET /public/?s%3Dindex/music/index
[ log ] 123.207.34.110/public/?s%3Dindex/music/index [运行时间：0.016171s][吞吐率：61.84req/s] [内存消耗：1,617.23kb] [文件加载：46]
[ info ] [ LANG ] /home/www/WWW/thinkphp/lang/zh-cn.php
[ info ] [ ROUTE ] array (
  'type' => 'module',
  'module' => 
  array (
    0 => '',
    1 => NULL,
    2 => NULL,
  ),
)
[ info ] [ HEADER ] array (
  'connection' => 'Close',
  'user-agent' => 'Mozilla/5.0 (iPhone; CPU iPhone OS 9_3_4 like Mac OS X) AppleWebKit/601.1.46 (KHTML, like Gecko) Mobile/13G35 QQ/6.5.3.410 V1_IPH_SQ_6.5.3_1_APP_A Pixel/750 Core/UIWebView NetType/2G Mem/117',
  'accept-language' => 'zh-cn',
  'accept' => '*/*',
  'referer' => 'http://123.207.34.110/public?s%3Dindex/music/index',
  'accept-encoding' => 'deflate, gzip',
  'host' => '123.207.34.110',
  'content-type' => '',
  'content-length' => '',
)
[ info ] [ PARAM ] array (
  's=index/music/index' => '',
)
[ info ] [ RUN ] app\index\controller\Index->index[ /home/www/WWW/application/index/controller/Index.php ]
[ info ] [ VIEW ] /home/www/WWW/public/../application/index/view/index/index.html [ array (
) ]
[ info ] [ LOG ] INIT File

---------------------------------------------------------------
[ 2017-12-26T22:20:08+08:00 ] 172.16.0.5 125.88.24.165 GET /public/
[ log ] 123.207.34.110/public/ [运行时间：0.016331s][吞吐率：61.23req/s] [内存消耗：1,616.21kb] [文件加载：46]
[ info ] [ LANG ] /home/www/WWW/thinkphp/lang/zh-cn.php
[ info ] [ ROUTE ] array (
  'type' => 'module',
  'module' => 
  array (
    0 => '',
    1 => NULL,
    2 => NULL,
  ),
)
[ info ] [ HEADER ] array (
  'connection' => 'Keep-Alive',
  'host' => '123.207.34.110',
  'accept-encoding' => 'gzip, deflate',
  'accept-language' => 'zh-CN',
  'referer' => 'http://123.207.34.110/',
  'user-agent' => 'Mozilla/5.0 (Windows NT 6.3; WOW64; Trident/7.0; LCJB; rv:11.0) like Gecko Core/1.53.4033.400 QQBrowser/9.6.12624.400',
  'accept' => 'text/html, application/xhtml+xml, */*',
  'content-type' => '',
  'content-length' => '',
)
[ info ] [ PARAM ] array (
)
[ info ] [ RUN ] app\index\controller\Index->index[ /home/www/WWW/application/index/controller/Index.php ]
[ info ] [ VIEW ] /home/www/WWW/public/../application/index/view/index/index.html [ array (
) ]
[ info ] [ LOG ] INIT File

---------------------------------------------------------------
[ 2017-12-26T22:21:50+08:00 ] 172.16.0.5 125.88.24.165 GET /public/
[ log ] 123.207.34.110/public/ [运行时间：0.016488s][吞吐率：60.65req/s] [内存消耗：1,616.21kb] [文件加载：46]
[ info ] [ LANG ] /home/www/WWW/thinkphp/lang/zh-cn.php
[ info ] [ ROUTE ] array (
  'type' => 'module',
  'module' => 
  array (
    0 => '',
    1 => NULL,
    2 => NULL,
  ),
)
[ info ] [ HEADER ] array (
  'connection' => 'Keep-Alive',
  'host' => '123.207.34.110',
  'accept-encoding' => 'gzip, deflate',
  'accept-language' => 'zh-CN',
  'referer' => 'http://123.207.34.110/',
  'user-agent' => 'Mozilla/5.0 (Windows NT 6.3; WOW64; Trident/7.0; LCJB; rv:11.0) like Gecko Core/1.53.4033.400 QQBrowser/9.6.12624.400',
  'accept' => 'text/html, application/xhtml+xml, */*',
  'content-type' => '',
  'content-length' => '',
)
[ info ] [ PARAM ] array (
)
[ info ] [ RUN ] app\index\controller\Index->index[ /home/www/WWW/application/index/controller/Index.php ]
[ info ] [ VIEW ] /home/www/WWW/public/../application/index/view/index/index.html [ array (
) ]
[ info ] [ LOG ] INIT File

---------------------------------------------------------------
[ 2017-12-26T22:21:55+08:00 ] 172.16.0.5 125.88.24.165 GET /public/
[ log ] 123.207.34.110/public/ [运行时间：0.016449s][吞吐率：60.79req/s] [内存消耗：1,614.38kb] [文件加载：46]
[ info ] [ LANG ] /home/www/WWW/thinkphp/lang/zh-cn.php
[ info ] [ ROUTE ] array (
  'type' => 'module',
  'module' => 
  array (
    0 => '',
    1 => NULL,
    2 => NULL,
  ),
)
[ info ] [ HEADER ] array (
  'user-agent' => 'Mozilla/5.0 (Windows NT 6.3; WOW64; Trident/7.0; LCJB; rv:11.0) like Gecko Core/1.53.4033.400 QQBrowser/9.6.12624.400',
  'connection' => 'Keep-Alive',
  'host' => '123.207.34.110',
  'accept-language' => 'zh-CN',
  'accept-encoding' => 'gzip, deflate',
  'accept' => 'text/html, application/xhtml+xml, */*',
  'content-type' => '',
  'content-length' => '',
)
[ info ] [ PARAM ] array (
)
[ info ] [ RUN ] app\index\controller\Index->index[ /home/www/WWW/application/index/controller/Index.php ]
[ info ] [ VIEW ] /home/www/WWW/public/../application/index/view/index/index.html [ array (
) ]
[ info ] [ LOG ] INIT File

---------------------------------------------------------------
[ 2017-12-26T22:28:03+08:00 ] 172.16.0.5 125.88.24.165 GET /public/
[ log ] 123.207.34.110/public/ [运行时间：0.016233s][吞吐率：61.60req/s] [内存消耗：1,614.38kb] [文件加载：46]
[ info ] [ LANG ] /home/www/WWW/thinkphp/lang/zh-cn.php
[ info ] [ ROUTE ] array (
  'type' => 'module',
  'module' => 
  array (
    0 => '',
    1 => NULL,
    2 => NULL,
  ),
)
[ info ] [ HEADER ] array (
  'user-agent' => 'Mozilla/5.0 (Windows NT 6.3; WOW64; Trident/7.0; LCJB; rv:11.0) like Gecko Core/1.53.4033.400 QQBrowser/9.6.12624.400',
  'connection' => 'Keep-Alive',
  'host' => '123.207.34.110',
  'accept-language' => 'zh-CN',
  'accept-encoding' => 'gzip, deflate',
  'accept' => 'text/html, application/xhtml+xml, */*',
  'content-type' => '',
  'content-length' => '',
)
[ info ] [ PARAM ] array (
)
[ info ] [ RUN ] app\index\controller\Index->index[ /home/www/WWW/application/index/controller/Index.php ]
[ info ] [ VIEW ] /home/www/WWW/public/../application/index/view/index/index.html [ array (
) ]
[ info ] [ LOG ] INIT File

---------------------------------------------------------------
[ 2017-12-26T22:28:25+08:00 ] 172.16.0.5 125.88.24.165 GET /public/?s=index/music/index
[ log ] 123.207.34.110/public/?s=index/music/index [运行时间：0.015720s][吞吐率：63.61req/s] [内存消耗：1,558.01kb] [文件加载：45]
[ info ] [ LANG ] /home/www/WWW/thinkphp/lang/zh-cn.php
[ info ] [ ROUTE ] array (
  'type' => 'module',
  'module' => 
  array (
    0 => 'index',
    1 => 'music',
    2 => 'index',
  ),
)
[ info ] [ HEADER ] array (
  'user-agent' => 'Mozilla/5.0 (Windows NT 6.3; WOW64; Trident/7.0; LCJB; rv:11.0) like Gecko Core/1.53.4033.400 QQBrowser/9.6.12624.400',
  'connection' => 'Keep-Alive',
  'host' => '123.207.34.110',
  'accept-language' => 'zh-CN',
  'accept-encoding' => 'gzip, deflate',
  'accept' => 'text/html, application/xhtml+xml, */*',
  'content-type' => '',
  'content-length' => '',
)
[ info ] [ PARAM ] array (
)
[ info ] [ RUN ] app\index\controller\Music->index[ /home/www/WWW/application/index/controller/Music.php ]
[ info ] [ VIEW ] /home/www/WWW/public/../application/index/view/music/index.html [ array (
) ]
[ info ] [ LOG ] INIT File

---------------------------------------------------------------
[ 2017-12-26T22:29:25+08:00 ] 172.16.0.5 120.204.17.68 GET /public/?s=index/music/index
[ log ] 123.207.34.110/public/?s=index/music/index [运行时间：0.016160s][吞吐率：61.88req/s] [内存消耗：1,559.76kb] [文件加载：45]
[ info ] [ LANG ] /home/www/WWW/thinkphp/lang/zh-cn.php
[ info ] [ ROUTE ] array (
  'type' => 'module',
  'module' => 
  array (
    0 => 'index',
    1 => 'music',
    2 => 'index',
  ),
)
[ info ] [ HEADER ] array (
  'connection' => 'keep-alive',
  'host' => '123.207.34.110',
  'accept-language' => 'zh-CN,zh;q=0.8,en-US;q=0.6,en;q=0.4',
  'referer' => 'blank',
  'accept-encoding' => 'gzip, deflate, sdch, br',
  'accept' => '*/*',
  'user-agent' => 'Mozilla/5.0 (Windows NT 6.1; WOW64) AppleWebKit/537.36 (KHTML, like Gecko) Chrome/56.0.2924.87 Safari/537.36',
  'content-type' => '',
  'content-length' => '',
)
[ info ] [ PARAM ] array (
)
[ info ] [ RUN ] app\index\controller\Music->index[ /home/www/WWW/application/index/controller/Music.php ]
[ info ] [ VIEW ] /home/www/WWW/public/../application/index/view/music/index.html [ array (
) ]
[ info ] [ LOG ] INIT File

---------------------------------------------------------------
[ 2017-12-26T22:30:57+08:00 ] 172.16.0.5 125.88.24.165 GET /public/
[ log ] 123.207.34.110/public/ [运行时间：0.016913s][吞吐率：59.13req/s] [内存消耗：1,616.21kb] [文件加载：46]
[ info ] [ LANG ] /home/www/WWW/thinkphp/lang/zh-cn.php
[ info ] [ ROUTE ] array (
  'type' => 'module',
  'module' => 
  array (
    0 => '',
    1 => NULL,
    2 => NULL,
  ),
)
[ info ] [ HEADER ] array (
  'connection' => 'Keep-Alive',
  'host' => '123.207.34.110',
  'accept-encoding' => 'gzip, deflate',
  'accept-language' => 'zh-CN',
  'referer' => 'http://123.207.34.110/',
  'user-agent' => 'Mozilla/5.0 (Windows NT 6.3; WOW64; Trident/7.0; LCJB; rv:11.0) like Gecko Core/1.53.4033.400 QQBrowser/9.6.12624.400',
  'accept' => 'text/html, application/xhtml+xml, */*',
  'content-type' => '',
  'content-length' => '',
)
[ info ] [ PARAM ] array (
)
[ info ] [ RUN ] app\index\controller\Index->index[ /home/www/WWW/application/index/controller/Index.php ]
[ info ] [ VIEW ] /home/www/WWW/public/../application/index/view/index/index.html [ array (
) ]
[ info ] [ LOG ] INIT File

---------------------------------------------------------------
[ 2017-12-26T22:31:03+08:00 ] 172.16.0.5 125.88.24.165 GET /public/
[ log ] 123.207.34.110/public/ [运行时间：0.015913s][吞吐率：62.84req/s] [内存消耗：1,614.38kb] [文件加载：46]
[ info ] [ LANG ] /home/www/WWW/thinkphp/lang/zh-cn.php
[ info ] [ ROUTE ] array (
  'type' => 'module',
  'module' => 
  array (
    0 => '',
    1 => NULL,
    2 => NULL,
  ),
)
[ info ] [ HEADER ] array (
  'user-agent' => 'Mozilla/5.0 (Windows NT 6.3; WOW64; Trident/7.0; LCJB; rv:11.0) like Gecko Core/1.53.4033.400 QQBrowser/9.6.12624.400',
  'connection' => 'Keep-Alive',
  'host' => '123.207.34.110',
  'accept-language' => 'zh-CN',
  'accept-encoding' => 'gzip, deflate',
  'accept' => 'text/html, application/xhtml+xml, */*',
  'content-type' => '',
  'content-length' => '',
)
[ info ] [ PARAM ] array (
)
[ info ] [ RUN ] app\index\controller\Index->index[ /home/www/WWW/application/index/controller/Index.php ]
[ info ] [ VIEW ] /home/www/WWW/public/../application/index/view/index/index.html [ array (
) ]
[ info ] [ LOG ] INIT File

---------------------------------------------------------------
[ 2017-12-26T22:32:03+08:00 ] 172.16.0.5 120.204.17.71 GET /public/
[ log ] 123.207.34.110/public/ [运行时间：0.016085s][吞吐率：62.17req/s] [内存消耗：1,616.24kb] [文件加载：46]
[ info ] [ LANG ] /home/www/WWW/thinkphp/lang/zh-cn.php
[ info ] [ ROUTE ] array (
  'type' => 'module',
  'module' => 
  array (
    0 => '',
    1 => NULL,
    2 => NULL,
  ),
)
[ info ] [ HEADER ] array (
  'connection' => 'keep-alive',
  'host' => '123.207.34.110',
  'accept-language' => 'zh-CN,zh;q=0.8,en-US;q=0.6,en;q=0.4',
  'referer' => 'http://123.207.34.110/public',
  'accept-encoding' => 'gzip, deflate, sdch, br',
  'accept' => '*/*',
  'user-agent' => 'Mozilla/5.0 (Windows NT 6.1; WOW64) AppleWebKit/537.36 (KHTML, like Gecko) Chrome/43.0.2357.124 Safari/537.36',
  'content-type' => '',
  'content-length' => '',
)
[ info ] [ PARAM ] array (
)
[ info ] [ RUN ] app\index\controller\Index->index[ /home/www/WWW/application/index/controller/Index.php ]
[ info ] [ VIEW ] /home/www/WWW/public/../application/index/view/index/index.html [ array (
) ]
[ info ] [ LOG ] INIT File

---------------------------------------------------------------
[ 2017-12-26T23:08:29+08:00 ] 172.16.0.5 125.88.24.165 GET /public/
[ log ] 123.207.34.110/public/ [运行时间：0.016360s][吞吐率：61.12req/s] [内存消耗：1,614.15kb] [文件加载：46]
[ info ] [ LANG ] /home/www/WWW/thinkphp/lang/zh-cn.php
[ info ] [ ROUTE ] array (
  'type' => 'module',
  'module' => 
  array (
    0 => '',
    1 => NULL,
    2 => NULL,
  ),
)
[ info ] [ HEADER ] array (
  'user-agent' => 'Mozilla/5.0 (Windows NT 6.3; WOW64; Trident/7.0; LCJB; rv:11.0) like Gecko Core/1.53.4033.400 QQBrowser/9.6.12624.400',
  'connection' => 'Keep-Alive',
  'host' => '123.207.34.110',
  'accept-language' => 'zh-CN',
  'accept-encoding' => 'gzip, deflate',
  'accept' => 'text/html, application/xhtml+xml, */*',
  'content-type' => '',
  'content-length' => '',
)
[ info ] [ PARAM ] array (
)
[ info ] [ RUN ] app\index\controller\Index->index[ /home/www/WWW/application/index/controller/Index.php ]
[ info ] [ VIEW ] /home/www/WWW/public/../application/index/view/index/index.html [ array (
) ]
[ info ] [ LOG ] INIT File

---------------------------------------------------------------
[ 2017-12-26T23:08:38+08:00 ] 172.16.0.5 125.88.24.165 GET /public/
[ log ] 123.207.34.110/public/ [运行时间：0.016042s][吞吐率：62.34req/s] [内存消耗：1,614.15kb] [文件加载：46]
[ info ] [ LANG ] /home/www/WWW/thinkphp/lang/zh-cn.php
[ info ] [ ROUTE ] array (
  'type' => 'module',
  'module' => 
  array (
    0 => '',
    1 => NULL,
    2 => NULL,
  ),
)
[ info ] [ HEADER ] array (
  'user-agent' => 'Mozilla/5.0 (Windows NT 6.3; WOW64; Trident/7.0; LCJB; rv:11.0) like Gecko Core/1.53.4033.400 QQBrowser/9.6.12624.400',
  'connection' => 'Keep-Alive',
  'host' => '123.207.34.110',
  'accept-language' => 'zh-CN',
  'accept-encoding' => 'gzip, deflate',
  'accept' => 'text/html, application/xhtml+xml, */*',
  'content-type' => '',
  'content-length' => '',
)
[ info ] [ PARAM ] array (
)
[ info ] [ RUN ] app\index\controller\Index->index[ /home/www/WWW/application/index/controller/Index.php ]
[ info ] [ VIEW ] /home/www/WWW/public/../application/index/view/index/index.html [ array (
) ]
[ info ] [ LOG ] INIT File

---------------------------------------------------------------
[ 2017-12-26T23:12:12+08:00 ] 172.16.0.5 125.88.24.165 GET /public/
[ log ] 123.207.34.110/public/ [运行时间：0.016523s][吞吐率：60.52req/s] [内存消耗：1,614.73kb] [文件加载：46]
[ info ] [ LANG ] /home/www/WWW/thinkphp/lang/zh-cn.php
[ info ] [ ROUTE ] array (
  'type' => 'module',
  'module' => 
  array (
    0 => '',
    1 => NULL,
    2 => NULL,
  ),
)
[ info ] [ HEADER ] array (
  'connection' => 'Keep-Alive',
  'host' => '123.207.34.110',
  'accept-encoding' => 'gzip, deflate',
  'accept-language' => 'zh-CN',
  'referer' => 'http://123.207.34.110/',
  'user-agent' => 'Mozilla/5.0 (Windows NT 6.3; WOW64; Trident/7.0; LCJB; rv:11.0) like Gecko Core/1.53.4033.400 QQBrowser/9.6.12624.400',
  'accept' => 'text/html, application/xhtml+xml, */*',
  'content-type' => '',
  'content-length' => '',
)
[ info ] [ PARAM ] array (
)
[ info ] [ RUN ] app\index\controller\Index->index[ /home/www/WWW/application/index/controller/Index.php ]
[ info ] [ VIEW ] /home/www/WWW/public/../application/index/view/index/index.html [ array (
) ]
[ info ] [ LOG ] INIT File

---------------------------------------------------------------
[ 2017-12-26T23:12:30+08:00 ] 172.16.0.5 125.88.24.165 GET /public/?s=index/music/index
[ log ] 123.207.34.110/public/?s=index/music/index [运行时间：0.016917s][吞吐率：59.11req/s] [内存消耗：1,556.52kb] [文件加载：45]
[ info ] [ LANG ] /home/www/WWW/thinkphp/lang/zh-cn.php
[ info ] [ ROUTE ] array (
  'type' => 'module',
  'module' => 
  array (
    0 => 'index',
    1 => 'music',
    2 => 'index',
  ),
)
[ info ] [ HEADER ] array (
  'user-agent' => 'Mozilla/5.0 (Windows NT 6.3; WOW64; Trident/7.0; LCJB; rv:11.0) like Gecko Core/1.53.4033.400 QQBrowser/9.6.12624.400',
  'connection' => 'Keep-Alive',
  'host' => '123.207.34.110',
  'accept-language' => 'zh-CN',
  'accept-encoding' => 'gzip, deflate',
  'accept' => 'text/html, application/xhtml+xml, */*',
  'content-type' => '',
  'content-length' => '',
)
[ info ] [ PARAM ] array (
)
[ info ] [ RUN ] app\index\controller\Music->index[ /home/www/WWW/application/index/controller/Music.php ]
[ info ] [ VIEW ] /home/www/WWW/public/../application/index/view/music/index.html [ array (
) ]
[ info ] [ LOG ] INIT File

---------------------------------------------------------------
[ 2017-12-26T23:12:34+08:00 ] 172.16.0.5 125.88.24.165 GET /public/
[ log ] 123.207.34.110/public/ [运行时间：0.020005s][吞吐率：49.99req/s] [内存消耗：1,614.15kb] [文件加载：46]
[ info ] [ LANG ] /home/www/WWW/thinkphp/lang/zh-cn.php
[ info ] [ ROUTE ] array (
  'type' => 'module',
  'module' => 
  array (
    0 => '',
    1 => NULL,
    2 => NULL,
  ),
)
[ info ] [ HEADER ] array (
  'user-agent' => 'Mozilla/5.0 (Windows NT 6.3; WOW64; Trident/7.0; LCJB; rv:11.0) like Gecko Core/1.53.4033.400 QQBrowser/9.6.12624.400',
  'connection' => 'Keep-Alive',
  'host' => '123.207.34.110',
  'accept-language' => 'zh-CN',
  'accept-encoding' => 'gzip, deflate',
  'accept' => 'text/html, application/xhtml+xml, */*',
  'content-type' => '',
  'content-length' => '',
)
[ info ] [ PARAM ] array (
)
[ info ] [ RUN ] app\index\controller\Index->index[ /home/www/WWW/application/index/controller/Index.php ]
[ info ] [ VIEW ] /home/www/WWW/public/../application/index/view/index/index.html [ array (
) ]
[ info ] [ LOG ] INIT File

---------------------------------------------------------------
[ 2017-12-26T23:13:30+08:00 ] 172.16.0.5 120.204.17.46 GET /public/?s=index/music/index
[ log ] 123.207.34.110/public/?s=index/music/index [运行时间：0.015646s][吞吐率：63.91req/s] [内存消耗：1,558.27kb] [文件加载：45]
[ info ] [ LANG ] /home/www/WWW/thinkphp/lang/zh-cn.php
[ info ] [ ROUTE ] array (
  'type' => 'module',
  'module' => 
  array (
    0 => 'index',
    1 => 'music',
    2 => 'index',
  ),
)
[ info ] [ HEADER ] array (
  'connection' => 'keep-alive',
  'host' => '123.207.34.110',
  'accept-language' => 'zh-CN,zh;q=0.8,en-US;q=0.6,en;q=0.4',
  'referer' => 'blank',
  'accept-encoding' => 'gzip, deflate, sdch, br',
  'accept' => '*/*',
  'user-agent' => 'Mozilla/5.0 (Windows NT 6.1; WOW64) AppleWebKit/537.36 (KHTML, like Gecko) Chrome/43.0.2357.124 Safari/537.36',
  'content-type' => '',
  'content-length' => '',
)
[ info ] [ PARAM ] array (
)
[ info ] [ RUN ] app\index\controller\Music->index[ /home/www/WWW/application/index/controller/Music.php ]
[ info ] [ VIEW ] /home/www/WWW/public/../application/index/view/music/index.html [ array (
) ]
[ info ] [ LOG ] INIT File

---------------------------------------------------------------
[ 2017-12-26T23:18:13+08:00 ] 172.16.0.5 125.88.24.165 GET /public/
[ log ] 123.207.34.110/public/ [运行时间：0.016932s][吞吐率：59.06req/s] [内存消耗：1,614.77kb] [文件加载：46]
[ info ] [ LANG ] /home/www/WWW/thinkphp/lang/zh-cn.php
[ info ] [ ROUTE ] array (
  'type' => 'module',
  'module' => 
  array (
    0 => '',
    1 => NULL,
    2 => NULL,
  ),
)
[ info ] [ HEADER ] array (
  'cache-control' => 'no-cache',
  'connection' => 'Keep-Alive',
  'host' => '123.207.34.110',
  'user-agent' => 'Mozilla/5.0 (Windows NT 6.3; WOW64; Trident/7.0; LCJB; rv:11.0) like Gecko Core/1.53.4033.400 QQBrowser/9.6.12624.400',
  'accept-language' => 'zh-CN',
  'accept-encoding' => 'gzip, deflate',
  'accept' => 'text/html, application/xhtml+xml, */*',
  'content-type' => '',
  'content-length' => '',
)
[ info ] [ PARAM ] array (
)
[ info ] [ RUN ] app\index\controller\Index->index[ /home/www/WWW/application/index/controller/Index.php ]
[ info ] [ VIEW ] /home/www/WWW/public/../application/index/view/index/index.html [ array (
) ]
[ info ] [ LOG ] INIT File

---------------------------------------------------------------
[ 2017-12-26T23:18:27+08:00 ] 172.16.0.5 125.88.24.165 GET /public/?s=index/music/index.html
[ log ] 123.207.34.110/public/?s=index/music/index.html [运行时间：0.015766s][吞吐率：63.43req/s] [内存消耗：1,558.46kb] [文件加载：45]
[ info ] [ LANG ] /home/www/WWW/thinkphp/lang/zh-cn.php
[ info ] [ ROUTE ] array (
  'type' => 'module',
  'module' => 
  array (
    0 => 'index',
    1 => 'music',
    2 => 'index',
  ),
)
[ info ] [ HEADER ] array (
  'user-agent' => 'Mozilla/5.0 (Windows NT 6.3; WOW64; Trident/7.0; LCJB; rv:11.0) like Gecko Core/1.53.4033.400 QQBrowser/9.6.12624.400',
  'connection' => 'Keep-Alive',
  'host' => '123.207.34.110',
  'accept-encoding' => 'gzip, deflate',
  'accept-language' => 'zh-CN',
  'referer' => 'http://123.207.34.110/public/',
  'accept' => 'text/html, application/xhtml+xml, */*',
  'content-type' => '',
  'content-length' => '',
)
[ info ] [ PARAM ] array (
)
[ info ] [ RUN ] app\index\controller\Music->index[ /home/www/WWW/application/index/controller/Music.php ]
[ info ] [ VIEW ] /home/www/WWW/public/../application/index/view/music/index.html [ array (
) ]
[ info ] [ LOG ] INIT File

---------------------------------------------------------------
[ 2017-12-26T23:18:30+08:00 ] 172.16.0.5 125.88.24.165 GET /public/
[ log ] 123.207.34.110/public/ [运行时间：0.015977s][吞吐率：62.59req/s] [内存消耗：1,614.18kb] [文件加载：46]
[ info ] [ LANG ] /home/www/WWW/thinkphp/lang/zh-cn.php
[ info ] [ ROUTE ] array (
  'type' => 'module',
  'module' => 
  array (
    0 => '',
    1 => NULL,
    2 => NULL,
  ),
)
[ info ] [ HEADER ] array (
  'user-agent' => 'Mozilla/5.0 (Windows NT 6.3; WOW64; Trident/7.0; LCJB; rv:11.0) like Gecko Core/1.53.4033.400 QQBrowser/9.6.12624.400',
  'connection' => 'Keep-Alive',
  'host' => '123.207.34.110',
  'accept-language' => 'zh-CN',
  'accept-encoding' => 'gzip, deflate',
  'accept' => 'text/html, application/xhtml+xml, */*',
  'content-type' => '',
  'content-length' => '',
)
[ info ] [ PARAM ] array (
)
[ info ] [ RUN ] app\index\controller\Index->index[ /home/www/WWW/application/index/controller/Index.php ]
[ info ] [ VIEW ] /home/www/WWW/public/../application/index/view/index/index.html [ array (
) ]
[ info ] [ LOG ] INIT File

---------------------------------------------------------------
[ 2017-12-26T23:18:32+08:00 ] 172.16.0.5 125.88.24.165 GET /public/?s=index/mv/index.html
[ log ] 123.207.34.110/public/?s=index/mv/index.html [运行时间：0.023804s][吞吐率：42.01req/s] [内存消耗：2,451.11kb] [文件加载：56]
[ info ] [ LANG ] /home/www/WWW/thinkphp/lang/zh-cn.php
[ info ] [ ROUTE ] array (
  'type' => 'module',
  'module' => 
  array (
    0 => 'index',
    1 => 'mv',
    2 => 'index',
  ),
)
[ info ] [ HEADER ] array (
  'user-agent' => 'Mozilla/5.0 (Windows NT 6.3; WOW64; Trident/7.0; LCJB; rv:11.0) like Gecko Core/1.53.4033.400 QQBrowser/9.6.12624.400',
  'connection' => 'Keep-Alive',
  'host' => '123.207.34.110',
  'accept-encoding' => 'gzip, deflate',
  'accept-language' => 'zh-CN',
  'referer' => 'http://123.207.34.110/public/',
  'accept' => 'text/html, application/xhtml+xml, */*',
  'content-type' => '',
  'content-length' => '',
)
[ info ] [ PARAM ] array (
)
[ info ] [ RUN ] app\index\controller\Mv->index[ /home/www/WWW/application/index/controller/Mv.php ]
[ info ] [ DB ] INIT mysql
[ info ] [ LOG ] INIT File
[ error ] [2002]SQLSTATE[HY000] [2002] Connection refused[/home/www/WWW/thinkphp/library/think/db/Connection.php:287]

---------------------------------------------------------------
[ 2017-12-26T23:18:42+08:00 ] 172.16.0.5 125.88.24.165 GET /public/
[ log ] 123.207.34.110/public/ [运行时间：0.016401s][吞吐率：60.97req/s] [内存消耗：1,614.18kb] [文件加载：46]
[ info ] [ LANG ] /home/www/WWW/thinkphp/lang/zh-cn.php
[ info ] [ ROUTE ] array (
  'type' => 'module',
  'module' => 
  array (
    0 => '',
    1 => NULL,
    2 => NULL,
  ),
)
[ info ] [ HEADER ] array (
  'user-agent' => 'Mozilla/5.0 (Windows NT 6.3; WOW64; Trident/7.0; LCJB; rv:11.0) like Gecko Core/1.53.4033.400 QQBrowser/9.6.12624.400',
  'connection' => 'Keep-Alive',
  'host' => '123.207.34.110',
  'accept-language' => 'zh-CN',
  'accept-encoding' => 'gzip, deflate',
  'accept' => 'text/html, application/xhtml+xml, */*',
  'content-type' => '',
  'content-length' => '',
)
[ info ] [ PARAM ] array (
)
[ info ] [ RUN ] app\index\controller\Index->index[ /home/www/WWW/application/index/controller/Index.php ]
[ info ] [ VIEW ] /home/www/WWW/public/../application/index/view/index/index.html [ array (
) ]
[ info ] [ LOG ] INIT File

---------------------------------------------------------------
[ 2017-12-26T23:18:46+08:00 ] 172.16.0.5 125.88.24.165 GET /public/?s=index/music/index.html
[ log ] 123.207.34.110/public/?s=index/music/index.html [运行时间：0.015157s][吞吐率：65.98req/s] [内存消耗：1,556.62kb] [文件加载：45]
[ info ] [ LANG ] /home/www/WWW/thinkphp/lang/zh-cn.php
[ info ] [ ROUTE ] array (
  'type' => 'module',
  'module' => 
  array (
    0 => 'index',
    1 => 'music',
    2 => 'index',
  ),
)
[ info ] [ HEADER ] array (
  'user-agent' => 'Mozilla/5.0 (Windows NT 6.3; WOW64; Trident/7.0; LCJB; rv:11.0) like Gecko Core/1.53.4033.400 QQBrowser/9.6.12624.400',
  'connection' => 'Keep-Alive',
  'host' => '123.207.34.110',
  'accept-language' => 'zh-CN',
  'accept-encoding' => 'gzip, deflate',
  'accept' => 'text/html, application/xhtml+xml, */*',
  'content-type' => '',
  'content-length' => '',
)
[ info ] [ PARAM ] array (
)
[ info ] [ RUN ] app\index\controller\Music->index[ /home/www/WWW/application/index/controller/Music.php ]
[ info ] [ VIEW ] /home/www/WWW/public/../application/index/view/music/index.html [ array (
) ]
[ info ] [ LOG ] INIT File

---------------------------------------------------------------
[ 2017-12-26T23:19:21+08:00 ] 172.16.0.5 125.88.24.165 GET /public/?s=index/music/index.html
[ log ] 123.207.34.110/public/?s=index/music/index.html [运行时间：0.015438s][吞吐率：64.77req/s] [内存消耗：1,556.62kb] [文件加载：45]
[ info ] [ LANG ] /home/www/WWW/thinkphp/lang/zh-cn.php
[ info ] [ ROUTE ] array (
  'type' => 'module',
  'module' => 
  array (
    0 => 'index',
    1 => 'music',
    2 => 'index',
  ),
)
[ info ] [ HEADER ] array (
  'user-agent' => 'Mozilla/5.0 (Windows NT 6.3; WOW64; Trident/7.0; LCJB; rv:11.0) like Gecko Core/1.53.4033.400 QQBrowser/9.6.12624.400',
  'connection' => 'Keep-Alive',
  'host' => '123.207.34.110',
  'accept-language' => 'zh-CN',
  'accept-encoding' => 'gzip, deflate',
  'accept' => 'text/html, application/xhtml+xml, */*',
  'content-type' => '',
  'content-length' => '',
)
[ info ] [ PARAM ] array (
)
[ info ] [ RUN ] app\index\controller\Music->index[ /home/www/WWW/application/index/controller/Music.php ]
[ info ] [ VIEW ] /home/www/WWW/public/../application/index/view/music/index.html [ array (
) ]
[ info ] [ LOG ] INIT File

---------------------------------------------------------------
[ 2017-12-26T23:19:27+08:00 ] 172.16.0.5 120.204.17.71 GET /public/?s=index/music/index.html
[ log ] 123.207.34.110/public/?s=index/music/index.html [运行时间：0.015597s][吞吐率：64.11req/s] [内存消耗：1,558.49kb] [文件加载：45]
[ info ] [ LANG ] /home/www/WWW/thinkphp/lang/zh-cn.php
[ info ] [ ROUTE ] array (
  'type' => 'module',
  'module' => 
  array (
    0 => 'index',
    1 => 'music',
    2 => 'index',
  ),
)
[ info ] [ HEADER ] array (
  'connection' => 'keep-alive',
  'host' => '123.207.34.110',
  'accept-language' => 'zh-CN,zh;q=0.8,en-US;q=0.6,en;q=0.4',
  'referer' => 'blank',
  'accept-encoding' => 'gzip, deflate, sdch, br',
  'accept' => '*/*',
  'user-agent' => 'Mozilla/5.0 (Windows NT 6.1; WOW64) AppleWebKit/537.36 (KHTML, like Gecko) Chrome/53.0.2785.104 Safari/537.36 Core/1.53.2141.400 QQBrowser/9.5.10219.400',
  'content-type' => '',
  'content-length' => '',
)
[ info ] [ PARAM ] array (
)
[ info ] [ RUN ] app\index\controller\Music->index[ /home/www/WWW/application/index/controller/Music.php ]
[ info ] [ VIEW ] /home/www/WWW/public/../application/index/view/music/index.html [ array (
) ]
[ info ] [ LOG ] INIT File

---------------------------------------------------------------
[ 2017-12-26T23:19:27+08:00 ] 172.16.0.5 125.88.24.165 GET /public/?s=index/music/index.html
[ log ] 123.207.34.110/public/?s=index/music/index.html [运行时间：0.016287s][吞吐率：61.40req/s] [内存消耗：1,556.62kb] [文件加载：45]
[ info ] [ LANG ] /home/www/WWW/thinkphp/lang/zh-cn.php
[ info ] [ ROUTE ] array (
  'type' => 'module',
  'module' => 
  array (
    0 => 'index',
    1 => 'music',
    2 => 'index',
  ),
)
[ info ] [ HEADER ] array (
  'user-agent' => 'Mozilla/5.0 (Windows NT 6.3; WOW64; Trident/7.0; LCJB; rv:11.0) like Gecko Core/1.53.4033.400 QQBrowser/9.6.12624.400',
  'connection' => 'Keep-Alive',
  'host' => '123.207.34.110',
  'accept-language' => 'zh-CN',
  'accept-encoding' => 'gzip, deflate',
  'accept' => 'text/html, application/xhtml+xml, */*',
  'content-type' => '',
  'content-length' => '',
)
[ info ] [ PARAM ] array (
)
[ info ] [ RUN ] app\index\controller\Music->index[ /home/www/WWW/application/index/controller/Music.php ]
[ info ] [ VIEW ] /home/www/WWW/public/../application/index/view/music/index.html [ array (
) ]
[ info ] [ LOG ] INIT File

---------------------------------------------------------------
[ 2017-12-26T23:19:28+08:00 ] 172.16.0.5 125.88.24.165 GET /public/?s=index/music/index.html
[ log ] 123.207.34.110/public/?s=index/music/index.html [运行时间：0.015913s][吞吐率：62.84req/s] [内存消耗：1,556.62kb] [文件加载：45]
[ info ] [ LANG ] /home/www/WWW/thinkphp/lang/zh-cn.php
[ info ] [ ROUTE ] array (
  'type' => 'module',
  'module' => 
  array (
    0 => 'index',
    1 => 'music',
    2 => 'index',
  ),
)
[ info ] [ HEADER ] array (
  'user-agent' => 'Mozilla/5.0 (Windows NT 6.3; WOW64; Trident/7.0; LCJB; rv:11.0) like Gecko Core/1.53.4033.400 QQBrowser/9.6.12624.400',
  'connection' => 'Keep-Alive',
  'host' => '123.207.34.110',
  'accept-language' => 'zh-CN',
  'accept-encoding' => 'gzip, deflate',
  'accept' => 'text/html, application/xhtml+xml, */*',
  'content-type' => '',
  'content-length' => '',
)
[ info ] [ PARAM ] array (
)
[ info ] [ RUN ] app\index\controller\Music->index[ /home/www/WWW/application/index/controller/Music.php ]
[ info ] [ VIEW ] /home/www/WWW/public/../application/index/view/music/index.html [ array (
) ]
[ info ] [ LOG ] INIT File

---------------------------------------------------------------
[ 2017-12-26T23:19:30+08:00 ] 172.16.0.5 125.88.24.165 GET /public/?s=index/music/index.html
[ log ] 123.207.34.110/public/?s=index/music/index.html [运行时间：0.015512s][吞吐率：64.47req/s] [内存消耗：1,556.62kb] [文件加载：45]
[ info ] [ LANG ] /home/www/WWW/thinkphp/lang/zh-cn.php
[ info ] [ ROUTE ] array (
  'type' => 'module',
  'module' => 
  array (
    0 => 'index',
    1 => 'music',
    2 => 'index',
  ),
)
[ info ] [ HEADER ] array (
  'user-agent' => 'Mozilla/5.0 (Windows NT 6.3; WOW64; Trident/7.0; LCJB; rv:11.0) like Gecko Core/1.53.4033.400 QQBrowser/9.6.12624.400',
  'connection' => 'Keep-Alive',
  'host' => '123.207.34.110',
  'accept-language' => 'zh-CN',
  'accept-encoding' => 'gzip, deflate',
  'accept' => 'text/html, application/xhtml+xml, */*',
  'content-type' => '',
  'content-length' => '',
)
[ info ] [ PARAM ] array (
)
[ info ] [ RUN ] app\index\controller\Music->index[ /home/www/WWW/application/index/controller/Music.php ]
[ info ] [ VIEW ] /home/www/WWW/public/../application/index/view/music/index.html [ array (
) ]
[ info ] [ LOG ] INIT File

---------------------------------------------------------------
[ 2017-12-26T23:19:32+08:00 ] 172.16.0.5 120.204.17.67 GET /public/?s=index/mv/index.html
[ log ] 123.207.34.110/public/?s=index/mv/index.html [运行时间：0.023282s][吞吐率：42.95req/s] [内存消耗：2,451.08kb] [文件加载：56]
[ info ] [ LANG ] /home/www/WWW/thinkphp/lang/zh-cn.php
[ info ] [ ROUTE ] array (
  'type' => 'module',
  'module' => 
  array (
    0 => 'index',
    1 => 'mv',
    2 => 'index',
  ),
)
[ info ] [ HEADER ] array (
  'connection' => 'keep-alive',
  'host' => '123.207.34.110',
  'accept-language' => 'zh-CN,zh;q=0.8,en-US;q=0.6,en;q=0.4',
  'referer' => 'blank',
  'accept-encoding' => 'gzip, deflate, sdch, br',
  'accept' => '*/*',
  'user-agent' => 'Mozilla/5.0 (Macintosh; Intel Mac OS X 10_12_4) AppleWebKit/537.36 (KHTML, like Gecko) 			Chrome/55.0.2883.95 Safari/537.36',
  'content-type' => '',
  'content-length' => '',
)
[ info ] [ PARAM ] array (
)
[ info ] [ RUN ] app\index\controller\Mv->index[ /home/www/WWW/application/index/controller/Mv.php ]
[ info ] [ DB ] INIT mysql
[ info ] [ LOG ] INIT File
[ error ] [2002]SQLSTATE[HY000] [2002] Connection refused[/home/www/WWW/thinkphp/library/think/db/Connection.php:287]

---------------------------------------------------------------
[ 2017-12-26T23:19:34+08:00 ] 172.16.0.5 125.88.24.165 GET /public/
[ log ] 123.207.34.110/public/ [运行时间：0.015882s][吞吐率：62.96req/s] [内存消耗：1,614.18kb] [文件加载：46]
[ info ] [ LANG ] /home/www/WWW/thinkphp/lang/zh-cn.php
[ info ] [ ROUTE ] array (
  'type' => 'module',
  'module' => 
  array (
    0 => '',
    1 => NULL,
    2 => NULL,
  ),
)
[ info ] [ HEADER ] array (
  'user-agent' => 'Mozilla/5.0 (Windows NT 6.3; WOW64; Trident/7.0; LCJB; rv:11.0) like Gecko Core/1.53.4033.400 QQBrowser/9.6.12624.400',
  'connection' => 'Keep-Alive',
  'host' => '123.207.34.110',
  'accept-language' => 'zh-CN',
  'accept-encoding' => 'gzip, deflate',
  'accept' => 'text/html, application/xhtml+xml, */*',
  'content-type' => '',
  'content-length' => '',
)
[ info ] [ PARAM ] array (
)
[ info ] [ RUN ] app\index\controller\Index->index[ /home/www/WWW/application/index/controller/Index.php ]
[ info ] [ VIEW ] /home/www/WWW/public/../application/index/view/index/index.html [ array (
) ]
[ info ] [ LOG ] INIT File

---------------------------------------------------------------
[ 2017-12-26T23:19:42+08:00 ] 172.16.0.5 125.88.24.165 GET /public/?s=index/mv/index.html
[ log ] 123.207.34.110/public/?s=index/mv/index.html [运行时间：0.022862s][吞吐率：43.74req/s] [内存消耗：2,451.11kb] [文件加载：56]
[ info ] [ LANG ] /home/www/WWW/thinkphp/lang/zh-cn.php
[ info ] [ ROUTE ] array (
  'type' => 'module',
  'module' => 
  array (
    0 => 'index',
    1 => 'mv',
    2 => 'index',
  ),
)
[ info ] [ HEADER ] array (
  'connection' => 'Keep-Alive',
  'host' => '123.207.34.110',
  'accept-encoding' => 'gzip, deflate',
  'accept-language' => 'zh-CN',
  'referer' => 'http://123.207.34.110/public/',
  'user-agent' => 'Mozilla/5.0 (Windows NT 6.3; WOW64; Trident/7.0; LCJB; rv:11.0) like Gecko Core/1.53.4033.400 QQBrowser/9.6.12624.400',
  'accept' => 'text/html, application/xhtml+xml, */*',
  'content-type' => '',
  'content-length' => '',
)
[ info ] [ PARAM ] array (
)
[ info ] [ RUN ] app\index\controller\Mv->index[ /home/www/WWW/application/index/controller/Mv.php ]
[ info ] [ DB ] INIT mysql
[ info ] [ LOG ] INIT File
[ error ] [2002]SQLSTATE[HY000] [2002] Connection refused[/home/www/WWW/thinkphp/library/think/db/Connection.php:287]

---------------------------------------------------------------
[ 2017-12-26T23:19:44+08:00 ] 172.16.0.5 125.88.24.165 GET /public/?s=index/mv/index.html
[ log ] 123.207.34.110/public/?s=index/mv/index.html [运行时间：0.023903s][吞吐率：41.84req/s] [内存消耗：2,449.27kb] [文件加载：56]
[ info ] [ LANG ] /home/www/WWW/thinkphp/lang/zh-cn.php
[ info ] [ ROUTE ] array (
  'type' => 'module',
  'module' => 
  array (
    0 => 'index',
    1 => 'mv',
    2 => 'index',
  ),
)
[ info ] [ HEADER ] array (
  'user-agent' => 'Mozilla/5.0 (Windows NT 6.3; WOW64; Trident/7.0; LCJB; rv:11.0) like Gecko Core/1.53.4033.400 QQBrowser/9.6.12624.400',
  'connection' => 'Keep-Alive',
  'host' => '123.207.34.110',
  'accept-language' => 'zh-CN',
  'accept-encoding' => 'gzip, deflate',
  'accept' => 'text/html, application/xhtml+xml, */*',
  'content-type' => '',
  'content-length' => '',
)
[ info ] [ PARAM ] array (
)
[ info ] [ RUN ] app\index\controller\Mv->index[ /home/www/WWW/application/index/controller/Mv.php ]
[ info ] [ DB ] INIT mysql
[ info ] [ LOG ] INIT File
[ error ] [2002]SQLSTATE[HY000] [2002] Connection refused[/home/www/WWW/thinkphp/library/think/db/Connection.php:287]

---------------------------------------------------------------
[ 2017-12-26T23:19:47+08:00 ] 172.16.0.5 125.88.24.165 GET /public/?s=index/mv/index.html
[ log ] 123.207.34.110/public/?s=index/mv/index.html [运行时间：0.023612s][吞吐率：42.35req/s] [内存消耗：2,449.27kb] [文件加载：56]
[ info ] [ LANG ] /home/www/WWW/thinkphp/lang/zh-cn.php
[ info ] [ ROUTE ] array (
  'type' => 'module',
  'module' => 
  array (
    0 => 'index',
    1 => 'mv',
    2 => 'index',
  ),
)
[ info ] [ HEADER ] array (
  'user-agent' => 'Mozilla/5.0 (Windows NT 6.3; WOW64; Trident/7.0; LCJB; rv:11.0) like Gecko Core/1.53.4033.400 QQBrowser/9.6.12624.400',
  'connection' => 'Keep-Alive',
  'host' => '123.207.34.110',
  'accept-language' => 'zh-CN',
  'accept-encoding' => 'gzip, deflate',
  'accept' => 'text/html, application/xhtml+xml, */*',
  'content-type' => '',
  'content-length' => '',
)
[ info ] [ PARAM ] array (
)
[ info ] [ RUN ] app\index\controller\Mv->index[ /home/www/WWW/application/index/controller/Mv.php ]
[ info ] [ DB ] INIT mysql
[ info ] [ LOG ] INIT File
[ error ] [2002]SQLSTATE[HY000] [2002] Connection refused[/home/www/WWW/thinkphp/library/think/db/Connection.php:287]

---------------------------------------------------------------
[ 2017-12-26T23:19:56+08:00 ] 172.16.0.5 125.88.24.165 GET /public/
[ log ] 123.207.34.110/public/ [运行时间：0.017382s][吞吐率：57.53req/s] [内存消耗：1,614.18kb] [文件加载：46]
[ info ] [ LANG ] /home/www/WWW/thinkphp/lang/zh-cn.php
[ info ] [ ROUTE ] array (
  'type' => 'module',
  'module' => 
  array (
    0 => '',
    1 => NULL,
    2 => NULL,
  ),
)
[ info ] [ HEADER ] array (
  'user-agent' => 'Mozilla/5.0 (Windows NT 6.3; WOW64; Trident/7.0; LCJB; rv:11.0) like Gecko Core/1.53.4033.400 QQBrowser/9.6.12624.400',
  'connection' => 'Keep-Alive',
  'host' => '123.207.34.110',
  'accept-language' => 'zh-CN',
  'accept-encoding' => 'gzip, deflate',
  'accept' => 'text/html, application/xhtml+xml, */*',
  'content-type' => '',
  'content-length' => '',
)
[ info ] [ PARAM ] array (
)
[ info ] [ RUN ] app\index\controller\Index->index[ /home/www/WWW/application/index/controller/Index.php ]
[ info ] [ VIEW ] /home/www/WWW/public/../application/index/view/index/index.html [ array (
) ]
[ info ] [ LOG ] INIT File

---------------------------------------------------------------
[ 2017-12-26T23:19:58+08:00 ] 172.16.0.5 125.88.24.165 GET /public/?s=index/mv/index.html
[ log ] 123.207.34.110/public/?s=index/mv/index.html [运行时间：0.023496s][吞吐率：42.56req/s] [内存消耗：2,451.11kb] [文件加载：56]
[ info ] [ LANG ] /home/www/WWW/thinkphp/lang/zh-cn.php
[ info ] [ ROUTE ] array (
  'type' => 'module',
  'module' => 
  array (
    0 => 'index',
    1 => 'mv',
    2 => 'index',
  ),
)
[ info ] [ HEADER ] array (
  'connection' => 'Keep-Alive',
  'host' => '123.207.34.110',
  'accept-encoding' => 'gzip, deflate',
  'accept-language' => 'zh-CN',
  'referer' => 'http://123.207.34.110/public/',
  'user-agent' => 'Mozilla/5.0 (Windows NT 6.3; WOW64; Trident/7.0; LCJB; rv:11.0) like Gecko Core/1.53.4033.400 QQBrowser/9.6.12624.400',
  'accept' => 'text/html, application/xhtml+xml, */*',
  'content-type' => '',
  'content-length' => '',
)
[ info ] [ PARAM ] array (
)
[ info ] [ RUN ] app\index\controller\Mv->index[ /home/www/WWW/application/index/controller/Mv.php ]
[ info ] [ DB ] INIT mysql
[ info ] [ LOG ] INIT File
[ error ] [2002]SQLSTATE[HY000] [2002] Connection refused[/home/www/WWW/thinkphp/library/think/db/Connection.php:287]

---------------------------------------------------------------
[ 2017-12-26T23:20:08+08:00 ] 172.16.0.5 125.88.24.165 GET /public/?s=index/mv/index.html
[ log ] 123.207.34.110/public/?s=index/mv/index.html [运行时间：0.023491s][吞吐率：42.57req/s] [内存消耗：2,449.27kb] [文件加载：56]
[ info ] [ LANG ] /home/www/WWW/thinkphp/lang/zh-cn.php
[ info ] [ ROUTE ] array (
  'type' => 'module',
  'module' => 
  array (
    0 => 'index',
    1 => 'mv',
    2 => 'index',
  ),
)
[ info ] [ HEADER ] array (
  'user-agent' => 'Mozilla/5.0 (Windows NT 6.3; WOW64; Trident/7.0; LCJB; rv:11.0) like Gecko Core/1.53.4033.400 QQBrowser/9.6.12624.400',
  'connection' => 'Keep-Alive',
  'host' => '123.207.34.110',
  'accept-language' => 'zh-CN',
  'accept-encoding' => 'gzip, deflate',
  'accept' => 'text/html, application/xhtml+xml, */*',
  'content-type' => '',
  'content-length' => '',
)
[ info ] [ PARAM ] array (
)
[ info ] [ RUN ] app\index\controller\Mv->index[ /home/www/WWW/application/index/controller/Mv.php ]
[ info ] [ DB ] INIT mysql
[ info ] [ LOG ] INIT File
[ error ] [2002]SQLSTATE[HY000] [2002] Connection refused[/home/www/WWW/thinkphp/library/think/db/Connection.php:287]

---------------------------------------------------------------
[ 2017-12-26T23:20:13+08:00 ] 172.16.0.5 125.88.24.165 GET /public/?s=index/mv/index.html
[ log ] 123.207.34.110/public/?s=index/mv/index.html [运行时间：0.022270s][吞吐率：44.90req/s] [内存消耗：2,449.27kb] [文件加载：56]
[ info ] [ LANG ] /home/www/WWW/thinkphp/lang/zh-cn.php
[ info ] [ ROUTE ] array (
  'type' => 'module',
  'module' => 
  array (
    0 => 'index',
    1 => 'mv',
    2 => 'index',
  ),
)
[ info ] [ HEADER ] array (
  'user-agent' => 'Mozilla/5.0 (Windows NT 6.3; WOW64; Trident/7.0; LCJB; rv:11.0) like Gecko Core/1.53.4033.400 QQBrowser/9.6.12624.400',
  'connection' => 'Keep-Alive',
  'host' => '123.207.34.110',
  'accept-language' => 'zh-CN',
  'accept-encoding' => 'gzip, deflate',
  'accept' => 'text/html, application/xhtml+xml, */*',
  'content-type' => '',
  'content-length' => '',
)
[ info ] [ PARAM ] array (
)
[ info ] [ RUN ] app\index\controller\Mv->index[ /home/www/WWW/application/index/controller/Mv.php ]
[ info ] [ DB ] INIT mysql
[ info ] [ LOG ] INIT File
[ error ] [2002]SQLSTATE[HY000] [2002] Connection refused[/home/www/WWW/thinkphp/library/think/db/Connection.php:287]

---------------------------------------------------------------
[ 2017-12-26T23:20:17+08:00 ] 172.16.0.5 125.88.24.165 GET /public/
[ log ] 123.207.34.110/public/ [运行时间：0.015788s][吞吐率：63.34req/s] [内存消耗：1,614.18kb] [文件加载：46]
[ info ] [ LANG ] /home/www/WWW/thinkphp/lang/zh-cn.php
[ info ] [ ROUTE ] array (
  'type' => 'module',
  'module' => 
  array (
    0 => '',
    1 => NULL,
    2 => NULL,
  ),
)
[ info ] [ HEADER ] array (
  'user-agent' => 'Mozilla/5.0 (Windows NT 6.3; WOW64; Trident/7.0; LCJB; rv:11.0) like Gecko Core/1.53.4033.400 QQBrowser/9.6.12624.400',
  'connection' => 'Keep-Alive',
  'host' => '123.207.34.110',
  'accept-language' => 'zh-CN',
  'accept-encoding' => 'gzip, deflate',
  'accept' => 'text/html, application/xhtml+xml, */*',
  'content-type' => '',
  'content-length' => '',
)
[ info ] [ PARAM ] array (
)
[ info ] [ RUN ] app\index\controller\Index->index[ /home/www/WWW/application/index/controller/Index.php ]
[ info ] [ VIEW ] /home/www/WWW/public/../application/index/view/index/index.html [ array (
) ]
[ info ] [ LOG ] INIT File

---------------------------------------------------------------
[ 2017-12-26T23:20:20+08:00 ] 172.16.0.5 125.88.24.165 GET /public/?s=index/mv/index.html
[ log ] 123.207.34.110/public/?s=index/mv/index.html [运行时间：0.023222s][吞吐率：43.06req/s] [内存消耗：2,451.11kb] [文件加载：56]
[ info ] [ LANG ] /home/www/WWW/thinkphp/lang/zh-cn.php
[ info ] [ ROUTE ] array (
  'type' => 'module',
  'module' => 
  array (
    0 => 'index',
    1 => 'mv',
    2 => 'index',
  ),
)
[ info ] [ HEADER ] array (
  'connection' => 'Keep-Alive',
  'host' => '123.207.34.110',
  'accept-encoding' => 'gzip, deflate',
  'accept-language' => 'zh-CN',
  'referer' => 'http://123.207.34.110/public/',
  'user-agent' => 'Mozilla/5.0 (Windows NT 6.3; WOW64; Trident/7.0; LCJB; rv:11.0) like Gecko Core/1.53.4033.400 QQBrowser/9.6.12624.400',
  'accept' => 'text/html, application/xhtml+xml, */*',
  'content-type' => '',
  'content-length' => '',
)
[ info ] [ PARAM ] array (
)
[ info ] [ RUN ] app\index\controller\Mv->index[ /home/www/WWW/application/index/controller/Mv.php ]
[ info ] [ DB ] INIT mysql
[ info ] [ LOG ] INIT File
[ error ] [2002]SQLSTATE[HY000] [2002] Connection refused[/home/www/WWW/thinkphp/library/think/db/Connection.php:287]

---------------------------------------------------------------
[ 2017-12-26T23:20:21+08:00 ] 172.16.0.5 121.51.32.144 GET /public/?s=index/music/index.html
[ log ] 123.207.34.110/public/?s=index/music/index.html [运行时间：0.015653s][吞吐率：63.89req/s] [内存消耗：1,558.52kb] [文件加载：45]
[ info ] [ LANG ] /home/www/WWW/thinkphp/lang/zh-cn.php
[ info ] [ ROUTE ] array (
  'type' => 'module',
  'module' => 
  array (
    0 => 'index',
    1 => 'music',
    2 => 'index',
  ),
)
[ info ] [ HEADER ] array (
  'connection' => 'keep-alive',
  'host' => '123.207.34.110',
  'accept-language' => 'zh-CN,zh;q=0.8,en-US;q=0.6,en;q=0.4',
  'referer' => 'http://123.207.34.110/public?s=index/music/index.html',
  'accept-encoding' => 'gzip, deflate, sdch, br',
  'accept' => '*/*',
  'user-agent' => 'Mozilla/5.0 (Windows NT 6.1; WOW64) AppleWebKit/537.36 (KHTML, like Gecko) Chrome/56.0.2924.87 Safari/537.36',
  'content-type' => '',
  'content-length' => '',
)
[ info ] [ PARAM ] array (
)
[ info ] [ RUN ] app\index\controller\Music->index[ /home/www/WWW/application/index/controller/Music.php ]
[ info ] [ VIEW ] /home/www/WWW/public/../application/index/view/music/index.html [ array (
) ]
[ info ] [ LOG ] INIT File

---------------------------------------------------------------
[ 2017-12-26T23:20:24+08:00 ] 172.16.0.5 125.88.24.165 GET /public/
[ log ] 123.207.34.110/public/ [运行时间：0.015803s][吞吐率：63.28req/s] [内存消耗：1,614.18kb] [文件加载：46]
[ info ] [ LANG ] /home/www/WWW/thinkphp/lang/zh-cn.php
[ info ] [ ROUTE ] array (
  'type' => 'module',
  'module' => 
  array (
    0 => '',
    1 => NULL,
    2 => NULL,
  ),
)
[ info ] [ HEADER ] array (
  'user-agent' => 'Mozilla/5.0 (Windows NT 6.3; WOW64; Trident/7.0; LCJB; rv:11.0) like Gecko Core/1.53.4033.400 QQBrowser/9.6.12624.400',
  'connection' => 'Keep-Alive',
  'host' => '123.207.34.110',
  'accept-language' => 'zh-CN',
  'accept-encoding' => 'gzip, deflate',
  'accept' => 'text/html, application/xhtml+xml, */*',
  'content-type' => '',
  'content-length' => '',
)
[ info ] [ PARAM ] array (
)
[ info ] [ RUN ] app\index\controller\Index->index[ /home/www/WWW/application/index/controller/Index.php ]
[ info ] [ VIEW ] /home/www/WWW/public/../application/index/view/index/index.html [ array (
) ]
[ info ] [ LOG ] INIT File

---------------------------------------------------------------
[ 2017-12-26T23:20:26+08:00 ] 172.16.0.5 125.88.24.165 GET /public/?s=index/music/index.html
[ log ] 123.207.34.110/public/?s=index/music/index.html [运行时间：0.017602s][吞吐率：56.81req/s] [内存消耗：1,558.46kb] [文件加载：45]
[ info ] [ LANG ] /home/www/WWW/thinkphp/lang/zh-cn.php
[ info ] [ ROUTE ] array (
  'type' => 'module',
  'module' => 
  array (
    0 => 'index',
    1 => 'music',
    2 => 'index',
  ),
)
[ info ] [ HEADER ] array (
  'connection' => 'Keep-Alive',
  'host' => '123.207.34.110',
  'accept-encoding' => 'gzip, deflate',
  'accept-language' => 'zh-CN',
  'referer' => 'http://123.207.34.110/public/',
  'user-agent' => 'Mozilla/5.0 (Windows NT 6.3; WOW64; Trident/7.0; LCJB; rv:11.0) like Gecko Core/1.53.4033.400 QQBrowser/9.6.12624.400',
  'accept' => 'text/html, application/xhtml+xml, */*',
  'content-type' => '',
  'content-length' => '',
)
[ info ] [ PARAM ] array (
)
[ info ] [ RUN ] app\index\controller\Music->index[ /home/www/WWW/application/index/controller/Music.php ]
[ info ] [ VIEW ] /home/www/WWW/public/../application/index/view/music/index.html [ array (
) ]
[ info ] [ LOG ] INIT File

---------------------------------------------------------------
[ 2017-12-26T23:20:28+08:00 ] 172.16.0.5 120.204.17.73 GET /public/?s=index/music/index.html
[ log ] 123.207.34.110/public/?s=index/music/index.html [运行时间：0.015719s][吞吐率：63.62req/s] [内存消耗：1,558.68kb] [文件加载：45]
[ info ] [ LANG ] /home/www/WWW/thinkphp/lang/zh-cn.php
[ info ] [ ROUTE ] array (
  'type' => 'module',
  'module' => 
  array (
    0 => 'index',
    1 => 'music',
    2 => 'index',
  ),
)
[ info ] [ HEADER ] array (
  'connection' => 'keep-alive',
  'host' => '123.207.34.110',
  'accept-language' => 'zh-CN,zh;q=0.8,en-US;q=0.6,en;q=0.4',
  'referer' => 'blank',
  'accept-encoding' => 'gzip, deflate, sdch, br',
  'accept' => '*/*',
  'user-agent' => 'Mozilla/5.0 (Windows NT 6.1; WOW64; Trident/7.0; SLCC2; .NET CLR 2.0.50727; .NET CLR 3.5.30729; .NET CLR 3.0.30729; Media Center PC 6.0; .NET4.0C; .NET4.0E; InfoPath.3; rv:11.0) like Gecko',
  'content-type' => '',
  'content-length' => '',
)
[ info ] [ PARAM ] array (
)
[ info ] [ RUN ] app\index\controller\Music->index[ /home/www/WWW/application/index/controller/Music.php ]
[ info ] [ VIEW ] /home/www/WWW/public/../application/index/view/music/index.html [ array (
) ]
[ info ] [ LOG ] INIT File

---------------------------------------------------------------
[ 2017-12-26T23:20:44+08:00 ] 172.16.0.5 120.204.17.73 GET /public/?s=index/mv/index.html
[ log ] 123.207.34.110/public/?s=index/mv/index.html [运行时间：0.026988s][吞吐率：37.05req/s] [内存消耗：2,451.08kb] [文件加载：56]
[ info ] [ LANG ] /home/www/WWW/thinkphp/lang/zh-cn.php
[ info ] [ ROUTE ] array (
  'type' => 'module',
  'module' => 
  array (
    0 => 'index',
    1 => 'mv',
    2 => 'index',
  ),
)
[ info ] [ HEADER ] array (
  'connection' => 'keep-alive',
  'host' => '123.207.34.110',
  'accept-language' => 'zh-CN,zh;q=0.8,en-US;q=0.6,en;q=0.4',
  'referer' => 'blank',
  'accept-encoding' => 'gzip, deflate, sdch, br',
  'accept' => '*/*',
  'user-agent' => 'Mozilla/5.0 (Macintosh; Intel Mac OS X 10_12_4) AppleWebKit/537.36 (KHTML, like Gecko) 			Chrome/55.0.2883.95 Safari/537.36',
  'content-type' => '',
  'content-length' => '',
)
[ info ] [ PARAM ] array (
)
[ info ] [ RUN ] app\index\controller\Mv->index[ /home/www/WWW/application/index/controller/Mv.php ]
[ info ] [ DB ] INIT mysql
[ info ] [ LOG ] INIT File
[ error ] [2002]SQLSTATE[HY000] [2002] Connection refused[/home/www/WWW/thinkphp/library/think/db/Connection.php:287]

---------------------------------------------------------------
[ 2017-12-26T23:21:06+08:00 ] 172.16.0.5 125.88.24.165 GET /public/?s=admin/index/index
[ log ] 123.207.34.110/public/?s=admin/index/index [运行时间：0.016555s][吞吐率：60.40req/s] [内存消耗：1,619.70kb] [文件加载：46]
[ info ] [ LANG ] /home/www/WWW/thinkphp/lang/zh-cn.php
[ info ] [ ROUTE ] array (
  'type' => 'module',
  'module' => 
  array (
    0 => 'admin',
    1 => 'index',
    2 => 'index',
  ),
)
[ info ] [ HEADER ] array (
  'user-agent' => 'Mozilla/5.0 (Windows NT 6.3; WOW64; Trident/7.0; LCJB; rv:11.0) like Gecko Core/1.53.4033.400 QQBrowser/9.6.12624.400',
  'connection' => 'Keep-Alive',
  'host' => '123.207.34.110',
  'accept-language' => 'zh-CN',
  'accept-encoding' => 'gzip, deflate',
  'accept' => 'text/html, application/xhtml+xml, */*',
  'content-type' => '',
  'content-length' => '',
)
[ info ] [ PARAM ] array (
)
[ info ] [ RUN ] app\admin\controller\Index->index[ /home/www/WWW/application/admin/controller/Index.php ]
[ info ] [ VIEW ] /home/www/WWW/public/../application/admin/view/index/index.html [ array (
) ]
[ info ] [ LOG ] INIT File

---------------------------------------------------------------
[ 2017-12-26T23:21:09+08:00 ] 172.16.0.5 120.204.17.67 GET /public/?s=index/mv/index.html
[ log ] 123.207.34.110/public/?s=index/mv/index.html [运行时间：0.023363s][吞吐率：42.80req/s] [内存消耗：2,451.14kb] [文件加载：56]
[ info ] [ LANG ] /home/www/WWW/thinkphp/lang/zh-cn.php
[ info ] [ ROUTE ] array (
  'type' => 'module',
  'module' => 
  array (
    0 => 'index',
    1 => 'mv',
    2 => 'index',
  ),
)
[ info ] [ HEADER ] array (
  'connection' => 'keep-alive',
  'host' => '123.207.34.110',
  'accept-language' => 'zh-CN,zh;q=0.8,en-US;q=0.6,en;q=0.4',
  'referer' => 'blank',
  'accept-encoding' => 'gzip, deflate, sdch, br',
  'accept' => '*/*',
  'user-agent' => 'Mozilla/5.0 (Windows NT 6.1; WOW64) AppleWebKit/537.36 (KHTML, like Gecko) Chrome/53.0.2785.104 Safari/537.36 Core/1.53.2141.400 QQBrowser/9.5.10219.400',
  'content-type' => '',
  'content-length' => '',
)
[ info ] [ PARAM ] array (
)
[ info ] [ RUN ] app\index\controller\Mv->index[ /home/www/WWW/application/index/controller/Mv.php ]
[ info ] [ DB ] INIT mysql
[ info ] [ LOG ] INIT File
[ error ] [2002]SQLSTATE[HY000] [2002] Connection refused[/home/www/WWW/thinkphp/library/think/db/Connection.php:287]

---------------------------------------------------------------
[ 2017-12-26T23:21:55+08:00 ] 172.16.0.5 101.226.65.107 GET /public/?s=index/mv/index.html
[ log ] 123.207.34.110/public/?s=index/mv/index.html [运行时间：0.023435s][吞吐率：42.67req/s] [内存消耗：2,451.08kb] [文件加载：56]
[ info ] [ LANG ] /home/www/WWW/thinkphp/lang/zh-cn.php
[ info ] [ ROUTE ] array (
  'type' => 'module',
  'module' => 
  array (
    0 => 'index',
    1 => 'mv',
    2 => 'index',
  ),
)
[ info ] [ HEADER ] array (
  'connection' => 'keep-alive',
  'host' => '123.207.34.110',
  'accept-language' => 'zh-CN,zh;q=0.8,en-US;q=0.6,en;q=0.4',
  'referer' => 'blank',
  'accept-encoding' => 'gzip, deflate, sdch, br',
  'accept' => '*/*',
  'user-agent' => 'Mozilla/5.0 (Macintosh; Intel Mac OS X 10_12_4) AppleWebKit/537.36 (KHTML, like Gecko) 			Chrome/55.0.2883.95 Safari/537.36',
  'content-type' => '',
  'content-length' => '',
)
[ info ] [ PARAM ] array (
)
[ info ] [ RUN ] app\index\controller\Mv->index[ /home/www/WWW/application/index/controller/Mv.php ]
[ info ] [ DB ] INIT mysql
[ info ] [ LOG ] INIT File
[ error ] [2002]SQLSTATE[HY000] [2002] Connection refused[/home/www/WWW/thinkphp/library/think/db/Connection.php:287]

---------------------------------------------------------------
[ 2017-12-26T23:22:06+08:00 ] 172.16.0.5 120.204.17.73 GET /public/?s=admin/index/index
[ log ] 123.207.34.110/public/?s=admin/index/index [运行时间：0.016092s][吞吐率：62.14req/s] [内存消耗：1,621.57kb] [文件加载：46]
[ info ] [ LANG ] /home/www/WWW/thinkphp/lang/zh-cn.php
[ info ] [ ROUTE ] array (
  'type' => 'module',
  'module' => 
  array (
    0 => 'admin',
    1 => 'index',
    2 => 'index',
  ),
)
[ info ] [ HEADER ] array (
  'connection' => 'keep-alive',
  'host' => '123.207.34.110',
  'accept-language' => 'zh-CN,zh;q=0.8,en-US;q=0.6,en;q=0.4',
  'referer' => 'blank',
  'accept-encoding' => 'gzip, deflate, sdch, br',
  'accept' => '*/*',
  'user-agent' => 'Mozilla/5.0 (Windows NT 6.1; WOW64) AppleWebKit/537.36 (KHTML, like Gecko) Chrome/53.0.2785.104 Safari/537.36 Core/1.53.2141.400 QQBrowser/9.5.10219.400',
  'content-type' => '',
  'content-length' => '',
)
[ info ] [ PARAM ] array (
)
[ info ] [ RUN ] app\admin\controller\Index->index[ /home/www/WWW/application/admin/controller/Index.php ]
[ info ] [ VIEW ] /home/www/WWW/public/../application/admin/view/index/index.html [ array (
) ]
[ info ] [ LOG ] INIT File

---------------------------------------------------------------
[ 2017-12-26T23:22:06+08:00 ] 172.16.0.5 120.204.17.67 GET /public/?s=admin/index/index
[ log ] 123.207.34.110/public/?s=admin/index/index [运行时间：0.016651s][吞吐率：60.06req/s] [内存消耗：1,621.79kb] [文件加载：46]
[ info ] [ LANG ] /home/www/WWW/thinkphp/lang/zh-cn.php
[ info ] [ ROUTE ] array (
  'type' => 'module',
  'module' => 
  array (
    0 => 'admin',
    1 => 'index',
    2 => 'index',
  ),
)
[ info ] [ HEADER ] array (
  'connection' => 'keep-alive',
  'host' => '123.207.34.110',
  'accept-language' => 'zh-CN,zh;q=0.8,en-US;q=0.6,en;q=0.4',
  'referer' => 'http://123.207.34.110/public?s=admin/index/index',
  'accept-encoding' => 'gzip, deflate, sdch, br',
  'accept' => '*/*',
  'user-agent' => 'Mozilla/5.0 (Windows NT 6.1; WOW64) AppleWebKit/537.36 (KHTML, like Gecko) Chrome/53.0.2785.104 Safari/537.36 Core/1.53.2141.400 QQBrowser/9.5.10219.400',
  'content-type' => '',
  'content-length' => '',
)
[ info ] [ PARAM ] array (
)
[ info ] [ RUN ] app\admin\controller\Index->index[ /home/www/WWW/application/admin/controller/Index.php ]
[ info ] [ VIEW ] /home/www/WWW/public/../application/admin/view/index/index.html [ array (
) ]
[ info ] [ LOG ] INIT File

---------------------------------------------------------------
[ 2017-12-26T23:23:04+08:00 ] 172.16.0.5 101.226.65.107 GET /public/?s=index/mv/index.html
[ log ] 123.207.34.110/public/?s=index/mv/index.html [运行时间：0.022757s][吞吐率：43.94req/s] [内存消耗：2,451.02kb] [文件加载：56]
[ info ] [ LANG ] /home/www/WWW/thinkphp/lang/zh-cn.php
[ info ] [ ROUTE ] array (
  'type' => 'module',
  'module' => 
  array (
    0 => 'index',
    1 => 'mv',
    2 => 'index',
  ),
)
[ info ] [ HEADER ] array (
  'connection' => 'keep-alive',
  'host' => '123.207.34.110',
  'accept-language' => 'zh-CN,zh;q=0.8,en-US;q=0.6,en;q=0.4',
  'referer' => 'blank',
  'accept-encoding' => 'gzip, deflate, sdch, br',
  'accept' => '*/*',
  'user-agent' => 'Mozilla/5.0 (Windows NT 6.1; WOW64) AppleWebKit/537.36 (KHTML, like Gecko) Chrome/56.0.2924.87 Safari/537.36',
  'content-type' => '',
  'content-length' => '',
)
[ info ] [ PARAM ] array (
)
[ info ] [ RUN ] app\index\controller\Mv->index[ /home/www/WWW/application/index/controller/Mv.php ]
[ info ] [ DB ] INIT mysql
[ info ] [ LOG ] INIT File
[ error ] [2002]SQLSTATE[HY000] [2002] Connection refused[/home/www/WWW/thinkphp/library/think/db/Connection.php:287]

---------------------------------------------------------------
[ 2017-12-26T23:23:31+08:00 ] 172.16.0.5 101.226.65.107 GET /public/?s=index/mv/index.html
[ log ] 123.207.34.110/public/?s=index/mv/index.html [运行时间：0.023270s][吞吐率：42.97req/s] [内存消耗：2,451.33kb] [文件加载：56]
[ info ] [ LANG ] /home/www/WWW/thinkphp/lang/zh-cn.php
[ info ] [ ROUTE ] array (
  'type' => 'module',
  'module' => 
  array (
    0 => 'index',
    1 => 'mv',
    2 => 'index',
  ),
)
[ info ] [ HEADER ] array (
  'connection' => 'keep-alive',
  'host' => '123.207.34.110',
  'accept-language' => 'zh-CN,zh;q=0.8,en-US;q=0.6,en;q=0.4',
  'referer' => 'blank',
  'accept-encoding' => 'gzip, deflate, sdch, br',
  'accept' => '*/*',
  'user-agent' => 'Mozilla/5.0 (Windows NT 6.1; WOW64; Trident/7.0; SLCC2; .NET CLR 2.0.50727; .NET CLR 3.5.30729; .NET CLR 3.0.30729; Media Center PC 6.0; .NET4.0C; .NET4.0E; InfoPath.3; rv:11.0) like Gecko',
  'content-type' => '',
  'content-length' => '',
)
[ info ] [ PARAM ] array (
)
[ info ] [ RUN ] app\index\controller\Mv->index[ /home/www/WWW/application/index/controller/Mv.php ]
[ info ] [ DB ] INIT mysql
[ info ] [ LOG ] INIT File
[ error ] [2002]SQLSTATE[HY000] [2002] Connection refused[/home/www/WWW/thinkphp/library/think/db/Connection.php:287]

---------------------------------------------------------------
