[ 2017-12-27T00:21:02+08:00 ] 172.16.0.5 101.226.68.215 GET /public/?s%3Dindex/music/index
[ log ] 123.207.34.110/public/?s%3Dindex/music/index [运行时间：0.016471s][吞吐率：60.71req/s] [内存消耗：1,615.07kb] [文件加载：46]
[ info ] [ LANG ] /home/www/WWW/thinkphp/lang/zh-cn.php
[ info ] [ ROUTE ] array (
  'type' => 'module',
  'module' => 
  array (
    0 => '',
    1 => NULL,
    2 => NULL,
  ),
)
[ info ] [ HEADER ] array (
  'connection' => 'Close',
  'user-agent' => 'Mozilla/5.0 (iPhone; CPU iPhone OS 9_3_4 like Mac OS X) AppleWebKit/601.1.46 (KHTML, like Gecko) Mobile/13G35 QQ/6.5.3.410 V1_IPH_SQ_6.5.3_1_APP_A Pixel/750 Core/UIWebView NetType/2G Mem/117',
  'accept-language' => 'zh-cn',
  'accept' => '*/*',
  'accept-encoding' => 'deflate, gzip',
  'host' => '123.207.34.110',
  'content-type' => '',
  'content-length' => '',
)
[ info ] [ PARAM ] array (
  's=index/music/index' => '',
)
[ info ] [ RUN ] app\index\controller\Index->index[ /home/www/WWW/application/index/controller/Index.php ]
[ info ] [ VIEW ] /home/www/WWW/public/../application/index/view/index/index.html [ array (
) ]
[ info ] [ LOG ] INIT File

---------------------------------------------------------------
[ 2017-12-27T02:51:17+08:00 ] 172.16.0.5 14.17.21.58 GET /public/?s%253Dindex/music/index
[ log ] 123.207.34.110/public/?s%253Dindex/music/index [运行时间：0.017631s][吞吐率：56.72req/s] [内存消耗：1,615.09kb] [文件加载：46]
[ info ] [ LANG ] /home/www/WWW/thinkphp/lang/zh-cn.php
[ info ] [ ROUTE ] array (
  'type' => 'module',
  'module' => 
  array (
    0 => '',
    1 => NULL,
    2 => NULL,
  ),
)
[ info ] [ HEADER ] array (
  'connection' => 'Close',
  'user-agent' => 'Mozilla/5.0 (iPhone; CPU iPhone OS 9_3_4 like Mac OS X) AppleWebKit/601.1.46 (KHTML, like Gecko) Mobile/13G35 QQ/6.5.3.410 V1_IPH_SQ_6.5.3_1_APP_A Pixel/750 Core/UIWebView NetType/2G Mem/117',
  'accept-language' => 'zh-cn',
  'accept' => '*/*',
  'accept-encoding' => 'deflate, gzip',
  'host' => '123.207.34.110',
  'content-type' => '',
  'content-length' => '',
)
[ info ] [ PARAM ] array (
  's%3Dindex/music/index' => '',
)
[ info ] [ RUN ] app\index\controller\Index->index[ /home/www/WWW/application/index/controller/Index.php ]
[ info ] [ VIEW ] /home/www/WWW/public/../application/index/view/index/index.html [ array (
) ]
[ info ] [ LOG ] INIT File

---------------------------------------------------------------
[ 2017-12-27T08:41:15+08:00 ] 172.16.0.5 61.140.27.119 GET /public/
[ log ] 123.207.34.110/public/ [运行时间：0.016471s][吞吐率：60.71req/s] [内存消耗：1,616.47kb] [文件加载：46]
[ info ] [ LANG ] /home/www/WWW/thinkphp/lang/zh-cn.php
[ info ] [ ROUTE ] array (
  'type' => 'module',
  'module' => 
  array (
    0 => '',
    1 => NULL,
    2 => NULL,
  ),
)
[ info ] [ HEADER ] array (
  'accept-language' => 'zh-CN,zh;q=0.9',
  'accept-encoding' => 'gzip, deflate',
  'referer' => 'http://123.207.34.110/',
  'accept' => 'text/html,application/xhtml+xml,application/xml;q=0.9,image/webp,image/apng,*/*;q=0.8',
  'user-agent' => 'Mozilla/5.0 (Windows NT 6.1; WOW64) AppleWebKit/537.36 (KHTML, like Gecko) Chrome/63.0.3239.84 Safari/537.36',
  'upgrade-insecure-requests' => '1',
  'connection' => 'keep-alive',
  'host' => '123.207.34.110',
  'content-type' => '',
  'content-length' => '',
)
[ info ] [ PARAM ] array (
)
[ info ] [ RUN ] app\index\controller\Index->index[ /home/www/WWW/application/index/controller/Index.php ]
[ info ] [ VIEW ] /home/www/WWW/public/../application/index/view/index/index.html [ array (
) ]
[ info ] [ LOG ] INIT File

---------------------------------------------------------------
[ 2017-12-27T08:41:17+08:00 ] 172.16.0.5 61.140.27.119 GET /public/?s=index/mv/index.html
[ log ] 123.207.34.110/public/?s=index/mv/index.html [运行时间：0.023012s][吞吐率：43.46req/s] [内存消耗：2,452.82kb] [文件加载：56]
[ info ] [ LANG ] /home/www/WWW/thinkphp/lang/zh-cn.php
[ info ] [ ROUTE ] array (
  'type' => 'module',
  'module' => 
  array (
    0 => 'index',
    1 => 'mv',
    2 => 'index',
  ),
)
[ info ] [ HEADER ] array (
  'accept-language' => 'zh-CN,zh;q=0.9',
  'accept-encoding' => 'gzip, deflate',
  'referer' => 'http://123.207.34.110/public/',
  'accept' => 'text/html,application/xhtml+xml,application/xml;q=0.9,image/webp,image/apng,*/*;q=0.8',
  'user-agent' => 'Mozilla/5.0 (Windows NT 6.1; WOW64) AppleWebKit/537.36 (KHTML, like Gecko) Chrome/63.0.3239.84 Safari/537.36',
  'upgrade-insecure-requests' => '1',
  'connection' => 'keep-alive',
  'host' => '123.207.34.110',
  'content-type' => '',
  'content-length' => '',
)
[ info ] [ PARAM ] array (
)
[ info ] [ RUN ] app\index\controller\Mv->index[ /home/www/WWW/application/index/controller/Mv.php ]
[ info ] [ DB ] INIT mysql
[ info ] [ LOG ] INIT File
[ error ] [2002]SQLSTATE[HY000] [2002] Connection refused[/home/www/WWW/thinkphp/library/think/db/Connection.php:287]

---------------------------------------------------------------
[ 2017-12-27T08:41:19+08:00 ] 172.16.0.5 61.140.27.119 GET /public/?s=index/music/index.html
[ log ] 123.207.34.110/public/?s=index/music/index.html [运行时间：0.015686s][吞吐率：63.75req/s] [内存消耗：1,560.17kb] [文件加载：45]
[ info ] [ LANG ] /home/www/WWW/thinkphp/lang/zh-cn.php
[ info ] [ ROUTE ] array (
  'type' => 'module',
  'module' => 
  array (
    0 => 'index',
    1 => 'music',
    2 => 'index',
  ),
)
[ info ] [ HEADER ] array (
  'accept-language' => 'zh-CN,zh;q=0.9',
  'accept-encoding' => 'gzip, deflate',
  'referer' => 'http://123.207.34.110/public/',
  'accept' => 'text/html,application/xhtml+xml,application/xml;q=0.9,image/webp,image/apng,*/*;q=0.8',
  'user-agent' => 'Mozilla/5.0 (Windows NT 6.1; WOW64) AppleWebKit/537.36 (KHTML, like Gecko) Chrome/63.0.3239.84 Safari/537.36',
  'upgrade-insecure-requests' => '1',
  'connection' => 'keep-alive',
  'host' => '123.207.34.110',
  'content-type' => '',
  'content-length' => '',
)
[ info ] [ PARAM ] array (
)
[ info ] [ RUN ] app\index\controller\Music->index[ /home/www/WWW/application/index/controller/Music.php ]
[ info ] [ VIEW ] /home/www/WWW/public/../application/index/view/music/index.html [ array (
) ]
[ info ] [ LOG ] INIT File

---------------------------------------------------------------
[ 2017-12-27T08:41:22+08:00 ] 172.16.0.5 61.140.27.119 GET /public/?s=index/mv/index.html
[ log ] 123.207.34.110/public/?s=index/mv/index.html [运行时间：0.023249s][吞吐率：43.01req/s] [内存消耗：2,452.82kb] [文件加载：56]
[ info ] [ LANG ] /home/www/WWW/thinkphp/lang/zh-cn.php
[ info ] [ ROUTE ] array (
  'type' => 'module',
  'module' => 
  array (
    0 => 'index',
    1 => 'mv',
    2 => 'index',
  ),
)
[ info ] [ HEADER ] array (
  'accept-language' => 'zh-CN,zh;q=0.9',
  'accept-encoding' => 'gzip, deflate',
  'referer' => 'http://123.207.34.110/public/',
  'accept' => 'text/html,application/xhtml+xml,application/xml;q=0.9,image/webp,image/apng,*/*;q=0.8',
  'user-agent' => 'Mozilla/5.0 (Windows NT 6.1; WOW64) AppleWebKit/537.36 (KHTML, like Gecko) Chrome/63.0.3239.84 Safari/537.36',
  'upgrade-insecure-requests' => '1',
  'connection' => 'keep-alive',
  'host' => '123.207.34.110',
  'content-type' => '',
  'content-length' => '',
)
[ info ] [ PARAM ] array (
)
[ info ] [ RUN ] app\index\controller\Mv->index[ /home/www/WWW/application/index/controller/Mv.php ]
[ info ] [ DB ] INIT mysql
[ info ] [ LOG ] INIT File
[ error ] [2002]SQLSTATE[HY000] [2002] Connection refused[/home/www/WWW/thinkphp/library/think/db/Connection.php:287]

---------------------------------------------------------------
[ 2017-12-27T08:41:32+08:00 ] 172.16.0.5 61.140.27.119 GET /public/?s=index/music/index.html
[ log ] 123.207.34.110/public/?s=index/music/index.html [运行时间：0.015386s][吞吐率：64.99req/s] [内存消耗：1,560.17kb] [文件加载：45]
[ info ] [ LANG ] /home/www/WWW/thinkphp/lang/zh-cn.php
[ info ] [ ROUTE ] array (
  'type' => 'module',
  'module' => 
  array (
    0 => 'index',
    1 => 'music',
    2 => 'index',
  ),
)
[ info ] [ HEADER ] array (
  'accept-language' => 'zh-CN,zh;q=0.9',
  'accept-encoding' => 'gzip, deflate',
  'referer' => 'http://123.207.34.110/public/',
  'accept' => 'text/html,application/xhtml+xml,application/xml;q=0.9,image/webp,image/apng,*/*;q=0.8',
  'user-agent' => 'Mozilla/5.0 (Windows NT 6.1; WOW64) AppleWebKit/537.36 (KHTML, like Gecko) Chrome/63.0.3239.84 Safari/537.36',
  'upgrade-insecure-requests' => '1',
  'connection' => 'keep-alive',
  'host' => '123.207.34.110',
  'content-type' => '',
  'content-length' => '',
)
[ info ] [ PARAM ] array (
)
[ info ] [ RUN ] app\index\controller\Music->index[ /home/www/WWW/application/index/controller/Music.php ]
[ info ] [ VIEW ] /home/www/WWW/public/../application/index/view/music/index.html [ array (
) ]
[ info ] [ LOG ] INIT File

---------------------------------------------------------------
[ 2017-12-27T08:41:48+08:00 ] 172.16.0.5 61.140.27.119 GET /public/?s=admin/index/index
[ log ] 123.207.34.110/public/?s=admin/index/index [运行时间：0.016561s][吞吐率：60.38req/s] [内存消耗：1,621.66kb] [文件加载：46]
[ info ] [ LANG ] /home/www/WWW/thinkphp/lang/zh-cn.php
[ info ] [ ROUTE ] array (
  'type' => 'module',
  'module' => 
  array (
    0 => 'admin',
    1 => 'index',
    2 => 'index',
  ),
)
[ info ] [ HEADER ] array (
  'accept-language' => 'zh-CN,zh;q=0.9',
  'accept-encoding' => 'gzip, deflate',
  'accept' => 'text/html,application/xhtml+xml,application/xml;q=0.9,image/webp,image/apng,*/*;q=0.8',
  'upgrade-insecure-requests' => '1',
  'user-agent' => 'Mozilla/5.0 (Windows NT 6.1; WOW64) AppleWebKit/537.36 (KHTML, like Gecko) Chrome/63.0.3239.84 Safari/537.36',
  'connection' => 'keep-alive',
  'host' => '123.207.34.110',
  'content-type' => '',
  'content-length' => '',
)
[ info ] [ PARAM ] array (
)
[ info ] [ RUN ] app\admin\controller\Index->index[ /home/www/WWW/application/admin/controller/Index.php ]
[ info ] [ VIEW ] /home/www/WWW/public/../application/admin/view/index/index.html [ array (
) ]
[ info ] [ LOG ] INIT File

---------------------------------------------------------------
[ 2017-12-27T08:41:51+08:00 ] 172.16.0.5 61.140.27.119 GET /public/?s=admin/index/mv.html
[ log ] 123.207.34.110/public/?s=admin/index/mv.html [运行时间：0.024477s][吞吐率：40.85req/s] [内存消耗：2,466.69kb] [文件加载：56]
[ info ] [ LANG ] /home/www/WWW/thinkphp/lang/zh-cn.php
[ info ] [ ROUTE ] array (
  'type' => 'module',
  'module' => 
  array (
    0 => 'admin',
    1 => 'index',
    2 => 'mv',
  ),
)
[ info ] [ HEADER ] array (
  'accept-language' => 'zh-CN,zh;q=0.9',
  'accept-encoding' => 'gzip, deflate',
  'referer' => 'http://123.207.34.110/public/?s=admin/index/index',
  'accept' => 'text/html,application/xhtml+xml,application/xml;q=0.9,image/webp,image/apng,*/*;q=0.8',
  'user-agent' => 'Mozilla/5.0 (Windows NT 6.1; WOW64) AppleWebKit/537.36 (KHTML, like Gecko) Chrome/63.0.3239.84 Safari/537.36',
  'upgrade-insecure-requests' => '1',
  'connection' => 'keep-alive',
  'host' => '123.207.34.110',
  'content-type' => '',
  'content-length' => '',
)
[ info ] [ PARAM ] array (
)
[ info ] [ RUN ] app\admin\controller\Index->mv[ /home/www/WWW/application/admin/controller/Index.php ]
[ info ] [ DB ] INIT mysql
[ info ] [ LOG ] INIT File
[ error ] [2002]SQLSTATE[HY000] [2002] Connection refused[/home/www/WWW/thinkphp/library/think/db/Connection.php:287]

---------------------------------------------------------------
[ 2017-12-27T08:41:54+08:00 ] 172.16.0.5 61.140.27.119 GET /public/?s=admin/index/picture.html
[ log ] 123.207.34.110/public/?s=admin/index/picture.html [运行时间：0.020001s][吞吐率：50.00req/s] [内存消耗：1,770.95kb] [文件加载：48]
[ info ] [ LANG ] /home/www/WWW/thinkphp/lang/zh-cn.php
[ info ] [ ROUTE ] array (
  'type' => 'module',
  'module' => 
  array (
    0 => 'admin',
    1 => 'index',
    2 => 'picture',
  ),
)
[ info ] [ HEADER ] array (
  'accept-language' => 'zh-CN,zh;q=0.9',
  'accept-encoding' => 'gzip, deflate',
  'referer' => 'http://123.207.34.110/public/?s=admin/index/index',
  'accept' => 'text/html,application/xhtml+xml,application/xml;q=0.9,image/webp,image/apng,*/*;q=0.8',
  'user-agent' => 'Mozilla/5.0 (Windows NT 6.1; WOW64) AppleWebKit/537.36 (KHTML, like Gecko) Chrome/63.0.3239.84 Safari/537.36',
  'upgrade-insecure-requests' => '1',
  'connection' => 'keep-alive',
  'host' => '123.207.34.110',
  'content-type' => '',
  'content-length' => '',
)
[ info ] [ PARAM ] array (
)
[ info ] [ RUN ] app\admin\controller\Index->picture[ /home/www/WWW/application/admin/controller/Index.php ]
[ info ] [ VIEW ] /home/www/WWW/public/../application/admin/view/index/picture.html [ array (
) ]
[ info ] [ LOG ] INIT File

---------------------------------------------------------------
[ 2017-12-27T10:54:13+08:00 ] 172.16.0.5 113.108.10.5 GET /public/?s%3Dindex/mv/index.html
[ log ] 123.207.34.110/public/?s%3Dindex/mv/index.html [运行时间：0.015563s][吞吐率：64.25req/s] [内存消耗：1,615.79kb] [文件加载：46]
[ info ] [ LANG ] /home/www/WWW/thinkphp/lang/zh-cn.php
[ info ] [ ROUTE ] array (
  'type' => 'module',
  'module' => 
  array (
    0 => '',
    1 => NULL,
    2 => NULL,
  ),
)
[ info ] [ HEADER ] array (
  'connection' => 'Close',
  'user-agent' => 'Mozilla/5.0 (iPhone; CPU iPhone OS 9_3_4 like Mac OS X) AppleWebKit/601.1.46 (KHTML, like Gecko) Mobile/13G35 QQ/6.5.3.410 V1_IPH_SQ_6.5.3_1_APP_A Pixel/750 Core/UIWebView NetType/2G Mem/117',
  'accept-language' => 'zh-cn',
  'accept' => '*/*',
  'referer' => 'http://123.207.34.110/public?s%3Dindex/mv/index.html',
  'accept-encoding' => 'deflate, gzip',
  'host' => '123.207.34.110',
  'content-type' => '',
  'content-length' => '',
)
[ info ] [ PARAM ] array (
  's=index/mv/index_html' => '',
)
[ info ] [ RUN ] app\index\controller\Index->index[ /home/www/WWW/application/index/controller/Index.php ]
[ info ] [ VIEW ] /home/www/WWW/public/../application/index/view/index/index.html [ array (
) ]
[ info ] [ LOG ] INIT File

---------------------------------------------------------------
[ 2017-12-27T23:08:26+08:00 ] 172.16.0.5 164.132.91.1 GET /public/
[ log ] 123.207.34.110/public/ [运行时间：0.016548s][吞吐率：60.43req/s] [内存消耗：1,613.21kb] [文件加载：46]
[ info ] [ LANG ] /home/www/WWW/thinkphp/lang/zh-cn.php
[ info ] [ ROUTE ] array (
  'type' => 'module',
  'module' => 
  array (
    0 => '',
    1 => NULL,
    2 => NULL,
  ),
)
[ info ] [ HEADER ] array (
  'user-agent' => 'Mozilla/5.0 (Windows NT 6.1; WOW64; rv:40.0) Gecko/20100101',
  'host' => '123.207.34.110',
  'connection' => 'close',
  'content-type' => '',
  'content-length' => '',
)
[ info ] [ PARAM ] array (
)
[ info ] [ RUN ] app\index\controller\Index->index[ /home/www/WWW/application/index/controller/Index.php ]
[ info ] [ VIEW ] /home/www/WWW/public/../application/index/view/index/index.html [ array (
) ]
[ info ] [ LOG ] INIT File

---------------------------------------------------------------
